[I 2025-12-03 15:19:27,104] Trial 18 finished with value: 0.3888686140133764 and parameters: {'n_estimators': 1000, 'learning_rate': 0.009, 'max_depth': 16, 'min_child_weight': 6, 'subsample': 1.0, 'colsample_bytree': 0.6, 'reg_alpha': 0.0, 'reg_lambda': 1.0, 'gamma': 4.0}. Best is trial 13 with value: 0.3890620797733784.
[D 2025-12-03 15:19:27,184] Sample trial#19 with GPSampler.
[I 2025-12-03 15:19:42,932] Trial 19 finished with value: 0.3888045584240906 and parameters: {'n_estimators': 1000, 'learning_rate': 0.009, 'max_depth': 16, 'min_child_weight': 5, 'subsample': 1.0, 'colsample_bytree': 0.6, 'reg_alpha': 0.0, 'reg_lambda': 1.0, 'gamma': 5.0}. Best is trial 13 with value: 0.3890620797733784.
[D 2025-12-03 15:19:43,011] Sample trial#20 with GPSampler.
[I 2025-12-03 15:20:07,686] Trial 20 finished with value: 0.3880766364905041 and parameters: {'n_estimators': 1000, 'learning_rate': 0.009, 'max_depth': 12, 'min_child_weight': 10, 'subsample': 1.0, 'colsample_bytree': 0.6, 'reg_alpha': 0.0, 'reg_lambda': 1.0, 'gamma': 4.0}. Best is trial 13 with value: 0.3890620797733784.
[D 2025-12-03 15:20:07,773] Sample trial#21 with GPSampler.
[I 2025-12-03 15:20:20,192] Trial 21 finished with value: 0.38819917399925796 and parameters: {'n_estimators': 1000, 'learning_rate': 0.009, 'max_depth': 18, 'min_child_weight': 7, 'subsample': 0.9723929984535142, 'colsample_bytree': 0.5206550161347544, 'reg_alpha': 0.0, 'reg_lambda': 1.0, 'gamma': 5.0}. Best is trial 13 with value: 0.3890620797733784.
[D 2025-12-03 15:20:20,271] Sample trial#22 with GPSampler.
[I 2025-12-03 15:20:34,752] Trial 22 finished with value: 0.3873711990149779 and parameters: {'n_estimators': 1000, 'learning_rate': 0.009, 'max_depth': 18, 'min_child_weight': 7, 'subsample': 0.9867282570283705, 'colsample_bytree': 0.6, 'reg_alpha': 0.0, 'reg_lambda': 6.65644654934531, 'gamma': 5.0}. Best is trial 13 with value: 0.3890620797733784.
[D 2025-12-03 15:20:34,837] Sample trial#23 with GPSampler.
[I 2025-12-03 15:20:56,204] Trial 23 finished with value: 0.3891674277925809 and parameters: {'n_estimators': 1000, 'learning_rate': 0.009, 'max_depth': 6, 'min_child_weight': 1, 'subsample': 1.0, 'colsample_bytree': 0.6, 'reg_alpha': 0.0, 'reg_lambda': 1.0, 'gamma': 4.0}. Best is trial 23 with value: 0.3891674277925809.
[D 2025-12-03 15:20:56,289] Sample trial#24 with GPSampler.
[I 2025-12-03 15:21:12,900] Trial 24 finished with value: 0.3897725919602916 and parameters: {'n_estimators': 1000, 'learning_rate': 0.009, 'max_depth': 12, 'min_child_weight': 1, 'subsample': 1.0, 'colsample_bytree': 0.6, 'reg_alpha': 0.0, 'reg_lambda': 1.0, 'gamma': 3.0}. Best is trial 24 with value: 0.3897725919602916.
[D 2025-12-03 15:21:12,986] Sample trial#25 with GPSampler.
[I 2025-12-03 15:21:35,132] Trial 25 finished with value: 0.38965545648674016 and parameters: {'n_estimators': 1000, 'learning_rate': 0.009, 'max_depth': 20, 'min_child_weight': 1, 'subsample': 1.0, 'colsample_bytree': 0.6, 'reg_alpha': 0.0, 'reg_lambda': 1.0, 'gamma': 3.0}. Best is trial 24 with value: 0.3897725919602916.
[D 2025-12-03 15:21:35,217] Sample trial#26 with GPSampler.
[I 2025-12-03 15:22:02,294] Trial 26 finished with value: 0.38921253831532815 and parameters: {'n_estimators': 1000, 'learning_rate': 0.009, 'max_depth': 10, 'min_child_weight': 1, 'subsample': 0.9605847089268114, 'colsample_bytree': 0.6, 'reg_alpha': 0.0, 'reg_lambda': 1.0, 'gamma': 3.0}. Best is trial 24 with value: 0.3897725919602916.
[D 2025-12-03 15:22:02,390] Sample trial#27 with GPSampler.
[I 2025-12-03 15:22:07,885] Trial 27 finished with value: 0.3880237533262433 and parameters: {'n_estimators': 450, 'learning_rate': 0.009, 'max_depth': 2, 'min_child_weight': 1, 'subsample': 1.0, 'colsample_bytree': 0.6, 'reg_alpha': 0.0, 'reg_lambda': 1.0, 'gamma': 2.0}. Best is trial 24 with value: 0.3897725919602916.
[D 2025-12-03 15:22:07,971] Sample trial#28 with GPSampler.
[I 2025-12-03 15:22:19,194] Trial 28 finished with value: 0.388064307301251 and parameters: {'n_estimators': 1000, 'learning_rate': 0.050152733855859236, 'max_depth': 16, 'min_child_weight': 1, 'subsample': 1.0, 'colsample_bytree': 0.6, 'reg_alpha': 0.0, 'reg_lambda': 1.0, 'gamma': 3.0}. Best is trial 24 with value: 0.3897725919602916.
[D 2025-12-03 15:22:19,277] Sample trial#29 with GPSampler.
[I 2025-12-03 15:22:23,207] Trial 29 finished with value: 0.3863475127911594 and parameters: {'n_estimators': 100, 'learning_rate': 0.1, 'max_depth': 2, 'min_child_weight': 10, 'subsample': 0.9, 'colsample_bytree': 0.6, 'reg_alpha': 1.0, 'reg_lambda': 1.0, 'gamma': 2.0}. Best is trial 24 with value: 0.3897725919602916.
[I 2025-12-03 15:22:27,464] A new study created in memory with name: xgboost_fold_2
[D 2025-12-03 15:22:27,464] Sample trial#0 with RandomSampler.
[I 2025-12-03 15:22:38,485] Trial 0 finished with value: 0.3883160845418958 and parameters: {'n_estimators': 950, 'learning_rate': 0.04026065674806509, 'max_depth': 16, 'min_child_weight': 7, 'subsample': 0.9677872191369018, 'colsample_bytree': 0.5704472413237509, 'reg_alpha': 0.005105082385164383, 'reg_lambda': 2.5357549720864467, 'gamma': 4.0}. Best is trial 0 with value: 0.3883160845418958.
[D 2025-12-03 15:22:38,570] Sample trial#1 with GPSampler.
[I 2025-12-03 15:22:52,338] Trial 1 finished with value: 0.38347192294512067 and parameters: {'n_estimators': 300, 'learning_rate': 0.04505434384070407, 'max_depth': 8, 'min_child_weight': 1, 'subsample': 0.9625031186285844, 'colsample_bytree': 0.478352396527046, 'reg_alpha': 0.21191826847706874, 'reg_lambda': 9.338316110572729, 'gamma': 1.0}. Best is trial 0 with value: 0.3883160845418958.
[D 2025-12-03 15:22:52,427] Sample trial#2 with GPSampler.
[I 2025-12-03 15:23:00,848] Trial 2 finished with value: 0.38453048938345435 and parameters: {'n_estimators': 550, 'learning_rate': 0.022871737434354722, 'max_depth': 8, 'min_child_weight': 7, 'subsample': 0.9103632031095568, 'colsample_bytree': 0.4660865867808431, 'reg_alpha': 0.42908301819386907, 'reg_lambda': 8.239432589082021, 'gamma': 4.0}. Best is trial 0 with value: 0.3883160845418958.
[D 2025-12-03 15:23:00,936] Sample trial#3 with GPSampler.
[I 2025-12-03 15:23:09,689] Trial 3 finished with value: 0.38523441829282745 and parameters: {'n_estimators': 550, 'learning_rate': 0.04260013391139663, 'max_depth': 18, 'min_child_weight': 3, 'subsample': 0.9889032847501323, 'colsample_bytree': 0.5087839622917526, 'reg_alpha': 0.6383207901232628, 'reg_lambda': 9.2131764337001, 'gamma': 4.0}. Best is trial 0 with value: 0.3883160845418958.
[D 2025-12-03 15:23:09,777] Sample trial#4 with GPSampler.
[I 2025-12-03 15:23:17,133] Trial 4 finished with value: 0.38793564482885035 and parameters: {'n_estimators': 100, 'learning_rate': 0.06759417189232925, 'max_depth': 4, 'min_child_weight': 4, 'subsample': 0.9129045036798407, 'colsample_bytree': 0.5414938000482492, 'reg_alpha': 0.7412890405695681, 'reg_lambda': 9.22172946240895, 'gamma': 2.0}. Best is trial 0 with value: 0.3883160845418958.
[D 2025-12-03 15:23:17,218] Sample trial#5 with GPSampler.
[I 2025-12-03 15:23:22,550] Trial 5 finished with value: 0.3833872092148893 and parameters: {'n_estimators': 250, 'learning_rate': 0.0720619837685713, 'max_depth': 6, 'min_child_weight': 9, 'subsample': 0.9120570364891433, 'colsample_bytree': 0.4181761151797445, 'reg_alpha': 0.49000994073263016, 'reg_lambda': 9.51919163313373, 'gamma': 4.0}. Best is trial 0 with value: 0.3883160845418958.
[D 2025-12-03 15:23:22,639] Sample trial#6 with GPSampler.
[I 2025-12-03 15:23:32,954] Trial 6 finished with value: 0.37982839973214544 and parameters: {'n_estimators': 350, 'learning_rate': 0.0946866324145711, 'max_depth': 6, 'min_child_weight': 3, 'subsample': 0.9239325005247552, 'colsample_bytree': 0.5477201522191684, 'reg_alpha': 0.29050623365828676, 'reg_lambda': 7.302840391130316, 'gamma': 1.0}. Best is trial 0 with value: 0.3883160845418958.
[D 2025-12-03 15:23:33,042] Sample trial#7 with GPSampler.
[I 2025-12-03 15:24:12,429] Trial 7 finished with value: 0.36840817944691145 and parameters: {'n_estimators': 750, 'learning_rate': 0.0766660815105301, 'max_depth': 18, 'min_child_weight': 8, 'subsample': 0.9280400911836335, 'colsample_bytree': 0.5829622631206056, 'reg_alpha': 0.7882460672908709, 'reg_lambda': 8.071873327944108, 'gamma': 0.0}. Best is trial 0 with value: 0.3883160845418958.
[D 2025-12-03 15:24:12,516] Sample trial#8 with GPSampler.
[I 2025-12-03 15:24:28,479] Trial 8 finished with value: 0.3858641388850024 and parameters: {'n_estimators': 700, 'learning_rate': 0.009472853492077587, 'max_depth': 16, 'min_child_weight': 6, 'subsample': 0.9093069748401295, 'colsample_bytree': 0.42741491610411, 'reg_alpha': 0.5118715729746997, 'reg_lambda': 4.816611163928539, 'gamma': 4.0}. Best is trial 0 with value: 0.3883160845418958.
[D 2025-12-03 15:24:28,564] Sample trial#9 with GPSampler.
[I 2025-12-03 15:24:41,728] Trial 9 finished with value: 0.3891809791474459 and parameters: {'n_estimators': 750, 'learning_rate': 0.09322286154485121, 'max_depth': 18, 'min_child_weight': 6, 'subsample': 0.9928966337449366, 'colsample_bytree': 0.48595997161788496, 'reg_alpha': 0.4929826433262672, 'reg_lambda': 5.010230492257668, 'gamma': 3.0}. Best is trial 9 with value: 0.3891809791474459.
[D 2025-12-03 15:24:41,814] Sample trial#10 with GPSampler.
[I 2025-12-03 15:24:50,814] Trial 10 finished with value: 0.38868731929381256 and parameters: {'n_estimators': 350, 'learning_rate': 0.05158080759048307, 'max_depth': 6, 'min_child_weight': 1, 'subsample': 0.9946242257420943, 'colsample_bytree': 0.5167128457264841, 'reg_alpha': 0.1713791268836079, 'reg_lambda': 1.0, 'gamma': 3.0}. Best is trial 9 with value: 0.3891809791474459.
[D 2025-12-03 15:24:50,906] Sample trial#11 with GPSampler.
[I 2025-12-03 15:25:12,005] Trial 11 finished with value: 0.38978506877252433 and parameters: {'n_estimators': 1000, 'learning_rate': 0.009, 'max_depth': 20, 'min_child_weight': 5, 'subsample': 1.0, 'colsample_bytree': 0.4609421050943463, 'reg_alpha': 0.0, 'reg_lambda': 1.0, 'gamma': 3.0}. Best is trial 11 with value: 0.38978506877252433.
[D 2025-12-03 15:25:12,092] Sample trial#12 with GPSampler.
[I 2025-12-03 15:25:29,222] Trial 12 finished with value: 0.3879120943408555 and parameters: {'n_estimators': 350, 'learning_rate': 0.009, 'max_depth': 20, 'min_child_weight': 10, 'subsample': 1.0, 'colsample_bytree': 0.6, 'reg_alpha': 0.0, 'reg_lambda': 1.0, 'gamma': 3.0}. Best is trial 11 with value: 0.38978506877252433.
[D 2025-12-03 15:25:29,309] Sample trial#13 with GPSampler.
[I 2025-12-03 15:25:44,046] Trial 13 finished with value: 0.38660639989761403 and parameters: {'n_estimators': 1000, 'learning_rate': 0.06294104508684191, 'max_depth': 20, 'min_child_weight': 1, 'subsample': 0.911636256092391, 'colsample_bytree': 0.5550603220365349, 'reg_alpha': 0.0, 'reg_lambda': 1.0, 'gamma': 3.0}. Best is trial 11 with value: 0.38978506877252433.
[D 2025-12-03 15:25:44,133] Sample trial#14 with GPSampler.
[I 2025-12-03 15:25:59,348] Trial 14 finished with value: 0.3839835215855136 and parameters: {'n_estimators': 1000, 'learning_rate': 0.009, 'max_depth': 2, 'min_child_weight': 8, 'subsample': 1.0, 'colsample_bytree': 0.41116749936063324, 'reg_alpha': 0.6958961757483576, 'reg_lambda': 1.0, 'gamma': 3.0}. Best is trial 11 with value: 0.38978506877252433.
[D 2025-12-03 15:25:59,439] Sample trial#15 with GPSampler.
[I 2025-12-03 15:26:06,184] Trial 15 finished with value: 0.38883793902204733 and parameters: {'n_estimators': 250, 'learning_rate': 0.07448147749060693, 'max_depth': 20, 'min_child_weight': 2, 'subsample': 1.0, 'colsample_bytree': 0.4, 'reg_alpha': 0.0, 'reg_lambda': 3.5233441432558648, 'gamma': 3.0}. Best is trial 11 with value: 0.38978506877252433.
[D 2025-12-03 15:26:06,269] Sample trial#16 with GPSampler.
[I 2025-12-03 15:26:10,679] Trial 16 finished with value: 0.3796318616141945 and parameters: {'n_estimators': 100, 'learning_rate': 0.009, 'max_depth': 2, 'min_child_weight': 1, 'subsample': 1.0, 'colsample_bytree': 0.48840360250705234, 'reg_alpha': 0.0, 'reg_lambda': 10.0, 'gamma': 2.0}. Best is trial 11 with value: 0.38978506877252433.
[D 2025-12-03 15:26:10,768] Sample trial#17 with GPSampler.
[I 2025-12-03 15:26:25,932] Trial 17 finished with value: 0.38755681775016554 and parameters: {'n_estimators': 950, 'learning_rate': 0.09769402634647338, 'max_depth': 20, 'min_child_weight': 1, 'subsample': 0.9964010735410608, 'colsample_bytree': 0.5334648330392653, 'reg_alpha': 0.049210411505276386, 'reg_lambda': 1.0, 'gamma': 3.0}. Best is trial 11 with value: 0.38978506877252433.
[D 2025-12-03 15:26:26,019] Sample trial#18 with GPSampler.
[I 2025-12-03 15:26:30,526] Trial 18 finished with value: 0.38897181031189254 and parameters: {'n_estimators': 100, 'learning_rate': 0.07003771245335837, 'max_depth': 20, 'min_child_weight': 4, 'subsample': 1.0, 'colsample_bytree': 0.4705123837919223, 'reg_alpha': 0.4172644468565136, 'reg_lambda': 1.0, 'gamma': 3.0}. Best is trial 11 with value: 0.38978506877252433.
[D 2025-12-03 15:26:30,611] Sample trial#19 with GPSampler.
[I 2025-12-03 15:26:40,406] Trial 19 finished with value: 0.3861391898860529 and parameters: {'n_estimators': 850, 'learning_rate': 0.089964704357054, 'max_depth': 20, 'min_child_weight': 9, 'subsample': 1.0, 'colsample_bytree': 0.4, 'reg_alpha': 0.0, 'reg_lambda': 1.0, 'gamma': 3.0}. Best is trial 11 with value: 0.38978506877252433.
[D 2025-12-03 15:26:40,489] Sample trial#20 with GPSampler.
[I 2025-12-03 15:26:45,157] Trial 20 finished with value: 0.38636658888348185 and parameters: {'n_estimators': 100, 'learning_rate': 0.1, 'max_depth': 10, 'min_child_weight': 1, 'subsample': 0.9079296321172391, 'colsample_bytree': 0.5542108459877341, 'reg_alpha': 1.0, 'reg_lambda': 5.9763257768398725, 'gamma': 3.0}. Best is trial 11 with value: 0.38978506877252433.
[D 2025-12-03 15:26:45,239] Sample trial#21 with GPSampler.
[I 2025-12-03 15:26:58,916] Trial 21 finished with value: 0.3886430958514342 and parameters: {'n_estimators': 450, 'learning_rate': 0.009, 'max_depth': 20, 'min_child_weight': 1, 'subsample': 1.0, 'colsample_bytree': 0.45590372924915545, 'reg_alpha': 0.0, 'reg_lambda': 1.0, 'gamma': 4.0}. Best is trial 11 with value: 0.38978506877252433.
[D 2025-12-03 15:26:59,004] Sample trial#22 with GPSampler.
[I 2025-12-03 15:27:13,797] Trial 22 finished with value: 0.3885211672373814 and parameters: {'n_estimators': 750, 'learning_rate': 0.013165368125896226, 'max_depth': 20, 'min_child_weight': 1, 'subsample': 1.0, 'colsample_bytree': 0.48067089215125797, 'reg_alpha': 0.28283920397241163, 'reg_lambda': 2.233711077646572, 'gamma': 3.0}. Best is trial 11 with value: 0.38978506877252433.
[D 2025-12-03 15:27:13,879] Sample trial#23 with GPSampler.
[I 2025-12-03 15:27:19,534] Trial 23 finished with value: 0.3871923238735161 and parameters: {'n_estimators': 100, 'learning_rate': 0.08754672422549398, 'max_depth': 12, 'min_child_weight': 1, 'subsample': 1.0, 'colsample_bytree': 0.6, 'reg_alpha': 0.17449417674889156, 'reg_lambda': 7.592875445253383, 'gamma': 3.0}. Best is trial 11 with value: 0.38978506877252433.
[D 2025-12-03 15:27:19,620] Sample trial#24 with GPSampler.
[I 2025-12-03 15:27:31,834] Trial 24 finished with value: 0.38556132125435866 and parameters: {'n_estimators': 900, 'learning_rate': 0.08316110597918232, 'max_depth': 14, 'min_child_weight': 1, 'subsample': 1.0, 'colsample_bytree': 0.4196435932458754, 'reg_alpha': 1.0, 'reg_lambda': 4.3501836021410325, 'gamma': 3.0}. Best is trial 11 with value: 0.38978506877252433.
[D 2025-12-03 15:27:31,924] Sample trial#25 with GPSampler.
[I 2025-12-03 15:27:49,673] Trial 25 finished with value: 0.38674686214356285 and parameters: {'n_estimators': 1000, 'learning_rate': 0.009, 'max_depth': 20, 'min_child_weight': 10, 'subsample': 1.0, 'colsample_bytree': 0.6, 'reg_alpha': 0.0, 'reg_lambda': 1.0, 'gamma': 5.0}. Best is trial 11 with value: 0.38978506877252433.
[D 2025-12-03 15:27:49,758] Sample trial#26 with GPSampler.
[I 2025-12-03 15:27:54,138] Trial 26 finished with value: 0.38683915521940115 and parameters: {'n_estimators': 100, 'learning_rate': 0.1, 'max_depth': 20, 'min_child_weight': 1, 'subsample': 1.0, 'colsample_bytree': 0.6, 'reg_alpha': 0.25594374292456323, 'reg_lambda': 1.0, 'gamma': 4.0}. Best is trial 11 with value: 0.38978506877252433.
[D 2025-12-03 15:27:54,225] Sample trial#27 with GPSampler.
[I 2025-12-03 15:27:59,068] Trial 27 finished with value: 0.3852001324763046 and parameters: {'n_estimators': 100, 'learning_rate': 0.1, 'max_depth': 20, 'min_child_weight': 10, 'subsample': 1.0, 'colsample_bytree': 0.6, 'reg_alpha': 0.7667773387338163, 'reg_lambda': 10.0, 'gamma': 3.0}. Best is trial 11 with value: 0.38978506877252433.
[D 2025-12-03 15:27:59,157] Sample trial#28 with GPSampler.
[I 2025-12-03 15:28:10,647] Trial 28 finished with value: 0.38760323650327055 and parameters: {'n_estimators': 350, 'learning_rate': 0.1, 'max_depth': 20, 'min_child_weight': 1, 'subsample': 1.0, 'colsample_bytree': 0.4, 'reg_alpha': 0.4127353538269458, 'reg_lambda': 5.7722130283879345, 'gamma': 3.0}. Best is trial 11 with value: 0.38978506877252433.
[D 2025-12-03 15:28:10,736] Sample trial#29 with GPSampler.
