[I 2025-12-03 15:38:30,117] Trial 0 finished with value: 0.3808175862598516 and parameters: {'n_estimators': 500, 'learning_rate': 0.0997733427165255, 'max_depth': 18, 'min_child_weight': 3, 'subsample': 0.9312104376909371, 'colsample_bytree': 0.43408410770154693, 'reg_alpha': 0.6891573633778131, 'reg_lambda': 1.0142537343834679, 'gamma': 5.0}. Best is trial 0 with value: 0.3808175862598516.
[D 2025-12-03 15:38:30,207] Sample trial#1 with GPSampler.
[I 2025-12-03 15:38:42,721] Trial 1 finished with value: 0.3798120935337188 and parameters: {'n_estimators': 800, 'learning_rate': 0.08905119252753443, 'max_depth': 18, 'min_child_weight': 1, 'subsample': 0.9607543975900128, 'colsample_bytree': 0.5057458895382094, 'reg_alpha': 0.5219929104203823, 'reg_lambda': 2.367009122201178, 'gamma': 1.0}. Best is trial 0 with value: 0.3808175862598516.
[D 2025-12-03 15:38:42,804] Sample trial#2 with GPSampler.
[I 2025-12-03 15:38:54,365] Trial 2 finished with value: 0.3803836177009491 and parameters: {'n_estimators': 850, 'learning_rate': 0.030169172492404264, 'max_depth': 2, 'min_child_weight': 10, 'subsample': 0.9988674373589559, 'colsample_bytree': 0.44532754320749973, 'reg_alpha': 0.1703919114836373, 'reg_lambda': 7.997123699930995, 'gamma': 2.0}. Best is trial 0 with value: 0.3808175862598516.
[D 2025-12-03 15:38:54,453] Sample trial#3 with GPSampler.
[I 2025-12-03 15:39:05,679] Trial 3 finished with value: 0.3830375499637476 and parameters: {'n_estimators': 850, 'learning_rate': 0.047592419524432585, 'max_depth': 2, 'min_child_weight': 4, 'subsample': 0.972313293115973, 'colsample_bytree': 0.5628337944341658, 'reg_alpha': 0.5425370485930628, 'reg_lambda': 4.935670331872414, 'gamma': 5.0}. Best is trial 3 with value: 0.3830375499637476.
[D 2025-12-03 15:39:05,768] Sample trial#4 with GPSampler.
[I 2025-12-03 15:39:17,039] Trial 4 finished with value: 0.3817757661354996 and parameters: {'n_estimators': 900, 'learning_rate': 0.022181831447642915, 'max_depth': 10, 'min_child_weight': 8, 'subsample': 0.9628815593798513, 'colsample_bytree': 0.5489163388264656, 'reg_alpha': 0.32840609109297436, 'reg_lambda': 8.630895058853252, 'gamma': 5.0}. Best is trial 3 with value: 0.3830375499637476.
[D 2025-12-03 15:39:17,123] Sample trial#5 with GPSampler.
[I 2025-12-03 15:39:39,652] Trial 5 finished with value: 0.3738065253411129 and parameters: {'n_estimators': 800, 'learning_rate': 0.026208640865159602, 'max_depth': 6, 'min_child_weight': 5, 'subsample': 0.997114167545696, 'colsample_bytree': 0.5871820240858355, 'reg_alpha': 0.7859683180356046, 'reg_lambda': 8.208635989650281, 'gamma': 0.0}. Best is trial 3 with value: 0.3830375499637476.
[D 2025-12-03 15:39:39,735] Sample trial#6 with GPSampler.
[I 2025-12-03 15:39:52,627] Trial 6 finished with value: 0.3781909015312504 and parameters: {'n_estimators': 900, 'learning_rate': 0.06047332592936294, 'max_depth': 4, 'min_child_weight': 4, 'subsample': 0.96812304170704, 'colsample_bytree': 0.5399677318958037, 'reg_alpha': 0.5348103781046187, 'reg_lambda': 7.500847631038635, 'gamma': 1.0}. Best is trial 3 with value: 0.3830375499637476.
[D 2025-12-03 15:39:52,709] Sample trial#7 with GPSampler.
[I 2025-12-03 15:40:02,139] Trial 7 finished with value: 0.38168242551912235 and parameters: {'n_estimators': 800, 'learning_rate': 0.03639890108361868, 'max_depth': 4, 'min_child_weight': 8, 'subsample': 0.9767460693677981, 'colsample_bytree': 0.430052116723987, 'reg_alpha': 0.6525805086805045, 'reg_lambda': 4.7154163972935255, 'gamma': 4.0}. Best is trial 3 with value: 0.3830375499637476.
[D 2025-12-03 15:40:02,227] Sample trial#8 with GPSampler.
[I 2025-12-03 15:40:10,662] Trial 8 finished with value: 0.3800749769037478 and parameters: {'n_estimators': 850, 'learning_rate': 0.09650285844141115, 'max_depth': 14, 'min_child_weight': 9, 'subsample': 0.989392212128365, 'colsample_bytree': 0.5824963782635473, 'reg_alpha': 0.44487421964314655, 'reg_lambda': 9.931016645402119, 'gamma': 1.0}. Best is trial 3 with value: 0.3830375499637476.
[D 2025-12-03 15:40:10,748] Sample trial#9 with GPSampler.
[I 2025-12-03 15:40:22,780] Trial 9 finished with value: 0.3813775448265504 and parameters: {'n_estimators': 650, 'learning_rate': 0.05091227071053777, 'max_depth': 10, 'min_child_weight': 9, 'subsample': 0.9874320349181183, 'colsample_bytree': 0.45005639928049807, 'reg_alpha': 0.8710176919165399, 'reg_lambda': 5.838178936270863, 'gamma': 2.0}. Best is trial 3 with value: 0.3830375499637476.
[D 2025-12-03 15:40:22,866] Sample trial#10 with GPSampler.
[I 2025-12-03 15:40:29,594] Trial 10 finished with value: 0.38256255224616464 and parameters: {'n_estimators': 900, 'learning_rate': 0.08569988759176321, 'max_depth': 2, 'min_child_weight': 8, 'subsample': 1.0, 'colsample_bytree': 0.5642927805027017, 'reg_alpha': 0.5949017907771503, 'reg_lambda': 6.323786714050972, 'gamma': 5.0}. Best is trial 3 with value: 0.3830375499637476.
[D 2025-12-03 15:40:29,678] Sample trial#11 with GPSampler.
[I 2025-12-03 15:40:41,785] Trial 11 finished with value: 0.3813815121143782 and parameters: {'n_estimators': 1000, 'learning_rate': 0.0644269232176661, 'max_depth': 2, 'min_child_weight': 6, 'subsample': 0.9316282818189843, 'colsample_bytree': 0.6, 'reg_alpha': 0.9995578389462048, 'reg_lambda': 1.0, 'gamma': 5.0}. Best is trial 3 with value: 0.3830375499637476.
[D 2025-12-03 15:40:41,870] Sample trial#12 with GPSampler.
[I 2025-12-03 15:40:54,468] Trial 12 finished with value: 0.3827493617883039 and parameters: {'n_estimators': 500, 'learning_rate': 0.06360011190636937, 'max_depth': 2, 'min_child_weight': 1, 'subsample': 1.0, 'colsample_bytree': 0.5554852882033553, 'reg_alpha': 0.07088849081877684, 'reg_lambda': 6.235819342801096, 'gamma': 5.0}. Best is trial 3 with value: 0.3830375499637476.
[D 2025-12-03 15:40:54,555] Sample trial#13 with GPSampler.
[I 2025-12-03 15:41:07,299] Trial 13 finished with value: 0.38277738669731043 and parameters: {'n_estimators': 900, 'learning_rate': 0.0582401221016555, 'max_depth': 2, 'min_child_weight': 1, 'subsample': 1.0, 'colsample_bytree': 0.5334467268500451, 'reg_alpha': 1.0, 'reg_lambda': 9.580612447075902, 'gamma': 5.0}. Best is trial 3 with value: 0.3830375499637476.
[D 2025-12-03 15:41:07,387] Sample trial#14 with GPSampler.
[I 2025-12-03 15:41:17,669] Trial 14 finished with value: 0.38414875255087677 and parameters: {'n_estimators': 1000, 'learning_rate': 0.04883852300636685, 'max_depth': 2, 'min_child_weight': 1, 'subsample': 1.0, 'colsample_bytree': 0.5395760463704121, 'reg_alpha': 0.2916019101173873, 'reg_lambda': 1.7273087157543592, 'gamma': 5.0}. Best is trial 14 with value: 0.38414875255087677.
[D 2025-12-03 15:41:17,759] Sample trial#15 with GPSampler.
[I 2025-12-03 15:41:30,869] Trial 15 finished with value: 0.38503051226325236 and parameters: {'n_estimators': 1000, 'learning_rate': 0.020969125035763973, 'max_depth': 2, 'min_child_weight': 1, 'subsample': 1.0, 'colsample_bytree': 0.6, 'reg_alpha': 0.0, 'reg_lambda': 1.0, 'gamma': 5.0}. Best is trial 15 with value: 0.38503051226325236.
[D 2025-12-03 15:41:30,957] Sample trial#16 with GPSampler.
[I 2025-12-03 15:41:39,163] Trial 16 finished with value: 0.3854091387321395 and parameters: {'n_estimators': 1000, 'learning_rate': 0.009, 'max_depth': 2, 'min_child_weight': 1, 'subsample': 1.0, 'colsample_bytree': 0.6, 'reg_alpha': 0.6371196623606112, 'reg_lambda': 1.0, 'gamma': 5.0}. Best is trial 16 with value: 0.3854091387321395.
[D 2025-12-03 15:41:39,252] Sample trial#17 with GPSampler.
[I 2025-12-03 15:41:50,843] Trial 17 finished with value: 0.3837801926998891 and parameters: {'n_estimators': 1000, 'learning_rate': 0.009, 'max_depth': 18, 'min_child_weight': 1, 'subsample': 1.0, 'colsample_bytree': 0.6, 'reg_alpha': 0.8845828361945899, 'reg_lambda': 1.0, 'gamma': 5.0}. Best is trial 16 with value: 0.3854091387321395.
[D 2025-12-03 15:41:50,930] Sample trial#18 with GPSampler.
[I 2025-12-03 15:41:59,209] Trial 18 finished with value: 0.3829991442549313 and parameters: {'n_estimators': 350, 'learning_rate': 0.009, 'max_depth': 2, 'min_child_weight': 1, 'subsample': 1.0, 'colsample_bytree': 0.6, 'reg_alpha': 1.0, 'reg_lambda': 1.0, 'gamma': 5.0}. Best is trial 16 with value: 0.3854091387321395.
[D 2025-12-03 15:41:59,298] Sample trial#19 with GPSampler.
[I 2025-12-03 15:42:13,469] Trial 19 finished with value: 0.3842392333966554 and parameters: {'n_estimators': 1000, 'learning_rate': 0.009, 'max_depth': 2, 'min_child_weight': 1, 'subsample': 1.0, 'colsample_bytree': 0.6, 'reg_alpha': 0.4903335591975554, 'reg_lambda': 1.0, 'gamma': 4.0}. Best is trial 16 with value: 0.3854091387321395.
[D 2025-12-03 15:42:13,556] Sample trial#20 with GPSampler.
[I 2025-12-03 15:42:29,525] Trial 20 finished with value: 0.38364562218275594 and parameters: {'n_estimators': 1000, 'learning_rate': 0.009, 'max_depth': 2, 'min_child_weight': 6, 'subsample': 1.0, 'colsample_bytree': 0.6, 'reg_alpha': 0.5000459087794266, 'reg_lambda': 1.0, 'gamma': 5.0}. Best is trial 16 with value: 0.3854091387321395.
[D 2025-12-03 15:42:29,613] Sample trial#21 with GPSampler.
[I 2025-12-03 15:42:41,815] Trial 21 finished with value: 0.38446738901287525 and parameters: {'n_estimators': 1000, 'learning_rate': 0.009, 'max_depth': 2, 'min_child_weight': 1, 'subsample': 1.0, 'colsample_bytree': 0.49963690496471946, 'reg_alpha': 0.25434529095809816, 'reg_lambda': 1.0, 'gamma': 5.0}. Best is trial 16 with value: 0.3854091387321395.
[D 2025-12-03 15:42:41,905] Sample trial#22 with GPSampler.
[I 2025-12-03 15:42:48,679] Trial 22 finished with value: 0.37946719388031075 and parameters: {'n_estimators': 100, 'learning_rate': 0.1, 'max_depth': 20, 'min_child_weight': 10, 'subsample': 0.9, 'colsample_bytree': 0.4, 'reg_alpha': 0.0, 'reg_lambda': 10.0, 'gamma': 2.0}. Best is trial 16 with value: 0.3854091387321395.
[D 2025-12-03 15:42:48,764] Sample trial#23 with GPSampler.
[I 2025-12-03 15:42:59,982] Trial 23 finished with value: 0.38459974372581923 and parameters: {'n_estimators': 1000, 'learning_rate': 0.009, 'max_depth': 2, 'min_child_weight': 1, 'subsample': 0.9737019503447054, 'colsample_bytree': 0.6, 'reg_alpha': 0.39859407386134516, 'reg_lambda': 1.0, 'gamma': 5.0}. Best is trial 16 with value: 0.3854091387321395.
[D 2025-12-03 15:43:00,069] Sample trial#24 with GPSampler.
[I 2025-12-03 15:43:17,559] Trial 24 finished with value: 0.38479858695258434 and parameters: {'n_estimators': 1000, 'learning_rate': 0.009, 'max_depth': 2, 'min_child_weight': 1, 'subsample': 1.0, 'colsample_bytree': 0.6, 'reg_alpha': 1.0, 'reg_lambda': 1.0, 'gamma': 5.0}. Best is trial 16 with value: 0.3854091387321395.
[D 2025-12-03 15:43:17,642] Sample trial#25 with GPSampler.
[I 2025-12-03 15:43:29,023] Trial 25 finished with value: 0.3830646342363033 and parameters: {'n_estimators': 1000, 'learning_rate': 0.009, 'max_depth': 2, 'min_child_weight': 1, 'subsample': 1.0, 'colsample_bytree': 0.6, 'reg_alpha': 0.2277378182910711, 'reg_lambda': 6.071943516147732, 'gamma': 5.0}. Best is trial 16 with value: 0.3854091387321395.
[D 2025-12-03 15:43:29,117] Sample trial#26 with GPSampler.
[I 2025-12-03 15:43:43,194] Trial 26 finished with value: 0.37957545346635657 and parameters: {'n_estimators': 1000, 'learning_rate': 0.1, 'max_depth': 20, 'min_child_weight': 1, 'subsample': 1.0, 'colsample_bytree': 0.6, 'reg_alpha': 1.0, 'reg_lambda': 10.0, 'gamma': 3.0}. Best is trial 16 with value: 0.3854091387321395.
[D 2025-12-03 15:43:43,282] Sample trial#27 with GPSampler.
[I 2025-12-03 15:43:55,166] Trial 27 finished with value: 0.3848168585109394 and parameters: {'n_estimators': 1000, 'learning_rate': 0.009, 'max_depth': 2, 'min_child_weight': 1, 'subsample': 1.0, 'colsample_bytree': 0.5851009447959357, 'reg_alpha': 0.3786419284612063, 'reg_lambda': 1.0, 'gamma': 5.0}. Best is trial 16 with value: 0.3854091387321395.
[D 2025-12-03 15:43:55,250] Sample trial#28 with GPSampler.
[I 2025-12-03 15:44:03,436] Trial 28 finished with value: 0.3806323961650342 and parameters: {'n_estimators': 100, 'learning_rate': 0.09999999999999999, 'max_depth': 2, 'min_child_weight': 10, 'subsample': 1.0, 'colsample_bytree': 0.6, 'reg_alpha': 0.0, 'reg_lambda': 1.0, 'gamma': 3.0}. Best is trial 16 with value: 0.3854091387321395.
[D 2025-12-03 15:44:03,520] Sample trial#29 with GPSampler.
[I 2025-12-03 15:44:10,908] Trial 29 finished with value: 0.37791896313794504 and parameters: {'n_estimators': 100, 'learning_rate': 0.009, 'max_depth': 2, 'min_child_weight': 1, 'subsample': 0.9, 'colsample_bytree': 0.4, 'reg_alpha': 0.0, 'reg_lambda': 10.0, 'gamma': 5.0}. Best is trial 16 with value: 0.3854091387321395.
[I 2025-12-03 15:44:12,792] A new study created in memory with name: xgboost_fold_5
[D 2025-12-03 15:44:12,792] Sample trial#0 with RandomSampler.
[I 2025-12-03 15:44:31,439] Trial 0 finished with value: 0.36865401232154815 and parameters: {'n_estimators': 900, 'learning_rate': 0.06996424185526838, 'max_depth': 4, 'min_child_weight': 4, 'subsample': 0.9899632392018214, 'colsample_bytree': 0.49291817772481644, 'reg_alpha': 0.9669112637256717, 'reg_lambda': 8.21022843907642, 'gamma': 0.0}. Best is trial 0 with value: 0.36865401232154815.
[D 2025-12-03 15:44:31,540] Sample trial#1 with GPSampler.
[I 2025-12-03 15:44:39,529] Trial 1 finished with value: 0.3860414878104096 and parameters: {'n_estimators': 300, 'learning_rate': 0.060002918976410406, 'max_depth': 4, 'min_child_weight': 2, 'subsample': 0.9038117010908604, 'colsample_bytree': 0.5274335660368372, 'reg_alpha': 0.03811986161535419, 'reg_lambda': 5.701188059393853, 'gamma': 4.0}. Best is trial 1 with value: 0.3860414878104096.
[D 2025-12-03 15:44:39,619] Sample trial#2 with GPSampler.
[I 2025-12-03 15:45:03,048] Trial 2 finished with value: 0.3859122960591759 and parameters: {'n_estimators': 1000, 'learning_rate': 0.019195062621590382, 'max_depth': 6, 'min_child_weight': 7, 'subsample': 0.9197054352444598, 'colsample_bytree': 0.5758936185940501, 'reg_alpha': 0.549195050672337, 'reg_lambda': 8.110536290514919, 'gamma': 3.0}. Best is trial 1 with value: 0.3860414878104096.
[D 2025-12-03 15:45:03,137] Sample trial#3 with GPSampler.
[I 2025-12-03 15:45:16,697] Trial 3 finished with value: 0.3834553365581145 and parameters: {'n_estimators': 1000, 'learning_rate': 0.08309305276242443, 'max_depth': 8, 'min_child_weight': 4, 'subsample': 0.9415862410452078, 'colsample_bytree': 0.42271542744388696, 'reg_alpha': 0.6772477773546536, 'reg_lambda': 2.5589122404798923, 'gamma': 5.0}. Best is trial 1 with value: 0.3860414878104096.
[D 2025-12-03 15:45:16,787] Sample trial#4 with GPSampler.
[I 2025-12-03 15:45:25,911] Trial 4 finished with value: 0.3907654397430006 and parameters: {'n_estimators': 150, 'learning_rate': 0.02223071025677567, 'max_depth': 20, 'min_child_weight': 4, 'subsample': 0.9620858698017726, 'colsample_bytree': 0.5719637772818313, 'reg_alpha': 0.1656881549596273, 'reg_lambda': 5.291659179149958, 'gamma': 2.0}. Best is trial 4 with value: 0.3907654397430006.
[D 2025-12-03 15:45:25,996] Sample trial#5 with GPSampler.
[I 2025-12-03 15:45:32,350] Trial 5 finished with value: 0.38461668969781737 and parameters: {'n_estimators': 300, 'learning_rate': 0.051552728574508905, 'max_depth': 12, 'min_child_weight': 1, 'subsample': 0.9907298699544217, 'colsample_bytree': 0.5204657395728577, 'reg_alpha': 0.25460374395988505, 'reg_lambda': 4.011525601692004, 'gamma': 5.0}. Best is trial 4 with value: 0.3907654397430006.
[D 2025-12-03 15:45:32,436] Sample trial#6 with GPSampler.
[I 2025-12-03 15:45:39,367] Trial 6 finished with value: 0.3841418369917827 and parameters: {'n_estimators': 350, 'learning_rate': 0.09301749544287517, 'max_depth': 6, 'min_child_weight': 1, 'subsample': 0.9384653181827459, 'colsample_bytree': 0.49308395206581596, 'reg_alpha': 0.9438165977212536, 'reg_lambda': 1.7556389624485815, 'gamma': 4.0}. Best is trial 4 with value: 0.3907654397430006.
[D 2025-12-03 15:45:39,460] Sample trial#7 with GPSampler.
[I 2025-12-03 15:45:45,432] Trial 7 finished with value: 0.3822173277783252 and parameters: {'n_estimators': 800, 'learning_rate': 0.08905994791451233, 'max_depth': 2, 'min_child_weight': 1, 'subsample': 0.905179791178678, 'colsample_bytree': 0.4421857109634882, 'reg_alpha': 0.16318778385108879, 'reg_lambda': 9.620926461050258, 'gamma': 5.0}. Best is trial 4 with value: 0.3907654397430006.
[D 2025-12-03 15:45:45,523] Sample trial#8 with GPSampler.
[I 2025-12-03 15:45:50,177] Trial 8 finished with value: 0.3847108657479358 and parameters: {'n_estimators': 250, 'learning_rate': 0.01934499209308114, 'max_depth': 14, 'min_child_weight': 4, 'subsample': 0.9587540863671292, 'colsample_bytree': 0.5967423254104687, 'reg_alpha': 0.5801111455487583, 'reg_lambda': 6.625017319886885, 'gamma': 4.0}. Best is trial 4 with value: 0.3907654397430006.
[D 2025-12-03 15:45:50,268] Sample trial#9 with GPSampler.
[I 2025-12-03 15:45:57,340] Trial 9 finished with value: 0.38491151903714216 and parameters: {'n_estimators': 100, 'learning_rate': 0.08657545957934937, 'max_depth': 4, 'min_child_weight': 10, 'subsample': 0.9063068778481571, 'colsample_bytree': 0.5839072786440996, 'reg_alpha': 0.9662057212562817, 'reg_lambda': 9.99533709496297, 'gamma': 1.0}. Best is trial 4 with value: 0.3907654397430006.
[D 2025-12-03 15:45:57,431] Sample trial#10 with GPSampler.
[I 2025-12-03 15:46:03,776] Trial 10 finished with value: 0.3909067574231853 and parameters: {'n_estimators': 100, 'learning_rate': 0.01249528099467038, 'max_depth': 20, 'min_child_weight': 5, 'subsample': 0.9390378412407819, 'colsample_bytree': 0.5937284342973068, 'reg_alpha': 0.0, 'reg_lambda': 2.3818961896953748, 'gamma': 2.0}. Best is trial 10 with value: 0.3909067574231853.
[D 2025-12-03 15:46:03,862] Sample trial#11 with GPSampler.
[I 2025-12-03 15:46:12,206] Trial 11 finished with value: 0.38796311116777804 and parameters: {'n_estimators': 100, 'learning_rate': 0.009, 'max_depth': 20, 'min_child_weight': 9, 'subsample': 0.9410068429885371, 'colsample_bytree': 0.5743803720676024, 'reg_alpha': 0.0, 'reg_lambda': 7.939123091417745, 'gamma': 2.0}. Best is trial 10 with value: 0.3909067574231853.
[D 2025-12-03 15:46:12,293] Sample trial#12 with GPSampler.
[I 2025-12-03 15:46:22,681] Trial 12 finished with value: 0.3943752843929022 and parameters: {'n_estimators': 100, 'learning_rate': 0.026541361888587522, 'max_depth': 20, 'min_child_weight': 1, 'subsample': 0.9608787833030943, 'colsample_bytree': 0.5856145473830048, 'reg_alpha': 0.0, 'reg_lambda': 1.0, 'gamma': 2.0}. Best is trial 12 with value: 0.3943752843929022.
[D 2025-12-03 15:46:22,771] Sample trial#13 with GPSampler.
[I 2025-12-03 15:46:30,310] Trial 13 finished with value: 0.39253164891846504 and parameters: {'n_estimators': 100, 'learning_rate': 0.08717568799273882, 'max_depth': 20, 'min_child_weight': 1, 'subsample': 0.957709385742588, 'colsample_bytree': 0.6, 'reg_alpha': 0.0, 'reg_lambda': 1.0, 'gamma': 3.0}. Best is trial 12 with value: 0.3943752843929022.
[D 2025-12-03 15:46:30,402] Sample trial#14 with GPSampler.
[I 2025-12-03 15:46:36,461] Trial 14 finished with value: 0.3872165688536029 and parameters: {'n_estimators': 100, 'learning_rate': 0.009, 'max_depth': 20, 'min_child_weight': 1, 'subsample': 0.970670891113751, 'colsample_bytree': 0.6, 'reg_alpha': 0.0, 'reg_lambda': 1.0, 'gamma': 5.0}. Best is trial 12 with value: 0.3943752843929022.
[D 2025-12-03 15:46:36,552] Sample trial#15 with GPSampler.
[I 2025-12-03 15:46:49,354] Trial 15 finished with value: 0.3911903373770297 and parameters: {'n_estimators': 100, 'learning_rate': 0.06637530280808349, 'max_depth': 20, 'min_child_weight': 1, 'subsample': 0.966431691739582, 'colsample_bytree': 0.6, 'reg_alpha': 0.0, 'reg_lambda': 1.0, 'gamma': 1.0}. Best is trial 12 with value: 0.3943752843929022.
[D 2025-12-03 15:46:49,445] Sample trial#16 with GPSampler.
[I 2025-12-03 15:46:54,383] Trial 16 finished with value: 0.39853900810519216 and parameters: {'n_estimators': 100, 'learning_rate': 0.009, 'max_depth': 20, 'min_child_weight': 1, 'subsample': 0.9593063774478691, 'colsample_bytree': 0.4638220578319972, 'reg_alpha': 0.0, 'reg_lambda': 1.0, 'gamma': 2.0}. Best is trial 16 with value: 0.39853900810519216.
[D 2025-12-03 15:46:54,473] Sample trial#17 with GPSampler.
[I 2025-12-03 15:47:03,510] Trial 17 finished with value: 0.3965063759386634 and parameters: {'n_estimators': 100, 'learning_rate': 0.009, 'max_depth': 20, 'min_child_weight': 1, 'subsample': 0.9373869284832095, 'colsample_bytree': 0.4, 'reg_alpha': 0.0, 'reg_lambda': 1.0, 'gamma': 2.0}. Best is trial 16 with value: 0.39853900810519216.
[D 2025-12-03 15:47:03,601] Sample trial#18 with GPSampler.
[I 2025-12-03 15:47:10,037] Trial 18 finished with value: 0.3992614618804217 and parameters: {'n_estimators': 100, 'learning_rate': 0.009, 'max_depth': 20, 'min_child_weight': 1, 'subsample': 0.9852119284192916, 'colsample_bytree': 0.40170041311923255, 'reg_alpha': 0.0, 'reg_lambda': 1.0, 'gamma': 2.0}. Best is trial 18 with value: 0.3992614618804217.
[D 2025-12-03 15:47:10,122] Sample trial#19 with GPSampler.
[I 2025-12-03 15:47:16,579] Trial 19 finished with value: 0.39934083169215995 and parameters: {'n_estimators': 100, 'learning_rate': 0.009, 'max_depth': 20, 'min_child_weight': 1, 'subsample': 1.0, 'colsample_bytree': 0.44661573599639787, 'reg_alpha': 0.0, 'reg_lambda': 1.0, 'gamma': 2.0}. Best is trial 19 with value: 0.39934083169215995.
[D 2025-12-03 15:47:16,664] Sample trial#20 with GPSampler.
[I 2025-12-03 15:47:24,264] Trial 20 finished with value: 0.400363176229828 and parameters: {'n_estimators': 100, 'learning_rate': 0.009, 'max_depth': 10, 'min_child_weight': 1, 'subsample': 0.9989356112000911, 'colsample_bytree': 0.4185131604024552, 'reg_alpha': 0.0, 'reg_lambda': 1.0, 'gamma': 2.0}. Best is trial 20 with value: 0.400363176229828.
[D 2025-12-03 15:47:24,355] Sample trial#21 with GPSampler.
