[I 2025-12-03 15:47:32,601] Trial 21 finished with value: 0.3890876251744381 and parameters: {'n_estimators': 100, 'learning_rate': 0.009, 'max_depth': 2, 'min_child_weight': 1, 'subsample': 1.0, 'colsample_bytree': 0.4, 'reg_alpha': 0.0, 'reg_lambda': 1.0, 'gamma': 1.0}. Best is trial 20 with value: 0.400363176229828.
[D 2025-12-03 15:47:32,694] Sample trial#22 with GPSampler.
[I 2025-12-03 15:47:39,587] Trial 22 finished with value: 0.39390172685352126 and parameters: {'n_estimators': 100, 'learning_rate': 0.009, 'max_depth': 10, 'min_child_weight': 1, 'subsample': 1.0, 'colsample_bytree': 0.4, 'reg_alpha': 0.0, 'reg_lambda': 1.0, 'gamma': 3.0}. Best is trial 20 with value: 0.400363176229828.
[D 2025-12-03 15:47:39,679] Sample trial#23 with GPSampler.
[I 2025-12-03 15:47:47,341] Trial 23 finished with value: 0.39053994423701116 and parameters: {'n_estimators': 100, 'learning_rate': 0.0772900398339186, 'max_depth': 12, 'min_child_weight': 1, 'subsample': 1.0, 'colsample_bytree': 0.42544428296205095, 'reg_alpha': 0.0, 'reg_lambda': 1.0, 'gamma': 2.0}. Best is trial 20 with value: 0.400363176229828.
[D 2025-12-03 15:47:47,431] Sample trial#24 with GPSampler.
[I 2025-12-03 15:48:04,818] Trial 24 finished with value: 0.39286048377774796 and parameters: {'n_estimators': 400, 'learning_rate': 0.009, 'max_depth': 12, 'min_child_weight': 1, 'subsample': 1.0, 'colsample_bytree': 0.4250273920088241, 'reg_alpha': 0.0, 'reg_lambda': 1.0, 'gamma': 2.0}. Best is trial 20 with value: 0.400363176229828.
[D 2025-12-03 15:48:04,911] Sample trial#25 with GPSampler.
[I 2025-12-03 15:48:11,001] Trial 25 finished with value: 0.39624328703543116 and parameters: {'n_estimators': 100, 'learning_rate': 0.009, 'max_depth': 12, 'min_child_weight': 1, 'subsample': 1.0, 'colsample_bytree': 0.4251724099558568, 'reg_alpha': 0.5053591766833428, 'reg_lambda': 1.0, 'gamma': 2.0}. Best is trial 20 with value: 0.400363176229828.
[D 2025-12-03 15:48:11,093] Sample trial#26 with GPSampler.
[I 2025-12-03 15:48:19,083] Trial 26 finished with value: 0.3987349924183957 and parameters: {'n_estimators': 100, 'learning_rate': 0.009, 'max_depth': 10, 'min_child_weight': 1, 'subsample': 0.9891546628627921, 'colsample_bytree': 0.4542888250151046, 'reg_alpha': 0.0, 'reg_lambda': 1.0, 'gamma': 2.0}. Best is trial 20 with value: 0.400363176229828.
[D 2025-12-03 15:48:19,169] Sample trial#27 with GPSampler.
[I 2025-12-03 15:48:25,603] Trial 27 finished with value: 0.3920627258883842 and parameters: {'n_estimators': 100, 'learning_rate': 0.009, 'max_depth': 16, 'min_child_weight': 1, 'subsample': 1.0, 'colsample_bytree': 0.4, 'reg_alpha': 0.0, 'reg_lambda': 7.464465250214719, 'gamma': 2.0}. Best is trial 20 with value: 0.400363176229828.
[D 2025-12-03 15:48:25,695] Sample trial#28 with GPSampler.
[I 2025-12-03 15:48:36,195] Trial 28 finished with value: 0.39273411959465987 and parameters: {'n_estimators': 100, 'learning_rate': 0.009, 'max_depth': 16, 'min_child_weight': 6, 'subsample': 1.0, 'colsample_bytree': 0.4, 'reg_alpha': 0.0, 'reg_lambda': 1.0, 'gamma': 2.0}. Best is trial 20 with value: 0.400363176229828.
[D 2025-12-03 15:48:36,282] Sample trial#29 with GPSampler.
[I 2025-12-03 15:48:44,435] Trial 29 finished with value: 0.3851952498183959 and parameters: {'n_estimators': 100, 'learning_rate': 0.1, 'max_depth': 20, 'min_child_weight': 10, 'subsample': 0.9, 'colsample_bytree': 0.6, 'reg_alpha': 0.0, 'reg_lambda': 1.0, 'gamma': 5.0}. Best is trial 20 with value: 0.400363176229828.
[I 2025-12-03 15:51:18,699] A new study created in memory with name: histogram_gradient_boosting_fold_1
[D 2025-12-03 15:51:18,699] Sample trial#0 with RandomSampler.
[I 2025-12-03 15:51:19,585] Trial 0 finished with value: 0.3757474224853302 and parameters: {'max_iter': 55, 'learning_rate': 0.09002630856634257, 'max_depth': 4, 'min_samples_leaf': 4, 'l2_regularization': 0.211151408328502}. Best is trial 0 with value: 0.3757474224853302.
[D 2025-12-03 15:51:19,676] Sample trial#1 with GPSampler.
[I 2025-12-03 15:51:20,779] Trial 1 finished with value: 0.3840184807987711 and parameters: {'max_iter': 97, 'learning_rate': 0.04986858713707082, 'max_depth': 3, 'min_samples_leaf': 10, 'l2_regularization': 0.8820532954319055}. Best is trial 1 with value: 0.3840184807987711.
[D 2025-12-03 15:51:20,868] Sample trial#2 with GPSampler.
[I 2025-12-03 15:51:21,708] Trial 2 finished with value: 0.38008064119954355 and parameters: {'max_iter': 65, 'learning_rate': 0.062240973420138346, 'max_depth': 3, 'min_samples_leaf': 4, 'l2_regularization': 0.02696395501017934}. Best is trial 1 with value: 0.3840184807987711.
[D 2025-12-03 15:51:21,799] Sample trial#3 with GPSampler.
[I 2025-12-03 15:51:24,028] Trial 3 finished with value: 0.37679407451139996 and parameters: {'max_iter': 165, 'learning_rate': 0.035050912772813914, 'max_depth': 4, 'min_samples_leaf': 25, 'l2_regularization': 0.9033310497717048}. Best is trial 1 with value: 0.3840184807987711.
[D 2025-12-03 15:51:24,126] Sample trial#4 with GPSampler.
[I 2025-12-03 15:51:27,626] Trial 4 finished with value: 0.3831108709301702 and parameters: {'max_iter': 169, 'learning_rate': 0.016989132672387657, 'max_depth': 5, 'min_samples_leaf': 6, 'l2_regularization': 0.513356990489216}. Best is trial 1 with value: 0.3840184807987711.
[D 2025-12-03 15:51:27,716] Sample trial#5 with GPSampler.
[I 2025-12-03 15:51:29,876] Trial 5 finished with value: 0.3694419214225776 and parameters: {'max_iter': 175, 'learning_rate': 0.06706071988014588, 'max_depth': 4, 'min_samples_leaf': 25, 'l2_regularization': 0.12217268240247725}. Best is trial 1 with value: 0.3840184807987711.
[D 2025-12-03 15:51:29,966] Sample trial#6 with GPSampler.
[I 2025-12-03 15:51:32,572] Trial 6 finished with value: 0.3687737490156577 and parameters: {'max_iter': 173, 'learning_rate': 0.07023588880072769, 'max_depth': 5, 'min_samples_leaf': 29, 'l2_regularization': 0.07124950223687687}. Best is trial 1 with value: 0.3840184807987711.
[D 2025-12-03 15:51:32,660] Sample trial#7 with GPSampler.
[I 2025-12-03 15:51:34,697] Trial 7 finished with value: 0.37131946361920676 and parameters: {'max_iter': 115, 'learning_rate': 0.06318414976277142, 'max_depth': 5, 'min_samples_leaf': 1, 'l2_regularization': 0.36442806508614156}. Best is trial 1 with value: 0.3840184807987711.
[D 2025-12-03 15:51:34,784] Sample trial#8 with GPSampler.
[I 2025-12-03 15:51:35,582] Trial 8 finished with value: 0.381774392193958 and parameters: {'max_iter': 129, 'learning_rate': 0.08167166896250529, 'max_depth': 2, 'min_samples_leaf': 26, 'l2_regularization': 0.4703784716983863}. Best is trial 1 with value: 0.3840184807987711.
[D 2025-12-03 15:51:35,670] Sample trial#9 with GPSampler.
[I 2025-12-03 15:51:36,567] Trial 9 finished with value: 0.3825288090233806 and parameters: {'max_iter': 152, 'learning_rate': 0.08853974863516692, 'max_depth': 2, 'min_samples_leaf': 6, 'l2_regularization': 0.6796538321244115}. Best is trial 1 with value: 0.3840184807987711.
[D 2025-12-03 15:51:36,655] Sample trial#10 with GPSampler.
[I 2025-12-03 15:51:37,297] Trial 10 finished with value: 0.3850702764629276 and parameters: {'max_iter': 69, 'learning_rate': 0.05089705185900278, 'max_depth': 2, 'min_samples_leaf': 1, 'l2_regularization': 0.9999999999999999}. Best is trial 10 with value: 0.3850702764629276.
[D 2025-12-03 15:51:37,385] Sample trial#11 with GPSampler.
[I 2025-12-03 15:51:38,060] Trial 11 finished with value: 0.38415538502897817 and parameters: {'max_iter': 50, 'learning_rate': 0.020003770276912698, 'max_depth': 3, 'min_samples_leaf': 1, 'l2_regularization': 1.0}. Best is trial 10 with value: 0.3850702764629276.
[D 2025-12-03 15:51:38,148] Sample trial#12 with GPSampler.
[I 2025-12-03 15:51:39,033] Trial 12 finished with value: 0.3860576463888488 and parameters: {'max_iter': 138, 'learning_rate': 0.03443170312391202, 'max_depth': 2, 'min_samples_leaf': 1, 'l2_regularization': 1.0}. Best is trial 12 with value: 0.3860576463888488.
[D 2025-12-03 15:51:39,119] Sample trial#13 with GPSampler.
[I 2025-12-03 15:51:40,128] Trial 13 finished with value: 0.383745871929818 and parameters: {'max_iter': 164, 'learning_rate': 0.009, 'max_depth': 2, 'min_samples_leaf': 1, 'l2_regularization': 0.29664133688346234}. Best is trial 12 with value: 0.3860576463888488.
[D 2025-12-03 15:51:40,215] Sample trial#14 with GPSampler.
[I 2025-12-03 15:51:40,923] Trial 14 finished with value: 0.3833329876476544 and parameters: {'max_iter': 93, 'learning_rate': 0.030632347603128197, 'max_depth': 2, 'min_samples_leaf': 26, 'l2_regularization': 1.0}. Best is trial 12 with value: 0.3860576463888488.
[D 2025-12-03 15:51:41,010] Sample trial#15 with GPSampler.
[I 2025-12-03 15:51:42,161] Trial 15 finished with value: 0.3852687297046466 and parameters: {'max_iter': 200, 'learning_rate': 0.0477889751203897, 'max_depth': 2, 'min_samples_leaf': 1, 'l2_regularization': 1.0}. Best is trial 12 with value: 0.3860576463888488.
[D 2025-12-03 15:51:42,248] Sample trial#16 with GPSampler.
[I 2025-12-03 15:51:43,417] Trial 16 finished with value: 0.3848471361480892 and parameters: {'max_iter': 200, 'learning_rate': 0.01915629927566196, 'max_depth': 2, 'min_samples_leaf': 1, 'l2_regularization': 1.0}. Best is trial 12 with value: 0.3860576463888488.
[D 2025-12-03 15:51:43,503] Sample trial#17 with GPSampler.
[I 2025-12-03 15:51:44,902] Trial 17 finished with value: 0.3825463272368027 and parameters: {'max_iter': 50, 'learning_rate': 0.009, 'max_depth': 5, 'min_samples_leaf': 1, 'l2_regularization': 1.0}. Best is trial 12 with value: 0.3860576463888488.
[D 2025-12-03 15:51:44,991] Sample trial#18 with GPSampler.
[I 2025-12-03 15:51:45,944] Trial 18 finished with value: 0.3842953705906672 and parameters: {'max_iter': 138, 'learning_rate': 0.03683164517230466, 'max_depth': 2, 'min_samples_leaf': 1, 'l2_regularization': 0.4535280103053714}. Best is trial 12 with value: 0.3860576463888488.
[D 2025-12-03 15:51:46,030] Sample trial#19 with GPSampler.
[I 2025-12-03 15:51:49,810] Trial 19 finished with value: 0.38633000102874526 and parameters: {'max_iter': 200, 'learning_rate': 0.009, 'max_depth': 5, 'min_samples_leaf': 1, 'l2_regularization': 1.0}. Best is trial 19 with value: 0.38633000102874526.
[D 2025-12-03 15:51:49,901] Sample trial#20 with GPSampler.
[I 2025-12-03 15:51:52,767] Trial 20 finished with value: 0.38494580239000215 and parameters: {'max_iter': 200, 'learning_rate': 0.009, 'max_depth': 4, 'min_samples_leaf': 1, 'l2_regularization': 1.0}. Best is trial 19 with value: 0.38633000102874526.
[D 2025-12-03 15:51:52,857] Sample trial#21 with GPSampler.
[I 2025-12-03 15:51:54,382] Trial 21 finished with value: 0.3853602281745609 and parameters: {'max_iter': 176, 'learning_rate': 0.009, 'max_depth': 3, 'min_samples_leaf': 1, 'l2_regularization': 1.0}. Best is trial 19 with value: 0.38633000102874526.
[D 2025-12-03 15:51:54,472] Sample trial#22 with GPSampler.
[I 2025-12-03 15:51:55,124] Trial 22 finished with value: 0.3835057041340312 and parameters: {'max_iter': 50, 'learning_rate': 0.1, 'max_depth': 2, 'min_samples_leaf': 1, 'l2_regularization': 1.0}. Best is trial 19 with value: 0.38633000102874526.
[D 2025-12-03 15:51:55,213] Sample trial#23 with GPSampler.
[I 2025-12-03 15:51:59,871] Trial 23 finished with value: 0.38593138780426084 and parameters: {'max_iter': 200, 'learning_rate': 0.009, 'max_depth': 5, 'min_samples_leaf': 1, 'l2_regularization': 0.0}. Best is trial 19 with value: 0.38633000102874526.
[D 2025-12-03 15:51:59,960] Sample trial#24 with GPSampler.
[I 2025-12-03 15:52:04,191] Trial 24 finished with value: 0.3876065629111562 and parameters: {'max_iter': 200, 'learning_rate': 0.009, 'max_depth': 5, 'min_samples_leaf': 1, 'l2_regularization': 0.6132544643178256}. Best is trial 24 with value: 0.3876065629111562.
[D 2025-12-03 15:52:04,283] Sample trial#25 with GPSampler.
[I 2025-12-03 15:52:07,551] Trial 25 finished with value: 0.3825980319400546 and parameters: {'max_iter': 200, 'learning_rate': 0.009, 'max_depth': 4, 'min_samples_leaf': 1, 'l2_regularization': 0.0}. Best is trial 24 with value: 0.3876065629111562.
[D 2025-12-03 15:52:07,643] Sample trial#26 with GPSampler.
[I 2025-12-03 15:52:08,179] Trial 26 finished with value: 0.38503269431630865 and parameters: {'max_iter': 50, 'learning_rate': 0.009, 'max_depth': 2, 'min_samples_leaf': 1, 'l2_regularization': 1.0}. Best is trial 24 with value: 0.3876065629111562.
[D 2025-12-03 15:52:08,266] Sample trial#27 with GPSampler.
[I 2025-12-03 15:52:11,966] Trial 27 finished with value: 0.3875776558952008 and parameters: {'max_iter': 200, 'learning_rate': 0.009, 'max_depth': 5, 'min_samples_leaf': 1, 'l2_regularization': 0.5455159526701969}. Best is trial 24 with value: 0.3876065629111562.
[D 2025-12-03 15:52:12,054] Sample trial#28 with GPSampler.
[I 2025-12-03 15:52:12,710] Trial 28 finished with value: 0.3841564691007707 and parameters: {'max_iter': 50, 'learning_rate': 0.009, 'max_depth': 2, 'min_samples_leaf': 30, 'l2_regularization': 0.0}. Best is trial 24 with value: 0.3876065629111562.
[D 2025-12-03 15:52:12,798] Sample trial#29 with GPSampler.
[I 2025-12-03 15:52:13,405] Trial 29 finished with value: 0.3842858945657843 and parameters: {'max_iter': 50, 'learning_rate': 0.009, 'max_depth': 2, 'min_samples_leaf': 1, 'l2_regularization': 0.0}. Best is trial 24 with value: 0.3876065629111562.
[I 2025-12-03 15:52:14,308] A new study created in memory with name: histogram_gradient_boosting_fold_2
[D 2025-12-03 15:52:14,308] Sample trial#0 with RandomSampler.
[I 2025-12-03 15:52:16,142] Trial 0 finished with value: 0.3743992963222001 and parameters: {'max_iter': 183, 'learning_rate': 0.06484803974103905, 'max_depth': 3, 'min_samples_leaf': 4, 'l2_regularization': 0.12258822440020256}. Best is trial 0 with value: 0.3743992963222001.
[D 2025-12-03 15:52:16,238] Sample trial#1 with GPSampler.
[I 2025-12-03 15:52:17,129] Trial 1 finished with value: 0.38274569128803043 and parameters: {'max_iter': 107, 'learning_rate': 0.026496557953157036, 'max_depth': 2, 'min_samples_leaf': 27, 'l2_regularization': 0.760966023271747}. Best is trial 1 with value: 0.38274569128803043.
[D 2025-12-03 15:52:17,223] Sample trial#2 with GPSampler.
[I 2025-12-03 15:52:18,179] Trial 2 finished with value: 0.37870149441621137 and parameters: {'max_iter': 120, 'learning_rate': 0.07284349968438134, 'max_depth': 2, 'min_samples_leaf': 20, 'l2_regularization': 0.2499491233242549}. Best is trial 1 with value: 0.38274569128803043.
[D 2025-12-03 15:52:18,275] Sample trial#3 with GPSampler.
[I 2025-12-03 15:52:19,542] Trial 3 finished with value: 0.3774696508277241 and parameters: {'max_iter': 148, 'learning_rate': 0.05397769438078385, 'max_depth': 3, 'min_samples_leaf': 30, 'l2_regularization': 0.34415813283918073}. Best is trial 1 with value: 0.38274569128803043.
[D 2025-12-03 15:52:19,632] Sample trial#4 with GPSampler.
[I 2025-12-03 15:52:21,350] Trial 4 finished with value: 0.38674730785240574 and parameters: {'max_iter': 124, 'learning_rate': 0.01138548735074638, 'max_depth': 4, 'min_samples_leaf': 14, 'l2_regularization': 0.417224645094733}. Best is trial 4 with value: 0.38674730785240574.
[D 2025-12-03 15:52:21,441] Sample trial#5 with GPSampler.
[I 2025-12-03 15:52:23,401] Trial 5 finished with value: 0.3752344205674031 and parameters: {'max_iter': 82, 'learning_rate': 0.0690240729347443, 'max_depth': 5, 'min_samples_leaf': 2, 'l2_regularization': 0.04290773150572447}. Best is trial 4 with value: 0.38674730785240574.
[D 2025-12-03 15:52:23,495] Sample trial#6 with GPSampler.
[I 2025-12-03 15:52:24,378] Trial 6 finished with value: 0.38093858906199807 and parameters: {'max_iter': 118, 'learning_rate': 0.07069092906031188, 'max_depth': 2, 'min_samples_leaf': 19, 'l2_regularization': 0.7006132328229155}. Best is trial 4 with value: 0.38674730785240574.
[D 2025-12-03 15:52:24,480] Sample trial#7 with GPSampler.
[I 2025-12-03 15:52:28,279] Trial 7 finished with value: 0.3821052950965964 and parameters: {'max_iter': 199, 'learning_rate': 0.013411098307123332, 'max_depth': 5, 'min_samples_leaf': 17, 'l2_regularization': 0.5108329909223767}. Best is trial 4 with value: 0.38674730785240574.
[D 2025-12-03 15:52:28,376] Sample trial#8 with GPSampler.
[I 2025-12-03 15:52:31,503] Trial 8 finished with value: 0.37264537580742485 and parameters: {'max_iter': 161, 'learning_rate': 0.0488273542309309, 'max_depth': 5, 'min_samples_leaf': 23, 'l2_regularization': 0.07847276526736702}. Best is trial 4 with value: 0.38674730785240574.
[D 2025-12-03 15:52:31,594] Sample trial#9 with GPSampler.
[I 2025-12-03 15:52:33,962] Trial 9 finished with value: 0.36888098572088246 and parameters: {'max_iter': 102, 'learning_rate': 0.07861503353498249, 'max_depth': 5, 'min_samples_leaf': 12, 'l2_regularization': 0.868115820706077}. Best is trial 4 with value: 0.38674730785240574.
[D 2025-12-03 15:52:34,055] Sample trial#10 with GPSampler.
[I 2025-12-03 15:52:35,108] Trial 10 finished with value: 0.38508464449497043 and parameters: {'max_iter': 65, 'learning_rate': 0.009, 'max_depth': 4, 'min_samples_leaf': 2, 'l2_regularization': 0.5105906398397788}. Best is trial 4 with value: 0.38674730785240574.
[D 2025-12-03 15:52:35,201] Sample trial#11 with GPSampler.
[I 2025-12-03 15:52:36,450] Trial 11 finished with value: 0.38505394390843234 and parameters: {'max_iter': 142, 'learning_rate': 0.009, 'max_depth': 3, 'min_samples_leaf': 9, 'l2_regularization': 0.2928362387624288}. Best is trial 4 with value: 0.38674730785240574.
[D 2025-12-03 15:52:36,540] Sample trial#12 with GPSampler.
[I 2025-12-03 15:52:37,721] Trial 12 finished with value: 0.38338498814925126 and parameters: {'max_iter': 88, 'learning_rate': 0.009, 'max_depth': 4, 'min_samples_leaf': 29, 'l2_regularization': 0.43132677493629173}. Best is trial 4 with value: 0.38674730785240574.
[D 2025-12-03 15:52:37,811] Sample trial#13 with GPSampler.
[I 2025-12-03 15:52:39,274] Trial 13 finished with value: 0.3850057805409023 and parameters: {'max_iter': 118, 'learning_rate': 0.009, 'max_depth': 4, 'min_samples_leaf': 13, 'l2_regularization': 0.8926801885573934}. Best is trial 4 with value: 0.38674730785240574.
[D 2025-12-03 15:52:39,365] Sample trial#14 with GPSampler.
[I 2025-12-03 15:52:40,562] Trial 14 finished with value: 0.38483157335595264 and parameters: {'max_iter': 89, 'learning_rate': 0.009, 'max_depth': 4, 'min_samples_leaf': 12, 'l2_regularization': 0.023183140914184643}. Best is trial 4 with value: 0.38674730785240574.
[D 2025-12-03 15:52:40,652] Sample trial#15 with GPSampler.
[I 2025-12-03 15:52:42,398] Trial 15 finished with value: 0.3860958216133363 and parameters: {'max_iter': 144, 'learning_rate': 0.009, 'max_depth': 4, 'min_samples_leaf': 3, 'l2_regularization': 0.41027142871022065}. Best is trial 4 with value: 0.38674730785240574.
[D 2025-12-03 15:52:42,488] Sample trial#16 with GPSampler.
[I 2025-12-03 15:52:43,641] Trial 16 finished with value: 0.382373906956054 and parameters: {'max_iter': 200, 'learning_rate': 0.009, 'max_depth': 2, 'min_samples_leaf': 1, 'l2_regularization': 1.0}. Best is trial 4 with value: 0.38674730785240574.
[D 2025-12-03 15:52:43,731] Sample trial#17 with GPSampler.
[I 2025-12-03 15:52:45,398] Trial 17 finished with value: 0.38604388640131 and parameters: {'max_iter': 139, 'learning_rate': 0.009, 'max_depth': 4, 'min_samples_leaf': 12, 'l2_regularization': 0.4279281736154222}. Best is trial 4 with value: 0.38674730785240574.
[D 2025-12-03 15:52:45,489] Sample trial#18 with GPSampler.
[I 2025-12-03 15:52:46,138] Trial 18 finished with value: 0.3819719646033993 and parameters: {'max_iter': 50, 'learning_rate': 0.03762697543789769, 'max_depth': 2, 'min_samples_leaf': 1, 'l2_regularization': 0.9999999999999999}. Best is trial 4 with value: 0.38674730785240574.
[D 2025-12-03 15:52:46,230] Sample trial#19 with GPSampler.
[I 2025-12-03 15:52:48,826] Trial 19 finished with value: 0.3854012853615908 and parameters: {'max_iter': 106, 'learning_rate': 0.009, 'max_depth': 5, 'min_samples_leaf': 1, 'l2_regularization': 0.35483078683939034}. Best is trial 4 with value: 0.38674730785240574.
[D 2025-12-03 15:52:48,918] Sample trial#20 with GPSampler.
[I 2025-12-03 15:52:49,468] Trial 20 finished with value: 0.3855773486910158 and parameters: {'max_iter': 50, 'learning_rate': 0.009, 'max_depth': 2, 'min_samples_leaf': 1, 'l2_regularization': 0.0}. Best is trial 4 with value: 0.38674730785240574.
[D 2025-12-03 15:52:49,558] Sample trial#21 with GPSampler.
[I 2025-12-03 15:52:51,205] Trial 21 finished with value: 0.38508866130817615 and parameters: {'max_iter': 115, 'learning_rate': 0.009, 'max_depth': 4, 'min_samples_leaf': 1, 'l2_regularization': 0.42948669327065203}. Best is trial 4 with value: 0.38674730785240574.
[D 2025-12-03 15:52:51,297] Sample trial#22 with GPSampler.
[I 2025-12-03 15:52:51,859] Trial 22 finished with value: 0.3818796517067239 and parameters: {'max_iter': 50, 'learning_rate': 0.009, 'max_depth': 2, 'min_samples_leaf': 22, 'l2_regularization': 0.0}. Best is trial 4 with value: 0.38674730785240574.
[D 2025-12-03 15:52:51,950] Sample trial#23 with GPSampler.
[I 2025-12-03 15:52:53,381] Trial 23 finished with value: 0.38664575085742614 and parameters: {'max_iter': 200, 'learning_rate': 0.009, 'max_depth': 2, 'min_samples_leaf': 1, 'l2_regularization': 0.0}. Best is trial 4 with value: 0.38674730785240574.
[D 2025-12-03 15:52:53,472] Sample trial#24 with GPSampler.
[I 2025-12-03 15:52:55,289] Trial 24 finished with value: 0.3869875605532596 and parameters: {'max_iter': 200, 'learning_rate': 0.009, 'max_depth': 3, 'min_samples_leaf': 1, 'l2_regularization': 0.0}. Best is trial 24 with value: 0.3869875605532596.
[D 2025-12-03 15:52:55,381] Sample trial#25 with GPSampler.
