[I 2025-12-03 15:54:40,817] Trial 1 finished with value: 0.3763266552209847 and parameters: {'max_iter': 121, 'learning_rate': 0.06130785277208584, 'max_depth': 3, 'min_samples_leaf': 11, 'l2_regularization': 0.5882167408125432}. Best is trial 0 with value: 0.38295723773285945.
[D 2025-12-03 15:54:40,920] Sample trial#2 with GPSampler.
[I 2025-12-03 15:54:42,834] Trial 2 finished with value: 0.38082609960500907 and parameters: {'max_iter': 113, 'learning_rate': 0.018298706842534276, 'max_depth': 5, 'min_samples_leaf': 23, 'l2_regularization': 0.7413887060225524}. Best is trial 0 with value: 0.38295723773285945.
[D 2025-12-03 15:54:42,937] Sample trial#3 with GPSampler.
[I 2025-12-03 15:54:44,420] Trial 3 finished with value: 0.38090589829139876 and parameters: {'max_iter': 83, 'learning_rate': 0.03490280596723752, 'max_depth': 5, 'min_samples_leaf': 16, 'l2_regularization': 0.9056908406457175}. Best is trial 0 with value: 0.38295723773285945.
[D 2025-12-03 15:54:44,519] Sample trial#4 with GPSampler.
[I 2025-12-03 15:54:45,580] Trial 4 finished with value: 0.38228535350172027 and parameters: {'max_iter': 105, 'learning_rate': 0.04182824816666489, 'max_depth': 3, 'min_samples_leaf': 1, 'l2_regularization': 0.7371709727630611}. Best is trial 0 with value: 0.38295723773285945.
[D 2025-12-03 15:54:45,680] Sample trial#5 with GPSampler.
[I 2025-12-03 15:54:47,404] Trial 5 finished with value: 0.37417652151980485 and parameters: {'max_iter': 184, 'learning_rate': 0.061249527173327226, 'max_depth': 3, 'min_samples_leaf': 28, 'l2_regularization': 0.6119307649492647}. Best is trial 0 with value: 0.38295723773285945.
[D 2025-12-03 15:54:47,507] Sample trial#6 with GPSampler.
[I 2025-12-03 15:54:49,601] Trial 6 finished with value: 0.37829940032904724 and parameters: {'max_iter': 107, 'learning_rate': 0.037244371924775824, 'max_depth': 5, 'min_samples_leaf': 14, 'l2_regularization': 0.7789785199725866}. Best is trial 0 with value: 0.38295723773285945.
[D 2025-12-03 15:54:49,698] Sample trial#7 with GPSampler.
[I 2025-12-03 15:54:52,657] Trial 7 finished with value: 0.3787959187787508 and parameters: {'max_iter': 194, 'learning_rate': 0.019887461267376873, 'max_depth': 5, 'min_samples_leaf': 21, 'l2_regularization': 0.3214543806630854}. Best is trial 0 with value: 0.38295723773285945.
[D 2025-12-03 15:54:52,759] Sample trial#8 with GPSampler.
[I 2025-12-03 15:54:53,474] Trial 8 finished with value: 0.3777230900105632 and parameters: {'max_iter': 75, 'learning_rate': 0.07165314322247152, 'max_depth': 3, 'min_samples_leaf': 25, 'l2_regularization': 0.5663182287294273}. Best is trial 0 with value: 0.38295723773285945.
[D 2025-12-03 15:54:53,571] Sample trial#9 with GPSampler.
[I 2025-12-03 15:54:54,345] Trial 9 finished with value: 0.37926414162228844 and parameters: {'max_iter': 79, 'learning_rate': 0.07888203889497739, 'max_depth': 3, 'min_samples_leaf': 18, 'l2_regularization': 0.8887931119645706}. Best is trial 0 with value: 0.38295723773285945.
[D 2025-12-03 15:54:54,448] Sample trial#10 with GPSampler.
[I 2025-12-03 15:54:55,188] Trial 10 finished with value: 0.3807661486182649 and parameters: {'max_iter': 77, 'learning_rate': 0.022396763481722513, 'max_depth': 2, 'min_samples_leaf': 1, 'l2_regularization': 0.7222400158484226}. Best is trial 0 with value: 0.38295723773285945.
[D 2025-12-03 15:54:55,285] Sample trial#11 with GPSampler.
[I 2025-12-03 15:54:56,816] Trial 11 finished with value: 0.37821029504104237 and parameters: {'max_iter': 172, 'learning_rate': 0.04601853737297401, 'max_depth': 3, 'min_samples_leaf': 1, 'l2_regularization': 0.1855350368309866}. Best is trial 0 with value: 0.38295723773285945.
[D 2025-12-03 15:54:56,914] Sample trial#12 with GPSampler.
[I 2025-12-03 15:54:58,050] Trial 12 finished with value: 0.38424082906883494 and parameters: {'max_iter': 50, 'learning_rate': 0.020099001428399585, 'max_depth': 5, 'min_samples_leaf': 14, 'l2_regularization': 1.0}. Best is trial 12 with value: 0.38424082906883494.
[D 2025-12-03 15:54:58,148] Sample trial#13 with GPSampler.
[I 2025-12-03 15:54:59,000] Trial 13 finished with value: 0.3840615596203409 and parameters: {'max_iter': 50, 'learning_rate': 0.026865178296092966, 'max_depth': 4, 'min_samples_leaf': 1, 'l2_regularization': 1.0}. Best is trial 12 with value: 0.38424082906883494.
[D 2025-12-03 15:54:59,098] Sample trial#14 with GPSampler.
[I 2025-12-03 15:54:59,886] Trial 14 finished with value: 0.3848763354754788 and parameters: {'max_iter': 50, 'learning_rate': 0.02363378210449789, 'max_depth': 4, 'min_samples_leaf': 28, 'l2_regularization': 1.0}. Best is trial 14 with value: 0.3848763354754788.
[D 2025-12-03 15:54:59,984] Sample trial#15 with GPSampler.
[I 2025-12-03 15:55:00,802] Trial 15 finished with value: 0.38405702392119373 and parameters: {'max_iter': 50, 'learning_rate': 0.022365618583263164, 'max_depth': 4, 'min_samples_leaf': 30, 'l2_regularization': 0.3102292833497043}. Best is trial 14 with value: 0.3848763354754788.
[D 2025-12-03 15:55:00,899] Sample trial#16 with GPSampler.
[I 2025-12-03 15:55:01,836] Trial 16 finished with value: 0.3794678519071949 and parameters: {'max_iter': 50, 'learning_rate': 0.009, 'max_depth': 4, 'min_samples_leaf': 30, 'l2_regularization': 1.0}. Best is trial 14 with value: 0.3848763354754788.
[D 2025-12-03 15:55:01,934] Sample trial#17 with GPSampler.
[I 2025-12-03 15:55:02,578] Trial 17 finished with value: 0.3820816103056428 and parameters: {'max_iter': 50, 'learning_rate': 0.033778362618210586, 'max_depth': 3, 'min_samples_leaf': 30, 'l2_regularization': 0.9999999999999999}. Best is trial 14 with value: 0.3848763354754788.
[D 2025-12-03 15:55:02,675] Sample trial#18 with GPSampler.
[I 2025-12-03 15:55:03,660] Trial 18 finished with value: 0.3809112360145629 and parameters: {'max_iter': 50, 'learning_rate': 0.025446422599873113, 'max_depth': 5, 'min_samples_leaf': 30, 'l2_regularization': 1.0}. Best is trial 14 with value: 0.3848763354754788.
[D 2025-12-03 15:55:03,757] Sample trial#19 with GPSampler.
[I 2025-12-03 15:55:04,810] Trial 19 finished with value: 0.3840609819790035 and parameters: {'max_iter': 50, 'learning_rate': 0.02552652187837711, 'max_depth': 4, 'min_samples_leaf': 18, 'l2_regularization': 0.8649668296725216}. Best is trial 14 with value: 0.3848763354754788.
[D 2025-12-03 15:55:04,912] Sample trial#20 with GPSampler.
[I 2025-12-03 15:55:06,443] Trial 20 finished with value: 0.38909819141987956 and parameters: {'max_iter': 50, 'learning_rate': 0.019511270274716986, 'max_depth': 5, 'min_samples_leaf': 1, 'l2_regularization': 0.0}. Best is trial 20 with value: 0.38909819141987956.
[D 2025-12-03 15:55:06,543] Sample trial#21 with GPSampler.
[I 2025-12-03 15:55:07,892] Trial 21 finished with value: 0.3882149488465778 and parameters: {'max_iter': 50, 'learning_rate': 0.012732553896831528, 'max_depth': 5, 'min_samples_leaf': 1, 'l2_regularization': 0.0}. Best is trial 20 with value: 0.38909819141987956.
[D 2025-12-03 15:55:07,993] Sample trial#22 with GPSampler.
[I 2025-12-03 15:55:09,247] Trial 22 finished with value: 0.3888596286865854 and parameters: {'max_iter': 50, 'learning_rate': 0.021073782037147396, 'max_depth': 5, 'min_samples_leaf': 1, 'l2_regularization': 0.0}. Best is trial 20 with value: 0.38909819141987956.
[D 2025-12-03 15:55:09,348] Sample trial#23 with GPSampler.
[I 2025-12-03 15:55:11,298] Trial 23 finished with value: 0.39057502206537775 and parameters: {'max_iter': 75, 'learning_rate': 0.017745466613183738, 'max_depth': 5, 'min_samples_leaf': 1, 'l2_regularization': 0.0}. Best is trial 23 with value: 0.39057502206537775.
[D 2025-12-03 15:55:11,395] Sample trial#24 with GPSampler.
[I 2025-12-03 15:55:13,786] Trial 24 finished with value: 0.38944642123969186 and parameters: {'max_iter': 97, 'learning_rate': 0.015425338440539688, 'max_depth': 5, 'min_samples_leaf': 1, 'l2_regularization': 0.0}. Best is trial 23 with value: 0.39057502206537775.
[D 2025-12-03 15:55:13,884] Sample trial#25 with GPSampler.
[I 2025-12-03 15:55:15,256] Trial 25 finished with value: 0.3733139394187729 and parameters: {'max_iter': 50, 'learning_rate': 0.1, 'max_depth': 5, 'min_samples_leaf': 1, 'l2_regularization': 0.0}. Best is trial 23 with value: 0.39057502206537775.
[D 2025-12-03 15:55:15,353] Sample trial#26 with GPSampler.
[I 2025-12-03 15:55:17,188] Trial 26 finished with value: 0.38813594107070526 and parameters: {'max_iter': 80, 'learning_rate': 0.019996581707626818, 'max_depth': 5, 'min_samples_leaf': 1, 'l2_regularization': 0.0}. Best is trial 23 with value: 0.39057502206537775.
[D 2025-12-03 15:55:17,287] Sample trial#27 with GPSampler.
[I 2025-12-03 15:55:18,810] Trial 27 finished with value: 0.3909400542388808 and parameters: {'max_iter': 81, 'learning_rate': 0.01469197577657252, 'max_depth': 4, 'min_samples_leaf': 1, 'l2_regularization': 0.0}. Best is trial 27 with value: 0.3909400542388808.
[D 2025-12-03 15:55:18,907] Sample trial#28 with GPSampler.
[I 2025-12-03 15:55:20,505] Trial 28 finished with value: 0.3914982297700103 and parameters: {'max_iter': 94, 'learning_rate': 0.009, 'max_depth': 4, 'min_samples_leaf': 1, 'l2_regularization': 0.0}. Best is trial 28 with value: 0.3914982297700103.
[D 2025-12-03 15:55:20,605] Sample trial#29 with GPSampler.
[I 2025-12-03 15:55:22,398] Trial 29 finished with value: 0.39188923154036 and parameters: {'max_iter': 107, 'learning_rate': 0.009, 'max_depth': 4, 'min_samples_leaf': 1, 'l2_regularization': 0.0}. Best is trial 29 with value: 0.39188923154036.
Saved Optuna plots to results/20251203_150217_ana_optimized_multiclass_less/xgboost/optuna_plots
Fold 3
Importâncias dos parâmetros para fold 3: {'max_depth': np.float64(0.5134337683329357), 'learning_rate': np.float64(0.2183594058329425), 'min_child_weight': np.float64(0.09748413705433422), 'n_estimators': np.float64(0.07853993307142679), 'gamma': np.float64(0.03654860533195868), 'subsample': np.float64(0.021751650464122446), 'reg_alpha': np.float64(0.02092504095695409), 'colsample_bytree': np.float64(0.007549722685891175), 'reg_lambda': np.float64(0.005407736269434486)}
Saved Optuna plots to results/20251203_150217_ana_optimized_multiclass_less/xgboost/optuna_plots
Fold 4
Importâncias dos parâmetros para fold 4: {'gamma': np.float64(0.42550735828868347), 'learning_rate': np.float64(0.15763164340825045), 'reg_lambda': np.float64(0.12972456504085086), 'subsample': np.float64(0.07751131875395248), 'reg_alpha': np.float64(0.07137780010679085), 'n_estimators': np.float64(0.06805919199522985), 'min_child_weight': np.float64(0.031106804106511263), 'colsample_bytree': np.float64(0.023379750949069644), 'max_depth': np.float64(0.015701567350661288)}
Saved Optuna plots to results/20251203_150217_ana_optimized_multiclass_less/xgboost/optuna_plots
Fold 5
Importâncias dos parâmetros para fold 5: {'reg_alpha': np.float64(0.2140790227775551), 'gamma': np.float64(0.20126130249435925), 'max_depth': np.float64(0.1458836449030883), 'subsample': np.float64(0.11218429597799556), 'colsample_bytree': np.float64(0.090214714363636), 'reg_lambda': np.float64(0.0899047609232742), 'learning_rate': np.float64(0.06890269720754094), 'n_estimators': np.float64(0.060090990986093946), 'min_child_weight': np.float64(0.017478570366456714)}
Saved Optuna plots to results/20251203_150217_ana_optimized_multiclass_less/xgboost/optuna_plots

Nested CV completed. The 20% holdout set (3536 samples) remains untouched.
This holdout set can be used for final unbiased evaluation.

Training and evaluating 5 best parameter sets on holdout data...
Testing with 4 balancing strategies: none, randomundersampler, smoteenn, tomeklinks

Evaluating fold 1 best params on holdout set...
  - Testing with balance strategy: none
  - Testing with balance strategy: randomundersampler
  - Testing with balance strategy: smoteenn
  - Testing with balance strategy: tomeklinks

Evaluating fold 2 best params on holdout set...
  - Testing with balance strategy: none
  - Testing with balance strategy: randomundersampler
  - Testing with balance strategy: smoteenn
  - Testing with balance strategy: tomeklinks

Evaluating fold 3 best params on holdout set...
  - Testing with balance strategy: none
  - Testing with balance strategy: randomundersampler
  - Testing with balance strategy: smoteenn
  - Testing with balance strategy: tomeklinks

Evaluating fold 4 best params on holdout set...
  - Testing with balance strategy: none
  - Testing with balance strategy: randomundersampler
  - Testing with balance strategy: smoteenn
  - Testing with balance strategy: tomeklinks

Evaluating fold 5 best params on holdout set...
  - Testing with balance strategy: none
  - Testing with balance strategy: randomundersampler
  - Testing with balance strategy: smoteenn
  - Testing with balance strategy: tomeklinks
Saving optimization and holdout results...
Detailed results by fold saved to: ./results/20251203_150217_ana_optimized_multiclass_less/xgboost/detailed_results_by_fold.txt
Test predictions for all folds saved to: ./results/20251203_150217_ana_optimized_multiclass_less/xgboost/metrics.json
Saving holdout results...
Holdout evaluation results saved to: ./results/20251203_150217_ana_optimized_multiclass_less/xgboost/holdout_results.txt
Saved!
[OK] XGBoost executado com sucesso!

CONFIGURAÇÃO DO EXPERIMENTO (OTIMIZAÇÃO):
  Modelo: Histogram Gradient Boosting
  Trials: 30
  Tipo: multiclass
  Parâmetros: Reduzido
  Balanceamento: none
================================================================================
EXECUTANDO MODELO: Histogram Gradient Boosting
================================================================================

Starting Nested Cross-Validation for histogram_gradient_boosting...
Configuration: 5 outer folds, 30 trials per fold
Performing 80/20 holdout split...
Holdout split completed:
  - Training set: 14140 samples (80%)
  - Holdout test set: 3536 samples (20%)
Fold 1
Importâncias dos parâmetros para fold 1: {'learning_rate': np.float64(0.4923215718572273), 'max_depth': np.float64(0.22702573678604088), 'min_samples_leaf': np.float64(0.14168325859845776), 'l2_regularization': np.float64(0.10145459409456013), 'max_iter': np.float64(0.03751483866371411)}
Saved Optuna plots to results/20251203_150217_ana_optimized_multiclass_less/histogram_gradient_boosting/optuna_plots
Fold 2
Importâncias dos parâmetros para fold 2: {'learning_rate': np.float64(0.7419766693944784), 'max_depth': np.float64(0.11261310921433428), 'l2_regularization': np.float64(0.09332981219961002), 'min_samples_leaf': np.float64(0.03531659974766103), 'max_iter': np.float64(0.0167638094439162)}
Saved Optuna plots to results/20251203_150217_ana_optimized_multiclass_less/histogram_gradient_boosting/optuna_plots
Fold 3
Importâncias dos parâmetros para fold 3: {'learning_rate': np.float64(0.5251612149198859), 'max_depth': np.float64(0.3744613173518343), 'max_iter': np.float64(0.0488228088173012), 'min_samples_leaf': np.float64(0.03735891731217763), 'l2_regularization': np.float64(0.014195741598801036)}
Saved Optuna plots to results/20251203_150217_ana_optimized_multiclass_less/histogram_gradient_boosting/optuna_plots
Fold 4
Importâncias dos parâmetros para fold 4: {'l2_regularization': np.float64(0.4700685968698878), 'min_samples_leaf': np.float64(0.2486903757491969), 'learning_rate': np.float64(0.16828707637623022), 'max_depth': np.float64(0.09209696371195465), 'max_iter': np.float64(0.020856987292730472)}
Saved Optuna plots to results/20251203_150217_ana_optimized_multiclass_less/histogram_gradient_boosting/optuna_plots
Fold 5
Importâncias dos parâmetros para fold 5: {'learning_rate': np.float64(0.5584054993860049), 'l2_regularization': np.float64(0.34230149788640357), 'max_iter': np.float64(0.060397001336617843), 'min_samples_leaf': np.float64(0.022508084754276136), 'max_depth': np.float64(0.01638791663669754)}
Saved Optuna plots to results/20251203_150217_ana_optimized_multiclass_less/histogram_gradient_boosting/optuna_plots

Nested CV completed. The 20% holdout set (3536 samples) remains untouched.
This holdout set can be used for final unbiased evaluation.

Training and evaluating 5 best parameter sets on holdout data...
Testing with 4 balancing strategies: none, randomundersampler, smoteenn, tomeklinks

Evaluating fold 1 best params on holdout set...
  - Testing with balance strategy: none
  - Testing with balance strategy: randomundersampler
  - Testing with balance strategy: smoteenn
  - Testing with balance strategy: tomeklinks

Evaluating fold 2 best params on holdout set...
  - Testing with balance strategy: none
  - Testing with balance strategy: randomundersampler
  - Testing with balance strategy: smoteenn
  - Testing with balance strategy: tomeklinks

Evaluating fold 3 best params on holdout set...
  - Testing with balance strategy: none
  - Testing with balance strategy: randomundersampler
  - Testing with balance strategy: smoteenn
  - Testing with balance strategy: tomeklinks

Evaluating fold 4 best params on holdout set...
  - Testing with balance strategy: none
  - Testing with balance strategy: randomundersampler
  - Testing with balance strategy: smoteenn
  - Testing with balance strategy: tomeklinks

Evaluating fold 5 best params on holdout set...
  - Testing with balance strategy: none
  - Testing with balance strategy: randomundersampler
  - Testing with balance strategy: smoteenn
  - Testing with balance strategy: tomeklinks
Saving optimization and holdout results...
Detailed results by fold saved to: ./results/20251203_150217_ana_optimized_multiclass_less/histogram_gradient_boosting/detailed_results_by_fold.txt
Test predictions for all folds saved to: ./results/20251203_150217_ana_optimized_multiclass_less/histogram_gradient_boosting/metrics.json
Saving holdout results...
Holdout evaluation results saved to: ./results/20251203_150217_ana_optimized_multiclass_less/histogram_gradient_boosting/holdout_results.txt
Saved!
[OK] Histogram Gradient Boosting executado com sucesso!

EXPERIMENTO CONCLUÍDO!
