[I 2025-12-03 15:02:17,931] A new study created in memory with name: catboost_fold_1
[D 2025-12-03 15:02:17,931] Sample trial#0 with RandomSampler.
[I 2025-12-03 15:02:21,710] Trial 0 finished with value: 0.386536737913051 and parameters: {'iterations': 500, 'learning_rate': 0.009211733678925593, 'depth': 4, 'l2_leaf_reg': 2.147110727845194, 'border_count': 231, 'bagging_temperature': 0.5636294097629309, 'random_strength': 0.16330579903086362}. Best is trial 0 with value: 0.386536737913051.
[D 2025-12-03 15:02:21,760] Sample trial#1 with GPSampler.
[I 2025-12-03 15:02:22,722] Trial 1 finished with value: 0.37626673274182243 and parameters: {'iterations': 100, 'learning_rate': 0.012012149225331403, 'depth': 2, 'l2_leaf_reg': 7.275574211719059, 'border_count': 234, 'bagging_temperature': 0.6274419192389686, 'random_strength': 0.8406935723116596}. Best is trial 0 with value: 0.386536737913051.
[D 2025-12-03 15:02:22,774] Sample trial#2 with GPSampler.
[I 2025-12-03 15:02:26,364] Trial 2 finished with value: 0.38503534392885136 and parameters: {'iterations': 800, 'learning_rate': 0.01634941542493986, 'depth': 2, 'l2_leaf_reg': 6.072199993289827, 'border_count': 253, 'bagging_temperature': 0.9925074635782677, 'random_strength': 0.4483623055008289}. Best is trial 0 with value: 0.386536737913051.
[D 2025-12-03 15:02:26,415] Sample trial#3 with GPSampler.
[I 2025-12-03 15:02:30,345] Trial 3 finished with value: 0.3853382832343095 and parameters: {'iterations': 600, 'learning_rate': 0.006264400798745676, 'depth': 4, 'l2_leaf_reg': 7.136408662614745, 'border_count': 169, 'bagging_temperature': 0.9128005580997385, 'random_strength': 0.5925091176169572}. Best is trial 0 with value: 0.386536737913051.
[D 2025-12-03 15:02:30,396] Sample trial#4 with GPSampler.
[I 2025-12-03 15:02:32,057] Trial 4 finished with value: 0.3830610484784585 and parameters: {'iterations': 300, 'learning_rate': 0.010519711446657056, 'depth': 2, 'l2_leaf_reg': 9.952109464153796, 'border_count': 166, 'bagging_temperature': 0.5551742616053076, 'random_strength': 0.8728323183455856}. Best is trial 0 with value: 0.386536737913051.
[D 2025-12-03 15:02:32,108] Sample trial#5 with GPSampler.
[I 2025-12-03 15:02:35,298] Trial 5 finished with value: 0.3859309218395962 and parameters: {'iterations': 700, 'learning_rate': 0.01599554604001007, 'depth': 2, 'l2_leaf_reg': 8.266410013267134, 'border_count': 229, 'bagging_temperature': 0.2270007808502461, 'random_strength': 0.15192831479721158}. Best is trial 0 with value: 0.386536737913051.
[D 2025-12-03 15:02:35,356] Sample trial#6 with GPSampler.
[I 2025-12-03 15:02:38,564] Trial 6 finished with value: 0.3874318401505798 and parameters: {'iterations': 700, 'learning_rate': 0.008941436476909571, 'depth': 2, 'l2_leaf_reg': 6.841684506807444, 'border_count': 230, 'bagging_temperature': 0.8523951939987204, 'random_strength': 0.9311235624728906}. Best is trial 6 with value: 0.3874318401505798.
[D 2025-12-03 15:02:38,613] Sample trial#7 with GPSampler.
[I 2025-12-03 15:02:43,706] Trial 7 finished with value: 0.38733692932128533 and parameters: {'iterations': 700, 'learning_rate': 0.008361438446728873, 'depth': 4, 'l2_leaf_reg': 5.087193365915094, 'border_count': 244, 'bagging_temperature': 0.7323253974332538, 'random_strength': 0.3861732414646458}. Best is trial 6 with value: 0.3874318401505798.
[D 2025-12-03 15:02:43,757] Sample trial#8 with GPSampler.
[I 2025-12-03 15:02:45,221] Trial 8 finished with value: 0.386532349866926 and parameters: {'iterations': 200, 'learning_rate': 0.019444569831444884, 'depth': 3, 'l2_leaf_reg': 9.190121529802019, 'border_count': 189, 'bagging_temperature': 0.08401981059268293, 'random_strength': 0.2627408690200279}. Best is trial 6 with value: 0.3874318401505798.
[D 2025-12-03 15:02:45,273] Sample trial#9 with GPSampler.
[I 2025-12-03 15:02:47,708] Trial 9 finished with value: 0.37559124888974615 and parameters: {'iterations': 500, 'learning_rate': 0.0022101474995439912, 'depth': 2, 'l2_leaf_reg': 6.897424914534327, 'border_count': 171, 'bagging_temperature': 0.3403039986761387, 'random_strength': 0.9698521891516513}. Best is trial 6 with value: 0.3874318401505798.
[D 2025-12-03 15:02:47,759] Sample trial#10 with GPSampler.
[I 2025-12-03 15:02:53,181] Trial 10 finished with value: 0.38589310868987636 and parameters: {'iterations': 800, 'learning_rate': 0.011950652099537235, 'depth': 4, 'l2_leaf_reg': 4.794788706982356, 'border_count': 195, 'bagging_temperature': 0.8986101141857651, 'random_strength': 0.6043022275289879}. Best is trial 6 with value: 0.3874318401505798.
[D 2025-12-03 15:02:53,232] Sample trial#11 with GPSampler.
[I 2025-12-03 15:02:57,274] Trial 11 finished with value: 0.3861127392942693 and parameters: {'iterations': 900, 'learning_rate': 0.006291354562182774, 'depth': 2, 'l2_leaf_reg': 7.964533144778403, 'border_count': 255, 'bagging_temperature': 1.0, 'random_strength': 0.796755668326987}. Best is trial 6 with value: 0.3874318401505798.
[D 2025-12-03 15:02:57,326] Sample trial#12 with GPSampler.
[I 2025-12-03 15:03:00,558] Trial 12 finished with value: 0.38776344002451957 and parameters: {'iterations': 500, 'learning_rate': 0.02, 'depth': 4, 'l2_leaf_reg': 10.0, 'border_count': 150, 'bagging_temperature': 0.26749437843734303, 'random_strength': 0.0}. Best is trial 12 with value: 0.38776344002451957.
[D 2025-12-03 15:03:00,609] Sample trial#13 with GPSampler.
[I 2025-12-03 15:03:03,813] Trial 13 finished with value: 0.3858759179591256 and parameters: {'iterations': 500, 'learning_rate': 0.02, 'depth': 4, 'l2_leaf_reg': 2.4322123868439824, 'border_count': 150, 'bagging_temperature': 0.0, 'random_strength': 0.0}. Best is trial 12 with value: 0.38776344002451957.
[D 2025-12-03 15:03:03,864] Sample trial#14 with GPSampler.
[I 2025-12-03 15:03:07,015] Trial 14 finished with value: 0.38734175407465926 and parameters: {'iterations': 700, 'learning_rate': 0.009602559115829329, 'depth': 2, 'l2_leaf_reg': 10.0, 'border_count': 182, 'bagging_temperature': 1.0, 'random_strength': 0.0}. Best is trial 12 with value: 0.38776344002451957.
[D 2025-12-03 15:03:07,066] Sample trial#15 with GPSampler.
[I 2025-12-03 15:03:09,805] Trial 15 finished with value: 0.38394090224883004 and parameters: {'iterations': 600, 'learning_rate': 0.02, 'depth': 2, 'l2_leaf_reg': 10.0, 'border_count': 150, 'bagging_temperature': 0.0, 'random_strength': 1.0}. Best is trial 12 with value: 0.38776344002451957.
[D 2025-12-03 15:03:09,858] Sample trial#16 with GPSampler.
[I 2025-12-03 15:03:12,097] Trial 16 finished with value: 0.38929206500423164 and parameters: {'iterations': 300, 'learning_rate': 0.02, 'depth': 4, 'l2_leaf_reg': 10.0, 'border_count': 150, 'bagging_temperature': 1.0, 'random_strength': 0.0}. Best is trial 16 with value: 0.38929206500423164.
[D 2025-12-03 15:03:12,148] Sample trial#17 with GPSampler.
[I 2025-12-03 15:03:15,285] Trial 17 finished with value: 0.38913640403334426 and parameters: {'iterations': 400, 'learning_rate': 0.02, 'depth': 4, 'l2_leaf_reg': 10.0, 'border_count': 238, 'bagging_temperature': 1.0, 'random_strength': 0.0}. Best is trial 16 with value: 0.38929206500423164.
[D 2025-12-03 15:03:15,335] Sample trial#18 with GPSampler.
[I 2025-12-03 15:03:17,383] Trial 18 finished with value: 0.38833029516917034 and parameters: {'iterations': 400, 'learning_rate': 0.02, 'depth': 2, 'l2_leaf_reg': 10.0, 'border_count': 166, 'bagging_temperature': 1.0, 'random_strength': 0.0}. Best is trial 16 with value: 0.38929206500423164.
[D 2025-12-03 15:03:17,435] Sample trial#19 with GPSampler.
[I 2025-12-03 15:03:21,617] Trial 19 finished with value: 0.38806128607210766 and parameters: {'iterations': 1000, 'learning_rate': 0.009111463832049145, 'depth': 2, 'l2_leaf_reg': 1.0, 'border_count': 150, 'bagging_temperature': 0.0, 'random_strength': 0.0}. Best is trial 16 with value: 0.38929206500423164.
[D 2025-12-03 15:03:21,666] Sample trial#20 with GPSampler.
[I 2025-12-03 15:03:27,631] Trial 20 finished with value: 0.3852451837312866 and parameters: {'iterations': 1000, 'learning_rate': 0.009274826187962746, 'depth': 4, 'l2_leaf_reg': 10.0, 'border_count': 150, 'bagging_temperature': 0.0, 'random_strength': 1.0}. Best is trial 16 with value: 0.38929206500423164.
[D 2025-12-03 15:03:27,682] Sample trial#21 with GPSampler.
[I 2025-12-03 15:03:28,956] Trial 21 finished with value: 0.388536926351674 and parameters: {'iterations': 100, 'learning_rate': 0.02, 'depth': 4, 'l2_leaf_reg': 10.0, 'border_count': 255, 'bagging_temperature': 1.0, 'random_strength': 0.0}. Best is trial 16 with value: 0.38929206500423164.
[D 2025-12-03 15:03:29,008] Sample trial#22 with GPSampler.
[I 2025-12-03 15:03:33,409] Trial 22 finished with value: 0.3864456250017826 and parameters: {'iterations': 1000, 'learning_rate': 0.009180390498956966, 'depth': 2, 'l2_leaf_reg': 1.0, 'border_count': 255, 'bagging_temperature': 1.0, 'random_strength': 0.0}. Best is trial 16 with value: 0.38929206500423164.
[D 2025-12-03 15:03:33,460] Sample trial#23 with GPSampler.
[I 2025-12-03 15:03:40,611] Trial 23 finished with value: 0.3869742581825961 and parameters: {'iterations': 1000, 'learning_rate': 0.02, 'depth': 4, 'l2_leaf_reg': 10.0, 'border_count': 255, 'bagging_temperature': 1.0, 'random_strength': 0.0}. Best is trial 16 with value: 0.38929206500423164.
[D 2025-12-03 15:03:40,663] Sample trial#24 with GPSampler.
[I 2025-12-03 15:03:44,830] Trial 24 finished with value: 0.38624556595060533 and parameters: {'iterations': 1000, 'learning_rate': 0.013018439800077927, 'depth': 2, 'l2_leaf_reg': 1.0, 'border_count': 150, 'bagging_temperature': 0.0, 'random_strength': 0.0}. Best is trial 16 with value: 0.38929206500423164.
[D 2025-12-03 15:03:44,880] Sample trial#25 with GPSampler.
[I 2025-12-03 15:03:48,359] Trial 25 finished with value: 0.38732336811762785 and parameters: {'iterations': 800, 'learning_rate': 0.008632962798611012, 'depth': 2, 'l2_leaf_reg': 1.0, 'border_count': 150, 'bagging_temperature': 0.9999999999999999, 'random_strength': 0.5443859055831273}. Best is trial 16 with value: 0.38929206500423164.
[D 2025-12-03 15:03:48,410] Sample trial#26 with GPSampler.
[I 2025-12-03 15:03:51,551] Trial 26 finished with value: 0.38703727629243206 and parameters: {'iterations': 700, 'learning_rate': 0.00877509231003286, 'depth': 2, 'l2_leaf_reg': 4.593843016101012, 'border_count': 150, 'bagging_temperature': 0.0, 'random_strength': 0.0}. Best is trial 16 with value: 0.38929206500423164.
[D 2025-12-03 15:03:51,602] Sample trial#27 with GPSampler.
[I 2025-12-03 15:03:52,752] Trial 27 finished with value: 0.3875846188149254 and parameters: {'iterations': 100, 'learning_rate': 0.02, 'depth': 4, 'l2_leaf_reg': 10.0, 'border_count': 150, 'bagging_temperature': 0.9999999999999999, 'random_strength': 0.0}. Best is trial 16 with value: 0.38929206500423164.
[D 2025-12-03 15:03:52,804] Sample trial#28 with GPSampler.
[I 2025-12-03 15:03:55,268] Trial 28 finished with value: 0.38904196161853455 and parameters: {'iterations': 300, 'learning_rate': 0.02, 'depth': 4, 'l2_leaf_reg': 10.0, 'border_count': 227, 'bagging_temperature': 1.0, 'random_strength': 0.0}. Best is trial 16 with value: 0.38929206500423164.
[D 2025-12-03 15:03:55,319] Sample trial#29 with GPSampler.
[I 2025-12-03 15:03:58,608] Trial 29 finished with value: 0.38897051011624634 and parameters: {'iterations': 500, 'learning_rate': 0.018815665061595623, 'depth': 4, 'l2_leaf_reg': 10.0, 'border_count': 150, 'bagging_temperature': 1.0, 'random_strength': 0.0}. Best is trial 16 with value: 0.38929206500423164.
[I 2025-12-03 15:04:00,111] A new study created in memory with name: catboost_fold_2
[D 2025-12-03 15:04:00,111] Sample trial#0 with RandomSampler.
[I 2025-12-03 15:04:04,026] Trial 0 finished with value: 0.38392481689502445 and parameters: {'iterations': 900, 'learning_rate': 0.007617569094307438, 'depth': 2, 'l2_leaf_reg': 8.627937585375001, 'border_count': 229, 'bagging_temperature': 0.8414071114318162, 'random_strength': 0.030803737703133938}. Best is trial 0 with value: 0.38392481689502445.
[D 2025-12-03 15:04:04,093] Sample trial#1 with GPSampler.
[I 2025-12-03 15:04:08,227] Trial 1 finished with value: 0.3861662258688787 and parameters: {'iterations': 800, 'learning_rate': 0.006600582797609491, 'depth': 3, 'l2_leaf_reg': 4.091377821443542, 'border_count': 181, 'bagging_temperature': 0.6372645982214881, 'random_strength': 0.568693645743088}. Best is trial 1 with value: 0.3861662258688787.
[D 2025-12-03 15:04:08,296] Sample trial#2 with GPSampler.
[I 2025-12-03 15:04:13,569] Trial 2 finished with value: 0.38753586780552995 and parameters: {'iterations': 1000, 'learning_rate': 0.011004843446265414, 'depth': 3, 'l2_leaf_reg': 7.4451433318269835, 'border_count': 253, 'bagging_temperature': 0.692114731398435, 'random_strength': 0.5557584520497898}. Best is trial 2 with value: 0.38753586780552995.
[D 2025-12-03 15:04:13,638] Sample trial#3 with GPSampler.
[I 2025-12-03 15:04:14,587] Trial 3 finished with value: 0.38122923831861744 and parameters: {'iterations': 100, 'learning_rate': 0.007091401333297009, 'depth': 2, 'l2_leaf_reg': 3.519048008144972, 'border_count': 218, 'bagging_temperature': 0.9908694753878878, 'random_strength': 0.07563552731429546}. Best is trial 2 with value: 0.38753586780552995.
[D 2025-12-03 15:04:14,654] Sample trial#4 with GPSampler.
[I 2025-12-03 15:04:15,712] Trial 4 finished with value: 0.3717911527461048 and parameters: {'iterations': 100, 'learning_rate': 0.010770743296316356, 'depth': 3, 'l2_leaf_reg': 9.228685390307124, 'border_count': 237, 'bagging_temperature': 0.3401941649166159, 'random_strength': 0.9093553393416886}. Best is trial 2 with value: 0.38753586780552995.
[D 2025-12-03 15:04:15,779] Sample trial#5 with GPSampler.
[I 2025-12-03 15:04:21,510] Trial 5 finished with value: 0.3892352751825278 and parameters: {'iterations': 900, 'learning_rate': 0.007109785567648656, 'depth': 4, 'l2_leaf_reg': 5.864610452853827, 'border_count': 188, 'bagging_temperature': 0.9532360656244918, 'random_strength': 0.37345059413240156}. Best is trial 5 with value: 0.3892352751825278.
[D 2025-12-03 15:04:21,578] Sample trial#6 with GPSampler.
[I 2025-12-03 15:04:23,914] Trial 6 finished with value: 0.3871023454365161 and parameters: {'iterations': 300, 'learning_rate': 0.016924955783348083, 'depth': 4, 'l2_leaf_reg': 6.917901852035083, 'border_count': 198, 'bagging_temperature': 0.8695323336534314, 'random_strength': 0.4119715511379559}. Best is trial 5 with value: 0.3892352751825278.
[D 2025-12-03 15:04:23,982] Sample trial#7 with GPSampler.
[I 2025-12-03 15:04:26,761] Trial 7 finished with value: 0.3844294988675011 and parameters: {'iterations': 600, 'learning_rate': 0.01442058052487365, 'depth': 2, 'l2_leaf_reg': 5.403795242118504, 'border_count': 197, 'bagging_temperature': 0.7413080363011516, 'random_strength': 0.8006511992952609}. Best is trial 5 with value: 0.3892352751825278.
[D 2025-12-03 15:04:26,828] Sample trial#8 with GPSampler.
[I 2025-12-03 15:04:29,230] Trial 8 finished with value: 0.37011716496056135 and parameters: {'iterations': 300, 'learning_rate': 0.002089600118959154, 'depth': 4, 'l2_leaf_reg': 7.830178247612311, 'border_count': 205, 'bagging_temperature': 0.7138362658564932, 'random_strength': 0.5089205005063647}. Best is trial 5 with value: 0.3892352751825278.
[D 2025-12-03 15:04:29,298] Sample trial#9 with GPSampler.
[I 2025-12-03 15:04:30,627] Trial 9 finished with value: 0.3788316973976037 and parameters: {'iterations': 200, 'learning_rate': 0.007634515329074496, 'depth': 2, 'l2_leaf_reg': 7.337951433546535, 'border_count': 237, 'bagging_temperature': 0.8821989442831885, 'random_strength': 0.3862390091686051}. Best is trial 5 with value: 0.3892352751825278.
[D 2025-12-03 15:04:30,694] Sample trial#10 with GPSampler.
[I 2025-12-03 15:04:36,907] Trial 10 finished with value: 0.39376293000690543 and parameters: {'iterations': 1000, 'learning_rate': 0.01305819745096292, 'depth': 4, 'l2_leaf_reg': 2.3637335647386104, 'border_count': 174, 'bagging_temperature': 1.0, 'random_strength': 0.395673066754605}. Best is trial 10 with value: 0.39376293000690543.
[D 2025-12-03 15:04:36,975] Sample trial#11 with GPSampler.
[I 2025-12-03 15:04:42,418] Trial 11 finished with value: 0.3974846406700151 and parameters: {'iterations': 900, 'learning_rate': 0.02, 'depth': 4, 'l2_leaf_reg': 2.711096698378606, 'border_count': 150, 'bagging_temperature': 1.0, 'random_strength': 0.0}. Best is trial 11 with value: 0.3974846406700151.
[D 2025-12-03 15:04:42,485] Sample trial#12 with GPSampler.
[I 2025-12-03 15:04:48,507] Trial 12 finished with value: 0.3965913656178608 and parameters: {'iterations': 1000, 'learning_rate': 0.02, 'depth': 4, 'l2_leaf_reg': 1.0, 'border_count': 150, 'bagging_temperature': 0.5103309175025267, 'random_strength': 0.0}. Best is trial 11 with value: 0.3974846406700151.
[D 2025-12-03 15:04:48,575] Sample trial#13 with GPSampler.
[I 2025-12-03 15:04:54,513] Trial 13 finished with value: 0.39375095776912244 and parameters: {'iterations': 1000, 'learning_rate': 0.02, 'depth': 4, 'l2_leaf_reg': 9.022524155207151, 'border_count': 150, 'bagging_temperature': 0.9166889008573015, 'random_strength': 0.0}. Best is trial 11 with value: 0.3974846406700151.
[D 2025-12-03 15:04:54,582] Sample trial#14 with GPSampler.
[I 2025-12-03 15:04:59,981] Trial 14 finished with value: 0.3974547288739667 and parameters: {'iterations': 800, 'learning_rate': 0.02, 'depth': 4, 'l2_leaf_reg': 1.0, 'border_count': 213, 'bagging_temperature': 1.0, 'random_strength': 0.0}. Best is trial 11 with value: 0.3974846406700151.
[D 2025-12-03 15:05:00,048] Sample trial#15 with GPSampler.
[I 2025-12-03 15:05:04,439] Trial 15 finished with value: 0.3970454218493936 and parameters: {'iterations': 700, 'learning_rate': 0.02, 'depth': 4, 'l2_leaf_reg': 1.0, 'border_count': 150, 'bagging_temperature': 1.0, 'random_strength': 0.0}. Best is trial 11 with value: 0.3974846406700151.
[D 2025-12-03 15:05:04,506] Sample trial#16 with GPSampler.
[I 2025-12-03 15:05:10,699] Trial 16 finished with value: 0.39813087282228005 and parameters: {'iterations': 1000, 'learning_rate': 0.02, 'depth': 4, 'l2_leaf_reg': 1.0, 'border_count': 173, 'bagging_temperature': 1.0, 'random_strength': 0.0}. Best is trial 16 with value: 0.39813087282228005.
[D 2025-12-03 15:05:10,768] Sample trial#17 with GPSampler.
[I 2025-12-03 15:05:15,718] Trial 17 finished with value: 0.39589864222654525 and parameters: {'iterations': 1000, 'learning_rate': 0.02, 'depth': 3, 'l2_leaf_reg': 1.0, 'border_count': 150, 'bagging_temperature': 1.0, 'random_strength': 0.0}. Best is trial 16 with value: 0.39813087282228005.
[D 2025-12-03 15:05:15,788] Sample trial#18 with GPSampler.
[I 2025-12-03 15:05:21,884] Trial 18 finished with value: 0.39598991026310426 and parameters: {'iterations': 1000, 'learning_rate': 0.02, 'depth': 4, 'l2_leaf_reg': 1.0, 'border_count': 150, 'bagging_temperature': 1.0, 'random_strength': 1.0}. Best is trial 16 with value: 0.39813087282228005.
[D 2025-12-03 15:05:21,956] Sample trial#19 with GPSampler.
[I 2025-12-03 15:05:29,296] Trial 19 finished with value: 0.3995239246326078 and parameters: {'iterations': 1000, 'learning_rate': 0.02, 'depth': 4, 'l2_leaf_reg': 1.0, 'border_count': 255, 'bagging_temperature': 1.0, 'random_strength': 0.0}. Best is trial 19 with value: 0.3995239246326078.
[D 2025-12-03 15:05:29,364] Sample trial#20 with GPSampler.
[I 2025-12-03 15:05:36,539] Trial 20 finished with value: 0.3930540090453987 and parameters: {'iterations': 1000, 'learning_rate': 0.02, 'depth': 4, 'l2_leaf_reg': 1.0, 'border_count': 255, 'bagging_temperature': 0.0, 'random_strength': 0.0}. Best is trial 19 with value: 0.3995239246326078.
[D 2025-12-03 15:05:36,609] Sample trial#21 with GPSampler.
[I 2025-12-03 15:05:43,844] Trial 21 finished with value: 0.39703600378985926 and parameters: {'iterations': 1000, 'learning_rate': 0.02, 'depth': 4, 'l2_leaf_reg': 1.0, 'border_count': 255, 'bagging_temperature': 1.0, 'random_strength': 0.5001504454709367}. Best is trial 19 with value: 0.3995239246326078.
[D 2025-12-03 15:05:43,912] Sample trial#22 with GPSampler.
[I 2025-12-03 15:05:51,167] Trial 22 finished with value: 0.3995239246326078 and parameters: {'iterations': 1000, 'learning_rate': 0.02, 'depth': 4, 'l2_leaf_reg': 1.0, 'border_count': 255, 'bagging_temperature': 1.0, 'random_strength': 0.0}. Best is trial 19 with value: 0.3995239246326078.
[D 2025-12-03 15:05:51,235] Sample trial#23 with GPSampler.
[I 2025-12-03 15:05:56,744] Trial 23 finished with value: 0.39399773142438305 and parameters: {'iterations': 1000, 'learning_rate': 0.02, 'depth': 3, 'l2_leaf_reg': 1.0, 'border_count': 255, 'bagging_temperature': 1.0, 'random_strength': 0.0}. Best is trial 19 with value: 0.3995239246326078.
[D 2025-12-03 15:05:56,813] Sample trial#24 with GPSampler.
[I 2025-12-03 15:06:00,974] Trial 24 finished with value: 0.38886055298855127 and parameters: {'iterations': 1000, 'learning_rate': 0.02, 'depth': 2, 'l2_leaf_reg': 1.0, 'border_count': 150, 'bagging_temperature': 0.0, 'random_strength': 1.0}. Best is trial 19 with value: 0.3995239246326078.
[D 2025-12-03 15:06:01,042] Sample trial#25 with GPSampler.
[I 2025-12-03 15:06:01,991] Trial 25 finished with value: 0.3855857183421204 and parameters: {'iterations': 100, 'learning_rate': 0.02, 'depth': 2, 'l2_leaf_reg': 1.0, 'border_count': 150, 'bagging_temperature': 0.9958069307306723, 'random_strength': 0.0}. Best is trial 19 with value: 0.3995239246326078.
[D 2025-12-03 15:06:02,059] Sample trial#26 with GPSampler.
[I 2025-12-03 15:06:09,546] Trial 26 finished with value: 0.3951363427070508 and parameters: {'iterations': 1000, 'learning_rate': 0.02, 'depth': 4, 'l2_leaf_reg': 3.7179175705772254, 'border_count': 255, 'bagging_temperature': 1.0, 'random_strength': 0.0}. Best is trial 19 with value: 0.3995239246326078.
[D 2025-12-03 15:06:09,613] Sample trial#27 with GPSampler.
