[I 2025-12-03 15:28:28,628] Trial 29 finished with value: 0.3891746297383836 and parameters: {'n_estimators': 400, 'learning_rate': 0.009, 'max_depth': 20, 'min_child_weight': 4, 'subsample': 0.9741045109629197, 'colsample_bytree': 0.5255756374891688, 'reg_alpha': 0.0, 'reg_lambda': 1.565603971206229, 'gamma': 3.0}. Best is trial 11 with value: 0.38978506877252433.
CLASSIFICAÇÃO DE GENES-ALVO USANDO DADOS ÔMICOS
================================================================================
Timestamp do experimento: 20251203_150217
 Usando dados da ANA:
   Features: data/UNION_features.tsv
   Labels: data/processed/UNION_labels.tsv
   Formato labels: genes, 2class (binary), 3class (multiclass)

Arquivos encontrados com sucesso!
Carregando e preparando dados...
============================================================
PREPARANDO DATASET PARA CLASSIFICAÇÃO (MULTICLASS)
============================================================
Carregando UNION_features.tsv
Features carregadas: 19602 genes x 64 features
Tipos de dados das features: {dtype('float64'): 64}
Range das features: [0.0000, 1.0000]
----------------------------------------
Carregando UNION_labels.tsv (classificação: multiclass)
Labels carregados: 19680 genes
Valores únicos em 3class: label
0.0    16727
NaN     1997
1.0      515
2.0      441
Name: count, dtype: int64
Genes with NaN dropped: 1997
Distribuição das classes:
  Classe 0 (passenger): 16727 genes
  Classe 1 (TSG): 515 genes
  Classe 2 (Oncogene): 441 genes
----------------------------------------
Alinhando features e labels
Genes comuns entre features e labels: 17676
Dataset final: 17676 genes x 64 features
Distribuição final das classes: [16727   514   435]
----------------------------------------
DATASET PREPARADO COM SUCESSO!
Shape final: X=(17676, 64), y=(17676,)
Genes: 17676
Features: 64
============================================================

CONFIGURAÇÃO DO EXPERIMENTO (OTIMIZAÇÃO):
  Modelo: CatBoost
  Trials: 30
  Tipo: multiclass
  Parâmetros: Reduzido
  Balanceamento: none
================================================================================
EXECUTANDO MODELO: CatBoost
================================================================================

Starting Nested Cross-Validation for catboost...
Configuration: 5 outer folds, 30 trials per fold
Performing 80/20 holdout split...
Holdout split completed:
  - Training set: 14140 samples (80%)
  - Holdout test set: 3536 samples (20%)
Fold 1
Importâncias dos parâmetros para fold 1: {'random_strength': np.float64(0.5267170100357701), 'learning_rate': np.float64(0.275707634733357), 'iterations': np.float64(0.11804322181651157), 'l2_leaf_reg': np.float64(0.04877597371705178), 'bagging_temperature': np.float64(0.021049074143181704), 'border_count': np.float64(0.008988842020577686), 'depth': np.float64(0.0007182435335502246)}
Saved Optuna plots to results/20251203_150217_ana_optimized_multiclass_less/catboost/optuna_plots
Fold 2
Importâncias dos parâmetros para fold 2: {'iterations': np.float64(0.3406363473798152), 'l2_leaf_reg': np.float64(0.2086364700492001), 'learning_rate': np.float64(0.18024286219011096), 'bagging_temperature': np.float64(0.09559480175298073), 'border_count': np.float64(0.07280025207849725), 'random_strength': np.float64(0.05966584087751094), 'depth': np.float64(0.04242342567188489)}
Saved Optuna plots to results/20251203_150217_ana_optimized_multiclass_less/catboost/optuna_plots
Fold 3
Importâncias dos parâmetros para fold 3: {'learning_rate': np.float64(0.28198300938730114), 'iterations': np.float64(0.2739068225456729), 'depth': np.float64(0.14390625701008197), 'bagging_temperature': np.float64(0.11562569872340747), 'random_strength': np.float64(0.10422445698573342), 'l2_leaf_reg': np.float64(0.0552415632483987), 'border_count': np.float64(0.025112192099404337)}
Saved Optuna plots to results/20251203_150217_ana_optimized_multiclass_less/catboost/optuna_plots
Fold 4
Importâncias dos parâmetros para fold 4: {'random_strength': np.float64(0.38085745428970763), 'l2_leaf_reg': np.float64(0.32711324151372223), 'bagging_temperature': np.float64(0.1527439072749142), 'learning_rate': np.float64(0.07240185679956472), 'iterations': np.float64(0.04990223422520466), 'border_count': np.float64(0.009169101618960644), 'depth': np.float64(0.007812204277925715)}
Saved Optuna plots to results/20251203_150217_ana_optimized_multiclass_less/catboost/optuna_plots
Fold 5
Importâncias dos parâmetros para fold 5: {'learning_rate': np.float64(0.6728719454597326), 'bagging_temperature': np.float64(0.09798292773746912), 'l2_leaf_reg': np.float64(0.09449387508641954), 'random_strength': np.float64(0.0625364429574864), 'iterations': np.float64(0.03844153677822457), 'border_count': np.float64(0.02147139113971201), 'depth': np.float64(0.01220188084095566)}
Saved Optuna plots to results/20251203_150217_ana_optimized_multiclass_less/catboost/optuna_plots

Nested CV completed. The 20% holdout set (3536 samples) remains untouched.
This holdout set can be used for final unbiased evaluation.

Training and evaluating 5 best parameter sets on holdout data...
Testing with 4 balancing strategies: none, randomundersampler, smoteenn, tomeklinks

Evaluating fold 1 best params on holdout set...
  - Testing with balance strategy: none
  - Testing with balance strategy: randomundersampler
  - Testing with balance strategy: smoteenn
  - Testing with balance strategy: tomeklinks

Evaluating fold 2 best params on holdout set...
  - Testing with balance strategy: none
  - Testing with balance strategy: randomundersampler
  - Testing with balance strategy: smoteenn
  - Testing with balance strategy: tomeklinks

Evaluating fold 3 best params on holdout set...
  - Testing with balance strategy: none
  - Testing with balance strategy: randomundersampler
  - Testing with balance strategy: smoteenn
  - Testing with balance strategy: tomeklinks

Evaluating fold 4 best params on holdout set...
  - Testing with balance strategy: none
  - Testing with balance strategy: randomundersampler
  - Testing with balance strategy: smoteenn
  - Testing with balance strategy: tomeklinks

Evaluating fold 5 best params on holdout set...
  - Testing with balance strategy: none
  - Testing with balance strategy: randomundersampler
  - Testing with balance strategy: smoteenn
  - Testing with balance strategy: tomeklinks
Saving optimization and holdout results...
Detailed results by fold saved to: ./results/20251203_150217_ana_optimized_multiclass_less/catboost/detailed_results_by_fold.txt
Test predictions for all folds saved to: ./results/20251203_150217_ana_optimized_multiclass_less/catboost/metrics.json
Saving holdout results...
Holdout evaluation results saved to: ./results/20251203_150217_ana_optimized_multiclass_less/catboost/holdout_results.txt
Saved!
[OK] CatBoost executado com sucesso!

CONFIGURAÇÃO DO EXPERIMENTO (OTIMIZAÇÃO):
  Modelo: XGBoost
  Trials: 30
  Tipo: multiclass
  Parâmetros: Reduzido
  Balanceamento: none
================================================================================
EXECUTANDO MODELO: XGBoost
================================================================================

Starting Nested Cross-Validation for xgboost...
Configuration: 5 outer folds, 30 trials per fold
Performing 80/20 holdout split...
Holdout split completed:
  - Training set: 14140 samples (80%)
  - Holdout test set: 3536 samples (20%)
Fold 1
Importâncias dos parâmetros para fold 1: {'n_estimators': np.float64(0.27353555031024923), 'reg_lambda': np.float64(0.2027717472765597), 'reg_alpha': np.float64(0.1421487392419293), 'gamma': np.float64(0.12313980564827366), 'subsample': np.float64(0.07634711053691305), 'colsample_bytree': np.float64(0.06949444117642789), 'max_depth': np.float64(0.05664939460449085), 'learning_rate': np.float64(0.046229220759213985), 'min_child_weight': np.float64(0.009683990445942276)}
Saved Optuna plots to results/20251203_150217_ana_optimized_multiclass_less/xgboost/optuna_plots
Fold 2
Importâncias dos parâmetros para fold 2: {'gamma': np.float64(0.5869527075827591), 'reg_alpha': np.float64(0.12791092726632025), 'reg_lambda': np.float64(0.12169713530069526), 'max_depth': np.float64(0.09610060860638016), 'colsample_bytree': np.float64(0.024415040255511132), 'subsample': np.float64(0.018628979104274634), 'learning_rate': np.float64(0.011171784973881287), 'min_child_weight': np.float64(0.00860806287396145), 'n_estimators': np.float64(0.004514754036216594)}
[I 2025-12-03 15:28:35,225] A new study created in memory with name: xgboost_fold_3
[D 2025-12-03 15:28:35,225] Sample trial#0 with RandomSampler.
[I 2025-12-03 15:28:44,657] Trial 0 finished with value: 0.38480001142616815 and parameters: {'n_estimators': 600, 'learning_rate': 0.07566401641865367, 'max_depth': 14, 'min_child_weight': 3, 'subsample': 0.936639587492764, 'colsample_bytree': 0.46709761990112364, 'reg_alpha': 0.30035866350038176, 'reg_lambda': 4.176329365620192, 'gamma': 4.0}. Best is trial 0 with value: 0.38480001142616815.
[D 2025-12-03 15:28:44,748] Sample trial#1 with GPSampler.
[I 2025-12-03 15:28:56,511] Trial 1 finished with value: 0.38341125632033785 and parameters: {'n_estimators': 800, 'learning_rate': 0.05280672491244586, 'max_depth': 12, 'min_child_weight': 4, 'subsample': 0.9326716533408691, 'colsample_bytree': 0.42229590602761735, 'reg_alpha': 0.8999561479431705, 'reg_lambda': 9.857253359714678, 'gamma': 3.0}. Best is trial 0 with value: 0.38480001142616815.
[D 2025-12-03 15:28:56,603] Sample trial#2 with GPSampler.
[I 2025-12-03 15:29:09,542] Trial 2 finished with value: 0.3745353398697029 and parameters: {'n_estimators': 800, 'learning_rate': 0.07634930678612471, 'max_depth': 2, 'min_child_weight': 10, 'subsample': 0.9207326994928849, 'colsample_bytree': 0.5305472058984794, 'reg_alpha': 0.6107396259356882, 'reg_lambda': 5.41505274579966, 'gamma': 1.0}. Best is trial 0 with value: 0.38480001142616815.
[D 2025-12-03 15:29:09,632] Sample trial#3 with GPSampler.
[I 2025-12-03 15:29:18,226] Trial 3 finished with value: 0.38569621018617817 and parameters: {'n_estimators': 300, 'learning_rate': 0.016480496567556624, 'max_depth': 4, 'min_child_weight': 9, 'subsample': 0.972846472676227, 'colsample_bytree': 0.41134343429608033, 'reg_alpha': 0.12102415200665273, 'reg_lambda': 4.555470401827698, 'gamma': 0.0}. Best is trial 3 with value: 0.38569621018617817.
[D 2025-12-03 15:29:18,321] Sample trial#4 with GPSampler.
[I 2025-12-03 15:29:48,294] Trial 4 finished with value: 0.38225118619886467 and parameters: {'n_estimators': 550, 'learning_rate': 0.014750422426548945, 'max_depth': 16, 'min_child_weight': 10, 'subsample': 0.9050314818795108, 'colsample_bytree': 0.5033633136037395, 'reg_alpha': 0.9593109640989391, 'reg_lambda': 6.852762351044196, 'gamma': 1.0}. Best is trial 3 with value: 0.38569621018617817.
[D 2025-12-03 15:29:48,381] Sample trial#5 with GPSampler.
[I 2025-12-03 15:29:59,290] Trial 5 finished with value: 0.38461705006125385 and parameters: {'n_estimators': 900, 'learning_rate': 0.016811126252332827, 'max_depth': 10, 'min_child_weight': 1, 'subsample': 0.9654843827892815, 'colsample_bytree': 0.44870452622639506, 'reg_alpha': 0.33044748859584705, 'reg_lambda': 3.3928159372473603, 'gamma': 4.0}. Best is trial 3 with value: 0.38569621018617817.
[D 2025-12-03 15:29:59,379] Sample trial#6 with GPSampler.
[I 2025-12-03 15:30:11,990] Trial 6 finished with value: 0.3713457654124267 and parameters: {'n_estimators': 650, 'learning_rate': 0.09919803624611151, 'max_depth': 2, 'min_child_weight': 10, 'subsample': 0.946184934456774, 'colsample_bytree': 0.4774978153914085, 'reg_alpha': 0.061337234266894525, 'reg_lambda': 9.931741964469472, 'gamma': 0.0}. Best is trial 3 with value: 0.38569621018617817.
[D 2025-12-03 15:30:12,082] Sample trial#7 with GPSampler.
[I 2025-12-03 15:30:25,520] Trial 7 finished with value: 0.38249240131322393 and parameters: {'n_estimators': 750, 'learning_rate': 0.07582153425199502, 'max_depth': 20, 'min_child_weight': 7, 'subsample': 0.9903980784514933, 'colsample_bytree': 0.4986848094235248, 'reg_alpha': 0.4577537816332925, 'reg_lambda': 4.39431526141835, 'gamma': 5.0}. Best is trial 3 with value: 0.38569621018617817.
[D 2025-12-03 15:30:25,612] Sample trial#8 with GPSampler.
[I 2025-12-03 15:30:40,045] Trial 8 finished with value: 0.38295045089104474 and parameters: {'n_estimators': 850, 'learning_rate': 0.012904249219685955, 'max_depth': 6, 'min_child_weight': 8, 'subsample': 0.9974809052656011, 'colsample_bytree': 0.5837992995619904, 'reg_alpha': 0.32320875052343656, 'reg_lambda': 1.8384667450003125, 'gamma': 3.0}. Best is trial 3 with value: 0.38569621018617817.
[D 2025-12-03 15:30:40,134] Sample trial#9 with GPSampler.
[I 2025-12-03 15:30:50,234] Trial 9 finished with value: 0.37700596867259206 and parameters: {'n_estimators': 800, 'learning_rate': 0.03346809810744614, 'max_depth': 2, 'min_child_weight': 8, 'subsample': 0.952803015840177, 'colsample_bytree': 0.4945140518706097, 'reg_alpha': 0.15102414226790561, 'reg_lambda': 6.774808352657398, 'gamma': 0.0}. Best is trial 3 with value: 0.38569621018617817.
[D 2025-12-03 15:30:50,318] Sample trial#10 with GPSampler.
[I 2025-12-03 15:31:00,140] Trial 10 finished with value: 0.38408284217800925 and parameters: {'n_estimators': 200, 'learning_rate': 0.009, 'max_depth': 8, 'min_child_weight': 6, 'subsample': 0.9836334047382493, 'colsample_bytree': 0.4, 'reg_alpha': 0.25507101501872836, 'reg_lambda': 1.7158392086314609, 'gamma': 2.0}. Best is trial 3 with value: 0.38569621018617817.
[D 2025-12-03 15:31:00,227] Sample trial#11 with GPSampler.
[I 2025-12-03 15:31:04,308] Trial 11 finished with value: 0.37972595422858885 and parameters: {'n_estimators': 100, 'learning_rate': 0.009, 'max_depth': 2, 'min_child_weight': 10, 'subsample': 0.9948442323423263, 'colsample_bytree': 0.4, 'reg_alpha': 0.0, 'reg_lambda': 3.240121179244781, 'gamma': 0.0}. Best is trial 3 with value: 0.38569621018617817.
[D 2025-12-03 15:31:04,397] Sample trial#12 with GPSampler.
[I 2025-12-03 15:31:26,343] Trial 12 finished with value: 0.38645492927043235 and parameters: {'n_estimators': 450, 'learning_rate': 0.009, 'max_depth': 10, 'min_child_weight': 4, 'subsample': 0.9661307251131547, 'colsample_bytree': 0.4, 'reg_alpha': 0.28431410639540594, 'reg_lambda': 3.3711661561961637, 'gamma': 2.0}. Best is trial 12 with value: 0.38645492927043235.
[D 2025-12-03 15:31:26,435] Sample trial#13 with GPSampler.
[I 2025-12-03 15:31:33,305] Trial 13 finished with value: 0.38338375663100405 and parameters: {'n_estimators': 600, 'learning_rate': 0.022133940583370034, 'max_depth': 14, 'min_child_weight': 1, 'subsample': 0.9466919721475645, 'colsample_bytree': 0.40175492002378477, 'reg_alpha': 0.8785290900295083, 'reg_lambda': 2.985593507728507, 'gamma': 5.0}. Best is trial 12 with value: 0.38645492927043235.
[D 2025-12-03 15:31:33,396] Sample trial#14 with GPSampler.
[I 2025-12-03 15:31:59,485] Trial 14 finished with value: 0.38537223016462774 and parameters: {'n_estimators': 400, 'learning_rate': 0.009, 'max_depth': 8, 'min_child_weight': 7, 'subsample': 0.9605908172795535, 'colsample_bytree': 0.4, 'reg_alpha': 0.0, 'reg_lambda': 3.475142378736211, 'gamma': 0.0}. Best is trial 12 with value: 0.38645492927043235.
[D 2025-12-03 15:31:59,577] Sample trial#15 with GPSampler.
[I 2025-12-03 15:32:11,806] Trial 15 finished with value: 0.38519778737936206 and parameters: {'n_estimators': 400, 'learning_rate': 0.009, 'max_depth': 6, 'min_child_weight': 4, 'subsample': 0.9976497767419114, 'colsample_bytree': 0.4177636071226133, 'reg_alpha': 0.5199423662474668, 'reg_lambda': 6.4206799047308785, 'gamma': 2.0}. Best is trial 12 with value: 0.38645492927043235.
[D 2025-12-03 15:32:11,897] Sample trial#16 with GPSampler.
[I 2025-12-03 15:32:27,739] Trial 16 finished with value: 0.38683188967608434 and parameters: {'n_estimators': 400, 'learning_rate': 0.009683925098762201, 'max_depth': 12, 'min_child_weight': 4, 'subsample': 0.9277299328338758, 'colsample_bytree': 0.5079369035087105, 'reg_alpha': 0.0, 'reg_lambda': 1.0667424986383693, 'gamma': 3.0}. Best is trial 16 with value: 0.38683188967608434.
[D 2025-12-03 15:32:27,830] Sample trial#17 with GPSampler.
[I 2025-12-03 15:32:44,739] Trial 17 finished with value: 0.3855558098545697 and parameters: {'n_estimators': 400, 'learning_rate': 0.03390386326871066, 'max_depth': 20, 'min_child_weight': 1, 'subsample': 0.9248074712821536, 'colsample_bytree': 0.42908358181474004, 'reg_alpha': 0.0, 'reg_lambda': 1.1116267343728228, 'gamma': 2.0}. Best is trial 16 with value: 0.38683188967608434.
[D 2025-12-03 15:32:44,829] Sample trial#18 with GPSampler.
[I 2025-12-03 15:32:51,653] Trial 18 finished with value: 0.384333420031029 and parameters: {'n_estimators': 400, 'learning_rate': 0.009, 'max_depth': 18, 'min_child_weight': 7, 'subsample': 0.9412724375117321, 'colsample_bytree': 0.4, 'reg_alpha': 0.0, 'reg_lambda': 2.0285235374982404, 'gamma': 4.0}. Best is trial 16 with value: 0.38683188967608434.
[D 2025-12-03 15:32:51,745] Sample trial#19 with GPSampler.
[I 2025-12-03 15:32:59,795] Trial 19 finished with value: 0.38130690444827187 and parameters: {'n_estimators': 400, 'learning_rate': 0.009, 'max_depth': 2, 'min_child_weight': 2, 'subsample': 0.9, 'colsample_bytree': 0.44966799363722104, 'reg_alpha': 0.08979369714663557, 'reg_lambda': 1.0, 'gamma': 2.0}. Best is trial 16 with value: 0.38683188967608434.
[D 2025-12-03 15:32:59,885] Sample trial#20 with GPSampler.
[I 2025-12-03 15:33:14,748] Trial 20 finished with value: 0.38564827585443723 and parameters: {'n_estimators': 400, 'learning_rate': 0.030822961451394806, 'max_depth': 14, 'min_child_weight': 1, 'subsample': 0.9886026814599495, 'colsample_bytree': 0.5426975989673375, 'reg_alpha': 0.0, 'reg_lambda': 1.2833465557322505, 'gamma': 2.0}. Best is trial 16 with value: 0.38683188967608434.
[D 2025-12-03 15:33:14,839] Sample trial#21 with GPSampler.
[I 2025-12-03 15:33:28,442] Trial 21 finished with value: 0.3851832754413481 and parameters: {'n_estimators': 350, 'learning_rate': 0.024344152684859587, 'max_depth': 12, 'min_child_weight': 1, 'subsample': 0.9181983797023548, 'colsample_bytree': 0.40044957175390933, 'reg_alpha': 0.0, 'reg_lambda': 7.04450476172428, 'gamma': 3.0}. Best is trial 16 with value: 0.38683188967608434.
[D 2025-12-03 15:33:28,534] Sample trial#22 with GPSampler.
[I 2025-12-03 15:33:38,016] Trial 22 finished with value: 0.3826814474938831 and parameters: {'n_estimators': 400, 'learning_rate': 0.009, 'max_depth': 10, 'min_child_weight': 8, 'subsample': 0.989904577797843, 'colsample_bytree': 0.49434210545364393, 'reg_alpha': 0.0, 'reg_lambda': 1.0, 'gamma': 5.0}. Best is trial 16 with value: 0.38683188967608434.
[D 2025-12-03 15:33:38,104] Sample trial#23 with GPSampler.
[I 2025-12-03 15:33:53,962] Trial 23 finished with value: 0.3872885078483946 and parameters: {'n_estimators': 400, 'learning_rate': 0.009, 'max_depth': 14, 'min_child_weight': 4, 'subsample': 0.9432383623890308, 'colsample_bytree': 0.5205361844929332, 'reg_alpha': 0.37178292061487145, 'reg_lambda': 4.413667736986756, 'gamma': 2.0}. Best is trial 23 with value: 0.3872885078483946.
[D 2025-12-03 15:33:54,054] Sample trial#24 with GPSampler.
[I 2025-12-03 15:34:12,253] Trial 24 finished with value: 0.38557323936409627 and parameters: {'n_estimators': 500, 'learning_rate': 0.009, 'max_depth': 18, 'min_child_weight': 3, 'subsample': 0.9314518949629681, 'colsample_bytree': 0.6, 'reg_alpha': 0.0, 'reg_lambda': 8.651528035383887, 'gamma': 2.0}. Best is trial 23 with value: 0.3872885078483946.
[D 2025-12-03 15:34:12,340] Sample trial#25 with GPSampler.
[I 2025-12-03 15:34:43,999] Trial 25 finished with value: 0.3852077774524079 and parameters: {'n_estimators': 350, 'learning_rate': 0.009, 'max_depth': 14, 'min_child_weight': 5, 'subsample': 0.9720292019928822, 'colsample_bytree': 0.42021274085799, 'reg_alpha': 1.0, 'reg_lambda': 1.0, 'gamma': 1.0}. Best is trial 23 with value: 0.3872885078483946.
[D 2025-12-03 15:34:44,087] Sample trial#26 with GPSampler.
[I 2025-12-03 15:35:04,809] Trial 26 finished with value: 0.384137535839162 and parameters: {'n_estimators': 300, 'learning_rate': 0.009, 'max_depth': 14, 'min_child_weight': 6, 'subsample': 0.9379440256628816, 'colsample_bytree': 0.5938679175762267, 'reg_alpha': 0.0, 'reg_lambda': 10.0, 'gamma': 1.0}. Best is trial 23 with value: 0.3872885078483946.
[D 2025-12-03 15:35:04,901] Sample trial#27 with GPSampler.
[I 2025-12-03 15:35:15,996] Trial 27 finished with value: 0.38559709869105635 and parameters: {'n_estimators': 400, 'learning_rate': 0.009, 'max_depth': 16, 'min_child_weight': 3, 'subsample': 0.9, 'colsample_bytree': 0.6, 'reg_alpha': 0.7137213918997851, 'reg_lambda': 1.0, 'gamma': 3.0}. Best is trial 23 with value: 0.3872885078483946.
[D 2025-12-03 15:35:16,087] Sample trial#28 with GPSampler.
[I 2025-12-03 15:35:38,989] Trial 28 finished with value: 0.3874318106273787 and parameters: {'n_estimators': 400, 'learning_rate': 0.009, 'max_depth': 14, 'min_child_weight': 4, 'subsample': 0.9703616438752609, 'colsample_bytree': 0.457930972866663, 'reg_alpha': 0.0, 'reg_lambda': 3.429458247505959, 'gamma': 2.0}. Best is trial 28 with value: 0.3874318106273787.
[D 2025-12-03 15:35:39,079] Sample trial#29 with GPSampler.
[I 2025-12-03 15:38:17,887] Trial 29 finished with value: 0.38246513978029795 and parameters: {'n_estimators': 1000, 'learning_rate': 0.009, 'max_depth': 20, 'min_child_weight': 1, 'subsample': 1.0, 'colsample_bytree': 0.6, 'reg_alpha': 1.0, 'reg_lambda': 1.0, 'gamma': 0.0}. Best is trial 28 with value: 0.3874318106273787.
[I 2025-12-03 15:38:20,592] A new study created in memory with name: xgboost_fold_4
[D 2025-12-03 15:38:20,593] Sample trial#0 with RandomSampler.
