[I 2025-12-03 15:10:37,096] Trial 24 finished with value: 0.38615715279870183 and parameters: {'iterations': 700, 'learning_rate': 0.02, 'depth': 4, 'l2_leaf_reg': 10.0, 'border_count': 202, 'bagging_temperature': 0.7091254554878031, 'random_strength': 0.0}. Best is trial 22 with value: 0.38686202699653105.
[D 2025-12-03 15:10:37,168] Sample trial#25 with GPSampler.
[I 2025-12-03 15:10:41,643] Trial 25 finished with value: 0.38681331345882175 and parameters: {'iterations': 600, 'learning_rate': 0.02, 'depth': 4, 'l2_leaf_reg': 10.0, 'border_count': 242, 'bagging_temperature': 0.7977896393177759, 'random_strength': 0.0737162990244948}. Best is trial 22 with value: 0.38686202699653105.
[D 2025-12-03 15:10:41,716] Sample trial#26 with GPSampler.
[I 2025-12-03 15:10:45,166] Trial 26 finished with value: 0.3871120551783721 and parameters: {'iterations': 600, 'learning_rate': 0.019999999999999997, 'depth': 3, 'l2_leaf_reg': 10.0, 'border_count': 244, 'bagging_temperature': 0.7848473678362485, 'random_strength': 0.015477588524897022}. Best is trial 26 with value: 0.3871120551783721.
[D 2025-12-03 15:10:45,239] Sample trial#27 with GPSampler.
[I 2025-12-03 15:10:48,308] Trial 27 finished with value: 0.3837256691592645 and parameters: {'iterations': 600, 'learning_rate': 0.02, 'depth': 2, 'l2_leaf_reg': 10.0, 'border_count': 255, 'bagging_temperature': 0.7785646002636278, 'random_strength': 0.0}. Best is trial 26 with value: 0.3871120551783721.
[D 2025-12-03 15:10:48,383] Sample trial#28 with GPSampler.
[I 2025-12-03 15:10:51,568] Trial 28 finished with value: 0.3864563729479521 and parameters: {'iterations': 500, 'learning_rate': 0.01444249024390757, 'depth': 3, 'l2_leaf_reg': 9.999999999999998, 'border_count': 255, 'bagging_temperature': 0.8172229841489487, 'random_strength': 0.0}. Best is trial 26 with value: 0.3871120551783721.
[D 2025-12-03 15:10:51,641] Sample trial#29 with GPSampler.
[I 2025-12-03 15:10:55,138] Trial 29 finished with value: 0.38504719186859504 and parameters: {'iterations': 600, 'learning_rate': 0.02, 'depth': 3, 'l2_leaf_reg': 4.010320916507459, 'border_count': 255, 'bagging_temperature': 0.7940002447869782, 'random_strength': 0.0}. Best is trial 26 with value: 0.3871120551783721.
[I 2025-12-03 15:10:56,591] A new study created in memory with name: catboost_fold_5
[D 2025-12-03 15:10:56,591] Sample trial#0 with RandomSampler.
[I 2025-12-03 15:10:57,827] Trial 0 finished with value: 0.37989020707129495 and parameters: {'iterations': 100, 'learning_rate': 0.006568406854576685, 'depth': 4, 'l2_leaf_reg': 3.9321159959188248, 'border_count': 228, 'bagging_temperature': 0.9619092998877659, 'random_strength': 0.45159365537802265}. Best is trial 0 with value: 0.37989020707129495.
[D 2025-12-03 15:10:57,902] Sample trial#1 with GPSampler.
[I 2025-12-03 15:11:01,094] Trial 1 finished with value: 0.3864444105120788 and parameters: {'iterations': 400, 'learning_rate': 0.017726229199949504, 'depth': 4, 'l2_leaf_reg': 4.8126617868476895, 'border_count': 248, 'bagging_temperature': 0.9746149928364994, 'random_strength': 0.4620046631091411}. Best is trial 1 with value: 0.3864444105120788.
[D 2025-12-03 15:11:01,172] Sample trial#2 with GPSampler.
[I 2025-12-03 15:11:03,917] Trial 2 finished with value: 0.3823012041018693 and parameters: {'iterations': 600, 'learning_rate': 0.006735085455678591, 'depth': 2, 'l2_leaf_reg': 9.818667952394499, 'border_count': 151, 'bagging_temperature': 0.7443541203994964, 'random_strength': 0.8978516187140306}. Best is trial 1 with value: 0.3864444105120788.
[D 2025-12-03 15:11:03,992] Sample trial#3 with GPSampler.
[I 2025-12-03 15:11:06,908] Trial 3 finished with value: 0.3797144204464257 and parameters: {'iterations': 400, 'learning_rate': 0.004777378402995573, 'depth': 4, 'l2_leaf_reg': 7.19769656411771, 'border_count': 186, 'bagging_temperature': 0.9567236740513465, 'random_strength': 0.8922241826752629}. Best is trial 1 with value: 0.3864444105120788.
[D 2025-12-03 15:11:06,982] Sample trial#4 with GPSampler.
[I 2025-12-03 15:11:11,284] Trial 4 finished with value: 0.38534457422281515 and parameters: {'iterations': 800, 'learning_rate': 0.01220142151196607, 'depth': 3, 'l2_leaf_reg': 8.64784340472422, 'border_count': 235, 'bagging_temperature': 0.3790452967243122, 'random_strength': 0.5289722308316983}. Best is trial 1 with value: 0.3864444105120788.
[D 2025-12-03 15:11:11,360] Sample trial#5 with GPSampler.
[I 2025-12-03 15:11:17,890] Trial 5 finished with value: 0.38572808257332275 and parameters: {'iterations': 900, 'learning_rate': 0.010975442712857567, 'depth': 4, 'l2_leaf_reg': 6.463564395863209, 'border_count': 252, 'bagging_temperature': 0.8517686222392794, 'random_strength': 0.9053798273278897}. Best is trial 1 with value: 0.3864444105120788.
[D 2025-12-03 15:11:17,964] Sample trial#6 with GPSampler.
[I 2025-12-03 15:11:20,726] Trial 6 finished with value: 0.3867346039498959 and parameters: {'iterations': 600, 'learning_rate': 0.016520829185993027, 'depth': 2, 'l2_leaf_reg': 2.9632600761255556, 'border_count': 178, 'bagging_temperature': 0.5948111798138639, 'random_strength': 0.05053278761707858}. Best is trial 6 with value: 0.3867346039498959.
[D 2025-12-03 15:11:20,800] Sample trial#7 with GPSampler.
[I 2025-12-03 15:11:24,697] Trial 7 finished with value: 0.3846464054357582 and parameters: {'iterations': 700, 'learning_rate': 0.009805856600016323, 'depth': 3, 'l2_leaf_reg': 5.329228189797535, 'border_count': 246, 'bagging_temperature': 0.16049271019282274, 'random_strength': 0.6449006253669712}. Best is trial 6 with value: 0.3867346039498959.
[D 2025-12-03 15:11:24,773] Sample trial#8 with GPSampler.
[I 2025-12-03 15:11:26,440] Trial 8 finished with value: 0.3850810019601828 and parameters: {'iterations': 300, 'learning_rate': 0.013048973374259781, 'depth': 2, 'l2_leaf_reg': 1.1368292717487558, 'border_count': 183, 'bagging_temperature': 0.06123854125899264, 'random_strength': 0.04022524370312941}. Best is trial 6 with value: 0.3867346039498959.
[D 2025-12-03 15:11:26,515] Sample trial#9 with GPSampler.
[I 2025-12-03 15:11:27,711] Trial 9 finished with value: 0.3893058284935379 and parameters: {'iterations': 100, 'learning_rate': 0.012741206977083294, 'depth': 4, 'l2_leaf_reg': 4.144761125242491, 'border_count': 230, 'bagging_temperature': 0.8503381360696798, 'random_strength': 0.03947576664917618}. Best is trial 9 with value: 0.3893058284935379.
[D 2025-12-03 15:11:27,786] Sample trial#10 with GPSampler.
[I 2025-12-03 15:11:29,038] Trial 10 finished with value: 0.3914172744783764 and parameters: {'iterations': 100, 'learning_rate': 0.013968007319995774, 'depth': 4, 'l2_leaf_reg': 1.5268146740385495, 'border_count': 230, 'bagging_temperature': 1.0, 'random_strength': 0.0}. Best is trial 10 with value: 0.3914172744783764.
[D 2025-12-03 15:11:29,113] Sample trial#11 with GPSampler.
[I 2025-12-03 15:11:30,382] Trial 11 finished with value: 0.39109550425635864 and parameters: {'iterations': 100, 'learning_rate': 0.014423060035041419, 'depth': 4, 'l2_leaf_reg': 1.0, 'border_count': 255, 'bagging_temperature': 1.0, 'random_strength': 0.0}. Best is trial 10 with value: 0.3914172744783764.
[D 2025-12-03 15:11:30,457] Sample trial#12 with GPSampler.
[I 2025-12-03 15:11:31,625] Trial 12 finished with value: 0.39108752776233924 and parameters: {'iterations': 100, 'learning_rate': 0.014484843164994769, 'depth': 4, 'l2_leaf_reg': 1.0, 'border_count': 169, 'bagging_temperature': 1.0, 'random_strength': 0.0}. Best is trial 10 with value: 0.3914172744783764.
[D 2025-12-03 15:11:31,699] Sample trial#13 with GPSampler.
[I 2025-12-03 15:11:35,305] Trial 13 finished with value: 0.39227686408719753 and parameters: {'iterations': 500, 'learning_rate': 0.013830255066010828, 'depth': 4, 'l2_leaf_reg': 1.0, 'border_count': 212, 'bagging_temperature': 1.0, 'random_strength': 0.0}. Best is trial 13 with value: 0.39227686408719753.
[D 2025-12-03 15:11:35,380] Sample trial#14 with GPSampler.
[I 2025-12-03 15:11:41,982] Trial 14 finished with value: 0.39518008317417935 and parameters: {'iterations': 1000, 'learning_rate': 0.013777718598593315, 'depth': 4, 'l2_leaf_reg': 1.0, 'border_count': 210, 'bagging_temperature': 1.0, 'random_strength': 0.0}. Best is trial 14 with value: 0.39518008317417935.
[D 2025-12-03 15:11:42,057] Sample trial#15 with GPSampler.
[I 2025-12-03 15:11:49,032] Trial 15 finished with value: 0.39655295751461445 and parameters: {'iterations': 1000, 'learning_rate': 0.01992849370300323, 'depth': 4, 'l2_leaf_reg': 1.0, 'border_count': 235, 'bagging_temperature': 0.9999999999999999, 'random_strength': 0.0}. Best is trial 15 with value: 0.39655295751461445.
[D 2025-12-03 15:11:49,107] Sample trial#16 with GPSampler.
[I 2025-12-03 15:11:55,165] Trial 16 finished with value: 0.3961211261701244 and parameters: {'iterations': 1000, 'learning_rate': 0.019999999999999997, 'depth': 4, 'l2_leaf_reg': 1.0, 'border_count': 159, 'bagging_temperature': 1.0, 'random_strength': 0.0}. Best is trial 15 with value: 0.39655295751461445.
[D 2025-12-03 15:11:55,241] Sample trial#17 with GPSampler.
[I 2025-12-03 15:12:02,370] Trial 17 finished with value: 0.3926299723965997 and parameters: {'iterations': 1000, 'learning_rate': 0.02, 'depth': 4, 'l2_leaf_reg': 7.54451625913988, 'border_count': 248, 'bagging_temperature': 1.0, 'random_strength': 0.0}. Best is trial 15 with value: 0.39655295751461445.
[D 2025-12-03 15:12:02,444] Sample trial#18 with GPSampler.
[I 2025-12-03 15:12:09,472] Trial 18 finished with value: 0.39337839223835563 and parameters: {'iterations': 1000, 'learning_rate': 0.02, 'depth': 4, 'l2_leaf_reg': 1.0, 'border_count': 237, 'bagging_temperature': 0.33464750364116164, 'random_strength': 0.0}. Best is trial 15 with value: 0.39655295751461445.
[D 2025-12-03 15:12:09,548] Sample trial#19 with GPSampler.
[I 2025-12-03 15:12:16,808] Trial 19 finished with value: 0.3957929374192107 and parameters: {'iterations': 1000, 'learning_rate': 0.01992849370300323, 'depth': 4, 'l2_leaf_reg': 1.0, 'border_count': 255, 'bagging_temperature': 0.9999999999999999, 'random_strength': 0.0}. Best is trial 15 with value: 0.39655295751461445.
[D 2025-12-03 15:12:16,885] Sample trial#20 with GPSampler.
[I 2025-12-03 15:12:23,436] Trial 20 finished with value: 0.39541410720133474 and parameters: {'iterations': 1000, 'learning_rate': 0.02, 'depth': 4, 'l2_leaf_reg': 1.0, 'border_count': 202, 'bagging_temperature': 1.0, 'random_strength': 0.0}. Best is trial 15 with value: 0.39655295751461445.
[D 2025-12-03 15:12:23,512] Sample trial#21 with GPSampler.
[I 2025-12-03 15:12:29,468] Trial 21 finished with value: 0.3910828352838097 and parameters: {'iterations': 1000, 'learning_rate': 0.02, 'depth': 4, 'l2_leaf_reg': 1.0, 'border_count': 150, 'bagging_temperature': 0.0, 'random_strength': 1.0}. Best is trial 15 with value: 0.39655295751461445.
[D 2025-12-03 15:12:29,544] Sample trial#22 with GPSampler.
[I 2025-12-03 15:12:35,500] Trial 22 finished with value: 0.39434745572864716 and parameters: {'iterations': 1000, 'learning_rate': 0.02, 'depth': 4, 'l2_leaf_reg': 1.0, 'border_count': 150, 'bagging_temperature': 1.0, 'random_strength': 0.2261573665234151}. Best is trial 15 with value: 0.39655295751461445.
[D 2025-12-03 15:12:35,576] Sample trial#23 with GPSampler.
[I 2025-12-03 15:12:41,307] Trial 23 finished with value: 0.38316818604247416 and parameters: {'iterations': 1000, 'learning_rate': 0.001, 'depth': 4, 'l2_leaf_reg': 1.0, 'border_count': 150, 'bagging_temperature': 0.0, 'random_strength': 0.0}. Best is trial 15 with value: 0.39655295751461445.
[D 2025-12-03 15:12:41,383] Sample trial#24 with GPSampler.
[I 2025-12-03 15:12:45,765] Trial 24 finished with value: 0.3893708991056676 and parameters: {'iterations': 1000, 'learning_rate': 0.02, 'depth': 2, 'l2_leaf_reg': 1.0, 'border_count': 255, 'bagging_temperature': 0.0, 'random_strength': 1.0}. Best is trial 15 with value: 0.39655295751461445.
[D 2025-12-03 15:12:45,839] Sample trial#25 with GPSampler.
[I 2025-12-03 15:12:51,215] Trial 25 finished with value: 0.39608436938952246 and parameters: {'iterations': 1000, 'learning_rate': 0.01992849370300323, 'depth': 3, 'l2_leaf_reg': 1.0, 'border_count': 255, 'bagging_temperature': 0.9999999999999999, 'random_strength': 0.0}. Best is trial 15 with value: 0.39655295751461445.
[D 2025-12-03 15:12:51,292] Sample trial#26 with GPSampler.
[I 2025-12-03 15:12:58,542] Trial 26 finished with value: 0.3957929374192107 and parameters: {'iterations': 1000, 'learning_rate': 0.01992849370300323, 'depth': 4, 'l2_leaf_reg': 1.0, 'border_count': 255, 'bagging_temperature': 0.9999999999999999, 'random_strength': 0.0}. Best is trial 15 with value: 0.39655295751461445.
[D 2025-12-03 15:12:58,622] Sample trial#27 with GPSampler.
[I 2025-12-03 15:13:03,515] Trial 27 finished with value: 0.3942500464608319 and parameters: {'iterations': 1000, 'learning_rate': 0.01992849370300323, 'depth': 3, 'l2_leaf_reg': 1.0, 'border_count': 150, 'bagging_temperature': 0.9999999999999999, 'random_strength': 0.0}. Best is trial 15 with value: 0.39655295751461445.
[D 2025-12-03 15:13:03,589] Sample trial#28 with GPSampler.
[I 2025-12-03 15:13:10,681] Trial 28 finished with value: 0.38527235015843375 and parameters: {'iterations': 1000, 'learning_rate': 0.02, 'depth': 4, 'l2_leaf_reg': 10.0, 'border_count': 255, 'bagging_temperature': 0.0, 'random_strength': 1.0}. Best is trial 15 with value: 0.39655295751461445.
[D 2025-12-03 15:13:10,755] Sample trial#29 with GPSampler.
[I 2025-12-03 15:13:18,006] Trial 29 finished with value: 0.3961400793296578 and parameters: {'iterations': 1000, 'learning_rate': 0.016860953752755037, 'depth': 4, 'l2_leaf_reg': 1.0, 'border_count': 255, 'bagging_temperature': 1.0, 'random_strength': 0.0}. Best is trial 15 with value: 0.39655295751461445.
[I 2025-12-03 15:13:56,914] A new study created in memory with name: xgboost_fold_1
[D 2025-12-03 15:13:56,915] Sample trial#0 with RandomSampler.
[I 2025-12-03 15:14:01,966] Trial 0 finished with value: 0.3856408044546522 and parameters: {'n_estimators': 150, 'learning_rate': 0.04601993575913739, 'max_depth': 20, 'min_child_weight': 8, 'subsample': 0.976408412943015, 'colsample_bytree': 0.4363933192338848, 'reg_alpha': 0.9385278434878938, 'reg_lambda': 2.2061145988218813, 'gamma': 5.0}. Best is trial 0 with value: 0.3856408044546522.
[D 2025-12-03 15:14:02,052] Sample trial#1 with GPSampler.
[I 2025-12-03 15:14:09,067] Trial 1 finished with value: 0.3839045590457003 and parameters: {'n_estimators': 650, 'learning_rate': 0.06269542469843337, 'max_depth': 14, 'min_child_weight': 2, 'subsample': 0.9405115664935769, 'colsample_bytree': 0.4205481382373294, 'reg_alpha': 0.8413281138139131, 'reg_lambda': 9.856719453928863, 'gamma': 4.0}. Best is trial 0 with value: 0.3856408044546522.
[D 2025-12-03 15:14:09,148] Sample trial#2 with GPSampler.
[I 2025-12-03 15:14:26,341] Trial 2 finished with value: 0.3877720129185576 and parameters: {'n_estimators': 800, 'learning_rate': 0.01408316563731815, 'max_depth': 16, 'min_child_weight': 2, 'subsample': 0.96194475490998, 'colsample_bytree': 0.5821034769822991, 'reg_alpha': 0.08585161202254088, 'reg_lambda': 2.347306916125445, 'gamma': 5.0}. Best is trial 2 with value: 0.3877720129185576.
[D 2025-12-03 15:14:26,421] Sample trial#3 with GPSampler.
[I 2025-12-03 15:14:39,841] Trial 3 finished with value: 0.3868142131850596 and parameters: {'n_estimators': 850, 'learning_rate': 0.08045983837285588, 'max_depth': 8, 'min_child_weight': 8, 'subsample': 0.9147327555065676, 'colsample_bytree': 0.44459319284893856, 'reg_alpha': 0.06616359572613162, 'reg_lambda': 3.676675765385033, 'gamma': 2.0}. Best is trial 2 with value: 0.3877720129185576.
[D 2025-12-03 15:14:39,928] Sample trial#4 with GPSampler.
[I 2025-12-03 15:15:09,966] Trial 4 finished with value: 0.38482038972292243 and parameters: {'n_estimators': 250, 'learning_rate': 0.029020061563802706, 'max_depth': 18, 'min_child_weight': 10, 'subsample': 0.9806514618186544, 'colsample_bytree': 0.5979455863036537, 'reg_alpha': 0.329990902057239, 'reg_lambda': 5.519859269012262, 'gamma': 0.0}. Best is trial 2 with value: 0.3877720129185576.
[D 2025-12-03 15:15:10,052] Sample trial#5 with GPSampler.
[I 2025-12-03 15:15:21,447] Trial 5 finished with value: 0.3871279038216967 and parameters: {'n_estimators': 200, 'learning_rate': 0.042297824769175776, 'max_depth': 10, 'min_child_weight': 9, 'subsample': 0.9015299903969259, 'colsample_bytree': 0.5014874534965039, 'reg_alpha': 0.3515014547509654, 'reg_lambda': 4.065222627657912, 'gamma': 2.0}. Best is trial 2 with value: 0.3877720129185576.
[D 2025-12-03 15:15:21,531] Sample trial#6 with GPSampler.
[I 2025-12-03 15:15:32,068] Trial 6 finished with value: 0.3867325430894844 and parameters: {'n_estimators': 600, 'learning_rate': 0.027835515976731166, 'max_depth': 16, 'min_child_weight': 8, 'subsample': 0.9198556443537502, 'colsample_bytree': 0.5536722692287839, 'reg_alpha': 0.9705525304077735, 'reg_lambda': 5.7347960893398415, 'gamma': 3.0}. Best is trial 2 with value: 0.3877720129185576.
[D 2025-12-03 15:15:32,152] Sample trial#7 with GPSampler.
[I 2025-12-03 15:15:38,828] Trial 7 finished with value: 0.38571475319328025 and parameters: {'n_estimators': 150, 'learning_rate': 0.04781248910790196, 'max_depth': 16, 'min_child_weight': 1, 'subsample': 0.9929490758260003, 'colsample_bytree': 0.5401241358327078, 'reg_alpha': 0.8114237032223279, 'reg_lambda': 7.331586191607764, 'gamma': 4.0}. Best is trial 2 with value: 0.3877720129185576.
[D 2025-12-03 15:15:38,908] Sample trial#8 with GPSampler.
[I 2025-12-03 15:16:46,937] Trial 8 finished with value: 0.38246535996356334 and parameters: {'n_estimators': 900, 'learning_rate': 0.012859024717753308, 'max_depth': 18, 'min_child_weight': 9, 'subsample': 0.9349518537880593, 'colsample_bytree': 0.47108995892055744, 'reg_alpha': 0.6021269884337163, 'reg_lambda': 8.240499303969223, 'gamma': 0.0}. Best is trial 2 with value: 0.3877720129185576.
[D 2025-12-03 15:16:47,022] Sample trial#9 with GPSampler.
[I 2025-12-03 15:16:52,280] Trial 9 finished with value: 0.3865416795101798 and parameters: {'n_estimators': 100, 'learning_rate': 0.04796555199447813, 'max_depth': 10, 'min_child_weight': 8, 'subsample': 0.9652837421219232, 'colsample_bytree': 0.4384305207942558, 'reg_alpha': 0.4354100235106989, 'reg_lambda': 9.99303962653613, 'gamma': 2.0}. Best is trial 2 with value: 0.3877720129185576.
[D 2025-12-03 15:16:52,365] Sample trial#10 with GPSampler.
[I 2025-12-03 15:17:07,716] Trial 10 finished with value: 0.3873252944429384 and parameters: {'n_estimators': 500, 'learning_rate': 0.021394277236865607, 'max_depth': 12, 'min_child_weight': 7, 'subsample': 0.9360429668334997, 'colsample_bytree': 0.6, 'reg_alpha': 0.049391383614387795, 'reg_lambda': 1.0, 'gamma': 4.0}. Best is trial 2 with value: 0.3877720129185576.
[D 2025-12-03 15:17:07,797] Sample trial#11 with GPSampler.
[I 2025-12-03 15:17:31,090] Trial 11 finished with value: 0.3879020076419494 and parameters: {'n_estimators': 1000, 'learning_rate': 0.009, 'max_depth': 20, 'min_child_weight': 3, 'subsample': 0.9, 'colsample_bytree': 0.6, 'reg_alpha': 0.0, 'reg_lambda': 1.0, 'gamma': 5.0}. Best is trial 11 with value: 0.3879020076419494.
[D 2025-12-03 15:17:31,174] Sample trial#12 with GPSampler.
[I 2025-12-03 15:17:38,909] Trial 12 finished with value: 0.3859395331997766 and parameters: {'n_estimators': 200, 'learning_rate': 0.009, 'max_depth': 20, 'min_child_weight': 1, 'subsample': 0.9, 'colsample_bytree': 0.6, 'reg_alpha': 0.0, 'reg_lambda': 1.0, 'gamma': 5.0}. Best is trial 11 with value: 0.3879020076419494.
[D 2025-12-03 15:17:38,996] Sample trial#13 with GPSampler.
[I 2025-12-03 15:17:58,121] Trial 13 finished with value: 0.3890620797733784 and parameters: {'n_estimators': 1000, 'learning_rate': 0.009, 'max_depth': 14, 'min_child_weight': 7, 'subsample': 0.9804041130218725, 'colsample_bytree': 0.6, 'reg_alpha': 0.0, 'reg_lambda': 1.0, 'gamma': 5.0}. Best is trial 13 with value: 0.3890620797733784.
[D 2025-12-03 15:17:58,209] Sample trial#14 with GPSampler.
[I 2025-12-03 15:18:15,415] Trial 14 finished with value: 0.38800202903484926 and parameters: {'n_estimators': 1000, 'learning_rate': 0.009, 'max_depth': 4, 'min_child_weight': 10, 'subsample': 1.0, 'colsample_bytree': 0.6, 'reg_alpha': 0.0, 'reg_lambda': 1.0, 'gamma': 5.0}. Best is trial 13 with value: 0.3890620797733784.
[D 2025-12-03 15:18:15,505] Sample trial#15 with GPSampler.
[I 2025-12-03 15:18:34,027] Trial 15 finished with value: 0.3886124540033602 and parameters: {'n_estimators': 1000, 'learning_rate': 0.009, 'max_depth': 20, 'min_child_weight': 10, 'subsample': 1.0, 'colsample_bytree': 0.6, 'reg_alpha': 0.0, 'reg_lambda': 1.0, 'gamma': 5.0}. Best is trial 13 with value: 0.3890620797733784.
[D 2025-12-03 15:18:34,110] Sample trial#16 with GPSampler.
[I 2025-12-03 15:18:50,846] Trial 16 finished with value: 0.38812744104261004 and parameters: {'n_estimators': 1000, 'learning_rate': 0.038291468270592585, 'max_depth': 14, 'min_child_weight': 7, 'subsample': 1.0, 'colsample_bytree': 0.6, 'reg_alpha': 0.0, 'reg_lambda': 1.0, 'gamma': 5.0}. Best is trial 13 with value: 0.3890620797733784.
[D 2025-12-03 15:18:50,936] Sample trial#17 with GPSampler.
[I 2025-12-03 15:19:11,343] Trial 17 finished with value: 0.38784354025761913 and parameters: {'n_estimators': 1000, 'learning_rate': 0.009, 'max_depth': 14, 'min_child_weight': 9, 'subsample': 0.9678251002079666, 'colsample_bytree': 0.6, 'reg_alpha': 0.5866570211682287, 'reg_lambda': 1.0, 'gamma': 5.0}. Best is trial 13 with value: 0.3890620797733784.
[D 2025-12-03 15:19:11,428] Sample trial#18 with GPSampler.
