[I 2025-12-03 15:52:57,965] Trial 25 finished with value: 0.3874136447964155 and parameters: {'max_iter': 200, 'learning_rate': 0.009, 'max_depth': 4, 'min_samples_leaf': 1, 'l2_regularization': 0.0}. Best is trial 25 with value: 0.3874136447964155.
[D 2025-12-03 15:52:58,055] Sample trial#26 with GPSampler.
[I 2025-12-03 15:53:00,626] Trial 26 finished with value: 0.3874136447964155 and parameters: {'max_iter': 200, 'learning_rate': 0.009, 'max_depth': 4, 'min_samples_leaf': 1, 'l2_regularization': 0.0}. Best is trial 25 with value: 0.3874136447964155.
[D 2025-12-03 15:53:00,716] Sample trial#27 with GPSampler.
[I 2025-12-03 15:53:05,408] Trial 27 finished with value: 0.38677035664060505 and parameters: {'max_iter': 200, 'learning_rate': 0.009, 'max_depth': 5, 'min_samples_leaf': 1, 'l2_regularization': 0.0}. Best is trial 25 with value: 0.3874136447964155.
[D 2025-12-03 15:53:05,499] Sample trial#28 with GPSampler.
[I 2025-12-03 15:53:06,131] Trial 28 finished with value: 0.38218479375811554 and parameters: {'max_iter': 50, 'learning_rate': 0.1, 'max_depth': 2, 'min_samples_leaf': 30, 'l2_regularization': 1.0}. Best is trial 25 with value: 0.3874136447964155.
[D 2025-12-03 15:53:06,223] Sample trial#29 with GPSampler.
[I 2025-12-03 15:53:08,958] Trial 29 finished with value: 0.3874136447964155 and parameters: {'max_iter': 200, 'learning_rate': 0.009, 'max_depth': 4, 'min_samples_leaf': 1, 'l2_regularization': 0.0}. Best is trial 25 with value: 0.3874136447964155.
[I 2025-12-03 15:53:09,704] A new study created in memory with name: histogram_gradient_boosting_fold_3
[D 2025-12-03 15:53:09,704] Sample trial#0 with RandomSampler.
[I 2025-12-03 15:53:11,076] Trial 0 finished with value: 0.3733836028075198 and parameters: {'max_iter': 71, 'learning_rate': 0.08924729610260221, 'max_depth': 5, 'min_samples_leaf': 29, 'l2_regularization': 0.7172889704876616}. Best is trial 0 with value: 0.3733836028075198.
[D 2025-12-03 15:53:11,174] Sample trial#1 with GPSampler.
[I 2025-12-03 15:53:12,597] Trial 1 finished with value: 0.37759615669850954 and parameters: {'max_iter': 164, 'learning_rate': 0.05060813920705547, 'max_depth': 3, 'min_samples_leaf': 22, 'l2_regularization': 0.7511294387782652}. Best is trial 1 with value: 0.37759615669850954.
[D 2025-12-03 15:53:12,691] Sample trial#2 with GPSampler.
[I 2025-12-03 15:53:14,380] Trial 2 finished with value: 0.3766503704083207 and parameters: {'max_iter': 95, 'learning_rate': 0.025345059255303712, 'max_depth': 5, 'min_samples_leaf': 11, 'l2_regularization': 0.16791359134207273}. Best is trial 1 with value: 0.37759615669850954.
[D 2025-12-03 15:53:14,475] Sample trial#3 with GPSampler.
[I 2025-12-03 15:53:18,036] Trial 3 finished with value: 0.3636420067226108 and parameters: {'max_iter': 181, 'learning_rate': 0.09076093817528277, 'max_depth': 5, 'min_samples_leaf': 21, 'l2_regularization': 0.3017174827982505}. Best is trial 1 with value: 0.37759615669850954.
[D 2025-12-03 15:53:18,129] Sample trial#4 with GPSampler.
[I 2025-12-03 15:53:21,491] Trial 4 finished with value: 0.36728256344830956 and parameters: {'max_iter': 196, 'learning_rate': 0.057598400080359914, 'max_depth': 5, 'min_samples_leaf': 24, 'l2_regularization': 0.5736463090858583}. Best is trial 1 with value: 0.37759615669850954.
[D 2025-12-03 15:53:21,585] Sample trial#5 with GPSampler.
[I 2025-12-03 15:53:23,692] Trial 5 finished with value: 0.368797815742289 and parameters: {'max_iter': 143, 'learning_rate': 0.07126789492182878, 'max_depth': 4, 'min_samples_leaf': 24, 'l2_regularization': 0.7475926648768915}. Best is trial 1 with value: 0.37759615669850954.
[D 2025-12-03 15:53:23,791] Sample trial#6 with GPSampler.
[I 2025-12-03 15:53:25,792] Trial 6 finished with value: 0.36960332609558855 and parameters: {'max_iter': 132, 'learning_rate': 0.0809942243913462, 'max_depth': 4, 'min_samples_leaf': 15, 'l2_regularization': 0.6685213863084954}. Best is trial 1 with value: 0.37759615669850954.
[D 2025-12-03 15:53:25,889] Sample trial#7 with GPSampler.
[I 2025-12-03 15:53:27,503] Trial 7 finished with value: 0.38125384060306095 and parameters: {'max_iter': 184, 'learning_rate': 0.02187294761010205, 'max_depth': 3, 'min_samples_leaf': 6, 'l2_regularization': 0.42669647336768324}. Best is trial 7 with value: 0.38125384060306095.
[D 2025-12-03 15:53:27,597] Sample trial#8 with GPSampler.
[I 2025-12-03 15:53:30,626] Trial 8 finished with value: 0.36524869879296185 and parameters: {'max_iter': 197, 'learning_rate': 0.05920774225716225, 'max_depth': 5, 'min_samples_leaf': 10, 'l2_regularization': 0.045370659474948116}. Best is trial 7 with value: 0.38125384060306095.
[D 2025-12-03 15:53:30,717] Sample trial#9 with GPSampler.
[I 2025-12-03 15:53:31,653] Trial 9 finished with value: 0.37973066365538777 and parameters: {'max_iter': 139, 'learning_rate': 0.050216182353976006, 'max_depth': 2, 'min_samples_leaf': 7, 'l2_regularization': 0.3659038703370986}. Best is trial 7 with value: 0.38125384060306095.
[D 2025-12-03 15:53:31,746] Sample trial#10 with GPSampler.
[I 2025-12-03 15:53:32,875] Trial 10 finished with value: 0.3819995252290707 and parameters: {'max_iter': 174, 'learning_rate': 0.009, 'max_depth': 2, 'min_samples_leaf': 11, 'l2_regularization': 0.7756627038515953}. Best is trial 10 with value: 0.3819995252290707.
[D 2025-12-03 15:53:32,966] Sample trial#11 with GPSampler.
[I 2025-12-03 15:53:34,186] Trial 11 finished with value: 0.3814048453294773 and parameters: {'max_iter': 139, 'learning_rate': 0.009, 'max_depth': 3, 'min_samples_leaf': 1, 'l2_regularization': 0.8636284648221145}. Best is trial 10 with value: 0.3819995252290707.
[D 2025-12-03 15:53:34,279] Sample trial#12 with GPSampler.
[I 2025-12-03 15:53:35,379] Trial 12 finished with value: 0.3807893063533748 and parameters: {'max_iter': 143, 'learning_rate': 0.020944671038867962, 'max_depth': 2, 'min_samples_leaf': 30, 'l2_regularization': 0.5948179466433859}. Best is trial 10 with value: 0.3819995252290707.
[D 2025-12-03 15:53:35,474] Sample trial#13 with GPSampler.
[I 2025-12-03 15:53:36,840] Trial 13 finished with value: 0.3804362203808192 and parameters: {'max_iter': 200, 'learning_rate': 0.027324957119861992, 'max_depth': 2, 'min_samples_leaf': 1, 'l2_regularization': 1.0}. Best is trial 10 with value: 0.3819995252290707.
[D 2025-12-03 15:53:36,932] Sample trial#14 with GPSampler.
[I 2025-12-03 15:53:38,252] Trial 14 finished with value: 0.3834850171003029 and parameters: {'max_iter': 170, 'learning_rate': 0.009, 'max_depth': 2, 'min_samples_leaf': 1, 'l2_regularization': 0.0}. Best is trial 14 with value: 0.3834850171003029.
[D 2025-12-03 15:53:38,348] Sample trial#15 with GPSampler.
[I 2025-12-03 15:53:39,760] Trial 15 finished with value: 0.3814584026061273 and parameters: {'max_iter': 200, 'learning_rate': 0.009, 'max_depth': 2, 'min_samples_leaf': 25, 'l2_regularization': 0.0}. Best is trial 14 with value: 0.3834850171003029.
[D 2025-12-03 15:53:39,858] Sample trial#16 with GPSampler.
[I 2025-12-03 15:53:40,499] Trial 16 finished with value: 0.38029820937097125 and parameters: {'max_iter': 50, 'learning_rate': 0.009, 'max_depth': 2, 'min_samples_leaf': 1, 'l2_regularization': 0.0}. Best is trial 14 with value: 0.3834850171003029.
[D 2025-12-03 15:53:40,592] Sample trial#17 with GPSampler.
[I 2025-12-03 15:53:41,662] Trial 17 finished with value: 0.38292428084341756 and parameters: {'max_iter': 140, 'learning_rate': 0.009, 'max_depth': 2, 'min_samples_leaf': 1, 'l2_regularization': 0.0}. Best is trial 14 with value: 0.3834850171003029.
[D 2025-12-03 15:53:41,758] Sample trial#18 with GPSampler.
[I 2025-12-03 15:53:42,977] Trial 18 finished with value: 0.3811113983074841 and parameters: {'max_iter': 132, 'learning_rate': 0.009, 'max_depth': 3, 'min_samples_leaf': 1, 'l2_regularization': 0.0}. Best is trial 14 with value: 0.3834850171003029.
[D 2025-12-03 15:53:43,068] Sample trial#19 with GPSampler.
[I 2025-12-03 15:53:44,426] Trial 19 finished with value: 0.38316819973625266 and parameters: {'max_iter': 200, 'learning_rate': 0.009, 'max_depth': 2, 'min_samples_leaf': 1, 'l2_regularization': 0.0}. Best is trial 14 with value: 0.3834850171003029.
[D 2025-12-03 15:53:44,522] Sample trial#20 with GPSampler.
[I 2025-12-03 15:53:45,814] Trial 20 finished with value: 0.3770518863356437 and parameters: {'max_iter': 50, 'learning_rate': 0.009, 'max_depth': 5, 'min_samples_leaf': 1, 'l2_regularization': 1.0}. Best is trial 14 with value: 0.3834850171003029.
[D 2025-12-03 15:53:45,911] Sample trial#21 with GPSampler.
[I 2025-12-03 15:53:46,501] Trial 21 finished with value: 0.37874887698404935 and parameters: {'max_iter': 50, 'learning_rate': 0.1, 'max_depth': 2, 'min_samples_leaf': 1, 'l2_regularization': 1.0}. Best is trial 14 with value: 0.3834850171003029.
[D 2025-12-03 15:53:46,595] Sample trial#22 with GPSampler.
[I 2025-12-03 15:53:47,276] Trial 22 finished with value: 0.3768455135814033 and parameters: {'max_iter': 50, 'learning_rate': 0.009, 'max_depth': 3, 'min_samples_leaf': 30, 'l2_regularization': 1.0}. Best is trial 14 with value: 0.3834850171003029.
[D 2025-12-03 15:53:47,370] Sample trial#23 with GPSampler.
[I 2025-12-03 15:53:48,602] Trial 23 finished with value: 0.38351756626434486 and parameters: {'max_iter': 175, 'learning_rate': 0.009, 'max_depth': 2, 'min_samples_leaf': 1, 'l2_regularization': 0.0}. Best is trial 23 with value: 0.38351756626434486.
[D 2025-12-03 15:53:48,695] Sample trial#24 with GPSampler.
[I 2025-12-03 15:53:50,174] Trial 24 finished with value: 0.3745113482729657 and parameters: {'max_iter': 200, 'learning_rate': 0.1, 'max_depth': 2, 'min_samples_leaf': 30, 'l2_regularization': 0.0}. Best is trial 23 with value: 0.38351756626434486.
[D 2025-12-03 15:53:50,267] Sample trial#25 with GPSampler.
[I 2025-12-03 15:53:51,365] Trial 25 finished with value: 0.3835306187874533 and parameters: {'max_iter': 176, 'learning_rate': 0.017222096651745764, 'max_depth': 2, 'min_samples_leaf': 1, 'l2_regularization': 0.0}. Best is trial 25 with value: 0.3835306187874533.
[D 2025-12-03 15:53:51,457] Sample trial#26 with GPSampler.
[I 2025-12-03 15:53:52,574] Trial 26 finished with value: 0.3842021396704147 and parameters: {'max_iter': 176, 'learning_rate': 0.013407569379120556, 'max_depth': 2, 'min_samples_leaf': 1, 'l2_regularization': 0.0}. Best is trial 26 with value: 0.3842021396704147.
[D 2025-12-03 15:53:52,666] Sample trial#27 with GPSampler.
[I 2025-12-03 15:53:53,351] Trial 27 finished with value: 0.38225097384208895 and parameters: {'max_iter': 50, 'learning_rate': 0.046337326648706774, 'max_depth': 2, 'min_samples_leaf': 30, 'l2_regularization': 1.0}. Best is trial 26 with value: 0.3842021396704147.
[D 2025-12-03 15:53:53,444] Sample trial#28 with GPSampler.
[I 2025-12-03 15:53:54,134] Trial 28 finished with value: 0.3821038644361879 and parameters: {'max_iter': 50, 'learning_rate': 0.034805078249586084, 'max_depth': 2, 'min_samples_leaf': 1, 'l2_regularization': 1.0}. Best is trial 26 with value: 0.3842021396704147.
[D 2025-12-03 15:53:54,231] Sample trial#29 with GPSampler.
[I 2025-12-03 15:53:54,793] Trial 29 finished with value: 0.3819846470557077 and parameters: {'max_iter': 50, 'learning_rate': 0.05745903827208174, 'max_depth': 2, 'min_samples_leaf': 1, 'l2_regularization': 1.0}. Best is trial 26 with value: 0.3842021396704147.
[I 2025-12-03 15:53:55,432] A new study created in memory with name: histogram_gradient_boosting_fold_4
[D 2025-12-03 15:53:55,432] Sample trial#0 with RandomSampler.
[I 2025-12-03 15:53:57,360] Trial 0 finished with value: 0.3781101219824106 and parameters: {'max_iter': 133, 'learning_rate': 0.026885771638848067, 'max_depth': 4, 'min_samples_leaf': 15, 'l2_regularization': 0.9131775371880418}. Best is trial 0 with value: 0.3781101219824106.
[D 2025-12-03 15:53:57,462] Sample trial#1 with GPSampler.
[I 2025-12-03 15:53:58,206] Trial 1 finished with value: 0.3795175417847866 and parameters: {'max_iter': 72, 'learning_rate': 0.04409314041424353, 'max_depth': 3, 'min_samples_leaf': 28, 'l2_regularization': 0.9493461585624953}. Best is trial 1 with value: 0.3795175417847866.
[D 2025-12-03 15:53:58,304] Sample trial#2 with GPSampler.
[I 2025-12-03 15:53:59,354] Trial 2 finished with value: 0.37926330800997843 and parameters: {'max_iter': 188, 'learning_rate': 0.02048334926282477, 'max_depth': 2, 'min_samples_leaf': 19, 'l2_regularization': 0.345882063546164}. Best is trial 1 with value: 0.3795175417847866.
[D 2025-12-03 15:53:59,449] Sample trial#3 with GPSampler.
[I 2025-12-03 15:54:01,003] Trial 3 finished with value: 0.3683958523114276 and parameters: {'max_iter': 123, 'learning_rate': 0.09361213373002002, 'max_depth': 4, 'min_samples_leaf': 1, 'l2_regularization': 0.6141765346072972}. Best is trial 1 with value: 0.3795175417847866.
[D 2025-12-03 15:54:01,099] Sample trial#4 with GPSampler.
[I 2025-12-03 15:54:02,003] Trial 4 finished with value: 0.3754338477215727 and parameters: {'max_iter': 73, 'learning_rate': 0.045629076093805634, 'max_depth': 4, 'min_samples_leaf': 27, 'l2_regularization': 0.5979437399400658}. Best is trial 1 with value: 0.3795175417847866.
[D 2025-12-03 15:54:02,103] Sample trial#5 with GPSampler.
[I 2025-12-03 15:54:03,556] Trial 5 finished with value: 0.37581276407072667 and parameters: {'max_iter': 92, 'learning_rate': 0.039389206848138146, 'max_depth': 4, 'min_samples_leaf': 13, 'l2_regularization': 0.7519110032121045}. Best is trial 1 with value: 0.3795175417847866.
[D 2025-12-03 15:54:03,660] Sample trial#6 with GPSampler.
[I 2025-12-03 15:54:04,720] Trial 6 finished with value: 0.381245696389385 and parameters: {'max_iter': 88, 'learning_rate': 0.034906388542783086, 'max_depth': 3, 'min_samples_leaf': 3, 'l2_regularization': 0.09231892437484868}. Best is trial 6 with value: 0.381245696389385.
[D 2025-12-03 15:54:04,823] Sample trial#7 with GPSampler.
[I 2025-12-03 15:54:06,501] Trial 7 finished with value: 0.3729496686459527 and parameters: {'max_iter': 164, 'learning_rate': 0.06584004571819829, 'max_depth': 3, 'min_samples_leaf': 15, 'l2_regularization': 0.904274900088038}. Best is trial 6 with value: 0.381245696389385.
[D 2025-12-03 15:54:06,601] Sample trial#8 with GPSampler.
[I 2025-12-03 15:54:07,221] Trial 8 finished with value: 0.3809090469346431 and parameters: {'max_iter': 59, 'learning_rate': 0.08932385089240358, 'max_depth': 2, 'min_samples_leaf': 11, 'l2_regularization': 0.08252916322835058}. Best is trial 6 with value: 0.381245696389385.
[D 2025-12-03 15:54:07,323] Sample trial#9 with GPSampler.
[I 2025-12-03 15:54:08,611] Trial 9 finished with value: 0.37664876375152156 and parameters: {'max_iter': 173, 'learning_rate': 0.058789188758970504, 'max_depth': 2, 'min_samples_leaf': 21, 'l2_regularization': 0.8651759439436573}. Best is trial 6 with value: 0.381245696389385.
[D 2025-12-03 15:54:08,713] Sample trial#10 with GPSampler.
[I 2025-12-03 15:54:09,426] Trial 10 finished with value: 0.38036974188195927 and parameters: {'max_iter': 50, 'learning_rate': 0.045841920104408206, 'max_depth': 2, 'min_samples_leaf': 9, 'l2_regularization': 0.0}. Best is trial 6 with value: 0.381245696389385.
[D 2025-12-03 15:54:09,527] Sample trial#11 with GPSampler.
[I 2025-12-03 15:54:10,145] Trial 11 finished with value: 0.3755587500526848 and parameters: {'max_iter': 50, 'learning_rate': 0.009, 'max_depth': 2, 'min_samples_leaf': 30, 'l2_regularization': 1.0}. Best is trial 6 with value: 0.381245696389385.
[D 2025-12-03 15:54:10,247] Sample trial#12 with GPSampler.
[I 2025-12-03 15:54:12,435] Trial 12 finished with value: 0.3831721105251465 and parameters: {'max_iter': 197, 'learning_rate': 0.01929873816349239, 'max_depth': 3, 'min_samples_leaf': 1, 'l2_regularization': 0.0}. Best is trial 12 with value: 0.3831721105251465.
[D 2025-12-03 15:54:12,530] Sample trial#13 with GPSampler.
[I 2025-12-03 15:54:16,927] Trial 13 finished with value: 0.37868465039264876 and parameters: {'max_iter': 200, 'learning_rate': 0.009, 'max_depth': 5, 'min_samples_leaf': 1, 'l2_regularization': 0.0}. Best is trial 12 with value: 0.3831721105251465.
[D 2025-12-03 15:54:17,025] Sample trial#14 with GPSampler.
[I 2025-12-03 15:54:18,437] Trial 14 finished with value: 0.38065516602659666 and parameters: {'max_iter': 195, 'learning_rate': 0.009, 'max_depth': 2, 'min_samples_leaf': 1, 'l2_regularization': 0.0}. Best is trial 12 with value: 0.3831721105251465.
[D 2025-12-03 15:54:18,545] Sample trial#15 with GPSampler.
[I 2025-12-03 15:54:20,592] Trial 15 finished with value: 0.37915094944826644 and parameters: {'max_iter': 200, 'learning_rate': 0.019832622637303614, 'max_depth': 3, 'min_samples_leaf': 22, 'l2_regularization': 0.0}. Best is trial 12 with value: 0.3831721105251465.
[D 2025-12-03 15:54:20,695] Sample trial#16 with GPSampler.
[I 2025-12-03 15:54:22,799] Trial 16 finished with value: 0.37947216126482847 and parameters: {'max_iter': 200, 'learning_rate': 0.03487504907757171, 'max_depth': 3, 'min_samples_leaf': 1, 'l2_regularization': 0.0}. Best is trial 12 with value: 0.3831721105251465.
[D 2025-12-03 15:54:22,900] Sample trial#17 with GPSampler.
[I 2025-12-03 15:54:24,655] Trial 17 finished with value: 0.38192211884678506 and parameters: {'max_iter': 160, 'learning_rate': 0.009, 'max_depth': 3, 'min_samples_leaf': 1, 'l2_regularization': 0.0}. Best is trial 12 with value: 0.3831721105251465.
[D 2025-12-03 15:54:24,756] Sample trial#18 with GPSampler.
[I 2025-12-03 15:54:26,737] Trial 18 finished with value: 0.3796015814168858 and parameters: {'max_iter': 200, 'learning_rate': 0.01529072215268516, 'max_depth': 3, 'min_samples_leaf': 1, 'l2_regularization': 0.9308734852546694}. Best is trial 12 with value: 0.3831721105251465.
[D 2025-12-03 15:54:26,836] Sample trial#19 with GPSampler.
[I 2025-12-03 15:54:27,862] Trial 19 finished with value: 0.38286082619329326 and parameters: {'max_iter': 107, 'learning_rate': 0.020640187689042137, 'max_depth': 3, 'min_samples_leaf': 1, 'l2_regularization': 0.0}. Best is trial 12 with value: 0.3831721105251465.
[D 2025-12-03 15:54:27,961] Sample trial#20 with GPSampler.
[I 2025-12-03 15:54:28,517] Trial 20 finished with value: 0.37880897344514036 and parameters: {'max_iter': 50, 'learning_rate': 0.09999999999999999, 'max_depth': 2, 'min_samples_leaf': 30, 'l2_regularization': 0.0}. Best is trial 12 with value: 0.3831721105251465.
[D 2025-12-03 15:54:28,612] Sample trial#21 with GPSampler.
[I 2025-12-03 15:54:29,205] Trial 21 finished with value: 0.38112539476085117 and parameters: {'max_iter': 50, 'learning_rate': 0.02521640111530149, 'max_depth': 2, 'min_samples_leaf': 1, 'l2_regularization': 0.0}. Best is trial 12 with value: 0.3831721105251465.
[D 2025-12-03 15:54:29,303] Sample trial#22 with GPSampler.
[I 2025-12-03 15:54:30,726] Trial 22 finished with value: 0.38365604145213306 and parameters: {'max_iter': 160, 'learning_rate': 0.019437950274201456, 'max_depth': 3, 'min_samples_leaf': 1, 'l2_regularization': 0.0}. Best is trial 22 with value: 0.38365604145213306.
[D 2025-12-03 15:54:30,822] Sample trial#23 with GPSampler.
[I 2025-12-03 15:54:31,433] Trial 23 finished with value: 0.37957827633744723 and parameters: {'max_iter': 50, 'learning_rate': 0.07032424569202328, 'max_depth': 2, 'min_samples_leaf': 30, 'l2_regularization': 0.0}. Best is trial 22 with value: 0.38365604145213306.
[D 2025-12-03 15:54:31,532] Sample trial#24 with GPSampler.
[I 2025-12-03 15:54:32,121] Trial 24 finished with value: 0.37870424681862846 and parameters: {'max_iter': 50, 'learning_rate': 0.03852592156363655, 'max_depth': 2, 'min_samples_leaf': 1, 'l2_regularization': 1.0}. Best is trial 22 with value: 0.38365604145213306.
[D 2025-12-03 15:54:32,216] Sample trial#25 with GPSampler.
[I 2025-12-03 15:54:32,807] Trial 25 finished with value: 0.3783553180204017 and parameters: {'max_iter': 50, 'learning_rate': 0.1, 'max_depth': 2, 'min_samples_leaf': 1, 'l2_regularization': 1.0}. Best is trial 22 with value: 0.38365604145213306.
[D 2025-12-03 15:54:32,904] Sample trial#26 with GPSampler.
[I 2025-12-03 15:54:34,307] Trial 26 finished with value: 0.3841394339465636 and parameters: {'max_iter': 156, 'learning_rate': 0.020836190317427998, 'max_depth': 3, 'min_samples_leaf': 1, 'l2_regularization': 0.0}. Best is trial 26 with value: 0.3841394339465636.
[D 2025-12-03 15:54:34,411] Sample trial#27 with GPSampler.
[I 2025-12-03 15:54:35,473] Trial 27 finished with value: 0.38201277115740817 and parameters: {'max_iter': 145, 'learning_rate': 0.026645703936961043, 'max_depth': 2, 'min_samples_leaf': 1, 'l2_regularization': 0.0}. Best is trial 26 with value: 0.3841394339465636.
[D 2025-12-03 15:54:35,572] Sample trial#28 with GPSampler.
[I 2025-12-03 15:54:36,765] Trial 28 finished with value: 0.3775262357759962 and parameters: {'max_iter': 50, 'learning_rate': 0.009, 'max_depth': 5, 'min_samples_leaf': 30, 'l2_regularization': 0.0}. Best is trial 26 with value: 0.3841394339465636.
[D 2025-12-03 15:54:36,865] Sample trial#29 with GPSampler.
[I 2025-12-03 15:54:38,226] Trial 29 finished with value: 0.3772262679644034 and parameters: {'max_iter': 200, 'learning_rate': 0.1, 'max_depth': 2, 'min_samples_leaf': 1, 'l2_regularization': 0.0}. Best is trial 26 with value: 0.3841394339465636.
[I 2025-12-03 15:54:38,826] A new study created in memory with name: histogram_gradient_boosting_fold_5
[D 2025-12-03 15:54:38,826] Sample trial#0 with RandomSampler.
[I 2025-12-03 15:54:39,658] Trial 0 finished with value: 0.38295723773285945 and parameters: {'max_iter': 129, 'learning_rate': 0.033903968999986114, 'max_depth': 2, 'min_samples_leaf': 2, 'l2_regularization': 0.278248849808548}. Best is trial 0 with value: 0.38295723773285945.
[D 2025-12-03 15:54:39,755] Sample trial#1 with GPSampler.
