[I 2025-12-03 15:06:15,443] Trial 27 finished with value: 0.38884902712210384 and parameters: {'iterations': 1000, 'learning_rate': 0.02, 'depth': 4, 'l2_leaf_reg': 10.0, 'border_count': 150, 'bagging_temperature': 0.0, 'random_strength': 1.0}. Best is trial 19 with value: 0.3995239246326078.
[D 2025-12-03 15:06:15,512] Sample trial#28 with GPSampler.
[I 2025-12-03 15:06:22,531] Trial 28 finished with value: 0.3887634032736357 and parameters: {'iterations': 1000, 'learning_rate': 0.001, 'depth': 4, 'l2_leaf_reg': 1.0, 'border_count': 255, 'bagging_temperature': 1.0, 'random_strength': 0.0}. Best is trial 19 with value: 0.3995239246326078.
[D 2025-12-03 15:06:22,598] Sample trial#29 with GPSampler.
[I 2025-12-03 15:06:29,717] Trial 29 finished with value: 0.39809157734353623 and parameters: {'iterations': 1000, 'learning_rate': 0.02, 'depth': 4, 'l2_leaf_reg': 1.0, 'border_count': 240, 'bagging_temperature': 1.0, 'random_strength': 0.0}. Best is trial 19 with value: 0.3995239246326078.
[I 2025-12-03 15:06:31,997] A new study created in memory with name: catboost_fold_3
[D 2025-12-03 15:06:31,997] Sample trial#0 with RandomSampler.
[I 2025-12-03 15:06:33,717] Trial 0 finished with value: 0.37461421991545085 and parameters: {'iterations': 300, 'learning_rate': 0.0034097224448851574, 'depth': 2, 'l2_leaf_reg': 6.769857783593797, 'border_count': 226, 'bagging_temperature': 0.7039125026872672, 'random_strength': 0.7013672594172287}. Best is trial 0 with value: 0.37461421991545085.
[D 2025-12-03 15:06:33,787] Sample trial#1 with GPSampler.
[I 2025-12-03 15:06:39,937] Trial 1 finished with value: 0.38268679003770667 and parameters: {'iterations': 1000, 'learning_rate': 0.004958819956894665, 'depth': 4, 'l2_leaf_reg': 3.6891691286444677, 'border_count': 162, 'bagging_temperature': 0.14776896662296102, 'random_strength': 0.576023336089785}. Best is trial 1 with value: 0.38268679003770667.
[D 2025-12-03 15:06:40,006] Sample trial#2 with GPSampler.
[I 2025-12-03 15:06:42,441] Trial 2 finished with value: 0.38170571825545957 and parameters: {'iterations': 500, 'learning_rate': 0.010307789689227836, 'depth': 2, 'l2_leaf_reg': 7.752135975651225, 'border_count': 246, 'bagging_temperature': 0.863960753045926, 'random_strength': 0.07299585533545039}. Best is trial 1 with value: 0.38268679003770667.
[D 2025-12-03 15:06:42,512] Sample trial#3 with GPSampler.
[I 2025-12-03 15:06:46,124] Trial 3 finished with value: 0.377288131343363 and parameters: {'iterations': 800, 'learning_rate': 0.0010673422388197446, 'depth': 2, 'l2_leaf_reg': 2.746934716516251, 'border_count': 230, 'bagging_temperature': 0.530395929888529, 'random_strength': 0.21912895815181566}. Best is trial 1 with value: 0.38268679003770667.
[D 2025-12-03 15:06:46,194] Sample trial#4 with GPSampler.
[I 2025-12-03 15:06:50,514] Trial 4 finished with value: 0.3841135434998843 and parameters: {'iterations': 800, 'learning_rate': 0.008365106854184871, 'depth': 3, 'l2_leaf_reg': 8.139272913262378, 'border_count': 233, 'bagging_temperature': 0.9804742304213561, 'random_strength': 0.40973802063895015}. Best is trial 4 with value: 0.3841135434998843.
[D 2025-12-03 15:06:50,585] Sample trial#5 with GPSampler.
[I 2025-12-03 15:06:52,036] Trial 5 finished with value: 0.3751411138829149 and parameters: {'iterations': 200, 'learning_rate': 0.0019107426278834974, 'depth': 3, 'l2_leaf_reg': 4.213919390513954, 'border_count': 153, 'bagging_temperature': 0.5199039717685918, 'random_strength': 0.6431703891778943}. Best is trial 4 with value: 0.3841135434998843.
[D 2025-12-03 15:06:52,105] Sample trial#6 with GPSampler.
[I 2025-12-03 15:06:54,163] Trial 6 finished with value: 0.3820279414570181 and parameters: {'iterations': 400, 'learning_rate': 0.015170390685414856, 'depth': 2, 'l2_leaf_reg': 5.077972203879294, 'border_count': 208, 'bagging_temperature': 0.05334078920950003, 'random_strength': 0.3417626729049237}. Best is trial 4 with value: 0.3841135434998843.
[D 2025-12-03 15:06:54,235] Sample trial#7 with GPSampler.
[I 2025-12-03 15:06:59,320] Trial 7 finished with value: 0.38762858292071195 and parameters: {'iterations': 800, 'learning_rate': 0.016234729425826086, 'depth': 4, 'l2_leaf_reg': 4.389592313672987, 'border_count': 182, 'bagging_temperature': 0.4508792343089405, 'random_strength': 0.12349934805986795}. Best is trial 7 with value: 0.38762858292071195.
[D 2025-12-03 15:06:59,392] Sample trial#8 with GPSampler.
[I 2025-12-03 15:07:01,347] Trial 8 finished with value: 0.38196710096659325 and parameters: {'iterations': 300, 'learning_rate': 0.013417043492608152, 'depth': 3, 'l2_leaf_reg': 4.146313769608139, 'border_count': 200, 'bagging_temperature': 0.8864292252699671, 'random_strength': 0.9163004194993659}. Best is trial 7 with value: 0.38762858292071195.
[D 2025-12-03 15:07:01,416] Sample trial#9 with GPSampler.
[I 2025-12-03 15:07:02,386] Trial 9 finished with value: 0.3756792945820054 and parameters: {'iterations': 100, 'learning_rate': 0.019611564289584073, 'depth': 2, 'l2_leaf_reg': 9.568031053178727, 'border_count': 252, 'bagging_temperature': 0.986452264953752, 'random_strength': 0.5114856937783333}. Best is trial 7 with value: 0.38762858292071195.
[D 2025-12-03 15:07:02,456] Sample trial#10 with GPSampler.
[I 2025-12-03 15:07:08,832] Trial 10 finished with value: 0.3888330284357496 and parameters: {'iterations': 1000, 'learning_rate': 0.014339635703876776, 'depth': 4, 'l2_leaf_reg': 4.240206993758488, 'border_count': 184, 'bagging_temperature': 0.8221804173832067, 'random_strength': 0.3496406383200088}. Best is trial 10 with value: 0.3888330284357496.
[D 2025-12-03 15:07:08,901] Sample trial#11 with GPSampler.
[I 2025-12-03 15:07:14,947] Trial 11 finished with value: 0.3906268685186779 and parameters: {'iterations': 1000, 'learning_rate': 0.014391338601551978, 'depth': 4, 'l2_leaf_reg': 1.0, 'border_count': 150, 'bagging_temperature': 0.9999999999999999, 'random_strength': 0.0}. Best is trial 11 with value: 0.3906268685186779.
[D 2025-12-03 15:07:15,016] Sample trial#12 with GPSampler.
[I 2025-12-03 15:07:19,196] Trial 12 finished with value: 0.3860025816018256 and parameters: {'iterations': 1000, 'learning_rate': 0.01531577021092674, 'depth': 2, 'l2_leaf_reg': 1.0, 'border_count': 150, 'bagging_temperature': 1.0, 'random_strength': 0.0}. Best is trial 11 with value: 0.3906268685186779.
[D 2025-12-03 15:07:19,266] Sample trial#13 with GPSampler.
[I 2025-12-03 15:07:25,262] Trial 13 finished with value: 0.3897135898031992 and parameters: {'iterations': 1000, 'learning_rate': 0.011951072433833965, 'depth': 4, 'l2_leaf_reg': 1.0, 'border_count': 150, 'bagging_temperature': 1.0, 'random_strength': 0.0}. Best is trial 11 with value: 0.3906268685186779.
[D 2025-12-03 15:07:25,331] Sample trial#14 with GPSampler.
[I 2025-12-03 15:07:32,498] Trial 14 finished with value: 0.39005299316752884 and parameters: {'iterations': 1000, 'learning_rate': 0.01435551074929008, 'depth': 4, 'l2_leaf_reg': 1.0, 'border_count': 245, 'bagging_temperature': 1.0, 'random_strength': 0.0}. Best is trial 11 with value: 0.3906268685186779.
[D 2025-12-03 15:07:32,568] Sample trial#15 with GPSampler.
[I 2025-12-03 15:07:38,705] Trial 15 finished with value: 0.3923785739712102 and parameters: {'iterations': 1000, 'learning_rate': 0.018011984980947, 'depth': 4, 'l2_leaf_reg': 1.0, 'border_count': 150, 'bagging_temperature': 1.0, 'random_strength': 0.0}. Best is trial 15 with value: 0.3923785739712102.
[D 2025-12-03 15:07:38,776] Sample trial#16 with GPSampler.
[I 2025-12-03 15:07:44,780] Trial 16 finished with value: 0.3926429047222997 and parameters: {'iterations': 1000, 'learning_rate': 0.02, 'depth': 4, 'l2_leaf_reg': 1.0, 'border_count': 150, 'bagging_temperature': 1.0, 'random_strength': 0.0}. Best is trial 16 with value: 0.3926429047222997.
[D 2025-12-03 15:07:44,851] Sample trial#17 with GPSampler.
[I 2025-12-03 15:07:50,915] Trial 17 finished with value: 0.39121104598667616 and parameters: {'iterations': 1000, 'learning_rate': 0.02, 'depth': 4, 'l2_leaf_reg': 1.0, 'border_count': 150, 'bagging_temperature': 1.0, 'random_strength': 0.7262688484103133}. Best is trial 16 with value: 0.3926429047222997.
[D 2025-12-03 15:07:50,986] Sample trial#18 with GPSampler.
[I 2025-12-03 15:07:55,938] Trial 18 finished with value: 0.39142442434022273 and parameters: {'iterations': 800, 'learning_rate': 0.02, 'depth': 4, 'l2_leaf_reg': 1.0, 'border_count': 150, 'bagging_temperature': 0.9999999999999999, 'random_strength': 0.0}. Best is trial 16 with value: 0.3926429047222997.
[D 2025-12-03 15:07:56,009] Sample trial#19 with GPSampler.
[I 2025-12-03 15:08:02,487] Trial 19 finished with value: 0.39223284713618906 and parameters: {'iterations': 1000, 'learning_rate': 0.02, 'depth': 4, 'l2_leaf_reg': 1.0, 'border_count': 198, 'bagging_temperature': 1.0, 'random_strength': 0.0}. Best is trial 16 with value: 0.3926429047222997.
[D 2025-12-03 15:08:02,557] Sample trial#20 with GPSampler.
[I 2025-12-03 15:08:08,581] Trial 20 finished with value: 0.3926429047222997 and parameters: {'iterations': 1000, 'learning_rate': 0.02, 'depth': 4, 'l2_leaf_reg': 1.0, 'border_count': 150, 'bagging_temperature': 1.0, 'random_strength': 0.0}. Best is trial 16 with value: 0.3926429047222997.
[D 2025-12-03 15:08:08,651] Sample trial#21 with GPSampler.
[I 2025-12-03 15:08:14,722] Trial 21 finished with value: 0.3854705367141008 and parameters: {'iterations': 1000, 'learning_rate': 0.02, 'depth': 4, 'l2_leaf_reg': 1.0, 'border_count': 150, 'bagging_temperature': 0.0, 'random_strength': 0.0}. Best is trial 16 with value: 0.3926429047222997.
[D 2025-12-03 15:08:14,793] Sample trial#22 with GPSampler.
[I 2025-12-03 15:08:20,716] Trial 22 finished with value: 0.3905559745499364 and parameters: {'iterations': 1000, 'learning_rate': 0.02, 'depth': 4, 'l2_leaf_reg': 6.17316719242183, 'border_count': 150, 'bagging_temperature': 1.0, 'random_strength': 0.0}. Best is trial 16 with value: 0.3926429047222997.
[D 2025-12-03 15:08:20,785] Sample trial#23 with GPSampler.
[I 2025-12-03 15:08:27,912] Trial 23 finished with value: 0.38323005295089907 and parameters: {'iterations': 1000, 'learning_rate': 0.02, 'depth': 4, 'l2_leaf_reg': 9.999999999999998, 'border_count': 255, 'bagging_temperature': 0.0, 'random_strength': 1.0}. Best is trial 16 with value: 0.3926429047222997.
[D 2025-12-03 15:08:27,983] Sample trial#24 with GPSampler.
[I 2025-12-03 15:08:34,200] Trial 24 finished with value: 0.3918564668878925 and parameters: {'iterations': 1000, 'learning_rate': 0.019809627112677246, 'depth': 4, 'l2_leaf_reg': 1.0, 'border_count': 150, 'bagging_temperature': 0.8776069863863717, 'random_strength': 0.0}. Best is trial 16 with value: 0.3926429047222997.
[D 2025-12-03 15:08:34,270] Sample trial#25 with GPSampler.
[I 2025-12-03 15:08:39,206] Trial 25 finished with value: 0.3902655205089398 and parameters: {'iterations': 1000, 'learning_rate': 0.02, 'depth': 3, 'l2_leaf_reg': 1.0, 'border_count': 150, 'bagging_temperature': 1.0, 'random_strength': 0.0}. Best is trial 16 with value: 0.3926429047222997.
[D 2025-12-03 15:08:39,277] Sample trial#26 with GPSampler.
[I 2025-12-03 15:08:45,339] Trial 26 finished with value: 0.3926429047222997 and parameters: {'iterations': 1000, 'learning_rate': 0.02, 'depth': 4, 'l2_leaf_reg': 1.0, 'border_count': 150, 'bagging_temperature': 1.0, 'random_strength': 0.0}. Best is trial 16 with value: 0.3926429047222997.
[D 2025-12-03 15:08:45,411] Sample trial#27 with GPSampler.
[I 2025-12-03 15:08:51,763] Trial 27 finished with value: 0.3926429047222997 and parameters: {'iterations': 1000, 'learning_rate': 0.02, 'depth': 4, 'l2_leaf_reg': 1.0, 'border_count': 150, 'bagging_temperature': 1.0, 'random_strength': 0.0}. Best is trial 16 with value: 0.3926429047222997.
[D 2025-12-03 15:08:51,835] Sample trial#28 with GPSampler.
[I 2025-12-03 15:08:53,084] Trial 28 finished with value: 0.3826983203747274 and parameters: {'iterations': 100, 'learning_rate': 0.02, 'depth': 4, 'l2_leaf_reg': 1.0, 'border_count': 150, 'bagging_temperature': 0.0, 'random_strength': 0.0}. Best is trial 16 with value: 0.3926429047222997.
[D 2025-12-03 15:08:53,155] Sample trial#29 with GPSampler.
[I 2025-12-03 15:08:59,439] Trial 29 finished with value: 0.3926429047222997 and parameters: {'iterations': 1000, 'learning_rate': 0.02, 'depth': 4, 'l2_leaf_reg': 1.0, 'border_count': 150, 'bagging_temperature': 1.0, 'random_strength': 0.0}. Best is trial 16 with value: 0.3926429047222997.
[I 2025-12-03 15:09:01,433] A new study created in memory with name: catboost_fold_4
[D 2025-12-03 15:09:01,434] Sample trial#0 with RandomSampler.
[I 2025-12-03 15:09:02,384] Trial 0 finished with value: 0.37478477895572293 and parameters: {'iterations': 100, 'learning_rate': 0.01197316886928369, 'depth': 2, 'l2_leaf_reg': 2.728451229923613, 'border_count': 170, 'bagging_temperature': 0.8729772488783514, 'random_strength': 0.6832572905197173}. Best is trial 0 with value: 0.37478477895572293.
[D 2025-12-03 15:09:02,456] Sample trial#1 with GPSampler.
[I 2025-12-03 15:09:06,284] Trial 1 finished with value: 0.3815472198153859 and parameters: {'iterations': 900, 'learning_rate': 0.003036089064886894, 'depth': 2, 'l2_leaf_reg': 6.259820934702118, 'border_count': 169, 'bagging_temperature': 0.11966858964928606, 'random_strength': 0.3532970880487435}. Best is trial 1 with value: 0.3815472198153859.
[D 2025-12-03 15:09:06,356] Sample trial#2 with GPSampler.
[I 2025-12-03 15:09:08,646] Trial 2 finished with value: 0.3840091385387809 and parameters: {'iterations': 400, 'learning_rate': 0.01780230383464266, 'depth': 3, 'l2_leaf_reg': 9.470513677199088, 'border_count': 150, 'bagging_temperature': 0.02971759857719891, 'random_strength': 0.02114933223644666}. Best is trial 2 with value: 0.3840091385387809.
[D 2025-12-03 15:09:08,728] Sample trial#3 with GPSampler.
[I 2025-12-03 15:09:12,461] Trial 3 finished with value: 0.38351412059146756 and parameters: {'iterations': 700, 'learning_rate': 0.01825538222670281, 'depth': 3, 'l2_leaf_reg': 9.612287246568272, 'border_count': 210, 'bagging_temperature': 0.14262677986398886, 'random_strength': 0.4573955110789172}. Best is trial 2 with value: 0.3840091385387809.
[D 2025-12-03 15:09:12,533] Sample trial#4 with GPSampler.
[I 2025-12-03 15:09:16,113] Trial 4 finished with value: 0.38238129100211016 and parameters: {'iterations': 800, 'learning_rate': 0.004663382993334591, 'depth': 2, 'l2_leaf_reg': 6.264786453667977, 'border_count': 235, 'bagging_temperature': 0.12705892006540886, 'random_strength': 0.6954959513492948}. Best is trial 2 with value: 0.3840091385387809.
[D 2025-12-03 15:09:16,185] Sample trial#5 with GPSampler.
[I 2025-12-03 15:09:20,877] Trial 5 finished with value: 0.38121775530578367 and parameters: {'iterations': 700, 'learning_rate': 0.0019117457201622548, 'depth': 4, 'l2_leaf_reg': 4.418301680686719, 'border_count': 180, 'bagging_temperature': 0.1223030721670707, 'random_strength': 0.13188410036891285}. Best is trial 2 with value: 0.3840091385387809.
[D 2025-12-03 15:09:20,952] Sample trial#6 with GPSampler.
[I 2025-12-03 15:09:21,979] Trial 6 finished with value: 0.38416096918755555 and parameters: {'iterations': 100, 'learning_rate': 0.010609023090376604, 'depth': 3, 'l2_leaf_reg': 3.357781798342767, 'border_count': 189, 'bagging_temperature': 0.9763832183045885, 'random_strength': 0.07825011414993555}. Best is trial 6 with value: 0.38416096918755555.
[D 2025-12-03 15:09:22,049] Sample trial#7 with GPSampler.
[I 2025-12-03 15:09:23,093] Trial 7 finished with value: 0.378676281568836 and parameters: {'iterations': 100, 'learning_rate': 0.0070020829503899245, 'depth': 3, 'l2_leaf_reg': 6.356377490615094, 'border_count': 220, 'bagging_temperature': 0.18831245936953966, 'random_strength': 0.9925008682190969}. Best is trial 6 with value: 0.38416096918755555.
[D 2025-12-03 15:09:23,166] Sample trial#8 with GPSampler.
[I 2025-12-03 15:09:28,504] Trial 8 finished with value: 0.3852296064412176 and parameters: {'iterations': 800, 'learning_rate': 0.005602843146678363, 'depth': 4, 'l2_leaf_reg': 9.728352748913812, 'border_count': 208, 'bagging_temperature': 0.8607971823834749, 'random_strength': 0.12483729134600263}. Best is trial 8 with value: 0.3852296064412176.
[D 2025-12-03 15:09:28,577] Sample trial#9 with GPSampler.
[I 2025-12-03 15:09:31,070] Trial 9 finished with value: 0.3842409860108018 and parameters: {'iterations': 300, 'learning_rate': 0.010473345019593454, 'depth': 4, 'l2_leaf_reg': 9.55240550828365, 'border_count': 240, 'bagging_temperature': 0.542417183043739, 'random_strength': 0.16734976038034755}. Best is trial 8 with value: 0.3852296064412176.
[D 2025-12-03 15:09:31,145] Sample trial#10 with GPSampler.
[I 2025-12-03 15:09:34,977] Trial 10 finished with value: 0.3857673246454181 and parameters: {'iterations': 700, 'learning_rate': 0.01967734057454048, 'depth': 3, 'l2_leaf_reg': 10.0, 'border_count': 212, 'bagging_temperature': 1.0, 'random_strength': 0.0}. Best is trial 10 with value: 0.3857673246454181.
[D 2025-12-03 15:09:35,049] Sample trial#11 with GPSampler.
[I 2025-12-03 15:09:39,000] Trial 11 finished with value: 0.38477893975849214 and parameters: {'iterations': 900, 'learning_rate': 0.004245313834142197, 'depth': 2, 'l2_leaf_reg': 10.0, 'border_count': 255, 'bagging_temperature': 1.0, 'random_strength': 0.0}. Best is trial 10 with value: 0.3857673246454181.
[D 2025-12-03 15:09:39,072] Sample trial#12 with GPSampler.
[I 2025-12-03 15:09:41,315] Trial 12 finished with value: 0.3842756281939667 and parameters: {'iterations': 300, 'learning_rate': 0.014477596207974983, 'depth': 4, 'l2_leaf_reg': 10.0, 'border_count': 158, 'bagging_temperature': 1.0, 'random_strength': 0.0}. Best is trial 10 with value: 0.3857673246454181.
[D 2025-12-03 15:09:41,386] Sample trial#13 with GPSampler.
[I 2025-12-03 15:09:48,619] Trial 13 finished with value: 0.38546632031700667 and parameters: {'iterations': 1000, 'learning_rate': 0.02, 'depth': 4, 'l2_leaf_reg': 10.0, 'border_count': 255, 'bagging_temperature': 1.0, 'random_strength': 0.14990906091765294}. Best is trial 10 with value: 0.3857673246454181.
[D 2025-12-03 15:09:48,693] Sample trial#14 with GPSampler.
[I 2025-12-03 15:09:54,888] Trial 14 finished with value: 0.3849621175115289 and parameters: {'iterations': 1000, 'learning_rate': 0.02, 'depth': 4, 'l2_leaf_reg': 10.0, 'border_count': 176, 'bagging_temperature': 1.0, 'random_strength': 0.0}. Best is trial 10 with value: 0.3857673246454181.
[D 2025-12-03 15:09:54,960] Sample trial#15 with GPSampler.
[I 2025-12-03 15:09:58,888] Trial 15 finished with value: 0.38574064559702875 and parameters: {'iterations': 500, 'learning_rate': 0.02, 'depth': 4, 'l2_leaf_reg': 7.137526370881702, 'border_count': 255, 'bagging_temperature': 1.0, 'random_strength': 0.0}. Best is trial 10 with value: 0.3857673246454181.
[D 2025-12-03 15:09:58,962] Sample trial#16 with GPSampler.
[I 2025-12-03 15:10:03,563] Trial 16 finished with value: 0.38583220672776375 and parameters: {'iterations': 600, 'learning_rate': 0.02, 'depth': 4, 'l2_leaf_reg': 10.0, 'border_count': 255, 'bagging_temperature': 0.9999999999999999, 'random_strength': 0.0}. Best is trial 16 with value: 0.38583220672776375.
[D 2025-12-03 15:10:03,636] Sample trial#17 with GPSampler.
[I 2025-12-03 15:10:09,214] Trial 17 finished with value: 0.38566755139365627 and parameters: {'iterations': 1000, 'learning_rate': 0.02, 'depth': 3, 'l2_leaf_reg': 10.0, 'border_count': 245, 'bagging_temperature': 0.6254198963379075, 'random_strength': 0.0}. Best is trial 16 with value: 0.38583220672776375.
[D 2025-12-03 15:10:09,287] Sample trial#18 with GPSampler.
[I 2025-12-03 15:10:10,539] Trial 18 finished with value: 0.3844195721907774 and parameters: {'iterations': 100, 'learning_rate': 0.02, 'depth': 2, 'l2_leaf_reg': 6.003235254180924, 'border_count': 255, 'bagging_temperature': 1.0, 'random_strength': 0.0}. Best is trial 16 with value: 0.38583220672776375.
[D 2025-12-03 15:10:10,612] Sample trial#19 with GPSampler.
[I 2025-12-03 15:10:15,848] Trial 19 finished with value: 0.3857529080402692 and parameters: {'iterations': 700, 'learning_rate': 0.02, 'depth': 4, 'l2_leaf_reg': 10.0, 'border_count': 255, 'bagging_temperature': 0.572138515904215, 'random_strength': 0.0}. Best is trial 16 with value: 0.38583220672776375.
[D 2025-12-03 15:10:15,922] Sample trial#20 with GPSampler.
[I 2025-12-03 15:10:21,930] Trial 20 finished with value: 0.38557608590811776 and parameters: {'iterations': 800, 'learning_rate': 0.02, 'depth': 4, 'l2_leaf_reg': 8.396485020313817, 'border_count': 254, 'bagging_temperature': 1.0, 'random_strength': 0.0}. Best is trial 16 with value: 0.38583220672776375.
[D 2025-12-03 15:10:22,003] Sample trial#21 with GPSampler.
[I 2025-12-03 15:10:26,399] Trial 21 finished with value: 0.3830676295311146 and parameters: {'iterations': 1000, 'learning_rate': 0.02, 'depth': 2, 'l2_leaf_reg': 9.999999999999998, 'border_count': 255, 'bagging_temperature': 0.0, 'random_strength': 0.19901594583062224}. Best is trial 16 with value: 0.38583220672776375.
[D 2025-12-03 15:10:26,472] Sample trial#22 with GPSampler.
[I 2025-12-03 15:10:30,888] Trial 22 finished with value: 0.38686202699653105 and parameters: {'iterations': 600, 'learning_rate': 0.02, 'depth': 4, 'l2_leaf_reg': 10.0, 'border_count': 229, 'bagging_temperature': 0.7933902972832301, 'random_strength': 0.0}. Best is trial 22 with value: 0.38686202699653105.
[D 2025-12-03 15:10:30,961] Sample trial#23 with GPSampler.
[I 2025-12-03 15:10:32,299] Trial 23 finished with value: 0.3853317077323865 and parameters: {'iterations': 100, 'learning_rate': 0.02, 'depth': 4, 'l2_leaf_reg': 10.0, 'border_count': 219, 'bagging_temperature': 0.7587099492053586, 'random_strength': 0.0}. Best is trial 22 with value: 0.38686202699653105.
[D 2025-12-03 15:10:32,372] Sample trial#24 with GPSampler.
