[I 2025-12-04 23:30:34,103] Trial 17 finished with value: 0.38006297537144096 and parameters: {'iterations': 1031, 'learning_rate': 0.058840518716853994}. Best is trial 12 with value: 0.385277058848001.
[I 2025-12-04 23:30:51,939] Trial 18 finished with value: 0.3842024795752286 and parameters: {'iterations': 767, 'learning_rate': 0.009598109780836243}. Best is trial 12 with value: 0.385277058848001.
[I 2025-12-04 23:31:27,244] Trial 19 finished with value: 0.3813832868533146 and parameters: {'iterations': 1485, 'learning_rate': 0.03130956245217139}. Best is trial 12 with value: 0.385277058848001.
[I 2025-12-04 23:31:38,035] Trial 20 finished with value: 0.38307430567760525 and parameters: {'iterations': 451, 'learning_rate': 0.0161763491264762}. Best is trial 12 with value: 0.385277058848001.
[I 2025-12-04 23:31:58,423] Trial 21 finished with value: 0.3848813030680037 and parameters: {'iterations': 908, 'learning_rate': 0.027456519468865168}. Best is trial 12 with value: 0.385277058848001.
[I 2025-12-04 23:32:19,300] Trial 22 finished with value: 0.38522862332021823 and parameters: {'iterations': 894, 'learning_rate': 0.02513837720572915}. Best is trial 12 with value: 0.385277058848001.
[I 2025-12-04 23:32:43,217] Trial 23 finished with value: 0.3860649870391225 and parameters: {'iterations': 1122, 'learning_rate': 0.021441296144569414}. Best is trial 23 with value: 0.3860649870391225.
[I 2025-12-04 23:32:59,503] Trial 24 finished with value: 0.38449095866754873 and parameters: {'iterations': 705, 'learning_rate': 0.017870725025911475}. Best is trial 23 with value: 0.3860649870391225.
[I 2025-12-04 23:33:24,367] Trial 25 finished with value: 0.3817922218908718 and parameters: {'iterations': 1132, 'learning_rate': 0.03812842922938943}. Best is trial 23 with value: 0.3860649870391225.
[I 2025-12-04 23:33:45,167] Trial 26 finished with value: 0.3837911584356612 and parameters: {'iterations': 853, 'learning_rate': 0.009484943075943861}. Best is trial 23 with value: 0.3860649870391225.
[I 2025-12-04 23:34:09,439] Trial 27 finished with value: 0.3843852496057888 and parameters: {'iterations': 1111, 'learning_rate': 0.015038226822536319}. Best is trial 23 with value: 0.3860649870391225.
[I 2025-12-04 23:34:22,940] Trial 28 finished with value: 0.3856436262520982 and parameters: {'iterations': 603, 'learning_rate': 0.022116093650461084}. Best is trial 23 with value: 0.3860649870391225.
[I 2025-12-04 23:34:32,022] Trial 29 finished with value: 0.38488610273577206 and parameters: {'iterations': 386, 'learning_rate': 0.022281441021112}. Best is trial 23 with value: 0.3860649870391225.
[I 2025-12-04 23:34:37,841] A new study created in memory with name: catboost_fold_5
[I 2025-12-04 23:35:06,889] Trial 0 finished with value: 0.3936299588933026 and parameters: {'iterations': 1352, 'learning_rate': 0.02111749762496315}. Best is trial 0 with value: 0.3936299588933026.
[I 2025-12-04 23:35:38,038] Trial 1 finished with value: 0.38884310150464824 and parameters: {'iterations': 1230, 'learning_rate': 0.00953783733163741}. Best is trial 0 with value: 0.3936299588933026.
[I 2025-12-04 23:35:51,924] Trial 2 finished with value: 0.3865542481212703 and parameters: {'iterations': 592, 'learning_rate': 0.014353626548778593}. Best is trial 0 with value: 0.3936299588933026.
[I 2025-12-04 23:35:58,669] Trial 3 finished with value: 0.38393433982747294 and parameters: {'iterations': 298, 'learning_rate': 0.01605533404020968}. Best is trial 0 with value: 0.3936299588933026.
[I 2025-12-04 23:36:06,849] Trial 4 finished with value: 0.38094313723652107 and parameters: {'iterations': 324, 'learning_rate': 0.006154883102393766}. Best is trial 0 with value: 0.3936299588933026.
[I 2025-12-04 23:36:10,180] Trial 5 finished with value: 0.37661312391381385 and parameters: {'iterations': 113, 'learning_rate': 0.007857575687178611}. Best is trial 0 with value: 0.3936299588933026.
[I 2025-12-04 23:36:14,984] Trial 6 finished with value: 0.38772005904312506 and parameters: {'iterations': 189, 'learning_rate': 0.04369340085038513}. Best is trial 0 with value: 0.3936299588933026.
[I 2025-12-04 23:36:43,813] Trial 7 finished with value: 0.3860427696627824 and parameters: {'iterations': 1225, 'learning_rate': 0.07662694030855868}. Best is trial 0 with value: 0.3936299588933026.
[I 2025-12-04 23:37:06,529] Trial 8 finished with value: 0.38875919537922665 and parameters: {'iterations': 972, 'learning_rate': 0.013123977858667184}. Best is trial 0 with value: 0.3936299588933026.
[I 2025-12-04 23:37:30,716] Trial 9 finished with value: 0.3936850244971418 and parameters: {'iterations': 1113, 'learning_rate': 0.02575153967531869}. Best is trial 9 with value: 0.3936850244971418.
[I 2025-12-04 23:37:49,454] Trial 10 finished with value: 0.3951095598194278 and parameters: {'iterations': 824, 'learning_rate': 0.039498941421332236}. Best is trial 10 with value: 0.3951095598194278.
[I 2025-12-04 23:38:08,882] Trial 11 finished with value: 0.3937136369791845 and parameters: {'iterations': 873, 'learning_rate': 0.037268404972999346}. Best is trial 10 with value: 0.3951095598194278.
[I 2025-12-04 23:38:25,750] Trial 12 finished with value: 0.3963850309910335 and parameters: {'iterations': 785, 'learning_rate': 0.044203608114445805}. Best is trial 12 with value: 0.3963850309910335.
[I 2025-12-04 23:38:40,346] Trial 13 finished with value: 0.3885894860352291 and parameters: {'iterations': 636, 'learning_rate': 0.07840735535510703}. Best is trial 12 with value: 0.3963850309910335.
[I 2025-12-04 23:38:53,221] Trial 14 finished with value: 0.39739734094074325 and parameters: {'iterations': 595, 'learning_rate': 0.054769168595924275}. Best is trial 14 with value: 0.39739734094074325.
[I 2025-12-04 23:39:05,381] Trial 15 finished with value: 0.3951216614485031 and parameters: {'iterations': 550, 'learning_rate': 0.05930746639847101}. Best is trial 14 with value: 0.39739734094074325.
[I 2025-12-04 23:39:20,614] Trial 16 finished with value: 0.39533741132922423 and parameters: {'iterations': 689, 'learning_rate': 0.05391293002576094}. Best is trial 14 with value: 0.39739734094074325.
[I 2025-12-04 23:39:30,518] Trial 17 finished with value: 0.39400831285459625 and parameters: {'iterations': 444, 'learning_rate': 0.09563233747539118}. Best is trial 14 with value: 0.39739734094074325.
[I 2025-12-04 23:39:54,083] Trial 18 finished with value: 0.3912626669071285 and parameters: {'iterations': 1045, 'learning_rate': 0.027884590598346946}. Best is trial 14 with value: 0.39739734094074325.
[I 2025-12-04 23:40:26,727] Trial 19 finished with value: 0.3934010275921506 and parameters: {'iterations': 1495, 'learning_rate': 0.03263248588657703}. Best is trial 14 with value: 0.39739734094074325.
[I 2025-12-04 23:40:43,571] Trial 20 finished with value: 0.3945087610670758 and parameters: {'iterations': 771, 'learning_rate': 0.052631281972564045}. Best is trial 14 with value: 0.39739734094074325.
[I 2025-12-04 23:40:59,341] Trial 21 finished with value: 0.39380801600152043 and parameters: {'iterations': 724, 'learning_rate': 0.059022040672141146}. Best is trial 14 with value: 0.39739734094074325.
[I 2025-12-04 23:41:09,935] Trial 22 finished with value: 0.3951659722233906 and parameters: {'iterations': 469, 'learning_rate': 0.04719553646574315}. Best is trial 14 with value: 0.39739734094074325.
[I 2025-12-04 23:41:26,057] Trial 23 finished with value: 0.3896332490956811 and parameters: {'iterations': 699, 'learning_rate': 0.07480599899260842}. Best is trial 14 with value: 0.39739734094074325.
[I 2025-12-04 23:41:36,378] Trial 24 finished with value: 0.38728438275778815 and parameters: {'iterations': 456, 'learning_rate': 0.021342311627430624}. Best is trial 14 with value: 0.39739734094074325.
[I 2025-12-04 23:41:56,547] Trial 25 finished with value: 0.38469847098519416 and parameters: {'iterations': 907, 'learning_rate': 0.09647490154833267}. Best is trial 14 with value: 0.39739734094074325.
[I 2025-12-04 23:42:11,163] Trial 26 finished with value: 0.3935416436067159 and parameters: {'iterations': 648, 'learning_rate': 0.06166349949430004}. Best is trial 14 with value: 0.39739734094074325.
[I 2025-12-04 23:42:19,017] Trial 27 finished with value: 0.3892300059711592 and parameters: {'iterations': 351, 'learning_rate': 0.03232380510539613}. Best is trial 14 with value: 0.39739734094074325.
[I 2025-12-04 23:42:30,519] Trial 28 finished with value: 0.3953743720379554 and parameters: {'iterations': 533, 'learning_rate': 0.043992952087568156}. Best is trial 14 with value: 0.39739734094074325.
[I 2025-12-04 23:42:42,814] Trial 29 finished with value: 0.3873850142812381 and parameters: {'iterations': 522, 'learning_rate': 0.019811983080351935}. Best is trial 14 with value: 0.39739734094074325.
CLASSIFICAÇÃO DE GENES-ALVO USANDO DADOS ÔMICOS
================================================================================
Timestamp do experimento: 20251204_225132
 Usando dados da ANA:
   Features: data/UNION_features.tsv
   Labels: data/processed/UNION_labels.tsv
   Formato labels: genes, 2class (binary), 3class (multiclass)

Arquivos encontrados com sucesso!
Carregando e preparando dados...
============================================================
PREPARANDO DATASET PARA CLASSIFICAÇÃO (MULTICLASS)
============================================================
Carregando UNION_features.tsv
Features carregadas: 19602 genes x 64 features
Tipos de dados das features: {dtype('float64'): 64}
Range das features: [0.0000, 1.0000]
----------------------------------------
Carregando UNION_labels.tsv (classificação: multiclass)
Labels carregados: 19680 genes
Valores únicos em 3class: label
0.0    16727
NaN     1997
1.0      515
2.0      441
Name: count, dtype: int64
Genes with NaN dropped: 1997
Distribuição das classes:
  Classe 0 (passenger): 16727 genes
  Classe 1 (TSG): 515 genes
  Classe 2 (Oncogene): 441 genes
----------------------------------------
Alinhando features e labels
Genes comuns entre features e labels: 17676
Dataset final: 17676 genes x 64 features
Distribuição final das classes: [16727   514   435]
----------------------------------------
DATASET PREPARADO COM SUCESSO!
Shape final: X=(17676, 64), y=(17676,)
Genes: 17676
Features: 64
============================================================

CONFIGURAÇÃO DO EXPERIMENTO (OTIMIZAÇÃO):
  Modelo: CatBoost
  Trials: 30
  Tipo: multiclass
  Parâmetros: Reduzido
  Balanceamento: none
================================================================================
EXECUTANDO MODELO: CatBoost
================================================================================

Starting Nested Cross-Validation for catboost...
Configuration: 5 outer folds, 30 trials per fold
Performing 80/20 holdout split...
Holdout split completed:
  - Training set: 14140 samples (80%)
  - Holdout test set: 3536 samples (20%)
Fold 1
Importâncias dos parâmetros para fold 1: {'iterations': np.float64(0.76517279297716), 'learning_rate': np.float64(0.23482720702283988)}
Saved Optuna plots to results/20251204_225132_ana_optimized_multiclass_less/catboost/optuna_plots
Fold 2
Importâncias dos parâmetros para fold 2: {'iterations': np.float64(0.58808536809676), 'learning_rate': np.float64(0.4119146319032399)}
Saved Optuna plots to results/20251204_225132_ana_optimized_multiclass_less/catboost/optuna_plots
Fold 3
Importâncias dos parâmetros para fold 3: {'learning_rate': np.float64(0.5498409309296984), 'iterations': np.float64(0.4501590690703015)}
Saved Optuna plots to results/20251204_225132_ana_optimized_multiclass_less/catboost/optuna_plots
Fold 4
Importâncias dos parâmetros para fold 4: {'learning_rate': np.float64(0.6321565358061895), 'iterations': np.float64(0.36784346419381053)}
Saved Optuna plots to results/20251204_225132_ana_optimized_multiclass_less/catboost/optuna_plots
Fold 5
Importâncias dos parâmetros para fold 5: {'learning_rate': np.float64(0.6361175820440189), 'iterations': np.float64(0.36388241795598114)}
Saved Optuna plots to results/20251204_225132_ana_optimized_multiclass_less/catboost/optuna_plots

Nested CV completed. The 20% holdout set (3536 samples) remains untouched.
This holdout set can be used for final unbiased evaluation.

Training and evaluating 5 best parameter sets on holdout data...
Testing with 4 balancing strategies: none, randomundersampler, smoteenn, tomeklinks

Evaluating fold 1 best params on holdout set...
  - Testing with balance strategy: none
  - Testing with balance strategy: randomundersampler
Balance strategy: randomundersampler
  - Testing with balance strategy: smoteenn
Balance strategy: smoteenn
  - Testing with balance strategy: tomeklinks
Balance strategy: tomeklinks

Evaluating fold 2 best params on holdout set...
  - Testing with balance strategy: none
  - Testing with balance strategy: randomundersampler
Balance strategy: randomundersampler
  - Testing with balance strategy: smoteenn
Balance strategy: smoteenn
  - Testing with balance strategy: tomeklinks
Balance strategy: tomeklinks

Evaluating fold 3 best params on holdout set...
  - Testing with balance strategy: none
  - Testing with balance strategy: randomundersampler
Balance strategy: randomundersampler
  - Testing with balance strategy: smoteenn
Balance strategy: smoteenn
  - Testing with balance strategy: tomeklinks
Balance strategy: tomeklinks

Evaluating fold 4 best params on holdout set...
  - Testing with balance strategy: none
  - Testing with balance strategy: randomundersampler
Balance strategy: randomundersampler
  - Testing with balance strategy: smoteenn
Balance strategy: smoteenn
  - Testing with balance strategy: tomeklinks
Balance strategy: tomeklinks

Evaluating fold 5 best params on holdout set...
  - Testing with balance strategy: none
  - Testing with balance strategy: randomundersampler
Balance strategy: randomundersampler
  - Testing with balance strategy: smoteenn
Balance strategy: smoteenn
  - Testing with balance strategy: tomeklinks
Balance strategy: tomeklinks
Saving optimization and holdout results...
Detailed results by fold saved to: ./results/20251204_225132_ana_optimized_multiclass_less/catboost/detailed_results_by_fold.txt
Test predictions for all folds saved to: ./results/20251204_225132_ana_optimized_multiclass_less/catboost/metrics.json
Saving holdout results...
Holdout evaluation results saved to: ./results/20251204_225132_ana_optimized_multiclass_less/catboost/holdout_results.txt
Saved!
[OK] CatBoost executado com sucesso!

EXPERIMENTO CONCLUÍDO!
