[I 2025-12-02 21:12:27,016] Trial 1 finished with value: 0.3673323215274438 and parameters: {'n_estimators': 952, 'learning_rate': 0.09429758761534913, 'max_depth': 4, 'min_child_weight': 9, 'subsample': 0.7152205758083906, 'colsample_bytree': 0.6419927833048321, 'reg_alpha': 0.4286882720090984, 'reg_lambda': 8.83742022649293, 'gamma': 0.7017035705439922}. Best is trial 0 with value: 0.37151236636016044.
[I 2025-12-02 21:12:36,039] Trial 2 finished with value: 0.38586325112113873 and parameters: {'n_estimators': 339, 'learning_rate': 0.023664147674331816, 'max_depth': 15, 'min_child_weight': 1, 'subsample': 0.6805752414739069, 'colsample_bytree': 0.7491464954660739, 'reg_alpha': 0.789150364084652, 'reg_lambda': 6.724106370255026, 'gamma': 3.421569655575427}. Best is trial 2 with value: 0.38586325112113873.
[I 2025-12-02 21:12:51,918] Trial 3 finished with value: 0.3849423716590528 and parameters: {'n_estimators': 476, 'learning_rate': 0.06791123364691919, 'max_depth': 14, 'min_child_weight': 7, 'subsample': 0.8860713768310926, 'colsample_bytree': 0.9082392757044951, 'reg_alpha': 0.5021103177177959, 'reg_lambda': 4.298386182469564, 'gamma': 1.943155217436649}. Best is trial 2 with value: 0.38586325112113873.
[I 2025-12-02 21:13:03,593] Trial 4 finished with value: 0.3823377604501556 and parameters: {'n_estimators': 836, 'learning_rate': 0.15550093322267702, 'max_depth': 7, 'min_child_weight': 5, 'subsample': 0.8808159028145757, 'colsample_bytree': 0.926166141069763, 'reg_alpha': 0.14110081514164607, 'reg_lambda': 1.8496557896667447, 'gamma': 3.623136351111709}. Best is trial 2 with value: 0.38586325112113873.
[I 2025-12-02 21:13:11,750] Trial 5 finished with value: 0.3695794588957992 and parameters: {'n_estimators': 389, 'learning_rate': 0.2161682292326964, 'max_depth': 4, 'min_child_weight': 10, 'subsample': 0.8440477840632381, 'colsample_bytree': 0.9554729968121526, 'reg_alpha': 0.9186096801430296, 'reg_lambda': 9.419068770518969, 'gamma': 0.716599259071648}. Best is trial 2 with value: 0.38586325112113873.
[I 2025-12-02 21:13:14,263] Trial 6 finished with value: 0.36974193183499054 and parameters: {'n_estimators': 304, 'learning_rate': 0.16295233762760078, 'max_depth': 4, 'min_child_weight': 4, 'subsample': 0.6966671248212173, 'colsample_bytree': 0.6538694794434373, 'reg_alpha': 0.3667463669162824, 'reg_lambda': 3.2353627404251517, 'gamma': 1.2786130898221044}. Best is trial 2 with value: 0.38586325112113873.
[I 2025-12-02 21:14:29,360] Trial 7 finished with value: 0.37960450806655427 and parameters: {'n_estimators': 996, 'learning_rate': 0.014254167610125018, 'max_depth': 10, 'min_child_weight': 2, 'subsample': 0.6973922917656622, 'colsample_bytree': 0.6102346848848432, 'reg_alpha': 0.5109951966330157, 'reg_lambda': 1.254684892203695, 'gamma': 0.1627913215513055}. Best is trial 2 with value: 0.38586325112113873.
[I 2025-12-02 21:14:36,103] Trial 8 finished with value: 0.3850410943623537 and parameters: {'n_estimators': 234, 'learning_rate': 0.23944407076356233, 'max_depth': 3, 'min_child_weight': 10, 'subsample': 0.964690003746504, 'colsample_bytree': 0.9422299006126527, 'reg_alpha': 0.6344625034259627, 'reg_lambda': 9.518356294614252, 'gamma': 3.7702504884334505}. Best is trial 2 with value: 0.38586325112113873.
[I 2025-12-02 21:14:44,521] Trial 9 finished with value: 0.374602478585438 and parameters: {'n_estimators': 292, 'learning_rate': 0.2925568378323326, 'max_depth': 6, 'min_child_weight': 10, 'subsample': 0.7761946617354158, 'colsample_bytree': 0.9155383232812702, 'reg_alpha': 0.16460964058426197, 'reg_lambda': 5.360383719709993, 'gamma': 2.2978789370226127}. Best is trial 2 with value: 0.38586325112113873.
[I 2025-12-02 21:14:50,444] Trial 10 finished with value: 0.37751543258699305 and parameters: {'n_estimators': 101, 'learning_rate': 0.013327707727579529, 'max_depth': 15, 'min_child_weight': 1, 'subsample': 0.600339162991127, 'colsample_bytree': 0.7579188058082142, 'reg_alpha': 0.9984968943541876, 'reg_lambda': 7.062463492769637, 'gamma': 4.698974575978019}. Best is trial 2 with value: 0.38586325112113873.
[I 2025-12-02 21:14:57,491] Trial 11 finished with value: 0.3891946578455246 and parameters: {'n_estimators': 110, 'learning_rate': 0.22704975968869906, 'max_depth': 12, 'min_child_weight': 7, 'subsample': 0.9886268409625255, 'colsample_bytree': 0.8010264342022009, 'reg_alpha': 0.7397343475915835, 'reg_lambda': 7.560662653667703, 'gamma': 3.3737964430543137}. Best is trial 11 with value: 0.3891946578455246.
[I 2025-12-02 21:15:03,638] Trial 12 finished with value: 0.3875095146790678 and parameters: {'n_estimators': 115, 'learning_rate': 0.2046860460037417, 'max_depth': 13, 'min_child_weight': 7, 'subsample': 0.9945656573196517, 'colsample_bytree': 0.7834615139663614, 'reg_alpha': 0.8144890085846617, 'reg_lambda': 7.1694492473354385, 'gamma': 3.215840743993172}. Best is trial 11 with value: 0.3891946578455246.
[I 2025-12-02 21:15:09,285] Trial 13 finished with value: 0.386302765487086 and parameters: {'n_estimators': 140, 'learning_rate': 0.20213077334920798, 'max_depth': 12, 'min_child_weight': 7, 'subsample': 0.991024028669549, 'colsample_bytree': 0.8391427513131016, 'reg_alpha': 0.7562020724309162, 'reg_lambda': 7.198404129896058, 'gamma': 2.905699339144738}. Best is trial 11 with value: 0.3891946578455246.
[I 2025-12-02 21:15:23,464] Trial 14 finished with value: 0.3843010690005301 and parameters: {'n_estimators': 611, 'learning_rate': 0.19117660390608376, 'max_depth': 13, 'min_child_weight': 7, 'subsample': 0.9362254956841826, 'colsample_bytree': 0.8333432155073828, 'reg_alpha': 0.7946400202658009, 'reg_lambda': 7.71346843644639, 'gamma': 4.780614433477256}. Best is trial 11 with value: 0.3891946578455246.
[I 2025-12-02 21:15:31,402] Trial 15 finished with value: 0.38265060164234105 and parameters: {'n_estimators': 189, 'learning_rate': 0.24979041961262116, 'max_depth': 9, 'min_child_weight': 8, 'subsample': 0.918691498611841, 'colsample_bytree': 0.733593508246137, 'reg_alpha': 0.6586546079474733, 'reg_lambda': 5.5728178647797675, 'gamma': 2.844308674350178}. Best is trial 11 with value: 0.3891946578455246.
[I 2025-12-02 21:15:42,428] Trial 16 finished with value: 0.3873910723878694 and parameters: {'n_estimators': 478, 'learning_rate': 0.1258592045114977, 'max_depth': 12, 'min_child_weight': 6, 'subsample': 0.9988233741522018, 'colsample_bytree': 0.8018505378711582, 'reg_alpha': 0.905593295310425, 'reg_lambda': 8.335092289832176, 'gamma': 4.065518060846463}. Best is trial 11 with value: 0.3891946578455246.
[I 2025-12-02 21:15:52,544] Trial 17 finished with value: 0.3842345429842432 and parameters: {'n_estimators': 769, 'learning_rate': 0.184552177024839, 'max_depth': 9, 'min_child_weight': 8, 'subsample': 0.9439765970103767, 'colsample_bytree': 0.6908415979158421, 'reg_alpha': 0.6424871682739649, 'reg_lambda': 5.94626325645344, 'gamma': 3.073763054225792}. Best is trial 11 with value: 0.3891946578455246.
[I 2025-12-02 21:16:04,605] Trial 18 finished with value: 0.38387679871930847 and parameters: {'n_estimators': 212, 'learning_rate': 0.23254448226983723, 'max_depth': 11, 'min_child_weight': 5, 'subsample': 0.8935933324494945, 'colsample_bytree': 0.8759795821203372, 'reg_alpha': 0.7118540836161175, 'reg_lambda': 4.373685372581203, 'gamma': 4.255910039441234}. Best is trial 11 with value: 0.3891946578455246.
[I 2025-12-02 21:16:10,923] Trial 19 finished with value: 0.38168614273919693 and parameters: {'n_estimators': 469, 'learning_rate': 0.12075090194835873, 'max_depth': 13, 'min_child_weight': 6, 'subsample': 0.7786038533521485, 'colsample_bytree': 0.7901276780337219, 'reg_alpha': 0.8986014344250569, 'reg_lambda': 8.141469143649596, 'gamma': 2.2405213504669277}. Best is trial 11 with value: 0.3891946578455246.
[I 2025-12-02 21:16:18,000] Trial 20 finished with value: 0.3852316395282657 and parameters: {'n_estimators': 106, 'learning_rate': 0.27513987335142726, 'max_depth': 8, 'min_child_weight': 3, 'subsample': 0.9659407212184773, 'colsample_bytree': 0.7033857877971333, 'reg_alpha': 0.3390794508818326, 'reg_lambda': 6.4333296057176845, 'gamma': 4.317211884180403}. Best is trial 11 with value: 0.3891946578455246.
[I 2025-12-02 21:16:27,483] Trial 21 finished with value: 0.3862630205414212 and parameters: {'n_estimators': 440, 'learning_rate': 0.12012957566756993, 'max_depth': 12, 'min_child_weight': 6, 'subsample': 0.9869929237833571, 'colsample_bytree': 0.8060668510679966, 'reg_alpha': 0.8807585648720242, 'reg_lambda': 8.244166088062093, 'gamma': 4.082881463415355}. Best is trial 11 with value: 0.3891946578455246.
[I 2025-12-02 21:16:37,764] Trial 22 finished with value: 0.3886948411695494 and parameters: {'n_estimators': 566, 'learning_rate': 0.1272430697924224, 'max_depth': 13, 'min_child_weight': 8, 'subsample': 0.9916209744047436, 'colsample_bytree': 0.7861587948339013, 'reg_alpha': 0.9760152855403847, 'reg_lambda': 9.971999126838664, 'gamma': 3.3636467743302347}. Best is trial 11 with value: 0.3891946578455246.
[I 2025-12-02 21:16:47,351] Trial 23 finished with value: 0.3828839018179032 and parameters: {'n_estimators': 559, 'learning_rate': 0.1761699314148229, 'max_depth': 14, 'min_child_weight': 8, 'subsample': 0.920371601374713, 'colsample_bytree': 0.8589556339901064, 'reg_alpha': 0.9985006909485735, 'reg_lambda': 9.952578567196282, 'gamma': 3.149642886836394}. Best is trial 11 with value: 0.3891946578455246.
[I 2025-12-02 21:17:01,193] Trial 24 finished with value: 0.3863968675852106 and parameters: {'n_estimators': 629, 'learning_rate': 0.21762680548007796, 'max_depth': 13, 'min_child_weight': 9, 'subsample': 0.9536921926731717, 'colsample_bytree': 0.768154867437506, 'reg_alpha': 0.8465938406451825, 'reg_lambda': 9.017454317070172, 'gamma': 2.7150614443716936}. Best is trial 11 with value: 0.3891946578455246.
[I 2025-12-02 21:17:14,060] Trial 25 finished with value: 0.3832310719474674 and parameters: {'n_estimators': 728, 'learning_rate': 0.14385122468113368, 'max_depth': 11, 'min_child_weight': 9, 'subsample': 0.8424339769861799, 'colsample_bytree': 0.7194741182751997, 'reg_alpha': 0.5862898740350873, 'reg_lambda': 7.404834608490226, 'gamma': 3.385702428197257}. Best is trial 11 with value: 0.3891946578455246.
[I 2025-12-02 21:17:21,957] Trial 26 finished with value: 0.3865005701502936 and parameters: {'n_estimators': 546, 'learning_rate': 0.07380006663643679, 'max_depth': 14, 'min_child_weight': 7, 'subsample': 0.9969641637721961, 'colsample_bytree': 0.784047436111816, 'reg_alpha': 0.8294851386435527, 'reg_lambda': 4.886348000118229, 'gamma': 2.490474508110122}. Best is trial 11 with value: 0.3891946578455246.
[I 2025-12-02 21:17:34,876] Trial 27 finished with value: 0.3840810536577231 and parameters: {'n_estimators': 265, 'learning_rate': 0.2556520381050484, 'max_depth': 10, 'min_child_weight': 8, 'subsample': 0.9079006343326262, 'colsample_bytree': 0.8239920705243211, 'reg_alpha': 0.7222772208862416, 'reg_lambda': 6.270713207054288, 'gamma': 3.408497397129905}. Best is trial 11 with value: 0.3891946578455246.
[I 2025-12-02 21:17:39,650] Trial 28 finished with value: 0.38720404633971095 and parameters: {'n_estimators': 370, 'learning_rate': 0.2117942443911996, 'max_depth': 15, 'min_child_weight': 5, 'subsample': 0.9691595940356481, 'colsample_bytree': 0.8779067796842945, 'reg_alpha': 0.015622881170898217, 'reg_lambda': 8.713546400531952, 'gamma': 3.8797420882466165}. Best is trial 11 with value: 0.3891946578455246.
[I 2025-12-02 21:17:46,138] Trial 29 finished with value: 0.38144725624091413 and parameters: {'n_estimators': 189, 'learning_rate': 0.2786677648863787, 'max_depth': 11, 'min_child_weight': 4, 'subsample': 0.8526028076466555, 'colsample_bytree': 0.9906566649274926, 'reg_alpha': 0.9629451393449124, 'reg_lambda': 7.87499718200058, 'gamma': 1.7740348316293848}. Best is trial 11 with value: 0.3891946578455246.
CLASSIFICAÇÃO DE GENES-ALVO USANDO DADOS ÔMICOS
================================================================================
Timestamp do experimento: 20251202_191230
 Usando dados da ANA:
   Features: data/UNION_features.tsv
   Labels: data/processed/UNION_labels.tsv
   Formato labels: genes, 2class (binary), 3class (multiclass)

Arquivos encontrados com sucesso!
Carregando e preparando dados...
============================================================
PREPARANDO DATASET PARA CLASSIFICAÇÃO (MULTICLASS)
============================================================
Carregando UNION_features.tsv
Features carregadas: 19602 genes x 64 features
Tipos de dados das features: {dtype('float64'): 64}
Range das features: [0.0000, 1.0000]
----------------------------------------
Carregando UNION_labels.tsv (classificação: multiclass)
Labels carregados: 19680 genes
Valores únicos em 3class: label
0.0    16727
NaN     1997
1.0      515
2.0      441
Name: count, dtype: int64
Genes with NaN dropped: 1997
Distribuição das classes:
  Classe 0 (passenger): 16727 genes
  Classe 1 (TSG): 515 genes
  Classe 2 (Oncogene): 441 genes
----------------------------------------
Alinhando features e labels
Genes comuns entre features e labels: 17676
Dataset final: 17676 genes x 64 features
Distribuição final das classes: [16727   514   435]
----------------------------------------
DATASET PREPARADO COM SUCESSO!
Shape final: X=(17676, 64), y=(17676,)
Genes: 17676
Features: 64
============================================================

CONFIGURAÇÃO DO EXPERIMENTO (OTIMIZAÇÃO):
  Modelo: CatBoost
  Trials: 30
  Tipo: multiclass
  Parâmetros: Completo
  Balanceamento: none
================================================================================
EXECUTANDO MODELO: CatBoost
================================================================================

Starting Nested Cross-Validation for catboost...
Configuration: 5 outer folds, 30 trials per fold
Performing 80/20 holdout split...
Holdout split completed:
  - Training set: 14140 samples (80%)
  - Holdout test set: 3536 samples (20%)
Fold 1
Importâncias dos parâmetros para fold 1: {'learning_rate': np.float64(0.8929497585474124), 'depth': np.float64(0.028092902005335048), 'iterations': np.float64(0.023421038598529245), 'border_count': np.float64(0.02025120226958899), 'random_strength': np.float64(0.014678085090705442), 'l2_leaf_reg': np.float64(0.01050235902505458), 'bagging_temperature': np.float64(0.010104654463374163)}
Saved Optuna plots to results/20251202_191230_ana_optimized_multiclass/catboost/optuna_plots
Fold 2
Importâncias dos parâmetros para fold 2: {'learning_rate': np.float64(0.6142658327634224), 'border_count': np.float64(0.11335819211949862), 'depth': np.float64(0.07514048830651987), 'random_strength': np.float64(0.05681205652347934), 'l2_leaf_reg': np.float64(0.04922537320243735), 'iterations': np.float64(0.04619468851040166), 'bagging_temperature': np.float64(0.04500336857424075)}
Saved Optuna plots to results/20251202_191230_ana_optimized_multiclass/catboost/optuna_plots
Fold 3
Importâncias dos parâmetros para fold 3: {'learning_rate': np.float64(0.41028589090040146), 'l2_leaf_reg': np.float64(0.23469565183215302), 'border_count': np.float64(0.13860786881591014), 'depth': np.float64(0.12236301322010792), 'iterations': np.float64(0.04937516578006921), 'random_strength': np.float64(0.036143988715435976), 'bagging_temperature': np.float64(0.008528420735922275)}
Saved Optuna plots to results/20251202_191230_ana_optimized_multiclass/catboost/optuna_plots
Fold 4
Importâncias dos parâmetros para fold 4: {'learning_rate': np.float64(0.7637495333359033), 'iterations': np.float64(0.10181855359332927), 'l2_leaf_reg': np.float64(0.04864087428065186), 'random_strength': np.float64(0.04326030049806444), 'border_count': np.float64(0.03393799804458969), 'bagging_temperature': np.float64(0.006332547581742073), 'depth': np.float64(0.0022601926657192903)}
Saved Optuna plots to results/20251202_191230_ana_optimized_multiclass/catboost/optuna_plots
Fold 5
Importâncias dos parâmetros para fold 5: {'learning_rate': np.float64(0.6958782355854541), 'iterations': np.float64(0.14774176372267525), 'border_count': np.float64(0.05858589925359298), 'bagging_temperature': np.float64(0.03634581012563352), 'depth': np.float64(0.02315714333890516), 'random_strength': np.float64(0.02048269457728009), 'l2_leaf_reg': np.float64(0.01780845339645873)}
Saved Optuna plots to results/20251202_191230_ana_optimized_multiclass/catboost/optuna_plots

Nested CV completed. The 20% holdout set (3536 samples) remains untouched.
This holdout set can be used for final unbiased evaluation.

Training and evaluating 5 best parameter sets on holdout data...
Testing with 4 balancing strategies: none, randomundersampler, smoteenn, tomeklinks

Evaluating fold 1 best params on holdout set...
  - Testing with balance strategy: none
  - Testing with balance strategy: randomundersampler
  - Testing with balance strategy: smoteenn
  - Testing with balance strategy: tomeklinks

Evaluating fold 2 best params on holdout set...
  - Testing with balance strategy: none
  - Testing with balance strategy: randomundersampler
  - Testing with balance strategy: smoteenn
  - Testing with balance strategy: tomeklinks

Evaluating fold 3 best params on holdout set...
  - Testing with balance strategy: none
  - Testing with balance strategy: randomundersampler
  - Testing with balance strategy: smoteenn
  - Testing with balance strategy: tomeklinks

Evaluating fold 4 best params on holdout set...
  - Testing with balance strategy: none
  - Testing with balance strategy: randomundersampler
  - Testing with balance strategy: smoteenn
  - Testing with balance strategy: tomeklinks

Evaluating fold 5 best params on holdout set...
  - Testing with balance strategy: none
  - Testing with balance strategy: randomundersampler
  - Testing with balance strategy: smoteenn
  - Testing with balance strategy: tomeklinks
Saving optimization and holdout results...
Detailed results by fold saved to: ./results/20251202_191230_ana_optimized_multiclass/catboost/detailed_results_by_fold.txt
Test predictions for all folds saved to: ./results/20251202_191230_ana_optimized_multiclass/catboost/metrics.json
Saving holdout results...
Holdout evaluation results saved to: ./results/20251202_191230_ana_optimized_multiclass/catboost/holdout_results.txt
Saved!
[OK] CatBoost executado com sucesso!

CONFIGURAÇÃO DO EXPERIMENTO (OTIMIZAÇÃO):
  Modelo: XGBoost
  Trials: 30
  Tipo: multiclass
  Parâmetros: Completo
  Balanceamento: none
================================================================================
EXECUTANDO MODELO: XGBoost
================================================================================

Starting Nested Cross-Validation for xgboost...
Configuration: 5 outer folds, 30 trials per fold
Performing 80/20 holdout split...
Holdout split completed:
  - Training set: 14140 samples (80%)
  - Holdout test set: 3536 samples (20%)
Fold 1
Importâncias dos parâmetros para fold 1: {'gamma': np.float64(0.4305363107454969), 'subsample': np.float64(0.37375471359924856), 'learning_rate': np.float64(0.057748782288730274), 'max_depth': np.float64(0.0397574281389123), 'n_estimators': np.float64(0.031861094233825916), 'reg_lambda': np.float64(0.028172362867080115), 'colsample_bytree': np.float64(0.017470528142592687), 'min_child_weight': np.float64(0.01413941389449024), 'reg_alpha': np.float64(0.006559366089622943)}
Saved Optuna plots to results/20251202_191230_ana_optimized_multiclass/xgboost/optuna_plots
Fold 2
Importâncias dos parâmetros para fold 2: {'gamma': np.float64(0.49273082012093417), 'subsample': np.float64(0.21500417776373582), 'max_depth': np.float64(0.19541795683730562), 'learning_rate': np.float64(0.04044583547784026), 'colsample_bytree': np.float64(0.018845168372146417), 'n_estimators': np.float64(0.014082655541272854), 'reg_alpha': np.float64(0.012586861080738115), 'min_child_weight': np.float64(0.007845372785788373), 'reg_lambda': np.float64(0.0030411520202383927)}
[I 2025-12-02 21:17:47,050] A new study created in memory with name: xgboost_fold_3
[I 2025-12-02 21:17:52,571] Trial 0 finished with value: 0.38129103093089084 and parameters: {'n_estimators': 131, 'learning_rate': 0.29582619180863035, 'max_depth': 8, 'min_child_weight': 6, 'subsample': 0.8144565625839816, 'colsample_bytree': 0.9474446936177685, 'reg_alpha': 0.8678690898355782, 'reg_lambda': 7.061443104427063, 'gamma': 3.4707441512207247}. Best is trial 0 with value: 0.38129103093089084.
[I 2025-12-02 21:18:11,299] Trial 1 finished with value: 0.3657503921123778 and parameters: {'n_estimators': 706, 'learning_rate': 0.13560380287495888, 'max_depth': 9, 'min_child_weight': 8, 'subsample': 0.7633328224159912, 'colsample_bytree': 0.998008246722933, 'reg_alpha': 0.37541069923828374, 'reg_lambda': 7.338890584216773, 'gamma': 0.13742740495469974}. Best is trial 0 with value: 0.38129103093089084.
[I 2025-12-02 21:18:20,146] Trial 2 finished with value: 0.38195020066659147 and parameters: {'n_estimators': 669, 'learning_rate': 0.12584781704083126, 'max_depth': 8, 'min_child_weight': 5, 'subsample': 0.8641328512127133, 'colsample_bytree': 0.9207820803629965, 'reg_alpha': 0.5240654564858361, 'reg_lambda': 8.87499961583129, 'gamma': 4.742433243180085}. Best is trial 2 with value: 0.38195020066659147.
[I 2025-12-02 21:18:32,355] Trial 3 finished with value: 0.38246902788261644 and parameters: {'n_estimators': 558, 'learning_rate': 0.28394135217241706, 'max_depth': 13, 'min_child_weight': 6, 'subsample': 0.9239019907970493, 'colsample_bytree': 0.973000024310343, 'reg_alpha': 0.4795051149036885, 'reg_lambda': 9.790874430290069, 'gamma': 3.201730278407692}. Best is trial 3 with value: 0.38246902788261644.
