[I 2025-12-02 19:12:30,348] A new study created in memory with name: catboost_fold_1
[I 2025-12-02 19:21:38,335] Trial 0 finished with value: 0.3862379338172901 and parameters: {'iterations': 649, 'learning_rate': 0.018862330424839972, 'depth': 10, 'l2_leaf_reg': 6.30213586253357, 'border_count': 231, 'bagging_temperature': 0.7341182131025014, 'random_strength': 0.45948054772710933}. Best is trial 0 with value: 0.3862379338172901.
[I 2025-12-02 19:22:16,709] Trial 1 finished with value: 0.37217108824238404 and parameters: {'iterations': 490, 'learning_rate': 0.25159717878971727, 'depth': 8, 'l2_leaf_reg': 8.878132625105902, 'border_count': 202, 'bagging_temperature': 0.25816386747814557, 'random_strength': 0.8406319319936216}. Best is trial 0 with value: 0.3862379338172901.
[I 2025-12-02 19:23:54,911] Trial 2 finished with value: 0.37160205636208965 and parameters: {'iterations': 701, 'learning_rate': 0.23206243997698633, 'depth': 9, 'l2_leaf_reg': 3.957039988662349, 'border_count': 129, 'bagging_temperature': 0.2167265450192961, 'random_strength': 0.4274519306380423}. Best is trial 0 with value: 0.3862379338172901.
[I 2025-12-02 19:24:03,683] Trial 3 finished with value: 0.3699656797231798 and parameters: {'iterations': 989, 'learning_rate': 0.2914015958348723, 'depth': 5, 'l2_leaf_reg': 3.168426014770136, 'border_count': 162, 'bagging_temperature': 0.6905119671945993, 'random_strength': 0.6344579595846142}. Best is trial 0 with value: 0.3862379338172901.
[I 2025-12-02 19:24:06,922] Trial 4 finished with value: 0.3871359606121513 and parameters: {'iterations': 488, 'learning_rate': 0.09389409125867557, 'depth': 4, 'l2_leaf_reg': 3.4358413356543807, 'border_count': 166, 'bagging_temperature': 0.2923220988899864, 'random_strength': 0.5964329038833719}. Best is trial 4 with value: 0.3871359606121513.
[I 2025-12-02 19:24:09,975] Trial 5 finished with value: 0.3848146938342048 and parameters: {'iterations': 305, 'learning_rate': 0.05578940033122133, 'depth': 5, 'l2_leaf_reg': 6.932194989122997, 'border_count': 161, 'bagging_temperature': 0.7664009907638156, 'random_strength': 0.6073032596053677}. Best is trial 4 with value: 0.3871359606121513.
[I 2025-12-02 19:27:33,877] Trial 6 finished with value: 0.37108119920698845 and parameters: {'iterations': 620, 'learning_rate': 0.21361229847781607, 'depth': 9, 'l2_leaf_reg': 7.272229008507982, 'border_count': 229, 'bagging_temperature': 0.8770197322954333, 'random_strength': 0.6794099879369553}. Best is trial 4 with value: 0.3871359606121513.
[I 2025-12-02 19:27:38,203] Trial 7 finished with value: 0.37562465565306524 and parameters: {'iterations': 760, 'learning_rate': 0.22399287504124626, 'depth': 4, 'l2_leaf_reg': 7.147457948496153, 'border_count': 99, 'bagging_temperature': 0.9274667895774258, 'random_strength': 0.21402468845799583}. Best is trial 4 with value: 0.3871359606121513.
[I 2025-12-02 19:27:42,316] Trial 8 finished with value: 0.386808960192291 and parameters: {'iterations': 327, 'learning_rate': 0.0385496202812196, 'depth': 5, 'l2_leaf_reg': 8.196733982609798, 'border_count': 221, 'bagging_temperature': 0.29209069486801675, 'random_strength': 0.5422390748185002}. Best is trial 4 with value: 0.3871359606121513.
[I 2025-12-02 19:27:45,106] Trial 9 finished with value: 0.38309012278817134 and parameters: {'iterations': 271, 'learning_rate': 0.08713843464368233, 'depth': 6, 'l2_leaf_reg': 3.698358465595777, 'border_count': 67, 'bagging_temperature': 0.5136274229367519, 'random_strength': 0.3459408313209932}. Best is trial 4 with value: 0.3871359606121513.
[I 2025-12-02 19:27:47,013] Trial 10 finished with value: 0.37319550287344966 and parameters: {'iterations': 131, 'learning_rate': 0.13186102071267156, 'depth': 7, 'l2_leaf_reg': 1.169604226418432, 'border_count': 38, 'bagging_temperature': 0.014249789503244736, 'random_strength': 0.00845002960252611}. Best is trial 4 with value: 0.3871359606121513.
[I 2025-12-02 19:27:49,982] Trial 11 finished with value: 0.3838772700337519 and parameters: {'iterations': 419, 'learning_rate': 0.1164589468772452, 'depth': 4, 'l2_leaf_reg': 9.785544291024596, 'border_count': 188, 'bagging_temperature': 0.3592056346794345, 'random_strength': 0.9482059100228893}. Best is trial 4 with value: 0.3871359606121513.
[I 2025-12-02 19:28:03,071] Trial 12 finished with value: 0.3849712970571675 and parameters: {'iterations': 345, 'learning_rate': 0.0126603427990046, 'depth': 6, 'l2_leaf_reg': 4.911158159822079, 'border_count': 255, 'bagging_temperature': 0.4721946634946582, 'random_strength': 0.7281008250373499}. Best is trial 4 with value: 0.3871359606121513.
[I 2025-12-02 19:28:04,261] Trial 13 finished with value: 0.3807527073968465 and parameters: {'iterations': 112, 'learning_rate': 0.16835319957818418, 'depth': 4, 'l2_leaf_reg': 2.007065730684537, 'border_count': 126, 'bagging_temperature': 0.08226762999828446, 'random_strength': 0.2707269778678602}. Best is trial 4 with value: 0.3871359606121513.
[I 2025-12-02 19:28:09,767] Trial 14 finished with value: 0.3866077153873445 and parameters: {'iterations': 512, 'learning_rate': 0.06792091495713051, 'depth': 5, 'l2_leaf_reg': 5.197326930838992, 'border_count': 197, 'bagging_temperature': 0.20218655882167286, 'random_strength': 0.5632238311033086}. Best is trial 4 with value: 0.3871359606121513.
[I 2025-12-02 19:28:27,714] Trial 15 finished with value: 0.38166276824606044 and parameters: {'iterations': 855, 'learning_rate': 0.09323824011813069, 'depth': 6, 'l2_leaf_reg': 8.675435793837693, 'border_count': 165, 'bagging_temperature': 0.43064696840923467, 'random_strength': 0.8059342196768615}. Best is trial 4 with value: 0.3871359606121513.
[I 2025-12-02 19:28:45,588] Trial 16 finished with value: 0.3798200987310794 and parameters: {'iterations': 228, 'learning_rate': 0.15852241776630396, 'depth': 7, 'l2_leaf_reg': 2.47972409490289, 'border_count': 219, 'bagging_temperature': 0.5945881156632711, 'random_strength': 0.508135712981197}. Best is trial 4 with value: 0.3871359606121513.
[I 2025-12-02 19:28:48,808] Trial 17 finished with value: 0.38533431345961516 and parameters: {'iterations': 413, 'learning_rate': 0.04251996754580397, 'depth': 5, 'l2_leaf_reg': 4.513705256379447, 'border_count': 106, 'bagging_temperature': 0.3308249905004939, 'random_strength': 0.9116211347720482}. Best is trial 4 with value: 0.3871359606121513.
[I 2025-12-02 19:28:52,292] Trial 18 finished with value: 0.3808408710851823 and parameters: {'iterations': 528, 'learning_rate': 0.1176585548199211, 'depth': 4, 'l2_leaf_reg': 5.846371623161131, 'border_count': 179, 'bagging_temperature': 0.17496543228228686, 'random_strength': 0.1277721629656367}. Best is trial 4 with value: 0.3871359606121513.
[I 2025-12-02 19:29:28,597] Trial 19 finished with value: 0.37948222022538436 and parameters: {'iterations': 398, 'learning_rate': 0.18501588345218556, 'depth': 7, 'l2_leaf_reg': 8.339098340112683, 'border_count': 255, 'bagging_temperature': 0.3612771971074562, 'random_strength': 0.35862202328334186}. Best is trial 4 with value: 0.3871359606121513.
[I 2025-12-02 19:29:30,682] Trial 20 finished with value: 0.3841275571457009 and parameters: {'iterations': 200, 'learning_rate': 0.04276328389928957, 'depth': 5, 'l2_leaf_reg': 9.962304571862855, 'border_count': 139, 'bagging_temperature': 0.10869417525291114, 'random_strength': 0.7435161093663039}. Best is trial 4 with value: 0.3871359606121513.
[I 2025-12-02 19:29:36,215] Trial 21 finished with value: 0.3850508567359784 and parameters: {'iterations': 504, 'learning_rate': 0.07629588505793171, 'depth': 5, 'l2_leaf_reg': 5.050620200178898, 'border_count': 202, 'bagging_temperature': 0.2604509627430893, 'random_strength': 0.5211294779743512}. Best is trial 4 with value: 0.3871359606121513.
[I 2025-12-02 19:29:52,137] Trial 22 finished with value: 0.38485212071588115 and parameters: {'iterations': 573, 'learning_rate': 0.06705165962006987, 'depth': 6, 'l2_leaf_reg': 5.800121993667315, 'border_count': 207, 'bagging_temperature': 0.15124798714008927, 'random_strength': 0.5886009072196039}. Best is trial 4 with value: 0.3871359606121513.
[I 2025-12-02 19:29:54,852] Trial 23 finished with value: 0.383087317611455 and parameters: {'iterations': 380, 'learning_rate': 0.09723229229560071, 'depth': 4, 'l2_leaf_reg': 2.9832433654459134, 'border_count': 183, 'bagging_temperature': 0.31435043299984644, 'random_strength': 0.5861860178408891}. Best is trial 4 with value: 0.3871359606121513.
[I 2025-12-02 19:30:01,726] Trial 24 finished with value: 0.3858911172607407 and parameters: {'iterations': 577, 'learning_rate': 0.03720435992195153, 'depth': 5, 'l2_leaf_reg': 4.06612760550121, 'border_count': 223, 'bagging_temperature': 0.5554180158284805, 'random_strength': 0.4016833441458745}. Best is trial 4 with value: 0.3871359606121513.
[I 2025-12-02 19:30:10,474] Trial 25 finished with value: 0.37842876581694307 and parameters: {'iterations': 452, 'learning_rate': 0.12994799533643303, 'depth': 6, 'l2_leaf_reg': 7.767581531738309, 'border_count': 149, 'bagging_temperature': 0.42846268630338485, 'random_strength': 0.5237321094329683}. Best is trial 4 with value: 0.3871359606121513.
[I 2025-12-02 19:30:12,929] Trial 26 finished with value: 0.38659386385654326 and parameters: {'iterations': 308, 'learning_rate': 0.06507310824738623, 'depth': 4, 'l2_leaf_reg': 6.508180634353192, 'border_count': 237, 'bagging_temperature': 0.010468990033172754, 'random_strength': 0.71378136130406}. Best is trial 4 with value: 0.3871359606121513.
[I 2025-12-02 19:30:20,557] Trial 27 finished with value: 0.3797780775812245 and parameters: {'iterations': 741, 'learning_rate': 0.10815985194123884, 'depth': 5, 'l2_leaf_reg': 5.443167589702748, 'border_count': 191, 'bagging_temperature': 0.25465411615188094, 'random_strength': 0.8032911722090593}. Best is trial 4 with value: 0.3871359606121513.
[I 2025-12-02 19:30:23,882] Trial 28 finished with value: 0.3867331175888422 and parameters: {'iterations': 483, 'learning_rate': 0.02385491860690729, 'depth': 4, 'l2_leaf_reg': 1.7091010617834739, 'border_count': 173, 'bagging_temperature': 0.10449539348483182, 'random_strength': 0.5490392700301665}. Best is trial 4 with value: 0.3871359606121513.
[I 2025-12-02 19:37:09,520] Trial 29 finished with value: 0.38518582656272715 and parameters: {'iterations': 665, 'learning_rate': 0.01963439062362904, 'depth': 10, 'l2_leaf_reg': 1.337232808380131, 'border_count': 173, 'bagging_temperature': 0.10698397995403286, 'random_strength': 0.4651805728381482}. Best is trial 4 with value: 0.3871359606121513.
[I 2025-12-02 19:37:11,199] A new study created in memory with name: catboost_fold_2
[I 2025-12-02 19:37:29,410] Trial 0 finished with value: 0.3757124071049637 and parameters: {'iterations': 915, 'learning_rate': 0.17020628598904333, 'depth': 8, 'l2_leaf_reg': 7.8040885753030125, 'border_count': 61, 'bagging_temperature': 0.5325231692632864, 'random_strength': 0.49924257917147363}. Best is trial 0 with value: 0.3757124071049637.
[I 2025-12-02 19:38:14,142] Trial 1 finished with value: 0.3788261373863824 and parameters: {'iterations': 681, 'learning_rate': 0.16549214098886533, 'depth': 7, 'l2_leaf_reg': 4.120940589851234, 'border_count': 190, 'bagging_temperature': 0.9127085456587993, 'random_strength': 0.2958618498621206}. Best is trial 1 with value: 0.3788261373863824.
[I 2025-12-02 19:38:17,037] Trial 2 finished with value: 0.3844696155760481 and parameters: {'iterations': 136, 'learning_rate': 0.208343625870516, 'depth': 8, 'l2_leaf_reg': 6.502798149801515, 'border_count': 52, 'bagging_temperature': 0.8515928503889992, 'random_strength': 0.7057850576730264}. Best is trial 2 with value: 0.3844696155760481.
[I 2025-12-02 19:38:47,326] Trial 3 finished with value: 0.3771219111827611 and parameters: {'iterations': 443, 'learning_rate': 0.2800760027310018, 'depth': 9, 'l2_leaf_reg': 3.61099365417041, 'border_count': 86, 'bagging_temperature': 0.6260134241476913, 'random_strength': 0.0015954974013367984}. Best is trial 2 with value: 0.3844696155760481.
[I 2025-12-02 19:38:51,767] Trial 4 finished with value: 0.38947528500894946 and parameters: {'iterations': 827, 'learning_rate': 0.08687961233342213, 'depth': 4, 'l2_leaf_reg': 3.7399545856170926, 'border_count': 68, 'bagging_temperature': 0.5610555716625516, 'random_strength': 0.9367741420439282}. Best is trial 4 with value: 0.38947528500894946.
[I 2025-12-02 19:38:58,647] Trial 5 finished with value: 0.3863204958931278 and parameters: {'iterations': 310, 'learning_rate': 0.015352220455114383, 'depth': 7, 'l2_leaf_reg': 4.568337366352026, 'border_count': 71, 'bagging_temperature': 0.39873404328022843, 'random_strength': 0.7507480931255262}. Best is trial 4 with value: 0.38947528500894946.
[I 2025-12-02 19:39:02,515] Trial 6 finished with value: 0.3932743203259758 and parameters: {'iterations': 588, 'learning_rate': 0.1222634761691408, 'depth': 4, 'l2_leaf_reg': 8.217395006515275, 'border_count': 182, 'bagging_temperature': 0.8854580439503065, 'random_strength': 0.268148794511585}. Best is trial 6 with value: 0.3932743203259758.
[I 2025-12-02 19:41:29,694] Trial 7 finished with value: 0.39280623802773207 and parameters: {'iterations': 928, 'learning_rate': 0.027282516337646057, 'depth': 9, 'l2_leaf_reg': 6.09616424208221, 'border_count': 139, 'bagging_temperature': 0.779253811742714, 'random_strength': 0.22669019770946408}. Best is trial 6 with value: 0.3932743203259758.
[I 2025-12-02 19:43:39,201] Trial 8 finished with value: 0.3816628955534351 and parameters: {'iterations': 248, 'learning_rate': 0.19447930500871308, 'depth': 10, 'l2_leaf_reg': 9.807158098076888, 'border_count': 151, 'bagging_temperature': 0.7660889937150139, 'random_strength': 0.25353714071154687}. Best is trial 6 with value: 0.3932743203259758.
[I 2025-12-02 19:43:46,801] Trial 9 finished with value: 0.3881299519189779 and parameters: {'iterations': 181, 'learning_rate': 0.07149443768286955, 'depth': 7, 'l2_leaf_reg': 2.386519607869211, 'border_count': 122, 'bagging_temperature': 0.34457583243270884, 'random_strength': 0.9525966571988349}. Best is trial 6 with value: 0.3932743203259758.
[I 2025-12-02 19:43:51,030] Trial 10 finished with value: 0.3892197997633993 and parameters: {'iterations': 585, 'learning_rate': 0.11339398622013348, 'depth': 4, 'l2_leaf_reg': 9.9330554838346, 'border_count': 252, 'bagging_temperature': 0.01486108557898913, 'random_strength': 0.034266052182324924}. Best is trial 6 with value: 0.3932743203259758.
[I 2025-12-02 19:43:58,190] Trial 11 finished with value: 0.39351704313583713 and parameters: {'iterations': 769, 'learning_rate': 0.01905965322556888, 'depth': 5, 'l2_leaf_reg': 6.719494106331878, 'border_count': 171, 'bagging_temperature': 0.7348451523589403, 'random_strength': 0.28542359820820573}. Best is trial 11 with value: 0.39351704313583713.
[I 2025-12-02 19:44:05,892] Trial 12 finished with value: 0.3889038846572963 and parameters: {'iterations': 704, 'learning_rate': 0.11980282526466551, 'depth': 5, 'l2_leaf_reg': 7.8803487419194385, 'border_count': 203, 'bagging_temperature': 0.9428723628990208, 'random_strength': 0.4255869967799435}. Best is trial 11 with value: 0.39351704313583713.
[I 2025-12-02 19:44:10,800] Trial 13 finished with value: 0.3797235173737642 and parameters: {'iterations': 465, 'learning_rate': 0.24973337186938632, 'depth': 5, 'l2_leaf_reg': 7.967876666346017, 'border_count': 184, 'bagging_temperature': 0.6983948974169064, 'random_strength': 0.1508763897051758}. Best is trial 11 with value: 0.39351704313583713.
[I 2025-12-02 19:44:19,992] Trial 14 finished with value: 0.39244788988178814 and parameters: {'iterations': 755, 'learning_rate': 0.05486647962562318, 'depth': 5, 'l2_leaf_reg': 6.919020187267949, 'border_count': 230, 'bagging_temperature': 0.9866840476094098, 'random_strength': 0.36151096480212513}. Best is trial 11 with value: 0.39351704313583713.
[I 2025-12-02 19:44:33,034] Trial 15 finished with value: 0.38408523314118737 and parameters: {'iterations': 610, 'learning_rate': 0.12340395274062531, 'depth': 6, 'l2_leaf_reg': 8.756938081550244, 'border_count': 165, 'bagging_temperature': 0.3669372966768616, 'random_strength': 0.6576318888089712}. Best is trial 11 with value: 0.39351704313583713.
[I 2025-12-02 19:44:35,782] Trial 16 finished with value: 0.39067383503381387 and parameters: {'iterations': 423, 'learning_rate': 0.050576979867875654, 'depth': 4, 'l2_leaf_reg': 5.613854310029976, 'border_count': 118, 'bagging_temperature': 0.1827246953203011, 'random_strength': 0.1428353795580365}. Best is trial 11 with value: 0.39351704313583713.
[I 2025-12-02 19:45:05,417] Trial 17 finished with value: 0.3792015449594607 and parameters: {'iterations': 997, 'learning_rate': 0.09751989379550123, 'depth': 6, 'l2_leaf_reg': 1.2596056924608225, 'border_count': 217, 'bagging_temperature': 0.7275484090143245, 'random_strength': 0.5739843570873191}. Best is trial 11 with value: 0.39351704313583713.
[I 2025-12-02 19:45:23,032] Trial 18 finished with value: 0.38416125482862606 and parameters: {'iterations': 810, 'learning_rate': 0.22833011272701365, 'depth': 6, 'l2_leaf_reg': 8.700903730128099, 'border_count': 168, 'bagging_temperature': 0.84136347506655, 'random_strength': 0.4139338609669713}. Best is trial 11 with value: 0.39351704313583713.
[I 2025-12-02 19:45:26,993] Trial 19 finished with value: 0.39143418925930545 and parameters: {'iterations': 521, 'learning_rate': 0.14517089749327497, 'depth': 5, 'l2_leaf_reg': 7.036711950075, 'border_count': 104, 'bagging_temperature': 0.6912372986093445, 'random_strength': 0.18552474236370076}. Best is trial 11 with value: 0.39351704313583713.
[I 2025-12-02 19:45:29,796] Trial 20 finished with value: 0.3917860232047472 and parameters: {'iterations': 353, 'learning_rate': 0.038689995157917614, 'depth': 4, 'l2_leaf_reg': 5.529655291209874, 'border_count': 236, 'bagging_temperature': 0.607461104901592, 'random_strength': 0.3277207432520043}. Best is trial 11 with value: 0.39351704313583713.
[I 2025-12-02 19:52:26,609] Trial 21 finished with value: 0.3926747353279213 and parameters: {'iterations': 901, 'learning_rate': 0.014412542144175311, 'depth': 10, 'l2_leaf_reg': 6.0584480370145375, 'border_count': 135, 'bagging_temperature': 0.8452792833774598, 'random_strength': 0.22043887213328206}. Best is trial 11 with value: 0.39351704313583713.
[I 2025-12-02 19:54:24,647] Trial 22 finished with value: 0.39019192623983423 and parameters: {'iterations': 661, 'learning_rate': 0.03524729841429969, 'depth': 9, 'l2_leaf_reg': 4.861068153442608, 'border_count': 148, 'bagging_temperature': 0.7747357573399939, 'random_strength': 0.5190642860113}. Best is trial 11 with value: 0.39351704313583713.
[I 2025-12-02 19:58:07,404] Trial 23 finished with value: 0.3892891454114901 and parameters: {'iterations': 992, 'learning_rate': 0.07304688295466832, 'depth': 9, 'l2_leaf_reg': 7.12838114186104, 'border_count': 175, 'bagging_temperature': 0.893676309407904, 'random_strength': 0.10972183037226768}. Best is trial 11 with value: 0.39351704313583713.
[I 2025-12-02 19:58:52,224] Trial 24 finished with value: 0.39175694106464354 and parameters: {'iterations': 871, 'learning_rate': 0.011172207338781794, 'depth': 8, 'l2_leaf_reg': 8.996819491594934, 'border_count': 157, 'bagging_temperature': 0.45914186483118935, 'random_strength': 0.2667420248244321}. Best is trial 11 with value: 0.39351704313583713.
[I 2025-12-02 19:59:00,343] Trial 25 finished with value: 0.3862419384649884 and parameters: {'iterations': 753, 'learning_rate': 0.14603404936049041, 'depth': 5, 'l2_leaf_reg': 6.291185427383741, 'border_count': 200, 'bagging_temperature': 0.8002583922202818, 'random_strength': 0.08797766975219912}. Best is trial 11 with value: 0.39351704313583713.
[I 2025-12-02 19:59:05,638] Trial 26 finished with value: 0.3754924038179177 and parameters: {'iterations': 761, 'learning_rate': 0.06867603486667069, 'depth': 6, 'l2_leaf_reg': 7.524558021666937, 'border_count': 32, 'bagging_temperature': 0.6546975385523508, 'random_strength': 0.34422327619588644}. Best is trial 11 with value: 0.39351704313583713.
[I 2025-12-02 19:59:09,489] Trial 27 finished with value: 0.39353980192312715 and parameters: {'iterations': 630, 'learning_rate': 0.03329078201782042, 'depth': 4, 'l2_leaf_reg': 4.990948475118644, 'border_count': 135, 'bagging_temperature': 0.9819493573102693, 'random_strength': 0.4291545204439646}. Best is trial 27 with value: 0.39353980192312715.
[I 2025-12-02 19:59:12,607] Trial 28 finished with value: 0.3939186551266759 and parameters: {'iterations': 514, 'learning_rate': 0.09918960280886796, 'depth': 4, 'l2_leaf_reg': 5.000422106193166, 'border_count': 97, 'bagging_temperature': 0.9531417692267129, 'random_strength': 0.46074195882335606}. Best is trial 28 with value: 0.3939186551266759.
[I 2025-12-02 19:59:15,904] Trial 29 finished with value: 0.3920275180513754 and parameters: {'iterations': 541, 'learning_rate': 0.09079558423756644, 'depth': 4, 'l2_leaf_reg': 2.67772314023067, 'border_count': 99, 'bagging_temperature': 0.9719067559059444, 'random_strength': 0.4716520723432019}. Best is trial 28 with value: 0.3939186551266759.
[I 2025-12-02 19:59:17,288] A new study created in memory with name: catboost_fold_3
[I 2025-12-02 19:59:41,702] Trial 0 finished with value: 0.36833700968082445 and parameters: {'iterations': 589, 'learning_rate': 0.17944110335230629, 'depth': 8, 'l2_leaf_reg': 2.140869656422854, 'border_count': 126, 'bagging_temperature': 0.760746843126553, 'random_strength': 0.2808028271140516}. Best is trial 0 with value: 0.36833700968082445.
[I 2025-12-02 19:59:45,434] Trial 1 finished with value: 0.3886889542199797 and parameters: {'iterations': 256, 'learning_rate': 0.12839827107441648, 'depth': 6, 'l2_leaf_reg': 7.4331164301262636, 'border_count': 105, 'bagging_temperature': 0.8287787720456066, 'random_strength': 0.38458403858978607}. Best is trial 1 with value: 0.3886889542199797.
