[I 2025-12-02 20:53:52,354] Trial 4 finished with value: 0.3784939622251968 and parameters: {'iterations': 711, 'learning_rate': 0.25258813408605885, 'depth': 5, 'l2_leaf_reg': 3.899971192557833, 'border_count': 214, 'bagging_temperature': 0.8224265763036954, 'random_strength': 0.4876865901559262}. Best is trial 3 with value: 0.38420385192237066.
[I 2025-12-02 20:58:32,264] Trial 5 finished with value: 0.37969074103911865 and parameters: {'iterations': 827, 'learning_rate': 0.17836083598875602, 'depth': 9, 'l2_leaf_reg': 5.997702680139218, 'border_count': 234, 'bagging_temperature': 0.9190716137214119, 'random_strength': 0.8802948637321982}. Best is trial 3 with value: 0.38420385192237066.
[I 2025-12-02 20:58:36,478] Trial 6 finished with value: 0.3761803939863128 and parameters: {'iterations': 688, 'learning_rate': 0.2968516083552318, 'depth': 5, 'l2_leaf_reg': 8.212947945681407, 'border_count': 40, 'bagging_temperature': 0.9303988537461725, 'random_strength': 0.01929201542999781}. Best is trial 3 with value: 0.38420385192237066.
[I 2025-12-02 20:59:04,820] Trial 7 finished with value: 0.3846390417477498 and parameters: {'iterations': 840, 'learning_rate': 0.16674095132266947, 'depth': 6, 'l2_leaf_reg': 9.054371234417097, 'border_count': 242, 'bagging_temperature': 0.05521890530541407, 'random_strength': 0.13428254000387807}. Best is trial 7 with value: 0.3846390417477498.
[I 2025-12-02 21:02:25,930] Trial 8 finished with value: 0.3788156786436295 and parameters: {'iterations': 779, 'learning_rate': 0.1711771412980606, 'depth': 9, 'l2_leaf_reg': 6.218804234885669, 'border_count': 199, 'bagging_temperature': 0.08556597186269321, 'random_strength': 0.476117095246379}. Best is trial 7 with value: 0.3846390417477498.
[I 2025-12-02 21:02:39,360] Trial 9 finished with value: 0.38260670888341874 and parameters: {'iterations': 366, 'learning_rate': 0.23086753981678854, 'depth': 6, 'l2_leaf_reg': 2.5970695870543903, 'border_count': 249, 'bagging_temperature': 0.3672868754605304, 'random_strength': 0.09229480761952313}. Best is trial 7 with value: 0.3846390417477498.
[I 2025-12-02 21:02:40,611] Trial 10 finished with value: 0.3829928840740716 and parameters: {'iterations': 111, 'learning_rate': 0.04819329713448674, 'depth': 4, 'l2_leaf_reg': 9.765645356125898, 'border_count': 162, 'bagging_temperature': 0.004687618045048948, 'random_strength': 0.2596473775045425}. Best is trial 7 with value: 0.3846390417477498.
[I 2025-12-02 21:03:24,272] Trial 11 finished with value: 0.384030267003223 and parameters: {'iterations': 993, 'learning_rate': 0.09218434345789112, 'depth': 7, 'l2_leaf_reg': 9.897587138673986, 'border_count': 137, 'bagging_temperature': 0.2529891425808447, 'random_strength': 0.6457122923371561}. Best is trial 7 with value: 0.3846390417477498.
[I 2025-12-02 21:03:39,352] Trial 12 finished with value: 0.38354469478517367 and parameters: {'iterations': 493, 'learning_rate': 0.11358253145011535, 'depth': 7, 'l2_leaf_reg': 8.08444568077137, 'border_count': 98, 'bagging_temperature': 0.320988566279553, 'random_strength': 0.25272143285963705}. Best is trial 7 with value: 0.3846390417477498.
[I 2025-12-02 21:04:34,370] Trial 13 finished with value: 0.3799179493251959 and parameters: {'iterations': 903, 'learning_rate': 0.12160378012752295, 'depth': 8, 'l2_leaf_reg': 7.963964649602852, 'border_count': 177, 'bagging_temperature': 0.16706281605405077, 'random_strength': 0.29797902180081637}. Best is trial 7 with value: 0.3846390417477498.
[I 2025-12-02 21:04:39,896] Trial 14 finished with value: 0.3870535374350504 and parameters: {'iterations': 522, 'learning_rate': 0.04834040452849468, 'depth': 6, 'l2_leaf_reg': 8.89287080481738, 'border_count': 81, 'bagging_temperature': 0.3986141181416784, 'random_strength': 0.6740304584228894}. Best is trial 14 with value: 0.3870535374350504.
[I 2025-12-02 21:04:45,919] Trial 15 finished with value: 0.3872831496763192 and parameters: {'iterations': 539, 'learning_rate': 0.027543347928806066, 'depth': 6, 'l2_leaf_reg': 7.194222595894474, 'border_count': 85, 'bagging_temperature': 0.7203373617067902, 'random_strength': 0.7102860977207841}. Best is trial 15 with value: 0.3872831496763192.
[I 2025-12-02 21:04:50,884] Trial 16 finished with value: 0.38663839427446867 and parameters: {'iterations': 466, 'learning_rate': 0.011983795826573154, 'depth': 6, 'l2_leaf_reg': 1.0472507939933795, 'border_count': 77, 'bagging_temperature': 0.6911804836342293, 'random_strength': 0.7092672601495621}. Best is trial 15 with value: 0.3872831496763192.
[I 2025-12-02 21:04:53,172] Trial 17 finished with value: 0.38717622608792984 and parameters: {'iterations': 340, 'learning_rate': 0.06237236221845677, 'depth': 4, 'l2_leaf_reg': 7.08178087934259, 'border_count': 73, 'bagging_temperature': 0.43757433059855666, 'random_strength': 0.6652556422755204}. Best is trial 15 with value: 0.3872831496763192.
[I 2025-12-02 21:04:55,451] Trial 18 finished with value: 0.3886435978093009 and parameters: {'iterations': 327, 'learning_rate': 0.06665234795224148, 'depth': 4, 'l2_leaf_reg': 4.763204899911038, 'border_count': 120, 'bagging_temperature': 0.6555006239503948, 'random_strength': 0.9875002174987768}. Best is trial 18 with value: 0.3886435978093009.
[I 2025-12-02 21:04:57,410] Trial 19 finished with value: 0.38219510778046606 and parameters: {'iterations': 190, 'learning_rate': 0.02384467640550003, 'depth': 5, 'l2_leaf_reg': 4.700910163254173, 'border_count': 123, 'bagging_temperature': 0.7114342333671372, 'random_strength': 0.9889776115699804}. Best is trial 18 with value: 0.3886435978093009.
[I 2025-12-02 21:04:59,713] Trial 20 finished with value: 0.3898210086081136 and parameters: {'iterations': 334, 'learning_rate': 0.07954672077613055, 'depth': 4, 'l2_leaf_reg': 5.1315229281595744, 'border_count': 101, 'bagging_temperature': 0.6941691695298425, 'random_strength': 0.8123620543400492}. Best is trial 20 with value: 0.3898210086081136.
[I 2025-12-02 21:05:01,921] Trial 21 finished with value: 0.3916714461477271 and parameters: {'iterations': 315, 'learning_rate': 0.0753436738718095, 'depth': 4, 'l2_leaf_reg': 4.595501021494607, 'border_count': 100, 'bagging_temperature': 0.6946909689098713, 'random_strength': 0.8040162225398825}. Best is trial 21 with value: 0.3916714461477271.
[I 2025-12-02 21:05:04,059] Trial 22 finished with value: 0.3889969752830547 and parameters: {'iterations': 287, 'learning_rate': 0.07618314616909741, 'depth': 4, 'l2_leaf_reg': 4.9256852391372155, 'border_count': 117, 'bagging_temperature': 0.6022529135816554, 'random_strength': 0.844713996326905}. Best is trial 21 with value: 0.3916714461477271.
[I 2025-12-02 21:05:05,948] Trial 23 finished with value: 0.3925449037223166 and parameters: {'iterations': 245, 'learning_rate': 0.08751531941406193, 'depth': 4, 'l2_leaf_reg': 5.255094825458598, 'border_count': 101, 'bagging_temperature': 0.8126496596134848, 'random_strength': 0.8116526004040824}. Best is trial 23 with value: 0.3925449037223166.
[I 2025-12-02 21:05:07,840] Trial 24 finished with value: 0.38675505604701327 and parameters: {'iterations': 221, 'learning_rate': 0.09672818964863159, 'depth': 5, 'l2_leaf_reg': 3.826262000038117, 'border_count': 59, 'bagging_temperature': 0.8042872638929536, 'random_strength': 0.7603103754853598}. Best is trial 23 with value: 0.3925449037223166.
[I 2025-12-02 21:05:10,535] Trial 25 finished with value: 0.38955972210542755 and parameters: {'iterations': 409, 'learning_rate': 0.14064587199328507, 'depth': 4, 'l2_leaf_reg': 5.336833826298337, 'border_count': 97, 'bagging_temperature': 0.8206744816243996, 'random_strength': 0.5913993112242392}. Best is trial 23 with value: 0.3925449037223166.
[I 2025-12-02 21:05:13,059] Trial 26 finished with value: 0.3912317685835743 and parameters: {'iterations': 245, 'learning_rate': 0.09861607528010649, 'depth': 5, 'l2_leaf_reg': 3.9870743422388655, 'border_count': 143, 'bagging_temperature': 0.9792545429759167, 'random_strength': 0.8005553781443179}. Best is trial 23 with value: 0.3925449037223166.
[I 2025-12-02 21:05:14,543] Trial 27 finished with value: 0.3844339586060425 and parameters: {'iterations': 101, 'learning_rate': 0.10684842091049526, 'depth': 5, 'l2_leaf_reg': 3.9248348849604127, 'border_count': 149, 'bagging_temperature': 0.9996747139776985, 'random_strength': 0.8914572755527529}. Best is trial 23 with value: 0.3925449037223166.
[I 2025-12-02 21:05:17,087] Trial 28 finished with value: 0.386481423089948 and parameters: {'iterations': 265, 'learning_rate': 0.14514781563353557, 'depth': 5, 'l2_leaf_reg': 2.0774141428935318, 'border_count': 129, 'bagging_temperature': 0.886393927112687, 'random_strength': 0.5855960767981259}. Best is trial 23 with value: 0.3925449037223166.
[I 2025-12-02 21:05:18,842] Trial 29 finished with value: 0.386890324458684 and parameters: {'iterations': 191, 'learning_rate': 0.042980885212274667, 'depth': 4, 'l2_leaf_reg': 4.193678800832036, 'border_count': 183, 'bagging_temperature': 0.9988962359655345, 'random_strength': 0.3917073309510785}. Best is trial 23 with value: 0.3925449037223166.
[I 2025-12-02 21:05:49,643] A new study created in memory with name: xgboost_fold_1
[I 2025-12-02 21:06:07,029] Trial 0 finished with value: 0.37884342242642555 and parameters: {'n_estimators': 777, 'learning_rate': 0.2376293660815759, 'max_depth': 3, 'min_child_weight': 9, 'subsample': 0.6886157264022115, 'colsample_bytree': 0.7264103722101822, 'reg_alpha': 0.22213287873251242, 'reg_lambda': 1.0423499710495707, 'gamma': 4.164466082717115}. Best is trial 0 with value: 0.37884342242642555.
[I 2025-12-02 21:06:56,933] Trial 1 finished with value: 0.3735385018788631 and parameters: {'n_estimators': 454, 'learning_rate': 0.05300705785509635, 'max_depth': 14, 'min_child_weight': 9, 'subsample': 0.8500031990598764, 'colsample_bytree': 0.7211452135427985, 'reg_alpha': 0.02844084580310735, 'reg_lambda': 1.6076610109087799, 'gamma': 0.12002393056109506}. Best is trial 0 with value: 0.37884342242642555.
[I 2025-12-02 21:07:07,335] Trial 2 finished with value: 0.37990961532408535 and parameters: {'n_estimators': 273, 'learning_rate': 0.2163060803494984, 'max_depth': 12, 'min_child_weight': 9, 'subsample': 0.6159443433904436, 'colsample_bytree': 0.6745082015935582, 'reg_alpha': 0.7095922255154993, 'reg_lambda': 6.178679945924201, 'gamma': 3.220705468485444}. Best is trial 2 with value: 0.37990961532408535.
[I 2025-12-02 21:07:12,041] Trial 3 finished with value: 0.38173790122448686 and parameters: {'n_estimators': 187, 'learning_rate': 0.18301216681529395, 'max_depth': 5, 'min_child_weight': 2, 'subsample': 0.993002396962262, 'colsample_bytree': 0.6440627369773773, 'reg_alpha': 0.19903687310805218, 'reg_lambda': 1.9074274947123862, 'gamma': 1.3074183179917964}. Best is trial 3 with value: 0.38173790122448686.
[I 2025-12-02 21:07:18,700] Trial 4 finished with value: 0.3675882890042006 and parameters: {'n_estimators': 280, 'learning_rate': 0.2729527782605535, 'max_depth': 13, 'min_child_weight': 7, 'subsample': 0.6344410209499886, 'colsample_bytree': 0.6810899666051207, 'reg_alpha': 0.33778587680250904, 'reg_lambda': 2.572292387616374, 'gamma': 2.095005623617057}. Best is trial 3 with value: 0.38173790122448686.
[I 2025-12-02 21:07:36,860] Trial 5 finished with value: 0.37816893964277243 and parameters: {'n_estimators': 459, 'learning_rate': 0.0573122562149215, 'max_depth': 13, 'min_child_weight': 4, 'subsample': 0.7538006184369965, 'colsample_bytree': 0.7290353126473237, 'reg_alpha': 0.31438252581963755, 'reg_lambda': 9.480741880715572, 'gamma': 1.4383403280420382}. Best is trial 3 with value: 0.38173790122448686.
[I 2025-12-02 21:08:03,721] Trial 6 finished with value: 0.375568516825007 and parameters: {'n_estimators': 878, 'learning_rate': 0.14385761414744996, 'max_depth': 6, 'min_child_weight': 1, 'subsample': 0.6160467376270065, 'colsample_bytree': 0.8576236555123726, 'reg_alpha': 0.491269765697233, 'reg_lambda': 6.903556931022995, 'gamma': 0.6113372090150571}. Best is trial 3 with value: 0.38173790122448686.
[I 2025-12-02 21:08:23,042] Trial 7 finished with value: 0.38402060577023844 and parameters: {'n_estimators': 999, 'learning_rate': 0.23103040473449776, 'max_depth': 5, 'min_child_weight': 2, 'subsample': 0.9476674373001608, 'colsample_bytree': 0.7474910073758791, 'reg_alpha': 0.06339780707859521, 'reg_lambda': 1.9647711767878335, 'gamma': 2.975194214691422}. Best is trial 7 with value: 0.38402060577023844.
[I 2025-12-02 21:08:39,431] Trial 8 finished with value: 0.37209275213771487 and parameters: {'n_estimators': 106, 'learning_rate': 0.19298822050918973, 'max_depth': 9, 'min_child_weight': 5, 'subsample': 0.6852531268527342, 'colsample_bytree': 0.9896870313608022, 'reg_alpha': 0.13689506538627416, 'reg_lambda': 7.505164130404674, 'gamma': 0.16189878666452162}. Best is trial 7 with value: 0.38402060577023844.
[I 2025-12-02 21:08:49,850] Trial 9 finished with value: 0.3841094778595406 and parameters: {'n_estimators': 563, 'learning_rate': 0.23815644798470437, 'max_depth': 13, 'min_child_weight': 2, 'subsample': 0.8942184353506797, 'colsample_bytree': 0.6156979100526175, 'reg_alpha': 0.15862970652081698, 'reg_lambda': 3.6207675632687812, 'gamma': 2.6369366340921863}. Best is trial 9 with value: 0.3841094778595406.
[I 2025-12-02 21:09:05,884] Trial 10 finished with value: 0.3846935897835429 and parameters: {'n_estimators': 619, 'learning_rate': 0.12441432910862377, 'max_depth': 10, 'min_child_weight': 4, 'subsample': 0.8904878190996033, 'colsample_bytree': 0.6047603576716913, 'reg_alpha': 0.9745448732982671, 'reg_lambda': 4.320534745438658, 'gamma': 4.751248990899841}. Best is trial 10 with value: 0.3846935897835429.
[I 2025-12-02 21:09:15,704] Trial 11 finished with value: 0.38593021758960117 and parameters: {'n_estimators': 628, 'learning_rate': 0.11798319899091832, 'max_depth': 10, 'min_child_weight': 3, 'subsample': 0.8750804981727653, 'colsample_bytree': 0.6131960140715819, 'reg_alpha': 0.8944460827213659, 'reg_lambda': 4.12867589148717, 'gamma': 4.7137993245450875}. Best is trial 11 with value: 0.38593021758960117.
[I 2025-12-02 21:09:27,914] Trial 12 finished with value: 0.3840152511079849 and parameters: {'n_estimators': 667, 'learning_rate': 0.12543691205081048, 'max_depth': 10, 'min_child_weight': 4, 'subsample': 0.8042053643956772, 'colsample_bytree': 0.6018524612731934, 'reg_alpha': 0.9969972342855287, 'reg_lambda': 4.771699264664514, 'gamma': 4.620046213434307}. Best is trial 11 with value: 0.38593021758960117.
[I 2025-12-02 21:09:41,418] Trial 13 finished with value: 0.3849298281290092 and parameters: {'n_estimators': 647, 'learning_rate': 0.09341580668574496, 'max_depth': 10, 'min_child_weight': 6, 'subsample': 0.8898336498237103, 'colsample_bytree': 0.8197417739460723, 'reg_alpha': 0.9959498709690804, 'reg_lambda': 4.202085386483047, 'gamma': 4.9229473942714215}. Best is trial 11 with value: 0.38593021758960117.
[I 2025-12-02 21:09:51,418] Trial 14 finished with value: 0.383024998403248 and parameters: {'n_estimators': 727, 'learning_rate': 0.09115853417092756, 'max_depth': 7, 'min_child_weight': 7, 'subsample': 0.8139843739821319, 'colsample_bytree': 0.8555564701324431, 'reg_alpha': 0.8015575519726061, 'reg_lambda': 3.362008235361634, 'gamma': 3.7488892576429445}. Best is trial 11 with value: 0.38593021758960117.
[I 2025-12-02 21:09:58,317] Trial 15 finished with value: 0.38709567749580853 and parameters: {'n_estimators': 445, 'learning_rate': 0.010753596772471619, 'max_depth': 8, 'min_child_weight': 7, 'subsample': 0.9243084699376123, 'colsample_bytree': 0.8111885963067815, 'reg_alpha': 0.8102705339398226, 'reg_lambda': 5.612286445489999, 'gamma': 4.96684341454119}. Best is trial 15 with value: 0.38709567749580853.
[I 2025-12-02 21:10:08,347] Trial 16 finished with value: 0.3871515073112183 and parameters: {'n_estimators': 425, 'learning_rate': 0.030624100579713806, 'max_depth': 8, 'min_child_weight': 7, 'subsample': 0.958065011366483, 'colsample_bytree': 0.9125777542736742, 'reg_alpha': 0.7704886309623602, 'reg_lambda': 5.913145068449971, 'gamma': 3.693164752767717}. Best is trial 16 with value: 0.3871515073112183.
[I 2025-12-02 21:10:14,679] Trial 17 finished with value: 0.38644750127557964 and parameters: {'n_estimators': 416, 'learning_rate': 0.025462402170793763, 'max_depth': 8, 'min_child_weight': 7, 'subsample': 0.9977647606598912, 'colsample_bytree': 0.93083729922627, 'reg_alpha': 0.6374470184567822, 'reg_lambda': 8.272383227226445, 'gamma': 3.7789693862014038}. Best is trial 16 with value: 0.3871515073112183.
[I 2025-12-02 21:10:23,169] Trial 18 finished with value: 0.3856282613889251 and parameters: {'n_estimators': 352, 'learning_rate': 0.013663136556838321, 'max_depth': 3, 'min_child_weight': 10, 'subsample': 0.9510700258806924, 'colsample_bytree': 0.9128288015775459, 'reg_alpha': 0.5638579393163011, 'reg_lambda': 5.598786457499698, 'gamma': 4.01238776650962}. Best is trial 16 with value: 0.3871515073112183.
[I 2025-12-02 21:10:34,999] Trial 19 finished with value: 0.38622858508484575 and parameters: {'n_estimators': 475, 'learning_rate': 0.043812394388520366, 'max_depth': 8, 'min_child_weight': 8, 'subsample': 0.9396160496033551, 'colsample_bytree': 0.7909555703887747, 'reg_alpha': 0.7749826353248893, 'reg_lambda': 5.501745776593628, 'gamma': 3.2912484128933825}. Best is trial 16 with value: 0.3871515073112183.
[I 2025-12-02 21:10:41,660] Trial 20 finished with value: 0.3876066606573535 and parameters: {'n_estimators': 348, 'learning_rate': 0.07826482648211175, 'max_depth': 7, 'min_child_weight': 6, 'subsample': 0.92878673487756, 'colsample_bytree': 0.9166302896357689, 'reg_alpha': 0.44686572670550784, 'reg_lambda': 6.69622884177425, 'gamma': 4.247223796921882}. Best is trial 20 with value: 0.3876066606573535.
[I 2025-12-02 21:10:48,731] Trial 21 finished with value: 0.3862225993354279 and parameters: {'n_estimators': 349, 'learning_rate': 0.0783740067692592, 'max_depth': 7, 'min_child_weight': 6, 'subsample': 0.9347823746598667, 'colsample_bytree': 0.9337435730625371, 'reg_alpha': 0.456401068469877, 'reg_lambda': 7.034498772869995, 'gamma': 4.246742292041272}. Best is trial 20 with value: 0.3876066606573535.
[I 2025-12-02 21:10:56,550] Trial 22 finished with value: 0.3865248179874505 and parameters: {'n_estimators': 532, 'learning_rate': 0.02969704407427421, 'max_depth': 5, 'min_child_weight': 5, 'subsample': 0.9705139923493665, 'colsample_bytree': 0.9793215758042672, 'reg_alpha': 0.6557933795938979, 'reg_lambda': 6.26355915213252, 'gamma': 3.619143097738788}. Best is trial 20 with value: 0.3876066606573535.
[I 2025-12-02 21:11:08,756] Trial 23 finished with value: 0.3868232273935558 and parameters: {'n_estimators': 358, 'learning_rate': 0.01137223279544416, 'max_depth': 8, 'min_child_weight': 8, 'subsample': 0.9205300831512927, 'colsample_bytree': 0.8831379785861355, 'reg_alpha': 0.8304812637753985, 'reg_lambda': 8.080736869480047, 'gamma': 4.3497965273767845}. Best is trial 20 with value: 0.3876066606573535.
[I 2025-12-02 21:11:20,428] Trial 24 finished with value: 0.3865458003725411 and parameters: {'n_estimators': 247, 'learning_rate': 0.07109817741657637, 'max_depth': 6, 'min_child_weight': 6, 'subsample': 0.8424333534532171, 'colsample_bytree': 0.7942350775516922, 'reg_alpha': 0.4048789155669473, 'reg_lambda': 4.9991091769185925, 'gamma': 4.976610641443367}. Best is trial 20 with value: 0.3876066606573535.
[I 2025-12-02 21:11:30,851] Trial 25 finished with value: 0.3840676315412152 and parameters: {'n_estimators': 547, 'learning_rate': 0.04264891277580643, 'max_depth': 11, 'min_child_weight': 8, 'subsample': 0.7624668437895458, 'colsample_bytree': 0.9550126567016471, 'reg_alpha': 0.5381192792074503, 'reg_lambda': 6.366185494845894, 'gamma': 4.4619849062981745}. Best is trial 20 with value: 0.3876066606573535.
[I 2025-12-02 21:11:37,877] Trial 26 finished with value: 0.38489078784623026 and parameters: {'n_estimators': 389, 'learning_rate': 0.06905364577937231, 'max_depth': 7, 'min_child_weight': 7, 'subsample': 0.9175215329549707, 'colsample_bytree': 0.8985791306951361, 'reg_alpha': 0.6192671264176308, 'reg_lambda': 8.556460222157838, 'gamma': 2.3697343502718136}. Best is trial 20 with value: 0.3876066606573535.
[I 2025-12-02 21:11:46,220] Trial 27 finished with value: 0.38696207909776204 and parameters: {'n_estimators': 220, 'learning_rate': 0.03215807538580918, 'max_depth': 9, 'min_child_weight': 5, 'subsample': 0.9765835091011363, 'colsample_bytree': 0.8422917823721782, 'reg_alpha': 0.7137880599602996, 'reg_lambda': 7.368147932876053, 'gamma': 3.4028541023202847}. Best is trial 20 with value: 0.3876066606573535.
[I 2025-12-02 21:11:57,459] Trial 28 finished with value: 0.38575657709234024 and parameters: {'n_estimators': 314, 'learning_rate': 0.09451535045857336, 'max_depth': 4, 'min_child_weight': 6, 'subsample': 0.8536301115007261, 'colsample_bytree': 0.8815057571540542, 'reg_alpha': 0.8887910445509483, 'reg_lambda': 5.736580248010382, 'gamma': 3.9218328283912007}. Best is trial 20 with value: 0.3876066606573535.
[I 2025-12-02 21:12:02,685] Trial 29 finished with value: 0.38632771566509816 and parameters: {'n_estimators': 162, 'learning_rate': 0.1696046848584638, 'max_depth': 9, 'min_child_weight': 9, 'subsample': 0.9693959206413206, 'colsample_bytree': 0.7699603841196176, 'reg_alpha': 0.29657120774523216, 'reg_lambda': 9.015654978048694, 'gamma': 4.146749827723608}. Best is trial 20 with value: 0.3876066606573535.
[I 2025-12-02 21:12:03,862] A new study created in memory with name: xgboost_fold_2
[I 2025-12-02 21:12:16,350] Trial 0 finished with value: 0.37151236636016044 and parameters: {'n_estimators': 672, 'learning_rate': 0.27097495054483567, 'max_depth': 11, 'min_child_weight': 4, 'subsample': 0.8166690449773852, 'colsample_bytree': 0.9900621980548588, 'reg_alpha': 0.47795175888270236, 'reg_lambda': 2.4885091351516753, 'gamma': 1.4907308765959182}. Best is trial 0 with value: 0.37151236636016044.
