[I 2025-12-02 21:38:36,771] Trial 29 finished with value: 0.3831761623759836 and parameters: {'max_iter': 177, 'learning_rate': 0.033190124119187134, 'max_depth': 3, 'min_samples_leaf': 36, 'l2_regularization': 0.5119931029747037}. Best is trial 28 with value: 0.3872844021897869.
[I 2025-12-02 21:38:37,681] A new study created in memory with name: histogram_gradient_boosting_fold_2
[I 2025-12-02 21:38:39,661] Trial 0 finished with value: 0.36120742788103666 and parameters: {'max_iter': 88, 'learning_rate': 0.2887743694184743, 'max_depth': 6, 'min_samples_leaf': 24, 'l2_regularization': 0.2555494428471323}. Best is trial 0 with value: 0.36120742788103666.
[I 2025-12-02 21:38:43,293] Trial 1 finished with value: 0.3620310265503717 and parameters: {'max_iter': 137, 'learning_rate': 0.2811636091743107, 'max_depth': 7, 'min_samples_leaf': 3, 'l2_regularization': 0.7060974920992628}. Best is trial 1 with value: 0.3620310265503717.
[I 2025-12-02 21:38:48,238] Trial 2 finished with value: 0.36526689167996956 and parameters: {'max_iter': 168, 'learning_rate': 0.1393325951974009, 'max_depth': 10, 'min_samples_leaf': 6, 'l2_regularization': 0.31639851540348674}. Best is trial 2 with value: 0.36526689167996956.
[I 2025-12-02 21:38:50,431] Trial 3 finished with value: 0.3644429103849771 and parameters: {'max_iter': 191, 'learning_rate': 0.18537386961361524, 'max_depth': 4, 'min_samples_leaf': 20, 'l2_regularization': 0.6760611387367564}. Best is trial 2 with value: 0.36526689167996956.
[I 2025-12-02 21:38:55,938] Trial 4 finished with value: 0.3630877405292778 and parameters: {'max_iter': 197, 'learning_rate': 0.2979108246229848, 'max_depth': 7, 'min_samples_leaf': 45, 'l2_regularization': 0.8403216767937506}. Best is trial 2 with value: 0.36526689167996956.
[I 2025-12-02 21:39:00,716] Trial 5 finished with value: 0.3597768971399434 and parameters: {'max_iter': 183, 'learning_rate': 0.1467604216332729, 'max_depth': 15, 'min_samples_leaf': 43, 'l2_regularization': 0.15155961139672114}. Best is trial 2 with value: 0.36526689167996956.
[I 2025-12-02 21:39:03,772] Trial 6 finished with value: 0.3603831372807769 and parameters: {'max_iter': 113, 'learning_rate': 0.2809997588491267, 'max_depth': 9, 'min_samples_leaf': 20, 'l2_regularization': 0.2359897215725646}. Best is trial 2 with value: 0.36526689167996956.
[I 2025-12-02 21:39:07,219] Trial 7 finished with value: 0.3800619742882494 and parameters: {'max_iter': 134, 'learning_rate': 0.012850630758296304, 'max_depth': 8, 'min_samples_leaf': 18, 'l2_regularization': 0.42765200736633036}. Best is trial 7 with value: 0.3800619742882494.
[I 2025-12-02 21:39:12,956] Trial 8 finished with value: 0.368944249171307 and parameters: {'max_iter': 200, 'learning_rate': 0.039503073927817066, 'max_depth': 14, 'min_samples_leaf': 48, 'l2_regularization': 0.9662168032514464}. Best is trial 7 with value: 0.3800619742882494.
[I 2025-12-02 21:39:18,083] Trial 9 finished with value: 0.3576035492504334 and parameters: {'max_iter': 188, 'learning_rate': 0.20386515719705037, 'max_depth': 10, 'min_samples_leaf': 39, 'l2_regularization': 0.14589703201204285}. Best is trial 7 with value: 0.3800619742882494.
[I 2025-12-02 21:39:18,873] Trial 10 finished with value: 0.3850277793360911 and parameters: {'max_iter': 63, 'learning_rate': 0.030329582886777104, 'max_depth': 3, 'min_samples_leaf': 13, 'l2_regularization': 0.4803396726198042}. Best is trial 10 with value: 0.3850277793360911.
[I 2025-12-02 21:39:19,556] Trial 11 finished with value: 0.38404080858869133 and parameters: {'max_iter': 50, 'learning_rate': 0.01703730100571104, 'max_depth': 3, 'min_samples_leaf': 13, 'l2_regularization': 0.4812773001331886}. Best is trial 10 with value: 0.3850277793360911.
[I 2025-12-02 21:39:20,243] Trial 12 finished with value: 0.38197097206943076 and parameters: {'max_iter': 51, 'learning_rate': 0.06665322892572896, 'max_depth': 3, 'min_samples_leaf': 11, 'l2_regularization': 0.5390010394012384}. Best is trial 10 with value: 0.3850277793360911.
[I 2025-12-02 21:39:21,243] Trial 13 finished with value: 0.3752606825558048 and parameters: {'max_iter': 53, 'learning_rate': 0.09193637852395993, 'max_depth': 5, 'min_samples_leaf': 32, 'l2_regularization': 0.5087041758627607}. Best is trial 10 with value: 0.3850277793360911.
[I 2025-12-02 21:39:22,064] Trial 14 finished with value: 0.3787161395625392 and parameters: {'max_iter': 77, 'learning_rate': 0.10303554128624444, 'max_depth': 3, 'min_samples_leaf': 11, 'l2_regularization': 0.4073177061451103}. Best is trial 10 with value: 0.3850277793360911.
[I 2025-12-02 21:39:23,618] Trial 15 finished with value: 0.38445513266047454 and parameters: {'max_iter': 78, 'learning_rate': 0.022409323303778792, 'max_depth': 5, 'min_samples_leaf': 13, 'l2_regularization': 0.6332445717095235}. Best is trial 10 with value: 0.3850277793360911.
[I 2025-12-02 21:39:25,059] Trial 16 finished with value: 0.37512378637121385 and parameters: {'max_iter': 80, 'learning_rate': 0.05963429086816205, 'max_depth': 5, 'min_samples_leaf': 32, 'l2_regularization': 0.6376707969614313}. Best is trial 10 with value: 0.3850277793360911.
[I 2025-12-02 21:39:27,974] Trial 17 finished with value: 0.3693416007399915 and parameters: {'max_iter': 102, 'learning_rate': 0.10295374566352536, 'max_depth': 13, 'min_samples_leaf': 7, 'l2_regularization': 0.7900975175262654}. Best is trial 10 with value: 0.3850277793360911.
[I 2025-12-02 21:39:29,825] Trial 18 finished with value: 0.3850926898863871 and parameters: {'max_iter': 76, 'learning_rate': 0.0434357112020182, 'max_depth': 5, 'min_samples_leaf': 1, 'l2_regularization': 0.004412776277855079}. Best is trial 18 with value: 0.3850926898863871.
[I 2025-12-02 21:39:31,817] Trial 19 finished with value: 0.35254920696844944 and parameters: {'max_iter': 68, 'learning_rate': 0.23425086958365932, 'max_depth': 12, 'min_samples_leaf': 2, 'l2_regularization': 0.0010121487187300104}. Best is trial 18 with value: 0.3850926898863871.
[I 2025-12-02 21:39:34,408] Trial 20 finished with value: 0.3702126765997649 and parameters: {'max_iter': 99, 'learning_rate': 0.06340874489020568, 'max_depth': 6, 'min_samples_leaf': 1, 'l2_regularization': 0.006202372345651408}. Best is trial 18 with value: 0.3850926898863871.
[I 2025-12-02 21:39:36,105] Trial 21 finished with value: 0.3824170555079561 and parameters: {'max_iter': 67, 'learning_rate': 0.02520664774011669, 'max_depth': 5, 'min_samples_leaf': 14, 'l2_regularization': 0.5896922515121781}. Best is trial 18 with value: 0.3850926898863871.
[I 2025-12-02 21:39:37,350] Trial 22 finished with value: 0.3834970161887069 and parameters: {'max_iter': 66, 'learning_rate': 0.04543937686433038, 'max_depth': 4, 'min_samples_leaf': 7, 'l2_regularization': 0.7721039370250703}. Best is trial 18 with value: 0.3850926898863871.
[I 2025-12-02 21:39:38,667] Trial 23 finished with value: 0.3722341825437329 and parameters: {'max_iter': 92, 'learning_rate': 0.08084038921121091, 'max_depth': 4, 'min_samples_leaf': 28, 'l2_regularization': 0.9762522825526212}. Best is trial 18 with value: 0.3850926898863871.
[I 2025-12-02 21:39:41,077] Trial 24 finished with value: 0.36468749538523604 and parameters: {'max_iter': 112, 'learning_rate': 0.12064656409439589, 'max_depth': 6, 'min_samples_leaf': 16, 'l2_regularization': 0.35009737035015887}. Best is trial 18 with value: 0.3850926898863871.
[I 2025-12-02 21:39:43,182] Trial 25 finished with value: 0.3755672232995603 and parameters: {'max_iter': 79, 'learning_rate': 0.043080944562866354, 'max_depth': 8, 'min_samples_leaf': 9, 'l2_regularization': 0.8711687007344255}. Best is trial 18 with value: 0.3850926898863871.
[I 2025-12-02 21:39:44,532] Trial 26 finished with value: 0.382702468727829 and parameters: {'max_iter': 120, 'learning_rate': 0.033606320010992806, 'max_depth': 4, 'min_samples_leaf': 24, 'l2_regularization': 0.10110154291147778}. Best is trial 18 with value: 0.3850926898863871.
[I 2025-12-02 21:39:48,210] Trial 27 finished with value: 0.36720143217907536 and parameters: {'max_iter': 153, 'learning_rate': 0.07729356255078794, 'max_depth': 7, 'min_samples_leaf': 6, 'l2_regularization': 0.5844787594146732}. Best is trial 18 with value: 0.3850926898863871.
[I 2025-12-02 21:39:49,014] Trial 28 finished with value: 0.38397633593965946 and parameters: {'max_iter': 63, 'learning_rate': 0.012041314361989092, 'max_depth': 3, 'min_samples_leaf': 14, 'l2_regularization': 0.7200017976244268}. Best is trial 18 with value: 0.3850926898863871.
[I 2025-12-02 21:39:51,132] Trial 29 finished with value: 0.3667541133416282 and parameters: {'max_iter': 87, 'learning_rate': 0.12470953142752317, 'max_depth': 6, 'min_samples_leaf': 23, 'l2_regularization': 0.2319681272840462}. Best is trial 18 with value: 0.3850926898863871.
[I 2025-12-02 21:39:51,782] A new study created in memory with name: histogram_gradient_boosting_fold_3
[I 2025-12-02 21:39:53,411] Trial 0 finished with value: 0.36588364879474505 and parameters: {'max_iter': 77, 'learning_rate': 0.1461830368860179, 'max_depth': 5, 'min_samples_leaf': 1, 'l2_regularization': 0.26366632413429747}. Best is trial 0 with value: 0.36588364879474505.
[I 2025-12-02 21:39:55,621] Trial 1 finished with value: 0.36955883099561004 and parameters: {'max_iter': 80, 'learning_rate': 0.06850389336958985, 'max_depth': 8, 'min_samples_leaf': 22, 'l2_regularization': 0.6980456865133555}. Best is trial 1 with value: 0.36955883099561004.
[I 2025-12-02 21:39:58,484] Trial 2 finished with value: 0.3800016067791093 and parameters: {'max_iter': 98, 'learning_rate': 0.014047943297930559, 'max_depth': 12, 'min_samples_leaf': 37, 'l2_regularization': 0.2633437841254689}. Best is trial 2 with value: 0.3800016067791093.
[I 2025-12-02 21:40:00,629] Trial 3 finished with value: 0.36348528897696986 and parameters: {'max_iter': 71, 'learning_rate': 0.1273294755305838, 'max_depth': 12, 'min_samples_leaf': 3, 'l2_regularization': 0.07787585975519251}. Best is trial 2 with value: 0.3800016067791093.
[I 2025-12-02 21:40:05,088] Trial 4 finished with value: 0.36135199794696277 and parameters: {'max_iter': 164, 'learning_rate': 0.23355947903082422, 'max_depth': 9, 'min_samples_leaf': 6, 'l2_regularization': 0.79715915865896}. Best is trial 2 with value: 0.3800016067791093.
[I 2025-12-02 21:40:08,890] Trial 5 finished with value: 0.36104290014488843 and parameters: {'max_iter': 131, 'learning_rate': 0.19229349290290224, 'max_depth': 12, 'min_samples_leaf': 37, 'l2_regularization': 0.8214829005239411}. Best is trial 2 with value: 0.3800016067791093.
[I 2025-12-02 21:40:13,324] Trial 6 finished with value: 0.35987091455369524 and parameters: {'max_iter': 153, 'learning_rate': 0.134971384797783, 'max_depth': 8, 'min_samples_leaf': 19, 'l2_regularization': 0.8419247230109577}. Best is trial 2 with value: 0.3800016067791093.
[I 2025-12-02 21:40:16,986] Trial 7 finished with value: 0.3622405267313654 and parameters: {'max_iter': 118, 'learning_rate': 0.2853707824481044, 'max_depth': 10, 'min_samples_leaf': 22, 'l2_regularization': 0.9941147744664417}. Best is trial 2 with value: 0.3800016067791093.
[I 2025-12-02 21:40:18,441] Trial 8 finished with value: 0.3690496629717303 and parameters: {'max_iter': 135, 'learning_rate': 0.15525145243720645, 'max_depth': 3, 'min_samples_leaf': 9, 'l2_regularization': 0.01945599020537425}. Best is trial 2 with value: 0.3800016067791093.
[I 2025-12-02 21:40:21,180] Trial 9 finished with value: 0.3632556370920212 and parameters: {'max_iter': 78, 'learning_rate': 0.24012215340187673, 'max_depth': 9, 'min_samples_leaf': 18, 'l2_regularization': 0.951474587572832}. Best is trial 2 with value: 0.3800016067791093.
[I 2025-12-02 21:40:26,028] Trial 10 finished with value: 0.37426761180746615 and parameters: {'max_iter': 196, 'learning_rate': 0.02087544714033569, 'max_depth': 15, 'min_samples_leaf': 50, 'l2_regularization': 0.4670649416878255}. Best is trial 2 with value: 0.3800016067791093.
[I 2025-12-02 21:40:31,206] Trial 11 finished with value: 0.3747414475199058 and parameters: {'max_iter': 197, 'learning_rate': 0.012231899502233932, 'max_depth': 15, 'min_samples_leaf': 49, 'l2_regularization': 0.4391849878098043}. Best is trial 2 with value: 0.3800016067791093.
[I 2025-12-02 21:40:34,014] Trial 12 finished with value: 0.3802030355267254 and parameters: {'max_iter': 109, 'learning_rate': 0.010540915614067305, 'max_depth': 14, 'min_samples_leaf': 43, 'l2_regularization': 0.40991399623351277}. Best is trial 12 with value: 0.3802030355267254.
[I 2025-12-02 21:40:36,903] Trial 13 finished with value: 0.3660570316236521 and parameters: {'max_iter': 102, 'learning_rate': 0.07377730323423384, 'max_depth': 13, 'min_samples_leaf': 36, 'l2_regularization': 0.2964494988302445}. Best is trial 12 with value: 0.3802030355267254.
[I 2025-12-02 21:40:39,650] Trial 14 finished with value: 0.3676839445939599 and parameters: {'max_iter': 102, 'learning_rate': 0.07018117707091649, 'max_depth': 13, 'min_samples_leaf': 38, 'l2_regularization': 0.2909762954898803}. Best is trial 12 with value: 0.3802030355267254.
[I 2025-12-02 21:40:41,513] Trial 15 finished with value: 0.3747013939532058 and parameters: {'max_iter': 51, 'learning_rate': 0.04017053537595954, 'max_depth': 11, 'min_samples_leaf': 31, 'l2_regularization': 0.6162435170538065}. Best is trial 12 with value: 0.3802030355267254.
[I 2025-12-02 21:40:45,164] Trial 16 finished with value: 0.3635708202818331 and parameters: {'max_iter': 103, 'learning_rate': 0.1118380569879868, 'max_depth': 14, 'min_samples_leaf': 44, 'l2_regularization': 0.17517054826586487}. Best is trial 12 with value: 0.3802030355267254.
[I 2025-12-02 21:40:48,101] Trial 17 finished with value: 0.36958017087021117 and parameters: {'max_iter': 112, 'learning_rate': 0.04691340423792793, 'max_depth': 11, 'min_samples_leaf': 29, 'l2_regularization': 0.5717342009615956}. Best is trial 12 with value: 0.3802030355267254.
[I 2025-12-02 21:40:52,683] Trial 18 finished with value: 0.3659022586742223 and parameters: {'max_iter': 146, 'learning_rate': 0.09758241328823698, 'max_depth': 14, 'min_samples_leaf': 43, 'l2_regularization': 0.3684797206095382}. Best is trial 12 with value: 0.3802030355267254.
[I 2025-12-02 21:40:55,850] Trial 19 finished with value: 0.37968185025638823 and parameters: {'max_iter': 176, 'learning_rate': 0.012111628262359342, 'max_depth': 6, 'min_samples_leaf': 43, 'l2_regularization': 0.14621265004877}. Best is trial 12 with value: 0.3802030355267254.
[I 2025-12-02 21:40:57,508] Trial 20 finished with value: 0.37372852732028516 and parameters: {'max_iter': 53, 'learning_rate': 0.04868265664531471, 'max_depth': 13, 'min_samples_leaf': 31, 'l2_regularization': 0.3829464771745534}. Best is trial 12 with value: 0.3802030355267254.
[I 2025-12-02 21:41:00,820] Trial 21 finished with value: 0.3761569576774395 and parameters: {'max_iter': 177, 'learning_rate': 0.018767070159946823, 'max_depth': 6, 'min_samples_leaf': 43, 'l2_regularization': 0.1322178990602883}. Best is trial 12 with value: 0.3802030355267254.
[I 2025-12-02 21:41:03,044] Trial 22 finished with value: 0.3795671734146583 and parameters: {'max_iter': 89, 'learning_rate': 0.01091676407139191, 'max_depth': 7, 'min_samples_leaf': 40, 'l2_regularization': 0.19502877422871656}. Best is trial 12 with value: 0.3802030355267254.
[I 2025-12-02 21:41:04,930] Trial 23 finished with value: 0.3720243713149326 and parameters: {'max_iter': 179, 'learning_rate': 0.04140411175420532, 'max_depth': 4, 'min_samples_leaf': 47, 'l2_regularization': 0.24423679497945824}. Best is trial 12 with value: 0.3802030355267254.
[I 2025-12-02 21:41:07,244] Trial 24 finished with value: 0.36792622431772604 and parameters: {'max_iter': 123, 'learning_rate': 0.07098403597815976, 'max_depth': 6, 'min_samples_leaf': 36, 'l2_regularization': 0.09213967530859701}. Best is trial 12 with value: 0.3802030355267254.
[I 2025-12-02 21:41:10,920] Trial 25 finished with value: 0.36476979999113124 and parameters: {'max_iter': 142, 'learning_rate': 0.08702204244102713, 'max_depth': 11, 'min_samples_leaf': 33, 'l2_regularization': 0.5510072532158846}. Best is trial 12 with value: 0.3802030355267254.
[I 2025-12-02 21:41:13,380] Trial 26 finished with value: 0.3608610346415528 and parameters: {'max_iter': 92, 'learning_rate': 0.17423877823783657, 'max_depth': 10, 'min_samples_leaf': 45, 'l2_regularization': 0.3647263299252313}. Best is trial 12 with value: 0.3802030355267254.
[I 2025-12-02 21:41:16,332] Trial 27 finished with value: 0.37231601195968655 and parameters: {'max_iter': 114, 'learning_rate': 0.03113830459190884, 'max_depth': 14, 'min_samples_leaf': 41, 'l2_regularization': 0.026468875725861568}. Best is trial 12 with value: 0.3802030355267254.
[I 2025-12-02 21:41:17,106] Trial 28 finished with value: 0.3830873916012737 and parameters: {'max_iter': 62, 'learning_rate': 0.05779870631687185, 'max_depth': 3, 'min_samples_leaf': 25, 'l2_regularization': 0.18479103255558876}. Best is trial 28 with value: 0.3830873916012737.
[I 2025-12-02 21:41:17,909] Trial 29 finished with value: 0.38092298750343184 and parameters: {'max_iter': 67, 'learning_rate': 0.05652940257425294, 'max_depth': 3, 'min_samples_leaf': 25, 'l2_regularization': 0.22461025815547875}. Best is trial 28 with value: 0.3830873916012737.
[I 2025-12-02 21:41:18,509] A new study created in memory with name: histogram_gradient_boosting_fold_4
[I 2025-12-02 21:41:21,949] Trial 0 finished with value: 0.3598419062013154 and parameters: {'max_iter': 125, 'learning_rate': 0.13147949954246727, 'max_depth': 11, 'min_samples_leaf': 46, 'l2_regularization': 0.9614846999597794}. Best is trial 0 with value: 0.3598419062013154.
[I 2025-12-02 21:41:26,509] Trial 1 finished with value: 0.357185034172811 and parameters: {'max_iter': 170, 'learning_rate': 0.1943503351454306, 'max_depth': 7, 'min_samples_leaf': 1, 'l2_regularization': 0.5946895955112022}. Best is trial 0 with value: 0.3598419062013154.
[I 2025-12-02 21:41:30,647] Trial 2 finished with value: 0.3562366358462309 and parameters: {'max_iter': 199, 'learning_rate': 0.2887057120933993, 'max_depth': 6, 'min_samples_leaf': 45, 'l2_regularization': 0.19209906146749733}. Best is trial 0 with value: 0.3598419062013154.
[I 2025-12-02 21:41:32,794] Trial 3 finished with value: 0.3640282774074218 and parameters: {'max_iter': 68, 'learning_rate': 0.12237997375137909, 'max_depth': 10, 'min_samples_leaf': 34, 'l2_regularization': 0.8749002546029312}. Best is trial 3 with value: 0.3640282774074218.
[I 2025-12-02 21:41:37,459] Trial 4 finished with value: 0.3545517086085609 and parameters: {'max_iter': 183, 'learning_rate': 0.246775429629979, 'max_depth': 8, 'min_samples_leaf': 21, 'l2_regularization': 0.6192757618537994}. Best is trial 3 with value: 0.3640282774074218.
[I 2025-12-02 21:41:39,364] Trial 5 finished with value: 0.36373368801054656 and parameters: {'max_iter': 58, 'learning_rate': 0.23191309132585491, 'max_depth': 12, 'min_samples_leaf': 16, 'l2_regularization': 0.8891659654291658}. Best is trial 3 with value: 0.3640282774074218.
[I 2025-12-02 21:41:42,452] Trial 6 finished with value: 0.35788445429186116 and parameters: {'max_iter': 93, 'learning_rate': 0.18929175369703363, 'max_depth': 8, 'min_samples_leaf': 32, 'l2_regularization': 0.07239668930506782}. Best is trial 3 with value: 0.3640282774074218.
[I 2025-12-02 21:41:43,740] Trial 7 finished with value: 0.3722594268677434 and parameters: {'max_iter': 69, 'learning_rate': 0.04321808488634177, 'max_depth': 5, 'min_samples_leaf': 50, 'l2_regularization': 0.12084600251997801}. Best is trial 7 with value: 0.3722594268677434.
[I 2025-12-02 21:41:47,850] Trial 8 finished with value: 0.370702440124918 and parameters: {'max_iter': 138, 'learning_rate': 0.031177451090377777, 'max_depth': 15, 'min_samples_leaf': 32, 'l2_regularization': 0.9744431087897452}. Best is trial 7 with value: 0.3722594268677434.
[I 2025-12-02 21:41:49,779] Trial 9 finished with value: 0.36358929919400335 and parameters: {'max_iter': 102, 'learning_rate': 0.10720640776501501, 'max_depth': 5, 'min_samples_leaf': 44, 'l2_regularization': 0.5742111637000495}. Best is trial 7 with value: 0.3722594268677434.
[I 2025-12-02 21:41:50,775] Trial 10 finished with value: 0.3792444447251701 and parameters: {'max_iter': 86, 'learning_rate': 0.010271113147108879, 'max_depth': 3, 'min_samples_leaf': 11, 'l2_regularization': 0.3050624553776041}. Best is trial 10 with value: 0.3792444447251701.
[I 2025-12-02 21:41:51,779] Trial 11 finished with value: 0.37882477811243453 and parameters: {'max_iter': 86, 'learning_rate': 0.013451599971901151, 'max_depth': 3, 'min_samples_leaf': 8, 'l2_regularization': 0.3066075602814921}. Best is trial 10 with value: 0.3792444447251701.
[I 2025-12-02 21:41:52,989] Trial 12 finished with value: 0.3743858314275247 and parameters: {'max_iter': 97, 'learning_rate': 0.075481036548179, 'max_depth': 3, 'min_samples_leaf': 7, 'l2_regularization': 0.2921601145593574}. Best is trial 10 with value: 0.3792444447251701.
[I 2025-12-02 21:41:54,123] Trial 13 finished with value: 0.3803489805810131 and parameters: {'max_iter': 122, 'learning_rate': 0.010815244762204124, 'max_depth': 3, 'min_samples_leaf': 11, 'l2_regularization': 0.3631528893641216}. Best is trial 13 with value: 0.3803489805810131.
[I 2025-12-02 21:41:55,319] Trial 14 finished with value: 0.37371277065557246 and parameters: {'max_iter': 126, 'learning_rate': 0.07387501201165783, 'max_depth': 3, 'min_samples_leaf': 17, 'l2_regularization': 0.37872779867273754}. Best is trial 13 with value: 0.3803489805810131.
[I 2025-12-02 21:41:58,610] Trial 15 finished with value: 0.36431882163528023 and parameters: {'max_iter': 146, 'learning_rate': 0.06356155735203514, 'max_depth': 5, 'min_samples_leaf': 11, 'l2_regularization': 0.4430550928439919}. Best is trial 13 with value: 0.3803489805810131.
