[I 2025-12-02 21:42:01,831] Trial 16 finished with value: 0.3770880521401073 and parameters: {'max_iter': 106, 'learning_rate': 0.021451342510105803, 'max_depth': 14, 'min_samples_leaf': 2, 'l2_regularization': 0.0045406364096332585}. Best is trial 13 with value: 0.3803489805810131.
[I 2025-12-02 21:42:03,755] Trial 17 finished with value: 0.36421714642708525 and parameters: {'max_iter': 157, 'learning_rate': 0.09793657265352868, 'max_depth': 4, 'min_samples_leaf': 25, 'l2_regularization': 0.7608859400392958}. Best is trial 13 with value: 0.3803489805810131.
[I 2025-12-02 21:42:06,757] Trial 18 finished with value: 0.3553338912157509 and parameters: {'max_iter': 118, 'learning_rate': 0.1614077269558032, 'max_depth': 6, 'min_samples_leaf': 13, 'l2_regularization': 0.26103619235264297}. Best is trial 13 with value: 0.3803489805810131.
[I 2025-12-02 21:42:09,362] Trial 19 finished with value: 0.36921858253995254 and parameters: {'max_iter': 78, 'learning_rate': 0.05035643835796134, 'max_depth': 9, 'min_samples_leaf': 22, 'l2_regularization': 0.4573584436156959}. Best is trial 13 with value: 0.3803489805810131.
[I 2025-12-02 21:42:11,070] Trial 20 finished with value: 0.3783300199195516 and parameters: {'max_iter': 115, 'learning_rate': 0.011867508030750176, 'max_depth': 4, 'min_samples_leaf': 6, 'l2_regularization': 0.720933401519854}. Best is trial 13 with value: 0.3803489805810131.
[I 2025-12-02 21:42:11,982] Trial 21 finished with value: 0.3801016942742791 and parameters: {'max_iter': 86, 'learning_rate': 0.013592357111673616, 'max_depth': 3, 'min_samples_leaf': 9, 'l2_regularization': 0.3592987814636572}. Best is trial 13 with value: 0.3803489805810131.
[I 2025-12-02 21:42:13,222] Trial 22 finished with value: 0.3748337674475105 and parameters: {'max_iter': 82, 'learning_rate': 0.04371772873379682, 'max_depth': 4, 'min_samples_leaf': 14, 'l2_regularization': 0.3686188602376868}. Best is trial 13 with value: 0.3803489805810131.
[I 2025-12-02 21:42:14,088] Trial 23 finished with value: 0.3770490304065643 and parameters: {'max_iter': 58, 'learning_rate': 0.08547610613281569, 'max_depth': 3, 'min_samples_leaf': 19, 'l2_regularization': 0.20571714049681486}. Best is trial 13 with value: 0.3803489805810131.
[I 2025-12-02 21:42:15,702] Trial 24 finished with value: 0.37386133755175305 and parameters: {'max_iter': 69, 'learning_rate': 0.054204373610594596, 'max_depth': 6, 'min_samples_leaf': 10, 'l2_regularization': 0.500845381377533}. Best is trial 13 with value: 0.3803489805810131.
[I 2025-12-02 21:42:17,191] Trial 25 finished with value: 0.37912762356343305 and parameters: {'max_iter': 107, 'learning_rate': 0.026348010526665223, 'max_depth': 4, 'min_samples_leaf': 5, 'l2_regularization': 0.39598051710698584}. Best is trial 13 with value: 0.3803489805810131.
[I 2025-12-02 21:42:20,378] Trial 26 finished with value: 0.3717061431817687 and parameters: {'max_iter': 137, 'learning_rate': 0.039852881830077916, 'max_depth': 7, 'min_samples_leaf': 26, 'l2_regularization': 0.5201212241605151}. Best is trial 13 with value: 0.3803489805810131.
[I 2025-12-02 21:42:21,533] Trial 27 finished with value: 0.36828512931585555 and parameters: {'max_iter': 50, 'learning_rate': 0.1518397286127338, 'max_depth': 5, 'min_samples_leaf': 12, 'l2_regularization': 0.20804606993721875}. Best is trial 13 with value: 0.3803489805810131.
[I 2025-12-02 21:42:22,656] Trial 28 finished with value: 0.37975116246759394 and parameters: {'max_iter': 90, 'learning_rate': 0.011363535667249656, 'max_depth': 3, 'min_samples_leaf': 4, 'l2_regularization': 0.33138427115189273}. Best is trial 13 with value: 0.3803489805810131.
[I 2025-12-02 21:42:26,585] Trial 29 finished with value: 0.3619801475235636 and parameters: {'max_iter': 122, 'learning_rate': 0.11205104410194416, 'max_depth': 12, 'min_samples_leaf': 4, 'l2_regularization': 0.6833717742207314}. Best is trial 13 with value: 0.3803489805810131.
[I 2025-12-02 21:42:27,285] A new study created in memory with name: histogram_gradient_boosting_fold_5
[I 2025-12-02 21:42:29,465] Trial 0 finished with value: 0.36555994679727644 and parameters: {'max_iter': 61, 'learning_rate': 0.17147660081799596, 'max_depth': 10, 'min_samples_leaf': 7, 'l2_regularization': 0.09710409583258439}. Best is trial 0 with value: 0.36555994679727644.
[I 2025-12-02 21:42:31,459] Trial 1 finished with value: 0.3622928704097549 and parameters: {'max_iter': 51, 'learning_rate': 0.2654612914997668, 'max_depth': 14, 'min_samples_leaf': 49, 'l2_regularization': 0.10035857230690459}. Best is trial 0 with value: 0.36555994679727644.
[I 2025-12-02 21:42:37,905] Trial 2 finished with value: 0.358335176215066 and parameters: {'max_iter': 193, 'learning_rate': 0.2026999810842521, 'max_depth': 9, 'min_samples_leaf': 47, 'l2_regularization': 0.3662788462640043}. Best is trial 0 with value: 0.36555994679727644.
[I 2025-12-02 21:42:39,926] Trial 3 finished with value: 0.3660558118241503 and parameters: {'max_iter': 62, 'learning_rate': 0.12085476861103157, 'max_depth': 12, 'min_samples_leaf': 46, 'l2_regularization': 0.9484235399140509}. Best is trial 3 with value: 0.3660558118241503.
[I 2025-12-02 21:42:41,711] Trial 4 finished with value: 0.38289497822509777 and parameters: {'max_iter': 66, 'learning_rate': 0.03500592532649021, 'max_depth': 6, 'min_samples_leaf': 14, 'l2_regularization': 0.11210616408900964}. Best is trial 4 with value: 0.38289497822509777.
[I 2025-12-02 21:42:42,797] Trial 5 finished with value: 0.36004010421052607 and parameters: {'max_iter': 53, 'learning_rate': 0.246187110053839, 'max_depth': 5, 'min_samples_leaf': 46, 'l2_regularization': 0.6870061814895593}. Best is trial 4 with value: 0.38289497822509777.
[I 2025-12-02 21:42:45,258] Trial 6 finished with value: 0.3558913944544023 and parameters: {'max_iter': 99, 'learning_rate': 0.2886488325231895, 'max_depth': 8, 'min_samples_leaf': 47, 'l2_regularization': 0.05927434930344133}. Best is trial 4 with value: 0.38289497822509777.
[I 2025-12-02 21:42:47,080] Trial 7 finished with value: 0.37737542534062174 and parameters: {'max_iter': 58, 'learning_rate': 0.04253644398770873, 'max_depth': 15, 'min_samples_leaf': 46, 'l2_regularization': 0.9161036026558279}. Best is trial 4 with value: 0.38289497822509777.
[I 2025-12-02 21:42:49,810] Trial 8 finished with value: 0.36023913606324365 and parameters: {'max_iter': 95, 'learning_rate': 0.20966334225415478, 'max_depth': 9, 'min_samples_leaf': 37, 'l2_regularization': 0.6896140855864688}. Best is trial 4 with value: 0.38289497822509777.
[I 2025-12-02 21:42:51,800] Trial 9 finished with value: 0.3629577185362574 and parameters: {'max_iter': 57, 'learning_rate': 0.18926639781567592, 'max_depth': 7, 'min_samples_leaf': 3, 'l2_regularization': 0.4328808469921659}. Best is trial 4 with value: 0.38289497822509777.
[I 2025-12-02 21:42:53,297] Trial 10 finished with value: 0.3855345768414176 and parameters: {'max_iter': 148, 'learning_rate': 0.014467842876838256, 'max_depth': 3, 'min_samples_leaf': 16, 'l2_regularization': 0.26825322151141634}. Best is trial 10 with value: 0.3855345768414176.
[I 2025-12-02 21:42:54,719] Trial 11 finished with value: 0.3840392696527899 and parameters: {'max_iter': 161, 'learning_rate': 0.015317616565217592, 'max_depth': 3, 'min_samples_leaf': 20, 'l2_regularization': 0.2712855779078758}. Best is trial 10 with value: 0.3855345768414176.
[I 2025-12-02 21:42:56,324] Trial 12 finished with value: 0.37230056756954055 and parameters: {'max_iter': 164, 'learning_rate': 0.09732080418667534, 'max_depth': 3, 'min_samples_leaf': 23, 'l2_regularization': 0.2795093108527041}. Best is trial 10 with value: 0.3855345768414176.
[I 2025-12-02 21:42:57,706] Trial 13 finished with value: 0.38320785447294514 and parameters: {'max_iter': 149, 'learning_rate': 0.021790155262895305, 'max_depth': 3, 'min_samples_leaf': 22, 'l2_regularization': 0.2753489378114489}. Best is trial 10 with value: 0.3855345768414176.
[I 2025-12-02 21:43:00,447] Trial 14 finished with value: 0.3720282664141815 and parameters: {'max_iter': 143, 'learning_rate': 0.0816292647343806, 'max_depth': 5, 'min_samples_leaf': 15, 'l2_regularization': 0.5510915817284342}. Best is trial 10 with value: 0.3855345768414176.
[I 2025-12-02 21:43:01,893] Trial 15 finished with value: 0.37270970588042895 and parameters: {'max_iter': 182, 'learning_rate': 0.061810887120234456, 'max_depth': 3, 'min_samples_leaf': 33, 'l2_regularization': 0.2505714431735216}. Best is trial 10 with value: 0.3855345768414176.
[I 2025-12-02 21:43:04,174] Trial 16 finished with value: 0.3638778068923175 and parameters: {'max_iter': 122, 'learning_rate': 0.13016932539856138, 'max_depth': 5, 'min_samples_leaf': 16, 'l2_regularization': 0.5826388501849944}. Best is trial 10 with value: 0.3855345768414176.
[I 2025-12-02 21:43:06,561] Trial 17 finished with value: 0.3855024273609182 and parameters: {'max_iter': 166, 'learning_rate': 0.018878452282619064, 'max_depth': 4, 'min_samples_leaf': 28, 'l2_regularization': 0.2094577072995918}. Best is trial 10 with value: 0.3855345768414176.
[I 2025-12-02 21:43:09,641] Trial 18 finished with value: 0.36748008801112675 and parameters: {'max_iter': 121, 'learning_rate': 0.08024448091181566, 'max_depth': 11, 'min_samples_leaf': 31, 'l2_regularization': 0.006473740719257437}. Best is trial 10 with value: 0.3855345768414176.
[I 2025-12-02 21:43:14,390] Trial 19 finished with value: 0.3602601010171273 and parameters: {'max_iter': 174, 'learning_rate': 0.13728815448474468, 'max_depth': 7, 'min_samples_leaf': 28, 'l2_regularization': 0.18439160773362998}. Best is trial 10 with value: 0.3855345768414176.
[I 2025-12-02 21:43:16,162] Trial 20 finished with value: 0.37553564116967253 and parameters: {'max_iter': 138, 'learning_rate': 0.05611239601781964, 'max_depth': 4, 'min_samples_leaf': 9, 'l2_regularization': 0.38280371352444487}. Best is trial 10 with value: 0.3855345768414176.
[I 2025-12-02 21:43:18,111] Trial 21 finished with value: 0.38326468398376484 and parameters: {'max_iter': 162, 'learning_rate': 0.01573683872527163, 'max_depth': 4, 'min_samples_leaf': 20, 'l2_regularization': 0.22822490006089138}. Best is trial 10 with value: 0.3855345768414176.
[I 2025-12-02 21:43:19,866] Trial 22 finished with value: 0.38402329013764114 and parameters: {'max_iter': 152, 'learning_rate': 0.015235525580911229, 'max_depth': 4, 'min_samples_leaf': 38, 'l2_regularization': 0.3413794723110719}. Best is trial 10 with value: 0.3855345768414176.
[I 2025-12-02 21:43:23,839] Trial 23 finished with value: 0.3683211713300768 and parameters: {'max_iter': 199, 'learning_rate': 0.050513252973764265, 'max_depth': 6, 'min_samples_leaf': 26, 'l2_regularization': 0.16608871022624472}. Best is trial 10 with value: 0.3855345768414176.
[I 2025-12-02 21:43:25,214] Trial 24 finished with value: 0.37151271898329524 and parameters: {'max_iter': 133, 'learning_rate': 0.10264545799012628, 'max_depth': 3, 'min_samples_leaf': 19, 'l2_regularization': 0.42281410207999437}. Best is trial 10 with value: 0.3855345768414176.
[I 2025-12-02 21:43:28,787] Trial 25 finished with value: 0.3836413364483145 and parameters: {'max_iter': 175, 'learning_rate': 0.012015656518090697, 'max_depth': 6, 'min_samples_leaf': 12, 'l2_regularization': 0.4913207770070425}. Best is trial 10 with value: 0.3855345768414176.
[I 2025-12-02 21:43:30,192] Trial 26 finished with value: 0.3742138133039476 and parameters: {'max_iter': 110, 'learning_rate': 0.07508287021583357, 'max_depth': 4, 'min_samples_leaf': 29, 'l2_regularization': 0.2867392586691704}. Best is trial 10 with value: 0.3855345768414176.
[I 2025-12-02 21:43:32,500] Trial 27 finished with value: 0.3721800544469735 and parameters: {'max_iter': 160, 'learning_rate': 0.043265298392686016, 'max_depth': 5, 'min_samples_leaf': 35, 'l2_regularization': 0.1729063439818514}. Best is trial 10 with value: 0.3855345768414176.
[I 2025-12-02 21:43:34,223] Trial 28 finished with value: 0.3793587847127704 and parameters: {'max_iter': 183, 'learning_rate': 0.0359337673793798, 'max_depth': 3, 'min_samples_leaf': 41, 'l2_regularization': 0.48560567887795403}. Best is trial 10 with value: 0.3855345768414176.
[I 2025-12-02 21:43:38,320] Trial 29 finished with value: 0.3617950258895903 and parameters: {'max_iter': 129, 'learning_rate': 0.15376178053292147, 'max_depth': 7, 'min_samples_leaf': 6, 'l2_regularization': 0.3327287269207895}. Best is trial 10 with value: 0.3855345768414176.
Saved Optuna plots to results/20251202_191230_ana_optimized_multiclass/xgboost/optuna_plots
Fold 3
Importâncias dos parâmetros para fold 3: {'learning_rate': np.float64(0.25416722349876175), 'gamma': np.float64(0.15655420867364347), 'n_estimators': np.float64(0.13769647612249106), 'reg_lambda': np.float64(0.12659058108866317), 'colsample_bytree': np.float64(0.10000670798533119), 'min_child_weight': np.float64(0.07095001453790774), 'max_depth': np.float64(0.057009540948048595), 'subsample': np.float64(0.05545240125129368), 'reg_alpha': np.float64(0.041572845893859164)}
Saved Optuna plots to results/20251202_191230_ana_optimized_multiclass/xgboost/optuna_plots
Fold 4
Importâncias dos parâmetros para fold 4: {'learning_rate': np.float64(0.4455728424371277), 'n_estimators': np.float64(0.1232202559540203), 'gamma': np.float64(0.10246356342924036), 'reg_lambda': np.float64(0.09173641961115052), 'reg_alpha': np.float64(0.06305727798486152), 'subsample': np.float64(0.05825215584410929), 'min_child_weight': np.float64(0.055696227708592776), 'max_depth': np.float64(0.035264735508196046), 'colsample_bytree': np.float64(0.024736521522701584)}
Saved Optuna plots to results/20251202_191230_ana_optimized_multiclass/xgboost/optuna_plots
Fold 5
Importâncias dos parâmetros para fold 5: {'subsample': np.float64(0.2923089016652288), 'learning_rate': np.float64(0.2039131303029188), 'colsample_bytree': np.float64(0.18417508225531837), 'n_estimators': np.float64(0.09225933512686131), 'gamma': np.float64(0.08262409478805498), 'max_depth': np.float64(0.06768661940407594), 'min_child_weight': np.float64(0.043079661160884464), 'reg_lambda': np.float64(0.01872401903913374), 'reg_alpha': np.float64(0.015229156257523885)}
Saved Optuna plots to results/20251202_191230_ana_optimized_multiclass/xgboost/optuna_plots

Nested CV completed. The 20% holdout set (3536 samples) remains untouched.
This holdout set can be used for final unbiased evaluation.

Training and evaluating 5 best parameter sets on holdout data...
Testing with 4 balancing strategies: none, randomundersampler, smoteenn, tomeklinks

Evaluating fold 1 best params on holdout set...
  - Testing with balance strategy: none
  - Testing with balance strategy: randomundersampler
  - Testing with balance strategy: smoteenn
  - Testing with balance strategy: tomeklinks

Evaluating fold 2 best params on holdout set...
  - Testing with balance strategy: none
  - Testing with balance strategy: randomundersampler
  - Testing with balance strategy: smoteenn
  - Testing with balance strategy: tomeklinks

Evaluating fold 3 best params on holdout set...
  - Testing with balance strategy: none
  - Testing with balance strategy: randomundersampler
  - Testing with balance strategy: smoteenn
  - Testing with balance strategy: tomeklinks

Evaluating fold 4 best params on holdout set...
  - Testing with balance strategy: none
  - Testing with balance strategy: randomundersampler
  - Testing with balance strategy: smoteenn
  - Testing with balance strategy: tomeklinks

Evaluating fold 5 best params on holdout set...
  - Testing with balance strategy: none
  - Testing with balance strategy: randomundersampler
  - Testing with balance strategy: smoteenn
  - Testing with balance strategy: tomeklinks
Saving optimization and holdout results...
Detailed results by fold saved to: ./results/20251202_191230_ana_optimized_multiclass/xgboost/detailed_results_by_fold.txt
Test predictions for all folds saved to: ./results/20251202_191230_ana_optimized_multiclass/xgboost/metrics.json
Saving holdout results...
Holdout evaluation results saved to: ./results/20251202_191230_ana_optimized_multiclass/xgboost/holdout_results.txt
Saved!
[OK] XGBoost executado com sucesso!

CONFIGURAÇÃO DO EXPERIMENTO (OTIMIZAÇÃO):
  Modelo: Histogram Gradient Boosting
  Trials: 30
  Tipo: multiclass
  Parâmetros: Completo
  Balanceamento: none
================================================================================
EXECUTANDO MODELO: Histogram Gradient Boosting
================================================================================

Starting Nested Cross-Validation for histogram_gradient_boosting...
Configuration: 5 outer folds, 30 trials per fold
Performing 80/20 holdout split...
Holdout split completed:
  - Training set: 14140 samples (80%)
  - Holdout test set: 3536 samples (20%)
Fold 1
Importâncias dos parâmetros para fold 1: {'learning_rate': np.float64(0.871555150347121), 'min_samples_leaf': np.float64(0.07034970642134482), 'max_depth': np.float64(0.03461897085122988), 'l2_regularization': np.float64(0.018918161045518318), 'max_iter': np.float64(0.004558011334785816)}
Saved Optuna plots to results/20251202_191230_ana_optimized_multiclass/histogram_gradient_boosting/optuna_plots
Fold 2
Importâncias dos parâmetros para fold 2: {'learning_rate': np.float64(0.7216602328455257), 'max_iter': np.float64(0.140007381507585), 'max_depth': np.float64(0.09500565087116836), 'l2_regularization': np.float64(0.03305674971021374), 'min_samples_leaf': np.float64(0.010269985065507106)}
Saved Optuna plots to results/20251202_191230_ana_optimized_multiclass/histogram_gradient_boosting/optuna_plots
Fold 3
Importâncias dos parâmetros para fold 3: {'learning_rate': np.float64(0.8621186697460772), 'l2_regularization': np.float64(0.08009264997024464), 'max_depth': np.float64(0.03644547091572158), 'max_iter': np.float64(0.014528815608635727), 'min_samples_leaf': np.float64(0.006814393759320845)}
Saved Optuna plots to results/20251202_191230_ana_optimized_multiclass/histogram_gradient_boosting/optuna_plots
Fold 4
Importâncias dos parâmetros para fold 4: {'learning_rate': np.float64(0.8365797887726539), 'max_iter': np.float64(0.058933337518397376), 'max_depth': np.float64(0.04957737794651262), 'l2_regularization': np.float64(0.04511900625759704), 'min_samples_leaf': np.float64(0.009790489504838979)}
Saved Optuna plots to results/20251202_191230_ana_optimized_multiclass/histogram_gradient_boosting/optuna_plots
Fold 5
Importâncias dos parâmetros para fold 5: {'learning_rate': np.float64(0.9018678913626106), 'max_depth': np.float64(0.06569203877983869), 'min_samples_leaf': np.float64(0.017989739374140924), 'l2_regularization': np.float64(0.008340951588275124), 'max_iter': np.float64(0.0061093788951348945)}
Saved Optuna plots to results/20251202_191230_ana_optimized_multiclass/histogram_gradient_boosting/optuna_plots

Nested CV completed. The 20% holdout set (3536 samples) remains untouched.
This holdout set can be used for final unbiased evaluation.

Training and evaluating 5 best parameter sets on holdout data...
Testing with 4 balancing strategies: none, randomundersampler, smoteenn, tomeklinks

Evaluating fold 1 best params on holdout set...
  - Testing with balance strategy: none
  - Testing with balance strategy: randomundersampler
  - Testing with balance strategy: smoteenn
  - Testing with balance strategy: tomeklinks

Evaluating fold 2 best params on holdout set...
  - Testing with balance strategy: none
  - Testing with balance strategy: randomundersampler
  - Testing with balance strategy: smoteenn
  - Testing with balance strategy: tomeklinks

Evaluating fold 3 best params on holdout set...
  - Testing with balance strategy: none
  - Testing with balance strategy: randomundersampler
  - Testing with balance strategy: smoteenn
  - Testing with balance strategy: tomeklinks

Evaluating fold 4 best params on holdout set...
  - Testing with balance strategy: none
  - Testing with balance strategy: randomundersampler
  - Testing with balance strategy: smoteenn
  - Testing with balance strategy: tomeklinks

Evaluating fold 5 best params on holdout set...
  - Testing with balance strategy: none
  - Testing with balance strategy: randomundersampler
  - Testing with balance strategy: smoteenn
  - Testing with balance strategy: tomeklinks
Saving optimization and holdout results...
Detailed results by fold saved to: ./results/20251202_191230_ana_optimized_multiclass/histogram_gradient_boosting/detailed_results_by_fold.txt
Test predictions for all folds saved to: ./results/20251202_191230_ana_optimized_multiclass/histogram_gradient_boosting/metrics.json
Saving holdout results...
Holdout evaluation results saved to: ./results/20251202_191230_ana_optimized_multiclass/histogram_gradient_boosting/holdout_results.txt
Saved!
[OK] Histogram Gradient Boosting executado com sucesso!

EXPERIMENTO CONCLUÍDO!
