[I 2025-12-03 12:43:32,655] Trial 29 finished with value: 0.3901369439834666 and parameters: {'n_estimators': 100, 'learning_rate': 0.03072834270979593, 'max_depth': 15, 'min_child_weight': 2, 'subsample': 0.8922469806396046, 'colsample_bytree': 0.6150299626184832, 'reg_alpha': 0.01933356542656288, 'reg_lambda': 10.0, 'gamma': 0.0}. Best is trial 29 with value: 0.3901369439834666.
[I 2025-12-03 12:43:36,987] A new study created in memory with name: xgboost_fold_4
[D 2025-12-03 12:43:36,988] Sample trial#0 with RandomSampler.
[I 2025-12-03 12:43:48,891] Trial 0 finished with value: 0.3747654265587126 and parameters: {'n_estimators': 783, 'learning_rate': 0.27735028447685234, 'max_depth': 12, 'min_child_weight': 1, 'subsample': 0.6616068130153252, 'colsample_bytree': 0.9061023941676617, 'reg_alpha': 0.6149550233373016, 'reg_lambda': 2.747923097111298, 'gamma': 4.454113206236902}. Best is trial 0 with value: 0.3747654265587126.
[D 2025-12-03 12:43:48,989] Sample trial#1 with GPSampler.
[I 2025-12-03 12:43:56,399] Trial 1 finished with value: 0.36447116688383707 and parameters: {'n_estimators': 191, 'learning_rate': 0.27311684760810506, 'max_depth': 7, 'min_child_weight': 10, 'subsample': 0.6123515705925918, 'colsample_bytree': 0.6742958288846458, 'reg_alpha': 0.9631716187763769, 'reg_lambda': 9.696984344465843, 'gamma': 0.6575711968913678}. Best is trial 0 with value: 0.3747654265587126.
[D 2025-12-03 12:43:56,493] Sample trial#2 with GPSampler.
[I 2025-12-03 12:44:10,272] Trial 2 finished with value: 0.376972869769712 and parameters: {'n_estimators': 914, 'learning_rate': 0.28716174339383166, 'max_depth': 14, 'min_child_weight': 8, 'subsample': 0.8599103597436731, 'colsample_bytree': 0.8069003922843077, 'reg_alpha': 0.5623664468662537, 'reg_lambda': 3.6360811099607875, 'gamma': 3.3031265305237243}. Best is trial 2 with value: 0.376972869769712.
[D 2025-12-03 12:44:10,367] Sample trial#3 with GPSampler.
[I 2025-12-03 12:44:18,791] Trial 3 finished with value: 0.3735642737580406 and parameters: {'n_estimators': 453, 'learning_rate': 0.08688805538079333, 'max_depth': 8, 'min_child_weight': 10, 'subsample': 0.8988726724304485, 'colsample_bytree': 0.9191742657678685, 'reg_alpha': 0.6770632471600013, 'reg_lambda': 3.085393448582929, 'gamma': 1.226293615771038}. Best is trial 2 with value: 0.376972869769712.
[D 2025-12-03 12:44:18,884] Sample trial#4 with GPSampler.
[I 2025-12-03 12:44:56,534] Trial 4 finished with value: 0.37479444614239277 and parameters: {'n_estimators': 599, 'learning_rate': 0.04277856144719855, 'max_depth': 9, 'min_child_weight': 6, 'subsample': 0.7153650927289674, 'colsample_bytree': 0.6121993390218067, 'reg_alpha': 0.5763664214077557, 'reg_lambda': 8.061786997960649, 'gamma': 0.13401041562378035}. Best is trial 2 with value: 0.376972869769712.
[D 2025-12-03 12:44:56,627] Sample trial#5 with GPSampler.
[I 2025-12-03 12:45:06,378] Trial 5 finished with value: 0.38016899759520995 and parameters: {'n_estimators': 699, 'learning_rate': 0.10729532572666649, 'max_depth': 10, 'min_child_weight': 2, 'subsample': 0.8245666135297882, 'colsample_bytree': 0.8743067629914099, 'reg_alpha': 0.2644305220538683, 'reg_lambda': 6.1111845643162175, 'gamma': 3.8657721542247114}. Best is trial 5 with value: 0.38016899759520995.
[D 2025-12-03 12:45:06,472] Sample trial#6 with GPSampler.
[I 2025-12-03 12:45:19,373] Trial 6 finished with value: 0.3766734111940783 and parameters: {'n_estimators': 722, 'learning_rate': 0.08703319374967462, 'max_depth': 10, 'min_child_weight': 6, 'subsample': 0.990291004301616, 'colsample_bytree': 0.6645473109442998, 'reg_alpha': 0.24738716630262525, 'reg_lambda': 9.535642262366023, 'gamma': 0.8175619274638962}. Best is trial 5 with value: 0.38016899759520995.
[D 2025-12-03 12:45:19,463] Sample trial#7 with GPSampler.
[I 2025-12-03 12:45:34,499] Trial 7 finished with value: 0.3806575496459785 and parameters: {'n_estimators': 717, 'learning_rate': 0.016914534883747445, 'max_depth': 3, 'min_child_weight': 1, 'subsample': 0.8055800245645615, 'colsample_bytree': 0.948576594941053, 'reg_alpha': 0.7319398661075165, 'reg_lambda': 3.4198383127478795, 'gamma': 0.0316063041655007}. Best is trial 7 with value: 0.3806575496459785.
[D 2025-12-03 12:45:34,592] Sample trial#8 with GPSampler.
[I 2025-12-03 12:45:42,111] Trial 8 finished with value: 0.38034119302842856 and parameters: {'n_estimators': 110, 'learning_rate': 0.05522695452808303, 'max_depth': 7, 'min_child_weight': 6, 'subsample': 0.8994433933687376, 'colsample_bytree': 0.903137427571616, 'reg_alpha': 0.23907763182675856, 'reg_lambda': 8.551797263507678, 'gamma': 0.6317750194547728}. Best is trial 7 with value: 0.3806575496459785.
[D 2025-12-03 12:45:42,209] Sample trial#9 with GPSampler.
[I 2025-12-03 12:45:50,746] Trial 9 finished with value: 0.37966617830149013 and parameters: {'n_estimators': 429, 'learning_rate': 0.14628893714791213, 'max_depth': 12, 'min_child_weight': 1, 'subsample': 0.9033674656565857, 'colsample_bytree': 0.7036859878183531, 'reg_alpha': 0.1780071750858574, 'reg_lambda': 4.884835022050665, 'gamma': 3.7665983288793563}. Best is trial 7 with value: 0.3806575496459785.
[D 2025-12-03 12:45:50,839] Sample trial#10 with GPSampler.
[I 2025-12-03 12:46:00,107] Trial 10 finished with value: 0.38212275021050723 and parameters: {'n_estimators': 246, 'learning_rate': 0.01, 'max_depth': 5, 'min_child_weight': 1, 'subsample': 0.9010852831746183, 'colsample_bytree': 1.0, 'reg_alpha': 0.18554936389966614, 'reg_lambda': 5.48644703324388, 'gamma': 0.9131000425967645}. Best is trial 10 with value: 0.38212275021050723.
[D 2025-12-03 12:46:00,199] Sample trial#11 with GPSampler.
[I 2025-12-03 12:46:04,318] Trial 11 finished with value: 0.375032549064061 and parameters: {'n_estimators': 100, 'learning_rate': 0.01, 'max_depth': 5, 'min_child_weight': 2, 'subsample': 0.9284271981253097, 'colsample_bytree': 1.0, 'reg_alpha': 0.0, 'reg_lambda': 10.0, 'gamma': 4.474532334450607}. Best is trial 10 with value: 0.38212275021050723.
[D 2025-12-03 12:46:04,410] Sample trial#12 with GPSampler.
[I 2025-12-03 12:47:28,269] Trial 12 finished with value: 0.3802566400197233 and parameters: {'n_estimators': 658, 'learning_rate': 0.01, 'max_depth': 8, 'min_child_weight': 1, 'subsample': 0.7878274019341721, 'colsample_bytree': 1.0, 'reg_alpha': 0.1979513419464021, 'reg_lambda': 2.197667294093945, 'gamma': 0.0}. Best is trial 10 with value: 0.38212275021050723.
[D 2025-12-03 12:47:28,365] Sample trial#13 with GPSampler.
[I 2025-12-03 12:47:33,936] Trial 13 finished with value: 0.37335705793152096 and parameters: {'n_estimators': 100, 'learning_rate': 0.01, 'max_depth': 3, 'min_child_weight': 1, 'subsample': 1.0, 'colsample_bytree': 1.0, 'reg_alpha': 0.36729404322007675, 'reg_lambda': 8.076686446344159, 'gamma': 0.0}. Best is trial 10 with value: 0.38212275021050723.
[D 2025-12-03 12:47:34,032] Sample trial#14 with GPSampler.
[I 2025-12-03 12:47:50,197] Trial 14 finished with value: 0.3825379750743804 and parameters: {'n_estimators': 220, 'learning_rate': 0.01, 'max_depth': 6, 'min_child_weight': 2, 'subsample': 0.8529813612858055, 'colsample_bytree': 0.9265322282332578, 'reg_alpha': 0.0, 'reg_lambda': 5.314087208907855, 'gamma': 0.0}. Best is trial 14 with value: 0.3825379750743804.
[D 2025-12-03 12:47:50,289] Sample trial#15 with GPSampler.
[I 2025-12-03 12:48:12,081] Trial 15 finished with value: 0.38378051617186065 and parameters: {'n_estimators': 113, 'learning_rate': 0.01, 'max_depth': 12, 'min_child_weight': 1, 'subsample': 0.8607385712307696, 'colsample_bytree': 1.0, 'reg_alpha': 0.4481955953831369, 'reg_lambda': 4.906717773905498, 'gamma': 0.0}. Best is trial 15 with value: 0.38378051617186065.
[D 2025-12-03 12:48:12,178] Sample trial#16 with GPSampler.
[I 2025-12-03 12:51:26,305] Trial 16 finished with value: 0.38037005450656786 and parameters: {'n_estimators': 702, 'learning_rate': 0.01, 'max_depth': 15, 'min_child_weight': 1, 'subsample': 0.8707221213469767, 'colsample_bytree': 1.0, 'reg_alpha': 0.28846673416592733, 'reg_lambda': 5.194747251820929, 'gamma': 0.0}. Best is trial 15 with value: 0.38378051617186065.
[D 2025-12-03 12:51:26,399] Sample trial#17 with GPSampler.
[I 2025-12-03 12:51:33,072] Trial 17 finished with value: 0.38251306430960397 and parameters: {'n_estimators': 100, 'learning_rate': 0.01, 'max_depth': 6, 'min_child_weight': 1, 'subsample': 0.8600523250877927, 'colsample_bytree': 1.0, 'reg_alpha': 0.601073157898052, 'reg_lambda': 3.200524801993877, 'gamma': 1.8623067827827855}. Best is trial 15 with value: 0.38378051617186065.
[D 2025-12-03 12:51:33,171] Sample trial#18 with GPSampler.
[I 2025-12-03 12:51:47,538] Trial 18 finished with value: 0.372596598545246 and parameters: {'n_estimators': 100, 'learning_rate': 0.15506775515875787, 'max_depth': 8, 'min_child_weight': 1, 'subsample': 0.8501412347752801, 'colsample_bytree': 1.0, 'reg_alpha': 0.5279149509555939, 'reg_lambda': 5.473912647857172, 'gamma': 0.0}. Best is trial 15 with value: 0.38378051617186065.
[D 2025-12-03 12:51:47,636] Sample trial#19 with GPSampler.
[I 2025-12-03 12:51:54,056] Trial 19 finished with value: 0.3832404998510574 and parameters: {'n_estimators': 100, 'learning_rate': 0.01, 'max_depth': 11, 'min_child_weight': 1, 'subsample': 0.8369122122621987, 'colsample_bytree': 1.0, 'reg_alpha': 0.40727111297745705, 'reg_lambda': 7.930330729302207, 'gamma': 0.9135581002851624}. Best is trial 15 with value: 0.38378051617186065.
[D 2025-12-03 12:51:54,149] Sample trial#20 with GPSampler.
[I 2025-12-03 12:52:01,695] Trial 20 finished with value: 0.3838012075947335 and parameters: {'n_estimators': 100, 'learning_rate': 0.01, 'max_depth': 14, 'min_child_weight': 1, 'subsample': 0.8636437162662474, 'colsample_bytree': 0.7551144394201568, 'reg_alpha': 0.3030577606529696, 'reg_lambda': 3.668304339455625, 'gamma': 0.9780477180606962}. Best is trial 20 with value: 0.3838012075947335.
[D 2025-12-03 12:52:01,790] Sample trial#21 with GPSampler.
[I 2025-12-03 12:52:21,743] Trial 21 finished with value: 0.3822240860296505 and parameters: {'n_estimators': 1000, 'learning_rate': 0.01, 'max_depth': 15, 'min_child_weight': 1, 'subsample': 0.7883885552115713, 'colsample_bytree': 0.6, 'reg_alpha': 0.0, 'reg_lambda': 1.0, 'gamma': 5.0}. Best is trial 20 with value: 0.3838012075947335.
[D 2025-12-03 12:52:21,838] Sample trial#22 with GPSampler.
[I 2025-12-03 12:52:25,427] Trial 22 finished with value: 0.3816411496170686 and parameters: {'n_estimators': 100, 'learning_rate': 0.01, 'max_depth': 15, 'min_child_weight': 1, 'subsample': 0.7651905497391616, 'colsample_bytree': 0.6, 'reg_alpha': 0.0, 'reg_lambda': 1.0, 'gamma': 5.0}. Best is trial 20 with value: 0.3838012075947335.
[D 2025-12-03 12:52:25,518] Sample trial#23 with GPSampler.
[I 2025-12-03 12:52:34,744] Trial 23 finished with value: 0.38379855692541825 and parameters: {'n_estimators': 100, 'learning_rate': 0.01, 'max_depth': 7, 'min_child_weight': 1, 'subsample': 0.856072241589994, 'colsample_bytree': 0.759178149809077, 'reg_alpha': 0.4131229284365739, 'reg_lambda': 4.921163131259409, 'gamma': 0.4707744539078787}. Best is trial 20 with value: 0.3838012075947335.
[D 2025-12-03 12:52:34,838] Sample trial#24 with GPSampler.
[I 2025-12-03 12:52:49,704] Trial 24 finished with value: 0.3801958925762071 and parameters: {'n_estimators': 1000, 'learning_rate': 0.3, 'max_depth': 15, 'min_child_weight': 1, 'subsample': 1.0, 'colsample_bytree': 0.6, 'reg_alpha': 0.0, 'reg_lambda': 10.0, 'gamma': 5.0}. Best is trial 20 with value: 0.3838012075947335.
[D 2025-12-03 12:52:49,802] Sample trial#25 with GPSampler.
[I 2025-12-03 12:53:06,497] Trial 25 finished with value: 0.3809359759976548 and parameters: {'n_estimators': 1000, 'learning_rate': 0.01, 'max_depth': 15, 'min_child_weight': 1, 'subsample': 0.6370411959519672, 'colsample_bytree': 1.0, 'reg_alpha': 0.0, 'reg_lambda': 1.0, 'gamma': 5.0}. Best is trial 20 with value: 0.3838012075947335.
[D 2025-12-03 12:53:06,593] Sample trial#26 with GPSampler.
[I 2025-12-03 12:53:18,909] Trial 26 finished with value: 0.381849858527337 and parameters: {'n_estimators': 1000, 'learning_rate': 0.01, 'max_depth': 3, 'min_child_weight': 1, 'subsample': 0.737296517169255, 'colsample_bytree': 0.6, 'reg_alpha': 1.0, 'reg_lambda': 1.0, 'gamma': 4.999999999999999}. Best is trial 20 with value: 0.3838012075947335.
[D 2025-12-03 12:53:19,005] Sample trial#27 with GPSampler.
[I 2025-12-03 12:53:33,683] Trial 27 finished with value: 0.38070286458009567 and parameters: {'n_estimators': 1000, 'learning_rate': 0.01, 'max_depth': 15, 'min_child_weight': 1, 'subsample': 0.723069385543858, 'colsample_bytree': 0.6, 'reg_alpha': 0.0, 'reg_lambda': 10.0, 'gamma': 5.0}. Best is trial 20 with value: 0.3838012075947335.
[D 2025-12-03 12:53:33,775] Sample trial#28 with GPSampler.
[I 2025-12-03 12:53:46,705] Trial 28 finished with value: 0.3816291307447254 and parameters: {'n_estimators': 1000, 'learning_rate': 0.08425831909780791, 'max_depth': 15, 'min_child_weight': 1, 'subsample': 0.8132312488166286, 'colsample_bytree': 0.6, 'reg_alpha': 1.0, 'reg_lambda': 1.0, 'gamma': 5.0}. Best is trial 20 with value: 0.3838012075947335.
[D 2025-12-03 12:53:46,801] Sample trial#29 with GPSampler.
[I 2025-12-03 12:53:52,081] Trial 29 finished with value: 0.3796015247465544 and parameters: {'n_estimators': 100, 'learning_rate': 0.01, 'max_depth': 3, 'min_child_weight': 1, 'subsample': 0.6, 'colsample_bytree': 0.6, 'reg_alpha': 1.0, 'reg_lambda': 1.0, 'gamma': 5.0}. Best is trial 20 with value: 0.3838012075947335.
[I 2025-12-03 12:53:53,674] A new study created in memory with name: xgboost_fold_5
[D 2025-12-03 12:53:53,674] Sample trial#0 with RandomSampler.
[I 2025-12-03 12:53:58,990] Trial 0 finished with value: 0.382796936082873 and parameters: {'n_estimators': 299, 'learning_rate': 0.13172596904198577, 'max_depth': 13, 'min_child_weight': 9, 'subsample': 0.8349906547025222, 'colsample_bytree': 0.7354490887717803, 'reg_alpha': 0.2756183919212144, 'reg_lambda': 4.636478487293922, 'gamma': 4.846916240089496}. Best is trial 0 with value: 0.382796936082873.
[D 2025-12-03 12:53:59,091] Sample trial#1 with GPSampler.
[I 2025-12-03 12:54:02,544] Trial 1 finished with value: 0.3777447556836543 and parameters: {'n_estimators': 245, 'learning_rate': 0.19896853057279945, 'max_depth': 14, 'min_child_weight': 4, 'subsample': 0.6415350234845649, 'colsample_bytree': 0.9063897583404896, 'reg_alpha': 0.5232483316510704, 'reg_lambda': 2.470838461407613, 'gamma': 3.2723221069841086}. Best is trial 0 with value: 0.382796936082873.
[D 2025-12-03 12:54:02,642] Sample trial#2 with GPSampler.
[I 2025-12-03 12:54:17,636] Trial 2 finished with value: 0.37126090002544776 and parameters: {'n_estimators': 815, 'learning_rate': 0.19705931015039396, 'max_depth': 6, 'min_child_weight': 8, 'subsample': 0.6866160572596284, 'colsample_bytree': 0.8729487779665894, 'reg_alpha': 0.42623745542830105, 'reg_lambda': 5.295789574060877, 'gamma': 1.330840972012206}. Best is trial 0 with value: 0.382796936082873.
[D 2025-12-03 12:54:17,739] Sample trial#3 with GPSampler.
[I 2025-12-03 12:54:32,131] Trial 3 finished with value: 0.37937131995441675 and parameters: {'n_estimators': 755, 'learning_rate': 0.14914150026092632, 'max_depth': 3, 'min_child_weight': 6, 'subsample': 0.7319830137874086, 'colsample_bytree': 0.8188514418736152, 'reg_alpha': 0.7744082328282905, 'reg_lambda': 9.070155464585504, 'gamma': 2.57863015722343}. Best is trial 0 with value: 0.382796936082873.
[D 2025-12-03 12:54:32,226] Sample trial#4 with GPSampler.
[I 2025-12-03 12:54:44,779] Trial 4 finished with value: 0.3773717039355481 and parameters: {'n_estimators': 705, 'learning_rate': 0.14455144610926798, 'max_depth': 13, 'min_child_weight': 9, 'subsample': 0.9000197794425631, 'colsample_bytree': 0.6687811273305408, 'reg_alpha': 0.8568210410512531, 'reg_lambda': 3.303447814136745, 'gamma': 0.7760222661541738}. Best is trial 0 with value: 0.382796936082873.
[D 2025-12-03 12:54:44,877] Sample trial#5 with GPSampler.
[I 2025-12-03 12:54:52,820] Trial 5 finished with value: 0.3829459152465408 and parameters: {'n_estimators': 414, 'learning_rate': 0.11823830841970591, 'max_depth': 13, 'min_child_weight': 4, 'subsample': 0.7029228028273049, 'colsample_bytree': 0.8473397906956157, 'reg_alpha': 0.24979132202667176, 'reg_lambda': 2.5486121777169353, 'gamma': 4.093273226133676}. Best is trial 5 with value: 0.3829459152465408.
[D 2025-12-03 12:54:52,920] Sample trial#6 with GPSampler.
[I 2025-12-03 12:55:05,461] Trial 6 finished with value: 0.3802757488956637 and parameters: {'n_estimators': 531, 'learning_rate': 0.055723474300284535, 'max_depth': 13, 'min_child_weight': 9, 'subsample': 0.6862526054878038, 'colsample_bytree': 0.9469919151114663, 'reg_alpha': 0.43345170515731113, 'reg_lambda': 5.4249905986830855, 'gamma': 2.282921063977383}. Best is trial 5 with value: 0.3829459152465408.
[D 2025-12-03 12:55:05,555] Sample trial#7 with GPSampler.
[I 2025-12-03 12:55:14,177] Trial 7 finished with value: 0.38200367970909355 and parameters: {'n_estimators': 713, 'learning_rate': 0.04016665813866587, 'max_depth': 4, 'min_child_weight': 9, 'subsample': 0.6301209655560798, 'colsample_bytree': 0.6181022216823876, 'reg_alpha': 0.08580422004912014, 'reg_lambda': 6.990829143455313, 'gamma': 3.3383554510348032}. Best is trial 5 with value: 0.3829459152465408.
[D 2025-12-03 12:55:14,274] Sample trial#8 with GPSampler.
[I 2025-12-03 12:55:28,099] Trial 8 finished with value: 0.38027320382412816 and parameters: {'n_estimators': 639, 'learning_rate': 0.052615038813906945, 'max_depth': 7, 'min_child_weight': 3, 'subsample': 0.6718330074206683, 'colsample_bytree': 0.6204957587743041, 'reg_alpha': 0.973043974069936, 'reg_lambda': 8.536717121057835, 'gamma': 1.1195291375072607}. Best is trial 5 with value: 0.3829459152465408.
[D 2025-12-03 12:55:28,195] Sample trial#9 with GPSampler.
[I 2025-12-03 12:55:45,104] Trial 9 finished with value: 0.37576670987934035 and parameters: {'n_estimators': 703, 'learning_rate': 0.2026730253351242, 'max_depth': 9, 'min_child_weight': 8, 'subsample': 0.8219305029874504, 'colsample_bytree': 0.6698436492843494, 'reg_alpha': 0.7078288203779907, 'reg_lambda': 6.1158602642799025, 'gamma': 0.5025659119696252}. Best is trial 5 with value: 0.3829459152465408.
[D 2025-12-03 12:55:45,203] Sample trial#10 with GPSampler.
[I 2025-12-03 12:55:58,073] Trial 10 finished with value: 0.3826743278210667 and parameters: {'n_estimators': 453, 'learning_rate': 0.053928795147831075, 'max_depth': 11, 'min_child_weight': 4, 'subsample': 0.7429231417149172, 'colsample_bytree': 0.7856242446280186, 'reg_alpha': 0.44947394608644464, 'reg_lambda': 5.648561912577323, 'gamma': 4.508111441532807}. Best is trial 5 with value: 0.3829459152465408.
[D 2025-12-03 12:55:58,171] Sample trial#11 with GPSampler.
[I 2025-12-03 12:56:04,107] Trial 11 finished with value: 0.38387883323782135 and parameters: {'n_estimators': 402, 'learning_rate': 0.07742836625872762, 'max_depth': 14, 'min_child_weight': 7, 'subsample': 0.6800857831818488, 'colsample_bytree': 0.7881164315268021, 'reg_alpha': 0.0, 'reg_lambda': 1.0, 'gamma': 4.781268183892419}. Best is trial 11 with value: 0.38387883323782135.
[D 2025-12-03 12:56:04,206] Sample trial#12 with GPSampler.
[I 2025-12-03 12:56:11,382] Trial 12 finished with value: 0.38766910691694795 and parameters: {'n_estimators': 698, 'learning_rate': 0.07532839188470197, 'max_depth': 15, 'min_child_weight': 6, 'subsample': 0.8700352002549627, 'colsample_bytree': 0.9516236087223133, 'reg_alpha': 0.0, 'reg_lambda': 1.0, 'gamma': 5.0}. Best is trial 12 with value: 0.38766910691694795.
[D 2025-12-03 12:56:11,474] Sample trial#13 with GPSampler.
[I 2025-12-03 12:56:22,519] Trial 13 finished with value: 0.38621891878509207 and parameters: {'n_estimators': 995, 'learning_rate': 0.04053930718257654, 'max_depth': 15, 'min_child_weight': 6, 'subsample': 1.0, 'colsample_bytree': 1.0, 'reg_alpha': 0.0, 'reg_lambda': 1.0, 'gamma': 5.0}. Best is trial 12 with value: 0.38766910691694795.
[D 2025-12-03 12:56:22,624] Sample trial#14 with GPSampler.
[I 2025-12-03 12:56:29,838] Trial 14 finished with value: 0.38738631961602776 and parameters: {'n_estimators': 328, 'learning_rate': 0.07375948943097693, 'max_depth': 15, 'min_child_weight': 4, 'subsample': 0.958921056960274, 'colsample_bytree': 1.0, 'reg_alpha': 0.0, 'reg_lambda': 1.0, 'gamma': 5.0}. Best is trial 12 with value: 0.38766910691694795.
[D 2025-12-03 12:56:29,940] Sample trial#15 with GPSampler.
[I 2025-12-03 12:56:39,111] Trial 15 finished with value: 0.38802170320646384 and parameters: {'n_estimators': 782, 'learning_rate': 0.09403461886011391, 'max_depth': 15, 'min_child_weight': 1, 'subsample': 0.8391977451793173, 'colsample_bytree': 1.0, 'reg_alpha': 0.0, 'reg_lambda': 1.0, 'gamma': 5.0}. Best is trial 15 with value: 0.38802170320646384.
[D 2025-12-03 12:56:39,208] Sample trial#16 with GPSampler.
[I 2025-12-03 12:56:54,455] Trial 16 finished with value: 0.38682731683969995 and parameters: {'n_estimators': 850, 'learning_rate': 0.1330855501546712, 'max_depth': 15, 'min_child_weight': 5, 'subsample': 0.9295518730858421, 'colsample_bytree': 1.0, 'reg_alpha': 0.0, 'reg_lambda': 1.0, 'gamma': 5.0}. Best is trial 15 with value: 0.38802170320646384.
[D 2025-12-03 12:56:54,558] Sample trial#17 with GPSampler.
[I 2025-12-03 12:57:06,657] Trial 17 finished with value: 0.38866860948466925 and parameters: {'n_estimators': 595, 'learning_rate': 0.06661755918557531, 'max_depth': 8, 'min_child_weight': 1, 'subsample': 0.8285343796625748, 'colsample_bytree': 1.0, 'reg_alpha': 0.0, 'reg_lambda': 1.0, 'gamma': 5.0}. Best is trial 17 with value: 0.38866860948466925.
[D 2025-12-03 12:57:06,758] Sample trial#18 with GPSampler.
