[I 2025-12-03 12:37:35,524] Trial 29 finished with value: 0.39092785007789665 and parameters: {'n_estimators': 787, 'learning_rate': 0.01, 'max_depth': 14, 'min_child_weight': 1, 'subsample': 1.0, 'colsample_bytree': 0.7425963543607963, 'reg_alpha': 0.0, 'reg_lambda': 1.0, 'gamma': 3.574309121519886}. Best is trial 29 with value: 0.39092785007789665.
CLASSIFICAÇÃO DE GENES-ALVO USANDO DADOS ÔMICOS
================================================================================
Timestamp do experimento: 20251202_215107
 Usando dados da ANA:
   Features: data/UNION_features.tsv
   Labels: data/processed/UNION_labels.tsv
   Formato labels: genes, 2class (binary), 3class (multiclass)

Arquivos encontrados com sucesso!
Carregando e preparando dados...
============================================================
PREPARANDO DATASET PARA CLASSIFICAÇÃO (MULTICLASS)
============================================================
Carregando UNION_features.tsv
Features carregadas: 19602 genes x 64 features
Tipos de dados das features: {dtype('float64'): 64}
Range das features: [0.0000, 1.0000]
----------------------------------------
Carregando UNION_labels.tsv (classificação: multiclass)
Labels carregados: 19680 genes
Valores únicos em 3class: label
0.0    16727
NaN     1997
1.0      515
2.0      441
Name: count, dtype: int64
Genes with NaN dropped: 1997
Distribuição das classes:
  Classe 0 (passenger): 16727 genes
  Classe 1 (TSG): 515 genes
  Classe 2 (Oncogene): 441 genes
----------------------------------------
Alinhando features e labels
Genes comuns entre features e labels: 17676
Dataset final: 17676 genes x 64 features
Distribuição final das classes: [16727   514   435]
----------------------------------------
DATASET PREPARADO COM SUCESSO!
Shape final: X=(17676, 64), y=(17676,)
Genes: 17676
Features: 64
============================================================

CONFIGURAÇÃO DO EXPERIMENTO (OTIMIZAÇÃO):
  Modelo: CatBoost
  Trials: 30
  Tipo: multiclass
  Parâmetros: Completo
  Balanceamento: none
================================================================================
EXECUTANDO MODELO: CatBoost
================================================================================

Starting Nested Cross-Validation for catboost...
Configuration: 5 outer folds, 30 trials per fold
Performing 80/20 holdout split...
Holdout split completed:
  - Training set: 14140 samples (80%)
  - Holdout test set: 3536 samples (20%)
Fold 1
Importâncias dos parâmetros para fold 1: {'learning_rate': np.float64(0.49817363850334706), 'random_strength': np.float64(0.11967926347046676), 'bagging_temperature': np.float64(0.09974800859355959), 'border_count': np.float64(0.09745865227089608), 'iterations': np.float64(0.0937332376541389), 'depth': np.float64(0.07069192986153176), 'l2_leaf_reg': np.float64(0.020515269646059868)}
Saved Optuna plots to results/20251202_215107_ana_optimized_multiclass/catboost/optuna_plots
Fold 2
Importâncias dos parâmetros para fold 2: {'learning_rate': np.float64(0.4611200207968099), 'border_count': np.float64(0.3068403453100645), 'depth': np.float64(0.12007435413784505), 'bagging_temperature': np.float64(0.03516506742246229), 'random_strength': np.float64(0.03496278993188455), 'iterations': np.float64(0.03064031009989575), 'l2_leaf_reg': np.float64(0.011197112301037886)}
Saved Optuna plots to results/20251202_215107_ana_optimized_multiclass/catboost/optuna_plots
Fold 3
Importâncias dos parâmetros para fold 3: {'learning_rate': np.float64(0.6987332910412022), 'l2_leaf_reg': np.float64(0.15358516074405054), 'iterations': np.float64(0.04685100367832826), 'border_count': np.float64(0.03982906946226872), 'bagging_temperature': np.float64(0.032129121009688864), 'depth': np.float64(0.01572342185452631), 'random_strength': np.float64(0.013148932209935175)}
Saved Optuna plots to results/20251202_215107_ana_optimized_multiclass/catboost/optuna_plots
Fold 4
Importâncias dos parâmetros para fold 4: {'learning_rate': np.float64(0.899671774949013), 'random_strength': np.float64(0.03490553694965884), 'l2_leaf_reg': np.float64(0.02869877371140706), 'depth': np.float64(0.019609971718966095), 'iterations': np.float64(0.010920721679591993), 'border_count': np.float64(0.004362389042169316), 'bagging_temperature': np.float64(0.0018308319491935955)}
Saved Optuna plots to results/20251202_215107_ana_optimized_multiclass/catboost/optuna_plots
Fold 5
Importâncias dos parâmetros para fold 5: {'learning_rate': np.float64(0.9112923964489839), 'random_strength': np.float64(0.03996066173340107), 'border_count': np.float64(0.028330722649572638), 'depth': np.float64(0.006729159035804176), 'bagging_temperature': np.float64(0.004959328906993427), 'l2_leaf_reg': np.float64(0.004368354239705812), 'iterations': np.float64(0.0043593769855391875)}
Saved Optuna plots to results/20251202_215107_ana_optimized_multiclass/catboost/optuna_plots

Nested CV completed. The 20% holdout set (3536 samples) remains untouched.
This holdout set can be used for final unbiased evaluation.

Training and evaluating 5 best parameter sets on holdout data...
Testing with 4 balancing strategies: none, randomundersampler, smoteenn, tomeklinks

Evaluating fold 1 best params on holdout set...
  - Testing with balance strategy: none
  - Testing with balance strategy: randomundersampler
  - Testing with balance strategy: smoteenn
  - Testing with balance strategy: tomeklinks

Evaluating fold 2 best params on holdout set...
  - Testing with balance strategy: none
  - Testing with balance strategy: randomundersampler
  - Testing with balance strategy: smoteenn
  - Testing with balance strategy: tomeklinks

Evaluating fold 3 best params on holdout set...
  - Testing with balance strategy: none
  - Testing with balance strategy: randomundersampler
  - Testing with balance strategy: smoteenn
  - Testing with balance strategy: tomeklinks

Evaluating fold 4 best params on holdout set...
  - Testing with balance strategy: none
  - Testing with balance strategy: randomundersampler
  - Testing with balance strategy: smoteenn
  - Testing with balance strategy: tomeklinks

Evaluating fold 5 best params on holdout set...
  - Testing with balance strategy: none
  - Testing with balance strategy: randomundersampler
  - Testing with balance strategy: smoteenn
  - Testing with balance strategy: tomeklinks
Saving optimization and holdout results...
Detailed results by fold saved to: ./results/20251202_215107_ana_optimized_multiclass/catboost/detailed_results_by_fold.txt
Test predictions for all folds saved to: ./results/20251202_215107_ana_optimized_multiclass/catboost/metrics.json
Saving holdout results...
Holdout evaluation results saved to: ./results/20251202_215107_ana_optimized_multiclass/catboost/holdout_results.txt
Saved!
[OK] CatBoost executado com sucesso!

CONFIGURAÇÃO DO EXPERIMENTO (OTIMIZAÇÃO):
  Modelo: XGBoost
  Trials: 30
  Tipo: multiclass
  Parâmetros: Completo
  Balanceamento: none
================================================================================
EXECUTANDO MODELO: XGBoost
================================================================================

Starting Nested Cross-Validation for xgboost...
Configuration: 5 outer folds, 30 trials per fold
Performing 80/20 holdout split...
Holdout split completed:
  - Training set: 14140 samples (80%)
  - Holdout test set: 3536 samples (20%)
Fold 1
Importâncias dos parâmetros para fold 1: {'gamma': np.float64(0.37937031703771046), 'n_estimators': np.float64(0.34236114474304724), 'learning_rate': np.float64(0.060550503933121745), 'reg_alpha': np.float64(0.059192577090852946), 'reg_lambda': np.float64(0.058043215747294895), 'subsample': np.float64(0.04329255870301548), 'max_depth': np.float64(0.02495765933668671), 'colsample_bytree': np.float64(0.019919657597335008), 'min_child_weight': np.float64(0.012312365810935645)}
Saved Optuna plots to results/20251202_215107_ana_optimized_multiclass/xgboost/optuna_plots
Fold 2
Importâncias dos parâmetros para fold 2: {'learning_rate': np.float64(0.2567982807852235), 'gamma': np.float64(0.2377361272908806), 'min_child_weight': np.float64(0.19883856615043038), 'subsample': np.float64(0.17274886954217428), 'max_depth': np.float64(0.05461397909588702), 'reg_lambda': np.float64(0.0531319811617755), 'colsample_bytree': np.float64(0.016325495689965188), 'n_estimators': np.float64(0.007287488776214997), 'reg_alpha': np.float64(0.002519211507448755)}
[I 2025-12-03 12:37:39,386] A new study created in memory with name: xgboost_fold_3
[D 2025-12-03 12:37:39,386] Sample trial#0 with RandomSampler.
[I 2025-12-03 12:37:52,069] Trial 0 finished with value: 0.37632050670696476 and parameters: {'n_estimators': 582, 'learning_rate': 0.08543872966526284, 'max_depth': 9, 'min_child_weight': 2, 'subsample': 0.6424301664196154, 'colsample_bytree': 0.9834094976499026, 'reg_alpha': 0.7146525858556101, 'reg_lambda': 6.9914368037877175, 'gamma': 2.0228318626340918}. Best is trial 0 with value: 0.37632050670696476.
[D 2025-12-03 12:37:52,169] Sample trial#1 with GPSampler.
[I 2025-12-03 12:38:04,959] Trial 1 finished with value: 0.37216010652713744 and parameters: {'n_estimators': 711, 'learning_rate': 0.12258798941625726, 'max_depth': 7, 'min_child_weight': 8, 'subsample': 0.9424829824901644, 'colsample_bytree': 0.8929028881262107, 'reg_alpha': 0.17316812269955706, 'reg_lambda': 2.741963243729905, 'gamma': 0.9508977000017632}. Best is trial 0 with value: 0.37632050670696476.
[D 2025-12-03 12:38:05,050] Sample trial#2 with GPSampler.
[I 2025-12-03 12:38:20,988] Trial 2 finished with value: 0.37448894676587025 and parameters: {'n_estimators': 747, 'learning_rate': 0.2761207016767586, 'max_depth': 4, 'min_child_weight': 3, 'subsample': 0.8356357804844485, 'colsample_bytree': 0.6399668170349736, 'reg_alpha': 0.009860877245263078, 'reg_lambda': 1.6798178715490666, 'gamma': 1.609540456753535}. Best is trial 0 with value: 0.37632050670696476.
[D 2025-12-03 12:38:21,082] Sample trial#3 with GPSampler.
[I 2025-12-03 12:38:38,017] Trial 3 finished with value: 0.3810634066382011 and parameters: {'n_estimators': 511, 'learning_rate': 0.07046127041225125, 'max_depth': 15, 'min_child_weight': 5, 'subsample': 0.9399916356899506, 'colsample_bytree': 0.9423856147618659, 'reg_alpha': 0.7946167802141406, 'reg_lambda': 9.116254236748157, 'gamma': 1.4452881588663435}. Best is trial 3 with value: 0.3810634066382011.
[D 2025-12-03 12:38:38,109] Sample trial#4 with GPSampler.
[I 2025-12-03 12:38:49,230] Trial 4 finished with value: 0.38279171361413317 and parameters: {'n_estimators': 168, 'learning_rate': 0.04855199197228163, 'max_depth': 5, 'min_child_weight': 1, 'subsample': 0.756383759698082, 'colsample_bytree': 0.949012811746097, 'reg_alpha': 0.20905532713435426, 'reg_lambda': 4.720749174802547, 'gamma': 1.1115256959379116}. Best is trial 4 with value: 0.38279171361413317.
[D 2025-12-03 12:38:49,319] Sample trial#5 with GPSampler.
[I 2025-12-03 12:39:02,901] Trial 5 finished with value: 0.38406237158259604 and parameters: {'n_estimators': 406, 'learning_rate': 0.11868507939445619, 'max_depth': 8, 'min_child_weight': 6, 'subsample': 0.7954487031940723, 'colsample_bytree': 0.7612164818463253, 'reg_alpha': 0.4604364661099166, 'reg_lambda': 8.757897097199173, 'gamma': 2.4936115009267734}. Best is trial 5 with value: 0.38406237158259604.
[D 2025-12-03 12:39:02,993] Sample trial#6 with GPSampler.
[I 2025-12-03 12:39:21,632] Trial 6 finished with value: 0.3699247594943495 and parameters: {'n_estimators': 742, 'learning_rate': 0.23664835353768957, 'max_depth': 14, 'min_child_weight': 2, 'subsample': 0.6576677415257768, 'colsample_bytree': 0.6834366984164955, 'reg_alpha': 0.9601289573615855, 'reg_lambda': 4.194124368639849, 'gamma': 0.5953665081741633}. Best is trial 5 with value: 0.38406237158259604.
[D 2025-12-03 12:39:21,721] Sample trial#7 with GPSampler.
[I 2025-12-03 12:39:30,591] Trial 7 finished with value: 0.36800357536709455 and parameters: {'n_estimators': 556, 'learning_rate': 0.2907359067660349, 'max_depth': 13, 'min_child_weight': 9, 'subsample': 0.8773415670336913, 'colsample_bytree': 0.9259214562520994, 'reg_alpha': 0.46730648803410835, 'reg_lambda': 6.639151548414764, 'gamma': 0.6140380628828768}. Best is trial 5 with value: 0.38406237158259604.
[D 2025-12-03 12:39:30,683] Sample trial#8 with GPSampler.
[I 2025-12-03 12:39:41,714] Trial 8 finished with value: 0.3749324953749292 and parameters: {'n_estimators': 575, 'learning_rate': 0.2848527045002543, 'max_depth': 7, 'min_child_weight': 7, 'subsample': 0.6605871549513075, 'colsample_bytree': 0.8616373298717361, 'reg_alpha': 0.21906223895447463, 'reg_lambda': 1.0644587352592225, 'gamma': 4.641014416072636}. Best is trial 5 with value: 0.38406237158259604.
[D 2025-12-03 12:39:41,805] Sample trial#9 with GPSampler.
[I 2025-12-03 12:39:47,548] Trial 9 finished with value: 0.38031263070869586 and parameters: {'n_estimators': 418, 'learning_rate': 0.1307394095028665, 'max_depth': 8, 'min_child_weight': 10, 'subsample': 0.7780162398730657, 'colsample_bytree': 0.848675075389206, 'reg_alpha': 0.7173107066981548, 'reg_lambda': 1.5234167461876074, 'gamma': 2.4869973883486507}. Best is trial 5 with value: 0.38406237158259604.
[D 2025-12-03 12:39:47,644] Sample trial#10 with GPSampler.
[I 2025-12-03 12:39:56,274] Trial 10 finished with value: 0.3835856161166312 and parameters: {'n_estimators': 284, 'learning_rate': 0.06407585044539758, 'max_depth': 9, 'min_child_weight': 6, 'subsample': 0.8778941884969966, 'colsample_bytree': 0.7490417777778448, 'reg_alpha': 0.5367078721754974, 'reg_lambda': 9.527659004824155, 'gamma': 2.8022193700759406}. Best is trial 5 with value: 0.38406237158259604.
[D 2025-12-03 12:39:56,363] Sample trial#11 with GPSampler.
[I 2025-12-03 12:40:02,166] Trial 11 finished with value: 0.3779897871325725 and parameters: {'n_estimators': 290, 'learning_rate': 0.11151609953040197, 'max_depth': 4, 'min_child_weight': 4, 'subsample': 0.7218035527610219, 'colsample_bytree': 0.6831728349504814, 'reg_alpha': 0.0967027853668654, 'reg_lambda': 7.959227465294632, 'gamma': 2.611801766599448}. Best is trial 5 with value: 0.38406237158259604.
[D 2025-12-03 12:40:02,258] Sample trial#12 with GPSampler.
[I 2025-12-03 12:40:11,383] Trial 12 finished with value: 0.3821555630495209 and parameters: {'n_estimators': 365, 'learning_rate': 0.08447524448674991, 'max_depth': 10, 'min_child_weight': 7, 'subsample': 0.8596192463248147, 'colsample_bytree': 0.8285020051709726, 'reg_alpha': 0.6724410305655398, 'reg_lambda': 10.0, 'gamma': 2.5041728192464827}. Best is trial 5 with value: 0.38406237158259604.
[D 2025-12-03 12:40:11,476] Sample trial#13 with GPSampler.
[I 2025-12-03 12:40:18,529] Trial 13 finished with value: 0.38138187010318947 and parameters: {'n_estimators': 212, 'learning_rate': 0.09235430021376093, 'max_depth': 9, 'min_child_weight': 3, 'subsample': 0.7987385079076756, 'colsample_bytree': 0.7906720405346226, 'reg_alpha': 0.4780592121338048, 'reg_lambda': 5.327898639840748, 'gamma': 1.978199664351156}. Best is trial 5 with value: 0.38406237158259604.
[D 2025-12-03 12:40:18,619] Sample trial#14 with GPSampler.
[I 2025-12-03 12:40:24,460] Trial 14 finished with value: 0.3833924599436013 and parameters: {'n_estimators': 428, 'learning_rate': 0.08110927382890336, 'max_depth': 8, 'min_child_weight': 8, 'subsample': 0.8379654399009211, 'colsample_bytree': 0.6551870831637319, 'reg_alpha': 0.49757967311643936, 'reg_lambda': 9.378451098789052, 'gamma': 3.6968468613342065}. Best is trial 5 with value: 0.38406237158259604.
[D 2025-12-03 12:40:24,552] Sample trial#15 with GPSampler.
[I 2025-12-03 12:40:36,158] Trial 15 finished with value: 0.3820422100485853 and parameters: {'n_estimators': 254, 'learning_rate': 0.01, 'max_depth': 6, 'min_child_weight': 6, 'subsample': 0.931262711115439, 'colsample_bytree': 1.0, 'reg_alpha': 0.3474801187512718, 'reg_lambda': 10.0, 'gamma': 1.7917874329311938}. Best is trial 5 with value: 0.38406237158259604.
[D 2025-12-03 12:40:36,255] Sample trial#16 with GPSampler.
[I 2025-12-03 12:40:48,203] Trial 16 finished with value: 0.38406653140456004 and parameters: {'n_estimators': 364, 'learning_rate': 0.08727661168697062, 'max_depth': 5, 'min_child_weight': 6, 'subsample': 0.90942862125911, 'colsample_bytree': 0.6776175454890406, 'reg_alpha': 0.5183230756885321, 'reg_lambda': 10.0, 'gamma': 1.7547608522472957}. Best is trial 16 with value: 0.38406653140456004.
[D 2025-12-03 12:40:48,293] Sample trial#17 with GPSampler.
[I 2025-12-03 12:41:05,156] Trial 17 finished with value: 0.3833129224863914 and parameters: {'n_estimators': 383, 'learning_rate': 0.054323051045599945, 'max_depth': 14, 'min_child_weight': 3, 'subsample': 0.9899482905127356, 'colsample_bytree': 0.6698558345384614, 'reg_alpha': 0.4527588740330728, 'reg_lambda': 9.999999999999998, 'gamma': 1.6641447364659614}. Best is trial 16 with value: 0.38406653140456004.
[D 2025-12-03 12:41:05,247] Sample trial#18 with GPSampler.
[I 2025-12-03 12:41:12,396] Trial 18 finished with value: 0.3828911012760966 and parameters: {'n_estimators': 364, 'learning_rate': 0.09931182237725206, 'max_depth': 6, 'min_child_weight': 3, 'subsample': 1.0, 'colsample_bytree': 0.770921304318325, 'reg_alpha': 0.474500694808543, 'reg_lambda': 10.0, 'gamma': 3.8869083998233975}. Best is trial 16 with value: 0.38406653140456004.
[D 2025-12-03 12:41:12,492] Sample trial#19 with GPSampler.
[I 2025-12-03 12:41:24,845] Trial 19 finished with value: 0.37997378515620295 and parameters: {'n_estimators': 348, 'learning_rate': 0.09023271683555653, 'max_depth': 11, 'min_child_weight': 10, 'subsample': 0.8797873763510129, 'colsample_bytree': 0.7210494243209629, 'reg_alpha': 0.4424933846770442, 'reg_lambda': 10.0, 'gamma': 1.7197713676341775}. Best is trial 16 with value: 0.38406653140456004.
[D 2025-12-03 12:41:24,947] Sample trial#20 with GPSampler.
[I 2025-12-03 12:41:32,697] Trial 20 finished with value: 0.38217707195780115 and parameters: {'n_estimators': 346, 'learning_rate': 0.09561058594320669, 'max_depth': 3, 'min_child_weight': 6, 'subsample': 0.7403829946564233, 'colsample_bytree': 0.6129608010915306, 'reg_alpha': 0.4750470895418351, 'reg_lambda': 9.999999999999998, 'gamma': 3.387699664678907}. Best is trial 16 with value: 0.38406653140456004.
[D 2025-12-03 12:41:32,789] Sample trial#21 with GPSampler.
[I 2025-12-03 12:41:42,957] Trial 21 finished with value: 0.3830526837982778 and parameters: {'n_estimators': 397, 'learning_rate': 0.05271032312654354, 'max_depth': 6, 'min_child_weight': 5, 'subsample': 0.9685982488568019, 'colsample_bytree': 0.6770134596063756, 'reg_alpha': 0.5499009499612727, 'reg_lambda': 8.699703708803469, 'gamma': 1.5355315649564765}. Best is trial 16 with value: 0.38406653140456004.
[D 2025-12-03 12:41:43,052] Sample trial#22 with GPSampler.
[I 2025-12-03 12:42:02,043] Trial 22 finished with value: 0.386840463226683 and parameters: {'n_estimators': 100, 'learning_rate': 0.01, 'max_depth': 15, 'min_child_weight': 1, 'subsample': 0.8730803379454677, 'colsample_bytree': 1.0, 'reg_alpha': 0.22054598233135903, 'reg_lambda': 10.0, 'gamma': 0.0}. Best is trial 22 with value: 0.386840463226683.
[D 2025-12-03 12:42:02,142] Sample trial#23 with GPSampler.
[I 2025-12-03 12:42:23,376] Trial 23 finished with value: 0.378229981741976 and parameters: {'n_estimators': 100, 'learning_rate': 0.01, 'max_depth': 15, 'min_child_weight': 1, 'subsample': 1.0, 'colsample_bytree': 1.0, 'reg_alpha': 0.04535605638296052, 'reg_lambda': 10.0, 'gamma': 0.0}. Best is trial 22 with value: 0.386840463226683.
[D 2025-12-03 12:42:23,467] Sample trial#24 with GPSampler.
[I 2025-12-03 12:42:29,810] Trial 24 finished with value: 0.38268662961776234 and parameters: {'n_estimators': 352, 'learning_rate': 0.01, 'max_depth': 3, 'min_child_weight': 1, 'subsample': 0.8405242483408746, 'colsample_bytree': 0.8557112226894892, 'reg_alpha': 0.34126288318994036, 'reg_lambda': 10.0, 'gamma': 0.09712997914333062}. Best is trial 22 with value: 0.386840463226683.
[D 2025-12-03 12:42:29,900] Sample trial#25 with GPSampler.
[I 2025-12-03 12:42:38,440] Trial 25 finished with value: 0.38183996369149653 and parameters: {'n_estimators': 100, 'learning_rate': 0.01, 'max_depth': 15, 'min_child_weight': 2, 'subsample': 0.8197450580247587, 'colsample_bytree': 1.0, 'reg_alpha': 0.0, 'reg_lambda': 10.0, 'gamma': 1.4703634885883523}. Best is trial 22 with value: 0.386840463226683.
[D 2025-12-03 12:42:38,530] Sample trial#26 with GPSampler.
[I 2025-12-03 12:42:52,933] Trial 26 finished with value: 0.3867302622089349 and parameters: {'n_estimators': 100, 'learning_rate': 0.01, 'max_depth': 15, 'min_child_weight': 1, 'subsample': 0.896884406575301, 'colsample_bytree': 0.7621604603744978, 'reg_alpha': 0.7524975563571477, 'reg_lambda': 10.0, 'gamma': 0.0}. Best is trial 22 with value: 0.386840463226683.
[D 2025-12-03 12:42:53,023] Sample trial#27 with GPSampler.
[I 2025-12-03 12:42:56,679] Trial 27 finished with value: 0.38235952117563554 and parameters: {'n_estimators': 100, 'learning_rate': 0.05506441789320166, 'max_depth': 7, 'min_child_weight': 1, 'subsample': 0.9213828318690447, 'colsample_bytree': 0.6, 'reg_alpha': 0.7732235502064925, 'reg_lambda': 10.0, 'gamma': 4.269442394724835}. Best is trial 22 with value: 0.386840463226683.
[D 2025-12-03 12:42:56,782] Sample trial#28 with GPSampler.
[I 2025-12-03 12:43:17,317] Trial 28 finished with value: 0.3856694012337325 and parameters: {'n_estimators': 100, 'learning_rate': 0.01, 'max_depth': 15, 'min_child_weight': 1, 'subsample': 0.8787560469918978, 'colsample_bytree': 1.0, 'reg_alpha': 0.9353380458908318, 'reg_lambda': 10.0, 'gamma': 0.0}. Best is trial 22 with value: 0.386840463226683.
[D 2025-12-03 12:43:17,411] Sample trial#29 with GPSampler.
