[I 2025-12-03 01:26:18,126] Trial 26 finished with value: 0.3856652458627679 and parameters: {'iterations': 603, 'learning_rate': 0.06875768937181079, 'depth': 8, 'l2_leaf_reg': 4.190836086044593, 'border_count': 251, 'bagging_temperature': 0.9999999999999999, 'random_strength': 1.0}. Best is trial 12 with value: 0.39827431750467973.
[D 2025-12-03 01:26:18,216] Sample trial#27 with GPSampler.
[I 2025-12-03 01:27:29,640] Trial 27 finished with value: 0.39056489454780324 and parameters: {'iterations': 1000, 'learning_rate': 0.05465758797298715, 'depth': 6, 'l2_leaf_reg': 9.616471239011624, 'border_count': 145, 'bagging_temperature': 0.2805021939381786, 'random_strength': 0.34478554222005015}. Best is trial 12 with value: 0.39827431750467973.
[D 2025-12-03 01:27:29,732] Sample trial#28 with GPSampler.
[I 2025-12-03 01:27:35,309] Trial 28 finished with value: 0.3880040919347947 and parameters: {'iterations': 100, 'learning_rate': 0.04809452990711499, 'depth': 4, 'l2_leaf_reg': 10.0, 'border_count': 150, 'bagging_temperature': 0.7231157800750323, 'random_strength': 0.0}. Best is trial 12 with value: 0.39827431750467973.
[D 2025-12-03 01:27:35,375] Sample trial#29 with GPSampler.
[I 2025-12-03 01:28:10,701] Trial 29 finished with value: 0.39240080156253654 and parameters: {'iterations': 1000, 'learning_rate': 0.06575430065239808, 'depth': 4, 'l2_leaf_reg': 2.6813592702128446, 'border_count': 186, 'bagging_temperature': 0.6192877729778207, 'random_strength': 0.43047444744747243}. Best is trial 12 with value: 0.39827431750467973.
[I 2025-12-03 01:28:16,343] A new study created in memory with name: catboost_fold_3
[D 2025-12-03 01:28:16,343] Sample trial#0 with RandomSampler.
[I 2025-12-03 01:28:20,808] Trial 0 finished with value: 0.38284444049335414 and parameters: {'iterations': 102, 'learning_rate': 0.24158687503485032, 'depth': 5, 'l2_leaf_reg': 9.594096011164824, 'border_count': 77, 'bagging_temperature': 0.6369667042731209, 'random_strength': 0.35350269303730564}. Best is trial 0 with value: 0.38284444049335414.
[D 2025-12-03 01:28:20,903] Sample trial#1 with GPSampler.
[I 2025-12-03 01:28:46,576] Trial 1 finished with value: 0.38843015663758973 and parameters: {'iterations': 521, 'learning_rate': 0.03293434580219689, 'depth': 5, 'l2_leaf_reg': 5.245169383028851, 'border_count': 134, 'bagging_temperature': 0.8666723646851078, 'random_strength': 0.2800851592170641}. Best is trial 1 with value: 0.38843015663758973.
[D 2025-12-03 01:28:46,672] Sample trial#2 with GPSampler.
[I 2025-12-03 01:29:19,677] Trial 2 finished with value: 0.3874088215850747 and parameters: {'iterations': 853, 'learning_rate': 0.06402549575799607, 'depth': 5, 'l2_leaf_reg': 6.382667679715392, 'border_count': 101, 'bagging_temperature': 0.7501838120194366, 'random_strength': 0.7506669088466024}. Best is trial 1 with value: 0.38843015663758973.
[D 2025-12-03 01:29:19,750] Sample trial#3 with GPSampler.
[I 2025-12-03 01:30:07,014] Trial 3 finished with value: 0.3747331976302999 and parameters: {'iterations': 985, 'learning_rate': 0.25096488912079423, 'depth': 5, 'l2_leaf_reg': 8.9046751791555, 'border_count': 160, 'bagging_temperature': 0.18011317062259902, 'random_strength': 0.8590225650899055}. Best is trial 1 with value: 0.38843015663758973.
[D 2025-12-03 01:30:07,086] Sample trial#4 with GPSampler.
[I 2025-12-03 01:30:30,572] Trial 4 finished with value: 0.3650077230175807 and parameters: {'iterations': 906, 'learning_rate': 0.2608732493963404, 'depth': 4, 'l2_leaf_reg': 1.3566717902986327, 'border_count': 44, 'bagging_temperature': 0.5532417024710297, 'random_strength': 0.11796404375633984}. Best is trial 1 with value: 0.38843015663758973.
[D 2025-12-03 01:30:30,649] Sample trial#5 with GPSampler.
[I 2025-12-03 01:30:56,817] Trial 5 finished with value: 0.3791453285362773 and parameters: {'iterations': 855, 'learning_rate': 0.05776805283222687, 'depth': 5, 'l2_leaf_reg': 9.952047849963053, 'border_count': 40, 'bagging_temperature': 0.12022771660120368, 'random_strength': 0.9290696028887145}. Best is trial 1 with value: 0.38843015663758973.
[D 2025-12-03 01:30:56,910] Sample trial#6 with GPSampler.
[I 2025-12-03 01:31:12,664] Trial 6 finished with value: 0.3834234812080878 and parameters: {'iterations': 127, 'learning_rate': 0.04650383798226005, 'depth': 8, 'l2_leaf_reg': 1.4249605284872033, 'border_count': 75, 'bagging_temperature': 0.16089261117303588, 'random_strength': 0.5616548719071633}. Best is trial 1 with value: 0.38843015663758973.
[D 2025-12-03 01:31:12,764] Sample trial#7 with GPSampler.
[I 2025-12-03 01:31:19,139] Trial 7 finished with value: 0.3889760554144268 and parameters: {'iterations': 160, 'learning_rate': 0.05640456724237088, 'depth': 4, 'l2_leaf_reg': 1.4258068579702554, 'border_count': 160, 'bagging_temperature': 0.17143398181151326, 'random_strength': 0.31750111949867377}. Best is trial 7 with value: 0.3889760554144268.
[D 2025-12-03 01:31:19,215] Sample trial#8 with GPSampler.
[I 2025-12-03 01:32:13,914] Trial 8 finished with value: 0.3846043185156328 and parameters: {'iterations': 407, 'learning_rate': 0.06500417008834822, 'depth': 7, 'l2_leaf_reg': 5.101349977268931, 'border_count': 129, 'bagging_temperature': 0.0708827759680194, 'random_strength': 0.922868550885413}. Best is trial 7 with value: 0.3889760554144268.
[D 2025-12-03 01:32:13,988] Sample trial#9 with GPSampler.
[I 2025-12-03 01:32:30,609] Trial 9 finished with value: 0.37987419260847954 and parameters: {'iterations': 440, 'learning_rate': 0.2483727659664224, 'depth': 4, 'l2_leaf_reg': 9.05006367688146, 'border_count': 206, 'bagging_temperature': 0.5560872142287454, 'random_strength': 0.24028303138334672}. Best is trial 7 with value: 0.3889760554144268.
[D 2025-12-03 01:32:30,681] Sample trial#10 with GPSampler.
[I 2025-12-03 01:32:47,775] Trial 10 finished with value: 0.3892405967949586 and parameters: {'iterations': 383, 'learning_rate': 0.04637972319410658, 'depth': 4, 'l2_leaf_reg': 2.6768171586506098, 'border_count': 255, 'bagging_temperature': 0.7539031976094903, 'random_strength': 0.8667089748639357}. Best is trial 10 with value: 0.3892405967949586.
[D 2025-12-03 01:32:47,847] Sample trial#11 with GPSampler.
[I 2025-12-03 01:33:22,136] Trial 11 finished with value: 0.3896937975242386 and parameters: {'iterations': 817, 'learning_rate': 0.022114932999202898, 'depth': 4, 'l2_leaf_reg': 1.335319900867651, 'border_count': 255, 'bagging_temperature': 0.46171327984295507, 'random_strength': 0.01834335171934485}. Best is trial 11 with value: 0.3896937975242386.
[D 2025-12-03 01:33:22,306] Sample trial#12 with GPSampler.
[I 2025-12-03 01:33:53,088] Trial 12 finished with value: 0.3850454489326026 and parameters: {'iterations': 1000, 'learning_rate': 0.01, 'depth': 4, 'l2_leaf_reg': 1.079252922321296, 'border_count': 98, 'bagging_temperature': 0.9999999999999999, 'random_strength': 0.8708553513759617}. Best is trial 11 with value: 0.3896937975242386.
[D 2025-12-03 01:33:53,161] Sample trial#13 with GPSampler.
[I 2025-12-03 01:34:08,319] Trial 13 finished with value: 0.3896756451539215 and parameters: {'iterations': 373, 'learning_rate': 0.05962438013712164, 'depth': 4, 'l2_leaf_reg': 3.735222693573993, 'border_count': 255, 'bagging_temperature': 0.5506007477609324, 'random_strength': 0.0}. Best is trial 11 with value: 0.3896937975242386.
[D 2025-12-03 01:34:08,412] Sample trial#14 with GPSampler.
[I 2025-12-03 01:34:14,577] Trial 14 finished with value: 0.3827432413819969 and parameters: {'iterations': 100, 'learning_rate': 0.01, 'depth': 4, 'l2_leaf_reg': 2.053577348751083, 'border_count': 255, 'bagging_temperature': 0.15204646254194068, 'random_strength': 0.0}. Best is trial 11 with value: 0.3896937975242386.
[D 2025-12-03 01:34:14,654] Sample trial#15 with GPSampler.
[I 2025-12-03 01:34:42,785] Trial 15 finished with value: 0.3871066738978 and parameters: {'iterations': 703, 'learning_rate': 0.06731100297399918, 'depth': 4, 'l2_leaf_reg': 1.019850737472683, 'border_count': 212, 'bagging_temperature': 0.691873095561371, 'random_strength': 0.06365560000828589}. Best is trial 11 with value: 0.3896937975242386.
[D 2025-12-03 01:34:42,880] Sample trial#16 with GPSampler.
[I 2025-12-03 01:34:49,898] Trial 16 finished with value: 0.3831334257066892 and parameters: {'iterations': 100, 'learning_rate': 0.09282076108411097, 'depth': 4, 'l2_leaf_reg': 8.070428046401679, 'border_count': 255, 'bagging_temperature': 1.0, 'random_strength': 0.8344294045748372}. Best is trial 11 with value: 0.3896937975242386.
[D 2025-12-03 01:34:49,991] Sample trial#17 with GPSampler.
[I 2025-12-03 01:35:18,601] Trial 17 finished with value: 0.3902885512148663 and parameters: {'iterations': 691, 'learning_rate': 0.04406526735296055, 'depth': 4, 'l2_leaf_reg': 3.365171345501298, 'border_count': 255, 'bagging_temperature': 0.43563290824199324, 'random_strength': 0.5581268329448887}. Best is trial 17 with value: 0.3902885512148663.
[D 2025-12-03 01:35:18,697] Sample trial#18 with GPSampler.
[I 2025-12-03 01:35:59,011] Trial 18 finished with value: 0.38963158547168886 and parameters: {'iterations': 1000, 'learning_rate': 0.021960855959128465, 'depth': 4, 'l2_leaf_reg': 5.203075430038061, 'border_count': 255, 'bagging_temperature': 0.7259733101402946, 'random_strength': 0.0}. Best is trial 17 with value: 0.3902885512148663.
[D 2025-12-03 01:35:59,104] Sample trial#19 with GPSampler.
[I 2025-12-03 01:36:42,777] Trial 19 finished with value: 0.38379150330494965 and parameters: {'iterations': 1000, 'learning_rate': 0.04786362224072994, 'depth': 4, 'l2_leaf_reg': 1.1075708588385635, 'border_count': 255, 'bagging_temperature': 0.0, 'random_strength': 0.0}. Best is trial 17 with value: 0.3902885512148663.
[D 2025-12-03 01:36:42,871] Sample trial#20 with GPSampler.
[I 2025-12-03 01:36:48,879] Trial 20 finished with value: 0.3824061040861259 and parameters: {'iterations': 100, 'learning_rate': 0.08694190722321501, 'depth': 4, 'l2_leaf_reg': 1.0, 'border_count': 255, 'bagging_temperature': 0.28693215746234785, 'random_strength': 1.0}. Best is trial 17 with value: 0.3902885512148663.
[D 2025-12-03 01:36:48,952] Sample trial#21 with GPSampler.
[I 2025-12-03 01:37:19,333] Trial 21 finished with value: 0.38407370424804343 and parameters: {'iterations': 650, 'learning_rate': 0.01, 'depth': 4, 'l2_leaf_reg': 7.3501998055448645, 'border_count': 252, 'bagging_temperature': 0.6520193548075393, 'random_strength': 0.3800103246458032}. Best is trial 17 with value: 0.3902885512148663.
[D 2025-12-03 01:37:19,407] Sample trial#22 with GPSampler.
[I 2025-12-03 01:37:49,558] Trial 22 finished with value: 0.39098964650241685 and parameters: {'iterations': 751, 'learning_rate': 0.03698183340080692, 'depth': 4, 'l2_leaf_reg': 3.250231107233069, 'border_count': 245, 'bagging_temperature': 0.7208857457768646, 'random_strength': 0.0841936936482484}. Best is trial 22 with value: 0.39098964650241685.
[D 2025-12-03 01:37:49,648] Sample trial#23 with GPSampler.
[I 2025-12-03 01:38:06,108] Trial 23 finished with value: 0.38788417915175033 and parameters: {'iterations': 468, 'learning_rate': 0.0483001244709613, 'depth': 4, 'l2_leaf_reg': 3.083789608553184, 'border_count': 75, 'bagging_temperature': 0.5134373032359012, 'random_strength': 0.1049480367562882}. Best is trial 22 with value: 0.39098964650241685.
[D 2025-12-03 01:38:06,202] Sample trial#24 with GPSampler.
[I 2025-12-03 01:42:23,289] Trial 24 finished with value: 0.388684815171883 and parameters: {'iterations': 1000, 'learning_rate': 0.036482136763337586, 'depth': 8, 'l2_leaf_reg': 3.993370163471697, 'border_count': 255, 'bagging_temperature': 1.0, 'random_strength': 0.09911402389776033}. Best is trial 22 with value: 0.39098964650241685.
[D 2025-12-03 01:42:23,385] Sample trial#25 with GPSampler.
[I 2025-12-03 01:42:56,617] Trial 25 finished with value: 0.39053240060712024 and parameters: {'iterations': 867, 'learning_rate': 0.04127386638293127, 'depth': 4, 'l2_leaf_reg': 4.0443143291213834, 'border_count': 255, 'bagging_temperature': 1.0, 'random_strength': 0.4173485130529908}. Best is trial 22 with value: 0.39098964650241685.
[D 2025-12-03 01:42:56,692] Sample trial#26 with GPSampler.
[I 2025-12-03 01:43:33,791] Trial 26 finished with value: 0.3912712330022641 and parameters: {'iterations': 918, 'learning_rate': 0.020988802546146282, 'depth': 4, 'l2_leaf_reg': 2.1017177105459903, 'border_count': 255, 'bagging_temperature': 1.0, 'random_strength': 0.0}. Best is trial 26 with value: 0.3912712330022641.
[D 2025-12-03 01:43:33,885] Sample trial#27 with GPSampler.
[I 2025-12-03 01:45:25,233] Trial 27 finished with value: 0.37695946711052053 and parameters: {'iterations': 100, 'learning_rate': 0.29999999999999993, 'depth': 10, 'l2_leaf_reg': 10.0, 'border_count': 255, 'bagging_temperature': 0.9999999999999999, 'random_strength': 1.0}. Best is trial 26 with value: 0.3912712330022641.
[D 2025-12-03 01:45:25,327] Sample trial#28 with GPSampler.
[I 2025-12-03 01:45:50,761] Trial 28 finished with value: 0.39178227775050484 and parameters: {'iterations': 609, 'learning_rate': 0.030676111928240664, 'depth': 4, 'l2_leaf_reg': 1.9886135863961063, 'border_count': 255, 'bagging_temperature': 1.0, 'random_strength': 0.0}. Best is trial 28 with value: 0.39178227775050484.
[D 2025-12-03 01:45:50,835] Sample trial#29 with GPSampler.
[I 2025-12-03 01:46:11,274] Trial 29 finished with value: 0.3789966511024433 and parameters: {'iterations': 100, 'learning_rate': 0.1576548522484017, 'depth': 10, 'l2_leaf_reg': 10.0, 'border_count': 32, 'bagging_temperature': 1.0, 'random_strength': 0.0}. Best is trial 28 with value: 0.39178227775050484.
[I 2025-12-03 01:46:17,241] A new study created in memory with name: catboost_fold_4
[D 2025-12-03 01:46:17,241] Sample trial#0 with RandomSampler.
[I 2025-12-03 01:47:06,717] Trial 0 finished with value: 0.3805768499689809 and parameters: {'iterations': 169, 'learning_rate': 0.02103227467284147, 'depth': 9, 'l2_leaf_reg': 4.7789172628370835, 'border_count': 142, 'bagging_temperature': 0.9416972544400439, 'random_strength': 0.4443384919686989}. Best is trial 0 with value: 0.3805768499689809.
[D 2025-12-03 01:47:06,795] Sample trial#1 with GPSampler.
[I 2025-12-03 01:48:44,219] Trial 1 finished with value: 0.3668465185063083 and parameters: {'iterations': 509, 'learning_rate': 0.2282027214279673, 'depth': 7, 'l2_leaf_reg': 3.2036044492311033, 'border_count': 209, 'bagging_temperature': 0.6958459957263048, 'random_strength': 0.6103171282968669}. Best is trial 0 with value: 0.3805768499689809.
[D 2025-12-03 01:48:44,294] Sample trial#2 with GPSampler.
[I 2025-12-03 01:52:07,170] Trial 2 finished with value: 0.3697676007873138 and parameters: {'iterations': 564, 'learning_rate': 0.161986120930782, 'depth': 9, 'l2_leaf_reg': 2.9427811458722917, 'border_count': 178, 'bagging_temperature': 0.5428462765034809, 'random_strength': 0.11428692681651687}. Best is trial 0 with value: 0.3805768499689809.
[D 2025-12-03 01:52:07,266] Sample trial#3 with GPSampler.
[I 2025-12-03 01:56:17,370] Trial 3 finished with value: 0.37060868584464013 and parameters: {'iterations': 599, 'learning_rate': 0.23720337742395398, 'depth': 9, 'l2_leaf_reg': 4.579319892068995, 'border_count': 214, 'bagging_temperature': 0.02261141866897498, 'random_strength': 0.17555649774049364}. Best is trial 0 with value: 0.3805768499689809.
[D 2025-12-03 01:56:17,465] Sample trial#4 with GPSampler.
[I 2025-12-03 01:56:36,888] Trial 4 finished with value: 0.3795390351435463 and parameters: {'iterations': 150, 'learning_rate': 0.09202149514007968, 'depth': 9, 'l2_leaf_reg': 6.6006232822131725, 'border_count': 39, 'bagging_temperature': 0.1621764216239996, 'random_strength': 0.43230778962755645}. Best is trial 0 with value: 0.3805768499689809.
[D 2025-12-03 01:56:36,984] Sample trial#5 with GPSampler.
[I 2025-12-03 02:04:32,323] Trial 5 finished with value: 0.3769146598743321 and parameters: {'iterations': 510, 'learning_rate': 0.13071049642403976, 'depth': 10, 'l2_leaf_reg': 6.385574120988934, 'border_count': 217, 'bagging_temperature': 0.6360245933058779, 'random_strength': 0.5721508805300359}. Best is trial 0 with value: 0.3805768499689809.
[D 2025-12-03 02:04:32,466] Sample trial#6 with GPSampler.
[I 2025-12-03 02:04:41,061] Trial 6 finished with value: 0.38459602828285877 and parameters: {'iterations': 286, 'learning_rate': 0.0321659649297518, 'depth': 4, 'l2_leaf_reg': 2.7677308626515265, 'border_count': 66, 'bagging_temperature': 0.15785345241424997, 'random_strength': 0.41798773269590406}. Best is trial 6 with value: 0.38459602828285877.
[D 2025-12-03 02:04:41,136] Sample trial#7 with GPSampler.
[I 2025-12-03 02:05:09,035] Trial 7 finished with value: 0.38219875620018645 and parameters: {'iterations': 597, 'learning_rate': 0.15229625670460864, 'depth': 5, 'l2_leaf_reg': 8.81388714987085, 'border_count': 145, 'bagging_temperature': 0.90334270451445, 'random_strength': 0.10452585702711126}. Best is trial 6 with value: 0.38459602828285877.
[D 2025-12-03 02:05:09,110] Sample trial#8 with GPSampler.
[I 2025-12-03 02:05:11,859] Trial 8 finished with value: 0.38298378902114977 and parameters: {'iterations': 135, 'learning_rate': 0.042779997991949266, 'depth': 4, 'l2_leaf_reg': 8.876896869721012, 'border_count': 234, 'bagging_temperature': 0.6913083421340706, 'random_strength': 0.8907184761943288}. Best is trial 6 with value: 0.38459602828285877.
[D 2025-12-03 02:05:11,954] Sample trial#9 with GPSampler.
[I 2025-12-03 02:07:06,679] Trial 9 finished with value: 0.36765869465412043 and parameters: {'iterations': 981, 'learning_rate': 0.2857163570282321, 'depth': 8, 'l2_leaf_reg': 4.9604737272909825, 'border_count': 177, 'bagging_temperature': 0.7883417998739647, 'random_strength': 0.7080184563680438}. Best is trial 6 with value: 0.38459602828285877.
[D 2025-12-03 02:07:06,754] Sample trial#10 with GPSampler.
[I 2025-12-03 02:07:11,364] Trial 10 finished with value: 0.38332878896412154 and parameters: {'iterations': 453, 'learning_rate': 0.01, 'depth': 4, 'l2_leaf_reg': 5.886890573691164, 'border_count': 69, 'bagging_temperature': 0.20543512270880113, 'random_strength': 0.1816211172383482}. Best is trial 6 with value: 0.38459602828285877.
[D 2025-12-03 02:07:11,450] Sample trial#11 with GPSampler.
[I 2025-12-03 02:07:13,065] Trial 11 finished with value: 0.37565497382725954 and parameters: {'iterations': 100, 'learning_rate': 0.01, 'depth': 4, 'l2_leaf_reg': 3.0352421930699167, 'border_count': 32, 'bagging_temperature': 0.0, 'random_strength': 1.0}. Best is trial 6 with value: 0.38459602828285877.
[D 2025-12-03 02:07:13,140] Sample trial#12 with GPSampler.
[I 2025-12-03 02:07:15,755] Trial 12 finished with value: 0.3855831526158254 and parameters: {'iterations': 200, 'learning_rate': 0.054118138233509416, 'depth': 4, 'l2_leaf_reg': 10.0, 'border_count': 200, 'bagging_temperature': 0.9047850070615159, 'random_strength': 0.34004193063672317}. Best is trial 12 with value: 0.3855831526158254.
[D 2025-12-03 02:07:15,843] Sample trial#13 with GPSampler.
[I 2025-12-03 02:07:25,437] Trial 13 finished with value: 0.38678396498369333 and parameters: {'iterations': 960, 'learning_rate': 0.029798484820427157, 'depth': 4, 'l2_leaf_reg': 10.0, 'border_count': 237, 'bagging_temperature': 1.0, 'random_strength': 0.414804009364141}. Best is trial 13 with value: 0.38678396498369333.
[D 2025-12-03 02:07:25,519] Sample trial#14 with GPSampler.
[I 2025-12-03 02:07:33,197] Trial 14 finished with value: 0.38425326987026304 and parameters: {'iterations': 1000, 'learning_rate': 0.024222706375601942, 'depth': 4, 'l2_leaf_reg': 9.999999999999998, 'border_count': 76, 'bagging_temperature': 1.0, 'random_strength': 0.4797976160321516}. Best is trial 13 with value: 0.38678396498369333.
[D 2025-12-03 02:07:33,267] Sample trial#15 with GPSampler.
[I 2025-12-03 02:07:43,937] Trial 15 finished with value: 0.3849755899738461 and parameters: {'iterations': 1000, 'learning_rate': 0.04228137608906126, 'depth': 4, 'l2_leaf_reg': 10.0, 'border_count': 255, 'bagging_temperature': 0.21892729437287045, 'random_strength': 0.36606200873561806}. Best is trial 13 with value: 0.38678396498369333.
[D 2025-12-03 02:07:44,021] Sample trial#16 with GPSampler.
[I 2025-12-03 02:09:05,682] Trial 16 finished with value: 0.3848726152996763 and parameters: {'iterations': 753, 'learning_rate': 0.01, 'depth': 7, 'l2_leaf_reg': 10.0, 'border_count': 255, 'bagging_temperature': 1.0, 'random_strength': 0.4034996318742201}. Best is trial 13 with value: 0.38678396498369333.
[D 2025-12-03 02:09:05,754] Sample trial#17 with GPSampler.
[I 2025-12-03 02:09:16,622] Trial 17 finished with value: 0.3848945722609432 and parameters: {'iterations': 1000, 'learning_rate': 0.032069574121494415, 'depth': 4, 'l2_leaf_reg': 10.0, 'border_count': 255, 'bagging_temperature': 1.0, 'random_strength': 0.02506930936173589}. Best is trial 13 with value: 0.38678396498369333.
[D 2025-12-03 02:09:16,734] Sample trial#18 with GPSampler.
[I 2025-12-03 02:09:27,940] Trial 18 finished with value: 0.38428947953765047 and parameters: {'iterations': 1000, 'learning_rate': 0.07803825164302902, 'depth': 4, 'l2_leaf_reg': 10.0, 'border_count': 255, 'bagging_temperature': 1.0, 'random_strength': 0.46683050381469127}. Best is trial 13 with value: 0.38678396498369333.
[D 2025-12-03 02:09:28,008] Sample trial#19 with GPSampler.
[I 2025-12-03 02:09:36,276] Trial 19 finished with value: 0.384240058629963 and parameters: {'iterations': 624, 'learning_rate': 0.01, 'depth': 4, 'l2_leaf_reg': 8.588472714780563, 'border_count': 255, 'bagging_temperature': 0.9999999999999999, 'random_strength': 0.40622705878020987}. Best is trial 13 with value: 0.38678396498369333.
[D 2025-12-03 02:09:36,377] Sample trial#20 with GPSampler.
