[I 2025-12-02 21:51:07,566] A new study created in memory with name: catboost_fold_1
[D 2025-12-02 21:51:07,566] Sample trial#0 with RandomSampler.
[I 2025-12-02 21:55:17,546] Trial 0 finished with value: 0.3798788922219757 and parameters: {'iterations': 305, 'learning_rate': 0.1234321134000776, 'depth': 10, 'l2_leaf_reg': 6.042796790701294, 'border_count': 230, 'bagging_temperature': 0.23963139337854844, 'random_strength': 0.4432002108524641}. Best is trial 0 with value: 0.3798788922219757.
[D 2025-12-02 21:55:17,596] Sample trial#1 with GPSampler.
[I 2025-12-02 21:58:21,176] Trial 1 finished with value: 0.38554042101363284 and parameters: {'iterations': 866, 'learning_rate': 0.05232064305053101, 'depth': 9, 'l2_leaf_reg': 6.82674368589078, 'border_count': 167, 'bagging_temperature': 0.9737026763331054, 'random_strength': 0.9758226775951232}. Best is trial 1 with value: 0.38554042101363284.
[D 2025-12-02 21:58:21,225] Sample trial#2 with GPSampler.
[I 2025-12-02 22:00:37,042] Trial 2 finished with value: 0.38890777689948197 and parameters: {'iterations': 682, 'learning_rate': 0.04991019907837733, 'depth': 9, 'l2_leaf_reg': 7.574900918325507, 'border_count': 164, 'bagging_temperature': 0.17414705194625035, 'random_strength': 0.07359982447299518}. Best is trial 2 with value: 0.38890777689948197.
[D 2025-12-02 22:00:37,091] Sample trial#3 with GPSampler.
[I 2025-12-02 22:00:52,530] Trial 3 finished with value: 0.374157794403669 and parameters: {'iterations': 436, 'learning_rate': 0.223486074954104, 'depth': 6, 'l2_leaf_reg': 4.289393393801614, 'border_count': 245, 'bagging_temperature': 0.7272681513979043, 'random_strength': 0.29802363188939907}. Best is trial 2 with value: 0.38890777689948197.
[D 2025-12-02 22:00:52,581] Sample trial#4 with GPSampler.
[I 2025-12-02 22:02:25,934] Trial 4 finished with value: 0.3857339022520459 and parameters: {'iterations': 502, 'learning_rate': 0.10905622370870081, 'depth': 9, 'l2_leaf_reg': 8.75522716277839, 'border_count': 156, 'bagging_temperature': 0.1848471649040212, 'random_strength': 0.14790025380329352}. Best is trial 2 with value: 0.38890777689948197.
[D 2025-12-02 22:02:25,982] Sample trial#5 with GPSampler.
[I 2025-12-02 22:02:33,836] Trial 5 finished with value: 0.38145303749751236 and parameters: {'iterations': 320, 'learning_rate': 0.15615623108695373, 'depth': 8, 'l2_leaf_reg': 9.904134005136386, 'border_count': 73, 'bagging_temperature': 0.43652348863294044, 'random_strength': 0.29158712030001965}. Best is trial 2 with value: 0.38890777689948197.
[D 2025-12-02 22:02:33,884] Sample trial#6 with GPSampler.
[I 2025-12-02 22:02:37,097] Trial 6 finished with value: 0.3836722743350464 and parameters: {'iterations': 265, 'learning_rate': 0.03479024586651442, 'depth': 7, 'l2_leaf_reg': 6.247526807787626, 'border_count': 38, 'bagging_temperature': 0.42459544432590046, 'random_strength': 0.15167547115340285}. Best is trial 2 with value: 0.38890777689948197.
[D 2025-12-02 22:02:37,146] Sample trial#7 with GPSampler.
[I 2025-12-02 22:05:37,075] Trial 7 finished with value: 0.38752148385471663 and parameters: {'iterations': 763, 'learning_rate': 0.012639584387945942, 'depth': 9, 'l2_leaf_reg': 3.283708311136819, 'border_count': 183, 'bagging_temperature': 0.3484017623903213, 'random_strength': 0.4911830834641142}. Best is trial 2 with value: 0.38890777689948197.
[D 2025-12-02 22:05:37,124] Sample trial#8 with GPSampler.
[I 2025-12-02 22:05:41,971] Trial 8 finished with value: 0.3800733337578563 and parameters: {'iterations': 821, 'learning_rate': 0.09990366393997753, 'depth': 4, 'l2_leaf_reg': 1.224037713293281, 'border_count': 137, 'bagging_temperature': 0.8804621882088236, 'random_strength': 0.6602306272250181}. Best is trial 2 with value: 0.38890777689948197.
[D 2025-12-02 22:05:42,018] Sample trial#9 with GPSampler.
[I 2025-12-02 22:06:15,932] Trial 9 finished with value: 0.3683233278683489 and parameters: {'iterations': 918, 'learning_rate': 0.2726294654456248, 'depth': 7, 'l2_leaf_reg': 6.571524167830325, 'border_count': 116, 'bagging_temperature': 0.038850222161704084, 'random_strength': 0.8940411129648369}. Best is trial 2 with value: 0.38890777689948197.
[D 2025-12-02 22:06:15,980] Sample trial#10 with GPSampler.
[I 2025-12-02 22:16:45,873] Trial 10 finished with value: 0.3885803563893965 and parameters: {'iterations': 1000, 'learning_rate': 0.01, 'depth': 10, 'l2_leaf_reg': 10.0, 'border_count': 180, 'bagging_temperature': 0.38608722410639834, 'random_strength': 0.02603650767504818}. Best is trial 2 with value: 0.38890777689948197.
[D 2025-12-02 22:16:45,922] Sample trial#11 with GPSampler.
[I 2025-12-02 22:17:11,774] Trial 11 finished with value: 0.3876686943505153 and parameters: {'iterations': 775, 'learning_rate': 0.01, 'depth': 6, 'l2_leaf_reg': 10.0, 'border_count': 241, 'bagging_temperature': 0.0, 'random_strength': 0.0}. Best is trial 2 with value: 0.38890777689948197.
[D 2025-12-02 22:17:11,823] Sample trial#12 with GPSampler.
[I 2025-12-02 22:20:11,688] Trial 12 finished with value: 0.38585676652929707 and parameters: {'iterations': 844, 'learning_rate': 0.025917086057933844, 'depth': 10, 'l2_leaf_reg': 10.0, 'border_count': 80, 'bagging_temperature': 0.0, 'random_strength': 0.24699296788843503}. Best is trial 2 with value: 0.38890777689948197.
[D 2025-12-02 22:20:11,737] Sample trial#13 with GPSampler.
[I 2025-12-02 22:23:33,332] Trial 13 finished with value: 0.38762709744067725 and parameters: {'iterations': 301, 'learning_rate': 0.01, 'depth': 10, 'l2_leaf_reg': 10.0, 'border_count': 188, 'bagging_temperature': 0.8609149346879025, 'random_strength': 0.0}. Best is trial 2 with value: 0.38890777689948197.
[D 2025-12-02 22:23:33,381] Sample trial#14 with GPSampler.
[I 2025-12-02 22:34:05,587] Trial 14 finished with value: 0.3894436707538658 and parameters: {'iterations': 1000, 'learning_rate': 0.01, 'depth': 10, 'l2_leaf_reg': 4.48825434647401, 'border_count': 195, 'bagging_temperature': 0.0, 'random_strength': 0.0}. Best is trial 14 with value: 0.3894436707538658.
[D 2025-12-02 22:34:05,636] Sample trial#15 with GPSampler.
[I 2025-12-02 22:46:30,109] Trial 15 finished with value: 0.3928925983379089 and parameters: {'iterations': 1000, 'learning_rate': 0.01, 'depth': 10, 'l2_leaf_reg': 3.370584355510826, 'border_count': 207, 'bagging_temperature': 0.9999999999999999, 'random_strength': 0.0}. Best is trial 15 with value: 0.3928925983379089.
[D 2025-12-02 22:46:30,157] Sample trial#16 with GPSampler.
[I 2025-12-02 23:02:12,880] Trial 16 finished with value: 0.3940498599160783 and parameters: {'iterations': 1000, 'learning_rate': 0.01, 'depth': 10, 'l2_leaf_reg': 1.0, 'border_count': 255, 'bagging_temperature': 1.0, 'random_strength': 0.0}. Best is trial 16 with value: 0.3940498599160783.
[D 2025-12-02 23:02:12,928] Sample trial#17 with GPSampler.
[I 2025-12-02 23:18:05,584] Trial 17 finished with value: 0.38088861260093193 and parameters: {'iterations': 1000, 'learning_rate': 0.04650048487119935, 'depth': 10, 'l2_leaf_reg': 1.0, 'border_count': 255, 'bagging_temperature': 1.0, 'random_strength': 0.0}. Best is trial 16 with value: 0.3940498599160783.
[D 2025-12-02 23:18:05,632] Sample trial#18 with GPSampler.
[I 2025-12-02 23:18:12,774] Trial 18 finished with value: 0.38838797865710906 and parameters: {'iterations': 1000, 'learning_rate': 0.01, 'depth': 4, 'l2_leaf_reg': 1.1126786511536886, 'border_count': 255, 'bagging_temperature': 1.0, 'random_strength': 0.0}. Best is trial 16 with value: 0.3940498599160783.
[D 2025-12-02 23:18:12,823] Sample trial#19 with GPSampler.
[I 2025-12-02 23:35:25,606] Trial 19 finished with value: 0.39383122327535003 and parameters: {'iterations': 1000, 'learning_rate': 0.01, 'depth': 10, 'l2_leaf_reg': 3.5591467670083414, 'border_count': 255, 'bagging_temperature': 1.0, 'random_strength': 0.0}. Best is trial 16 with value: 0.3940498599160783.
[D 2025-12-02 23:35:25,676] Sample trial#20 with GPSampler.
[I 2025-12-02 23:39:57,132] Trial 20 finished with value: 0.39242420233144465 and parameters: {'iterations': 247, 'learning_rate': 0.01, 'depth': 10, 'l2_leaf_reg': 1.0, 'border_count': 255, 'bagging_temperature': 1.0, 'random_strength': 0.0}. Best is trial 16 with value: 0.3940498599160783.
[D 2025-12-02 23:39:57,185] Sample trial#21 with GPSampler.
[I 2025-12-02 23:40:07,121] Trial 21 finished with value: 0.38524557076669536 and parameters: {'iterations': 1000, 'learning_rate': 0.07126637521939577, 'depth': 4, 'l2_leaf_reg': 10.0, 'border_count': 255, 'bagging_temperature': 0.0, 'random_strength': 0.0}. Best is trial 16 with value: 0.3940498599160783.
[D 2025-12-02 23:40:07,175] Sample trial#22 with GPSampler.
[I 2025-12-02 23:41:06,344] Trial 22 finished with value: 0.3633862214722433 and parameters: {'iterations': 1000, 'learning_rate': 0.08615122785633193, 'depth': 10, 'l2_leaf_reg': 10.0, 'border_count': 32, 'bagging_temperature': 0.0, 'random_strength': 1.0}. Best is trial 16 with value: 0.3940498599160783.
[D 2025-12-02 23:41:06,395] Sample trial#23 with GPSampler.
[I 2025-12-02 23:59:28,637] Trial 23 finished with value: 0.3881865164873086 and parameters: {'iterations': 1000, 'learning_rate': 0.01, 'depth': 10, 'l2_leaf_reg': 1.0, 'border_count': 255, 'bagging_temperature': 1.0, 'random_strength': 0.39195616977013886}. Best is trial 16 with value: 0.3940498599160783.
[D 2025-12-02 23:59:28,690] Sample trial#24 with GPSampler.
[I 2025-12-03 00:17:46,282] Trial 24 finished with value: 0.39216603366369934 and parameters: {'iterations': 1000, 'learning_rate': 0.01, 'depth': 10, 'l2_leaf_reg': 1.0, 'border_count': 255, 'bagging_temperature': 0.7107357305183662, 'random_strength': 0.0}. Best is trial 16 with value: 0.3940498599160783.
[D 2025-12-03 00:17:46,334] Sample trial#25 with GPSampler.
[I 2025-12-03 00:17:52,331] Trial 25 finished with value: 0.3761847271683589 and parameters: {'iterations': 100, 'learning_rate': 0.01, 'depth': 4, 'l2_leaf_reg': 1.0, 'border_count': 255, 'bagging_temperature': 1.0, 'random_strength': 0.9999999999999999}. Best is trial 16 with value: 0.3940498599160783.
[D 2025-12-03 00:17:52,386] Sample trial#26 with GPSampler.
[I 2025-12-03 00:19:43,415] Trial 26 finished with value: 0.38762752442315523 and parameters: {'iterations': 100, 'learning_rate': 0.04718530289302447, 'depth': 10, 'l2_leaf_reg': 1.0, 'border_count': 255, 'bagging_temperature': 0.0, 'random_strength': 0.0}. Best is trial 16 with value: 0.3940498599160783.
[D 2025-12-03 00:19:43,485] Sample trial#27 with GPSampler.
[I 2025-12-03 00:20:02,433] Trial 27 finished with value: 0.3745870331896154 and parameters: {'iterations': 100, 'learning_rate': 0.3, 'depth': 10, 'l2_leaf_reg': 10.0, 'border_count': 32, 'bagging_temperature': 0.9999999999999999, 'random_strength': 0.0}. Best is trial 16 with value: 0.3940498599160783.
[D 2025-12-03 00:20:02,487] Sample trial#28 with GPSampler.
[I 2025-12-03 00:23:03,958] Trial 28 finished with value: 0.36636120008730694 and parameters: {'iterations': 1000, 'learning_rate': 0.1489410190676984, 'depth': 10, 'l2_leaf_reg': 1.0, 'border_count': 32, 'bagging_temperature': 0.0, 'random_strength': 0.0}. Best is trial 16 with value: 0.3940498599160783.
[D 2025-12-03 00:23:04,068] Sample trial#29 with GPSampler.
[I 2025-12-03 00:41:16,776] Trial 29 finished with value: 0.38323398608273174 and parameters: {'iterations': 1000, 'learning_rate': 0.01, 'depth': 10, 'l2_leaf_reg': 10.0, 'border_count': 255, 'bagging_temperature': 1.0, 'random_strength': 0.5277195970699152}. Best is trial 16 with value: 0.3940498599160783.
[I 2025-12-03 00:45:01,400] A new study created in memory with name: catboost_fold_2
[D 2025-12-03 00:45:01,400] Sample trial#0 with RandomSampler.
[I 2025-12-03 00:48:03,984] Trial 0 finished with value: 0.39178514935034375 and parameters: {'iterations': 909, 'learning_rate': 0.044923475525680635, 'depth': 7, 'l2_leaf_reg': 7.915279454267563, 'border_count': 230, 'bagging_temperature': 0.3797583617251492, 'random_strength': 0.43023697047650467}. Best is trial 0 with value: 0.39178514935034375.
[D 2025-12-03 00:48:04,075] Sample trial#1 with GPSampler.
[I 2025-12-03 00:49:38,918] Trial 1 finished with value: 0.3705626747130277 and parameters: {'iterations': 775, 'learning_rate': 0.13045470486572291, 'depth': 9, 'l2_leaf_reg': 3.9371954606984527, 'border_count': 34, 'bagging_temperature': 0.2724163032511332, 'random_strength': 0.09731482349094689}. Best is trial 0 with value: 0.39178514935034375.
[D 2025-12-03 00:49:39,070] Sample trial#2 with GPSampler.
[I 2025-12-03 00:51:14,700] Trial 2 finished with value: 0.3907000777680798 and parameters: {'iterations': 751, 'learning_rate': 0.011918034543884955, 'depth': 7, 'l2_leaf_reg': 7.67920584198481, 'border_count': 117, 'bagging_temperature': 0.9004101165715804, 'random_strength': 0.3032318184737717}. Best is trial 0 with value: 0.39178514935034375.
[D 2025-12-03 00:51:14,790] Sample trial#3 with GPSampler.
[I 2025-12-03 00:51:56,700] Trial 3 finished with value: 0.3783856303979064 and parameters: {'iterations': 138, 'learning_rate': 0.24648852925200385, 'depth': 10, 'l2_leaf_reg': 3.398106384664701, 'border_count': 67, 'bagging_temperature': 0.2754837427127512, 'random_strength': 0.01731688117931851}. Best is trial 0 with value: 0.39178514935034375.
[D 2025-12-03 00:51:56,770] Sample trial#4 with GPSampler.
[I 2025-12-03 00:52:31,298] Trial 4 finished with value: 0.3938395797838742 and parameters: {'iterations': 971, 'learning_rate': 0.054524778307018726, 'depth': 5, 'l2_leaf_reg': 8.621609043905105, 'border_count': 77, 'bagging_temperature': 0.4178728297840121, 'random_strength': 0.34724459611895575}. Best is trial 4 with value: 0.3938395797838742.
[D 2025-12-03 00:52:31,368] Sample trial#5 with GPSampler.
[I 2025-12-03 00:54:41,356] Trial 5 finished with value: 0.3817696510585499 and parameters: {'iterations': 337, 'learning_rate': 0.10656173184907071, 'depth': 10, 'l2_leaf_reg': 3.7331099221718635, 'border_count': 85, 'bagging_temperature': 0.17509681577220038, 'random_strength': 0.9646001271784325}. Best is trial 4 with value: 0.3938395797838742.
[D 2025-12-03 00:54:41,428] Sample trial#6 with GPSampler.
[I 2025-12-03 00:55:11,581] Trial 6 finished with value: 0.39518822804941245 and parameters: {'iterations': 904, 'learning_rate': 0.0536753879007227, 'depth': 4, 'l2_leaf_reg': 9.600250670137648, 'border_count': 153, 'bagging_temperature': 0.4999576409869725, 'random_strength': 0.8809788684564992}. Best is trial 6 with value: 0.39518822804941245.
[D 2025-12-03 00:55:11,658] Sample trial#7 with GPSampler.
[I 2025-12-03 00:55:46,038] Trial 7 finished with value: 0.38109302211565194 and parameters: {'iterations': 584, 'learning_rate': 0.16758963451863443, 'depth': 6, 'l2_leaf_reg': 3.8709951409333083, 'border_count': 82, 'bagging_temperature': 0.9705385699352211, 'random_strength': 0.37189678564031614}. Best is trial 6 with value: 0.39518822804941245.
[D 2025-12-03 00:55:46,128] Sample trial#8 with GPSampler.
[I 2025-12-03 00:58:07,168] Trial 8 finished with value: 0.3923980214816453 and parameters: {'iterations': 914, 'learning_rate': 0.024926309612455733, 'depth': 7, 'l2_leaf_reg': 1.2082650568310973, 'border_count': 159, 'bagging_temperature': 0.8575197775948212, 'random_strength': 0.5348682095240561}. Best is trial 6 with value: 0.39518822804941245.
[D 2025-12-03 00:58:07,258] Sample trial#9 with GPSampler.
[I 2025-12-03 00:58:43,709] Trial 9 finished with value: 0.37419445576292615 and parameters: {'iterations': 779, 'learning_rate': 0.18826537211854355, 'depth': 6, 'l2_leaf_reg': 4.489247682585092, 'border_count': 62, 'bagging_temperature': 0.761782606255273, 'random_strength': 0.7461531150176726}. Best is trial 6 with value: 0.39518822804941245.
[D 2025-12-03 00:58:43,800] Sample trial#10 with GPSampler.
[I 2025-12-03 00:59:22,340] Trial 10 finished with value: 0.3925306917500548 and parameters: {'iterations': 1000, 'learning_rate': 0.01, 'depth': 4, 'l2_leaf_reg': 6.305401566485459, 'border_count': 157, 'bagging_temperature': 0.4225436706291689, 'random_strength': 0.596284768155037}. Best is trial 6 with value: 0.39518822804941245.
[D 2025-12-03 00:59:22,409] Sample trial#11 with GPSampler.
[I 2025-12-03 01:00:00,000] Trial 11 finished with value: 0.3948991331524515 and parameters: {'iterations': 1000, 'learning_rate': 0.054374066454521634, 'depth': 4, 'l2_leaf_reg': 9.991918219992584, 'border_count': 205, 'bagging_temperature': 0.8837022967566314, 'random_strength': 0.3853571765302356}. Best is trial 6 with value: 0.39518822804941245.
[D 2025-12-03 01:00:00,070] Sample trial#12 with GPSampler.
[I 2025-12-03 01:00:21,159] Trial 12 finished with value: 0.39827431750467973 and parameters: {'iterations': 497, 'learning_rate': 0.056275718730767844, 'depth': 4, 'l2_leaf_reg': 3.3041707002776155, 'border_count': 255, 'bagging_temperature': 1.0, 'random_strength': 0.9185324561184213}. Best is trial 12 with value: 0.39827431750467973.
[D 2025-12-03 01:00:21,248] Sample trial#13 with GPSampler.
[I 2025-12-03 01:00:27,576] Trial 13 finished with value: 0.3919138637261213 and parameters: {'iterations': 100, 'learning_rate': 0.06131415579753666, 'depth': 4, 'l2_leaf_reg': 1.0, 'border_count': 255, 'bagging_temperature': 1.0, 'random_strength': 0.25121889053543317}. Best is trial 12 with value: 0.39827431750467973.
[D 2025-12-03 01:00:27,664] Sample trial#14 with GPSampler.
[I 2025-12-03 01:00:57,078] Trial 14 finished with value: 0.39497212229609907 and parameters: {'iterations': 781, 'learning_rate': 0.06019852140868627, 'depth': 4, 'l2_leaf_reg': 1.0, 'border_count': 255, 'bagging_temperature': 1.0, 'random_strength': 1.0}. Best is trial 12 with value: 0.39827431750467973.
[D 2025-12-03 01:00:57,151] Sample trial#15 with GPSampler.
[I 2025-12-03 01:01:17,063] Trial 15 finished with value: 0.39063284824472555 and parameters: {'iterations': 417, 'learning_rate': 0.05561496919036721, 'depth': 4, 'l2_leaf_reg': 10.0, 'border_count': 255, 'bagging_temperature': 1.0, 'random_strength': 1.0}. Best is trial 12 with value: 0.39827431750467973.
[D 2025-12-03 01:01:17,138] Sample trial#16 with GPSampler.
[I 2025-12-03 01:01:40,613] Trial 16 finished with value: 0.38486670078927476 and parameters: {'iterations': 552, 'learning_rate': 0.01, 'depth': 4, 'l2_leaf_reg': 3.3571699323794038, 'border_count': 255, 'bagging_temperature': 1.0, 'random_strength': 1.0}. Best is trial 12 with value: 0.39827431750467973.
[D 2025-12-03 01:01:40,685] Sample trial#17 with GPSampler.
[I 2025-12-03 01:02:04,085] Trial 17 finished with value: 0.3931636232437694 and parameters: {'iterations': 623, 'learning_rate': 0.07164255246783542, 'depth': 4, 'l2_leaf_reg': 4.549378917239714, 'border_count': 177, 'bagging_temperature': 1.0, 'random_strength': 0.9414021794346747}. Best is trial 12 with value: 0.39827431750467973.
[D 2025-12-03 01:02:04,158] Sample trial#18 with GPSampler.
[I 2025-12-03 01:02:30,790] Trial 18 finished with value: 0.378801744990209 and parameters: {'iterations': 1000, 'learning_rate': 0.020501967656470447, 'depth': 4, 'l2_leaf_reg': 10.0, 'border_count': 32, 'bagging_temperature': 0.0, 'random_strength': 1.0}. Best is trial 12 with value: 0.39827431750467973.
[D 2025-12-03 01:02:30,886] Sample trial#19 with GPSampler.
[I 2025-12-03 01:02:59,913] Trial 19 finished with value: 0.3948655711748539 and parameters: {'iterations': 647, 'learning_rate': 0.058474517160918935, 'depth': 4, 'l2_leaf_reg': 3.2371860282424496, 'border_count': 255, 'bagging_temperature': 0.7042184166376424, 'random_strength': 0.7083558540185954}. Best is trial 12 with value: 0.39827431750467973.
[D 2025-12-03 01:02:59,983] Sample trial#20 with GPSampler.
[I 2025-12-03 01:03:26,304] Trial 20 finished with value: 0.38092345692420937 and parameters: {'iterations': 1000, 'learning_rate': 0.03580355161945134, 'depth': 4, 'l2_leaf_reg': 10.0, 'border_count': 32, 'bagging_temperature': 0.670682906018179, 'random_strength': 0.0}. Best is trial 12 with value: 0.39827431750467973.
[D 2025-12-03 01:03:26,395] Sample trial#21 with GPSampler.
[I 2025-12-03 01:03:50,492] Trial 21 finished with value: 0.3906846781236909 and parameters: {'iterations': 610, 'learning_rate': 0.11741158867865463, 'depth': 4, 'l2_leaf_reg': 3.030438438182861, 'border_count': 253, 'bagging_temperature': 1.0, 'random_strength': 0.9999999999999999}. Best is trial 12 with value: 0.39827431750467973.
[D 2025-12-03 01:03:50,562] Sample trial#22 with GPSampler.
[I 2025-12-03 01:04:22,953] Trial 22 finished with value: 0.39437571503052216 and parameters: {'iterations': 1000, 'learning_rate': 0.06918032232847413, 'depth': 4, 'l2_leaf_reg': 9.999999999999998, 'border_count': 128, 'bagging_temperature': 0.4155022492422224, 'random_strength': 0.0}. Best is trial 12 with value: 0.39827431750467973.
[D 2025-12-03 01:04:23,023] Sample trial#23 with GPSampler.
[I 2025-12-03 01:22:42,801] Trial 23 finished with value: 0.37640803625541114 and parameters: {'iterations': 1000, 'learning_rate': 0.3, 'depth': 10, 'l2_leaf_reg': 9.999999999999998, 'border_count': 255, 'bagging_temperature': 1.0, 'random_strength': 0.0}. Best is trial 12 with value: 0.39827431750467973.
[D 2025-12-03 01:22:42,875] Sample trial#24 with GPSampler.
[I 2025-12-03 01:23:14,777] Trial 24 finished with value: 0.39133625565020147 and parameters: {'iterations': 1000, 'learning_rate': 0.06266155388725278, 'depth': 4, 'l2_leaf_reg': 10.0, 'border_count': 114, 'bagging_temperature': 1.0, 'random_strength': 1.0}. Best is trial 12 with value: 0.39827431750467973.
[D 2025-12-03 01:23:14,850] Sample trial#25 with GPSampler.
[I 2025-12-03 01:23:48,958] Trial 25 finished with value: 0.3848509734499703 and parameters: {'iterations': 1000, 'learning_rate': 0.05469892296916878, 'depth': 4, 'l2_leaf_reg': 1.2124719891513989, 'border_count': 141, 'bagging_temperature': 0.0, 'random_strength': 0.0}. Best is trial 12 with value: 0.39827431750467973.
[D 2025-12-03 01:23:49,037] Sample trial#26 with GPSampler.
