[I 2025-12-03 08:13:56,940] Trial 13 finished with value: 0.3878774213302731 and parameters: {'n_estimators': 113, 'learning_rate': 0.07177527694080027, 'max_depth': 15, 'min_child_weight': 6, 'subsample': 1.0, 'colsample_bytree': 0.6108049111951345, 'reg_alpha': 0.7004359516572998, 'reg_lambda': 1.5994721913713632, 'gamma': 4.2839456209308295}. Best is trial 0 with value: 0.3882415205121875.
[D 2025-12-03 08:13:57,063] Sample trial#14 with GPSampler.
[I 2025-12-03 08:17:15,278] Trial 14 finished with value: 0.38595189677294434 and parameters: {'n_estimators': 100, 'learning_rate': 0.1232620938904115, 'max_depth': 15, 'min_child_weight': 5, 'subsample': 1.0, 'colsample_bytree': 0.8912317982497617, 'reg_alpha': 0.7302605231178348, 'reg_lambda': 7.885248636840551, 'gamma': 4.391623254818395}. Best is trial 0 with value: 0.3882415205121875.
[D 2025-12-03 08:17:15,389] Sample trial#15 with GPSampler.
[I 2025-12-03 08:25:15,516] Trial 15 finished with value: 0.38856967559855826 and parameters: {'n_estimators': 225, 'learning_rate': 0.05787790908287237, 'max_depth': 6, 'min_child_weight': 6, 'subsample': 1.0, 'colsample_bytree': 0.6046208328599306, 'reg_alpha': 0.46639538677649456, 'reg_lambda': 1.0, 'gamma': 4.133417639735827}. Best is trial 15 with value: 0.38856967559855826.
[D 2025-12-03 08:25:15,626] Sample trial#16 with GPSampler.
[I 2025-12-03 08:45:23,580] Trial 16 finished with value: 0.3867342606237851 and parameters: {'n_estimators': 324, 'learning_rate': 0.01, 'max_depth': 10, 'min_child_weight': 1, 'subsample': 1.0, 'colsample_bytree': 0.6954590388983216, 'reg_alpha': 0.5036323620315973, 'reg_lambda': 1.0, 'gamma': 4.87654674137416}. Best is trial 15 with value: 0.38856967559855826.
[D 2025-12-03 08:45:23,694] Sample trial#17 with GPSampler.
[I 2025-12-03 08:48:50,987] Trial 17 finished with value: 0.38825688055402197 and parameters: {'n_estimators': 100, 'learning_rate': 0.21503346807628454, 'max_depth': 7, 'min_child_weight': 9, 'subsample': 1.0, 'colsample_bytree': 0.6, 'reg_alpha': 0.4691028969840588, 'reg_lambda': 1.0, 'gamma': 4.267798284970615}. Best is trial 15 with value: 0.38856967559855826.
[D 2025-12-03 08:48:51,081] Sample trial#18 with GPSampler.
[I 2025-12-03 08:53:53,053] Trial 18 finished with value: 0.37914951426144816 and parameters: {'n_estimators': 100, 'learning_rate': 0.01, 'max_depth': 3, 'min_child_weight': 9, 'subsample': 1.0, 'colsample_bytree': 0.6, 'reg_alpha': 0.62757560156261, 'reg_lambda': 5.53857467799968, 'gamma': 3.6438479491846}. Best is trial 15 with value: 0.38856967559855826.
[D 2025-12-03 08:53:53,154] Sample trial#19 with GPSampler.
[I 2025-12-03 08:59:40,307] Trial 19 finished with value: 0.38803901602502067 and parameters: {'n_estimators': 117, 'learning_rate': 0.08554791317444459, 'max_depth': 10, 'min_child_weight': 6, 'subsample': 1.0, 'colsample_bytree': 0.6886098235362993, 'reg_alpha': 0.43566816416676735, 'reg_lambda': 1.0, 'gamma': 4.0657343424218295}. Best is trial 15 with value: 0.38856967559855826.
[D 2025-12-03 08:59:40,483] Sample trial#20 with GPSampler.
[I 2025-12-03 09:04:31,305] Trial 20 finished with value: 0.3875795865178736 and parameters: {'n_estimators': 100, 'learning_rate': 0.09315324896834588, 'max_depth': 8, 'min_child_weight': 7, 'subsample': 0.9709022342211364, 'colsample_bytree': 0.6, 'reg_alpha': 0.05034852646873397, 'reg_lambda': 1.066997276332916, 'gamma': 5.0}. Best is trial 15 with value: 0.38856967559855826.
[D 2025-12-03 09:04:31,408] Sample trial#21 with GPSampler.
[I 2025-12-03 09:14:35,509] Trial 21 finished with value: 0.387385020154538 and parameters: {'n_estimators': 380, 'learning_rate': 0.14824764369768864, 'max_depth': 8, 'min_child_weight': 10, 'subsample': 1.0, 'colsample_bytree': 0.6, 'reg_alpha': 0.77835120464609, 'reg_lambda': 1.0, 'gamma': 4.728517102263449}. Best is trial 15 with value: 0.38856967559855826.
[D 2025-12-03 09:14:35,655] Sample trial#22 with GPSampler.
[I 2025-12-03 09:20:01,465] Trial 22 finished with value: 0.3786109449172895 and parameters: {'n_estimators': 100, 'learning_rate': 0.01, 'max_depth': 13, 'min_child_weight': 2, 'subsample': 1.0, 'colsample_bytree': 0.7224635746664986, 'reg_alpha': 0.23017215213636663, 'reg_lambda': 4.181532619134013, 'gamma': 4.458195509161389}. Best is trial 15 with value: 0.38856967559855826.
[D 2025-12-03 09:20:01,562] Sample trial#23 with GPSampler.
[I 2025-12-03 09:33:33,237] Trial 23 finished with value: 0.38612386948231164 and parameters: {'n_estimators': 388, 'learning_rate': 0.056921878353421385, 'max_depth': 5, 'min_child_weight': 1, 'subsample': 0.9637739391571583, 'colsample_bytree': 0.8416099093154752, 'reg_alpha': 0.8825546404805207, 'reg_lambda': 1.0, 'gamma': 5.0}. Best is trial 15 with value: 0.38856967559855826.
[D 2025-12-03 09:33:33,335] Sample trial#24 with GPSampler.
[I 2025-12-03 09:37:42,904] Trial 24 finished with value: 0.3858660702713671 and parameters: {'n_estimators': 100, 'learning_rate': 0.07181603657740572, 'max_depth': 3, 'min_child_weight': 2, 'subsample': 1.0, 'colsample_bytree': 0.7072372767525301, 'reg_alpha': 0.8994834623657796, 'reg_lambda': 2.367074639607674, 'gamma': 5.0}. Best is trial 15 with value: 0.38856967559855826.
[D 2025-12-03 09:37:43,009] Sample trial#25 with GPSampler.
[I 2025-12-03 09:44:19,623] Trial 25 finished with value: 0.38788765160322514 and parameters: {'n_estimators': 213, 'learning_rate': 0.11518839295481932, 'max_depth': 7, 'min_child_weight': 2, 'subsample': 1.0, 'colsample_bytree': 0.6, 'reg_alpha': 0.47625500034061785, 'reg_lambda': 1.0, 'gamma': 5.0}. Best is trial 15 with value: 0.38856967559855826.
[D 2025-12-03 09:44:19,730] Sample trial#26 with GPSampler.
[I 2025-12-03 09:57:28,976] Trial 26 finished with value: 0.38679673068653114 and parameters: {'n_estimators': 365, 'learning_rate': 0.05834052679531766, 'max_depth': 10, 'min_child_weight': 4, 'subsample': 0.9503824278010956, 'colsample_bytree': 0.6, 'reg_alpha': 0.6213065815202031, 'reg_lambda': 1.0, 'gamma': 4.9818289881889095}. Best is trial 15 with value: 0.38856967559855826.
[D 2025-12-03 09:57:29,086] Sample trial#27 with GPSampler.
[I 2025-12-03 10:01:04,214] Trial 27 finished with value: 0.3878057582045167 and parameters: {'n_estimators': 100, 'learning_rate': 0.14288100921852293, 'max_depth': 15, 'min_child_weight': 10, 'subsample': 1.0, 'colsample_bytree': 0.6, 'reg_alpha': 1.0, 'reg_lambda': 1.0, 'gamma': 4.554589710270775}. Best is trial 15 with value: 0.38856967559855826.
[D 2025-12-03 10:01:04,313] Sample trial#28 with GPSampler.
[I 2025-12-03 10:04:15,707] Trial 28 finished with value: 0.38608968802198806 and parameters: {'n_estimators': 100, 'learning_rate': 0.21110507917024354, 'max_depth': 9, 'min_child_weight': 10, 'subsample': 1.0, 'colsample_bytree': 0.7130179436205798, 'reg_alpha': 0.13711241618104947, 'reg_lambda': 8.602613010638859, 'gamma': 4.5837377168177795}. Best is trial 15 with value: 0.38856967559855826.
[D 2025-12-03 10:04:15,889] Sample trial#29 with GPSampler.
[I 2025-12-03 10:10:45,520] Trial 29 finished with value: 0.38789531195695554 and parameters: {'n_estimators': 100, 'learning_rate': 0.05751111332674298, 'max_depth': 12, 'min_child_weight': 4, 'subsample': 1.0, 'colsample_bytree': 0.6, 'reg_alpha': 1.0, 'reg_lambda': 1.0, 'gamma': 3.899297042840531}. Best is trial 15 with value: 0.38856967559855826.
[I 2025-12-03 10:12:47,765] A new study created in memory with name: xgboost_fold_2
[D 2025-12-03 10:12:47,766] Sample trial#0 with RandomSampler.
[I 2025-12-03 10:42:24,676] Trial 0 finished with value: 0.38304674085171597 and parameters: {'n_estimators': 993, 'learning_rate': 0.14507818851631668, 'max_depth': 7, 'min_child_weight': 7, 'subsample': 0.7021905188666427, 'colsample_bytree': 0.7650061892926137, 'reg_alpha': 0.4682739968324455, 'reg_lambda': 2.122192111643258, 'gamma': 4.539350121608912}. Best is trial 0 with value: 0.38304674085171597.
[D 2025-12-03 10:42:24,803] Sample trial#1 with GPSampler.
[I 2025-12-03 11:01:21,060] Trial 1 finished with value: 0.38264435414187353 and parameters: {'n_estimators': 571, 'learning_rate': 0.17846828018640812, 'max_depth': 5, 'min_child_weight': 7, 'subsample': 0.8582284169709649, 'colsample_bytree': 0.9161494759534455, 'reg_alpha': 0.08941577451329952, 'reg_lambda': 6.945143769510097, 'gamma': 3.0293759820002735}. Best is trial 0 with value: 0.38304674085171597.
[D 2025-12-03 11:01:21,184] Sample trial#2 with GPSampler.
[I 2025-12-03 11:14:12,978] Trial 2 finished with value: 0.3841825182455443 and parameters: {'n_estimators': 313, 'learning_rate': 0.16449251585438285, 'max_depth': 6, 'min_child_weight': 3, 'subsample': 0.8950849924164532, 'colsample_bytree': 0.7704543245345914, 'reg_alpha': 0.9350782749699994, 'reg_lambda': 7.774984717246152, 'gamma': 2.164416895743301}. Best is trial 2 with value: 0.3841825182455443.
[D 2025-12-03 11:14:13,095] Sample trial#3 with GPSampler.
[I 2025-12-03 11:46:32,125] Trial 3 finished with value: 0.3746393526738989 and parameters: {'n_estimators': 922, 'learning_rate': 0.1929615280566599, 'max_depth': 8, 'min_child_weight': 10, 'subsample': 0.804894422266777, 'colsample_bytree': 0.8942479278115412, 'reg_alpha': 0.21283891231551644, 'reg_lambda': 4.6414168425955005, 'gamma': 2.128342949836785}. Best is trial 2 with value: 0.3841825182455443.
[D 2025-12-03 11:46:32,243] Sample trial#4 with GPSampler.
[I 2025-12-03 12:20:03,994] Trial 4 finished with value: 0.3841470618120497 and parameters: {'n_estimators': 748, 'learning_rate': 0.05813377683613759, 'max_depth': 11, 'min_child_weight': 2, 'subsample': 0.7470705845314489, 'colsample_bytree': 0.8304949311435517, 'reg_alpha': 0.28249895921366497, 'reg_lambda': 6.120126227903063, 'gamma': 3.011454485355027}. Best is trial 2 with value: 0.3841825182455443.
[D 2025-12-03 12:20:04,120] Sample trial#5 with GPSampler.
[I 2025-12-03 12:32:44,861] Trial 5 finished with value: 0.3806841784426212 and parameters: {'n_estimators': 862, 'learning_rate': 0.2626118626912245, 'max_depth': 9, 'min_child_weight': 7, 'subsample': 0.8019333964150346, 'colsample_bytree': 0.6345296233688371, 'reg_alpha': 0.889227912635086, 'reg_lambda': 7.144362821553173, 'gamma': 4.919675785669066}. Best is trial 2 with value: 0.3841825182455443.
[D 2025-12-03 12:32:44,950] Sample trial#6 with GPSampler.
[I 2025-12-03 12:32:52,857] Trial 6 finished with value: 0.38196528873394403 and parameters: {'n_estimators': 582, 'learning_rate': 0.20107548530022368, 'max_depth': 6, 'min_child_weight': 1, 'subsample': 0.9748033667097133, 'colsample_bytree': 0.6741010432772743, 'reg_alpha': 0.402266033944346, 'reg_lambda': 4.015347044704972, 'gamma': 0.9895234889578719}. Best is trial 2 with value: 0.3841825182455443.
[D 2025-12-03 12:32:52,943] Sample trial#7 with GPSampler.
[I 2025-12-03 12:33:03,068] Trial 7 finished with value: 0.37384646375559816 and parameters: {'n_estimators': 261, 'learning_rate': 0.11380206134190503, 'max_depth': 15, 'min_child_weight': 7, 'subsample': 0.705395805180762, 'colsample_bytree': 0.7570486469568873, 'reg_alpha': 0.8195996815050358, 'reg_lambda': 2.503777849921827, 'gamma': 1.461054127559855}. Best is trial 2 with value: 0.3841825182455443.
[D 2025-12-03 12:33:03,157] Sample trial#8 with GPSampler.
[I 2025-12-03 12:33:12,069] Trial 8 finished with value: 0.37534742823888595 and parameters: {'n_estimators': 580, 'learning_rate': 0.19789975818507255, 'max_depth': 9, 'min_child_weight': 7, 'subsample': 0.6462427211579356, 'colsample_bytree': 0.8142758611366804, 'reg_alpha': 0.9230343809188847, 'reg_lambda': 3.572326413868858, 'gamma': 2.439673190478604}. Best is trial 2 with value: 0.3841825182455443.
[D 2025-12-03 12:33:12,156] Sample trial#9 with GPSampler.
[I 2025-12-03 12:33:19,923] Trial 9 finished with value: 0.3826387696513215 and parameters: {'n_estimators': 757, 'learning_rate': 0.17791347282428308, 'max_depth': 12, 'min_child_weight': 4, 'subsample': 0.7325982932297714, 'colsample_bytree': 0.6670455011094129, 'reg_alpha': 0.6453093427233908, 'reg_lambda': 9.19207957342142, 'gamma': 4.255745137545988}. Best is trial 2 with value: 0.3841825182455443.
[D 2025-12-03 12:33:20,009] Sample trial#10 with GPSampler.
[I 2025-12-03 12:33:31,075] Trial 10 finished with value: 0.38647891368934245 and parameters: {'n_estimators': 502, 'learning_rate': 0.10129009188361568, 'max_depth': 3, 'min_child_weight': 3, 'subsample': 0.9138384669638002, 'colsample_bytree': 0.8805612533573386, 'reg_alpha': 0.16078148664541086, 'reg_lambda': 7.8253762698856, 'gamma': 3.6551169962790246}. Best is trial 10 with value: 0.38647891368934245.
[D 2025-12-03 12:33:31,164] Sample trial#11 with GPSampler.
[I 2025-12-03 12:33:36,180] Trial 11 finished with value: 0.3860271232867905 and parameters: {'n_estimators': 157, 'learning_rate': 0.16339195055234468, 'max_depth': 3, 'min_child_weight': 1, 'subsample': 0.9575617958881812, 'colsample_bytree': 0.9632858453551787, 'reg_alpha': 0.0835822677217472, 'reg_lambda': 10.0, 'gamma': 2.9042212402961063}. Best is trial 10 with value: 0.38647891368934245.
[D 2025-12-03 12:33:36,268] Sample trial#12 with GPSampler.
[I 2025-12-03 12:33:45,026] Trial 12 finished with value: 0.38562845338475393 and parameters: {'n_estimators': 709, 'learning_rate': 0.04567473617155543, 'max_depth': 3, 'min_child_weight': 2, 'subsample': 0.8342645492250967, 'colsample_bytree': 1.0, 'reg_alpha': 0.0, 'reg_lambda': 3.765349200677451, 'gamma': 5.0}. Best is trial 10 with value: 0.38647891368934245.
[D 2025-12-03 12:33:45,113] Sample trial#13 with GPSampler.
[I 2025-12-03 12:33:57,367] Trial 13 finished with value: 0.3863972916009293 and parameters: {'n_estimators': 756, 'learning_rate': 0.01, 'max_depth': 3, 'min_child_weight': 1, 'subsample': 1.0, 'colsample_bytree': 0.9594164708032611, 'reg_alpha': 0.8761043710781072, 'reg_lambda': 10.0, 'gamma': 3.3388037344534}. Best is trial 10 with value: 0.38647891368934245.
[D 2025-12-03 12:33:57,452] Sample trial#14 with GPSampler.
[I 2025-12-03 12:34:03,651] Trial 14 finished with value: 0.38681966237606524 and parameters: {'n_estimators': 378, 'learning_rate': 0.01, 'max_depth': 3, 'min_child_weight': 1, 'subsample': 0.9759039288935676, 'colsample_bytree': 0.6257851205495888, 'reg_alpha': 0.2542804279931224, 'reg_lambda': 10.0, 'gamma': 3.2444573997578003}. Best is trial 14 with value: 0.38681966237606524.
[D 2025-12-03 12:34:03,739] Sample trial#15 with GPSampler.
[I 2025-12-03 12:34:24,862] Trial 15 finished with value: 0.387246056569018 and parameters: {'n_estimators': 1000, 'learning_rate': 0.01, 'max_depth': 3, 'min_child_weight': 1, 'subsample': 0.7672104829475231, 'colsample_bytree': 0.7759939786585666, 'reg_alpha': 0.0, 'reg_lambda': 10.0, 'gamma': 3.4186914136332778}. Best is trial 15 with value: 0.387246056569018.
[D 2025-12-03 12:34:24,953] Sample trial#16 with GPSampler.
[I 2025-12-03 12:34:30,471] Trial 16 finished with value: 0.3807265456995332 and parameters: {'n_estimators': 104, 'learning_rate': 0.01, 'max_depth': 3, 'min_child_weight': 1, 'subsample': 0.6, 'colsample_bytree': 0.8132836931209919, 'reg_alpha': 0.14003543898845447, 'reg_lambda': 10.0, 'gamma': 3.6463793400571025}. Best is trial 15 with value: 0.387246056569018.
[D 2025-12-03 12:34:30,559] Sample trial#17 with GPSampler.
[I 2025-12-03 12:34:49,460] Trial 17 finished with value: 0.3871158110698122 and parameters: {'n_estimators': 1000, 'learning_rate': 0.01, 'max_depth': 3, 'min_child_weight': 1, 'subsample': 0.8918613160089738, 'colsample_bytree': 0.7655845541582149, 'reg_alpha': 0.0, 'reg_lambda': 10.0, 'gamma': 3.3983172716415915}. Best is trial 15 with value: 0.387246056569018.
[D 2025-12-03 12:34:49,545] Sample trial#18 with GPSampler.
[I 2025-12-03 12:35:08,273] Trial 18 finished with value: 0.38685811864174324 and parameters: {'n_estimators': 1000, 'learning_rate': 0.01, 'max_depth': 3, 'min_child_weight': 1, 'subsample': 0.8213372520263418, 'colsample_bytree': 0.6, 'reg_alpha': 0.0, 'reg_lambda': 5.276820619273809, 'gamma': 3.937677062843295}. Best is trial 15 with value: 0.387246056569018.
[D 2025-12-03 12:35:08,366] Sample trial#19 with GPSampler.
[I 2025-12-03 12:35:25,122] Trial 19 finished with value: 0.38606655884050584 and parameters: {'n_estimators': 1000, 'learning_rate': 0.01, 'max_depth': 3, 'min_child_weight': 1, 'subsample': 0.8154565949346066, 'colsample_bytree': 1.0, 'reg_alpha': 0.0, 'reg_lambda': 10.0, 'gamma': 3.913054306182846}. Best is trial 15 with value: 0.387246056569018.
[D 2025-12-03 12:35:25,206] Sample trial#20 with GPSampler.
[I 2025-12-03 12:35:36,834] Trial 20 finished with value: 0.3837011867610816 and parameters: {'n_estimators': 1000, 'learning_rate': 0.14821977531122912, 'max_depth': 3, 'min_child_weight': 1, 'subsample': 0.8337629615162752, 'colsample_bytree': 0.6, 'reg_alpha': 0.0, 'reg_lambda': 10.0, 'gamma': 3.246611648765127}. Best is trial 15 with value: 0.387246056569018.
[D 2025-12-03 12:35:36,916] Sample trial#21 with GPSampler.
[I 2025-12-03 12:35:44,171] Trial 21 finished with value: 0.3842779150088586 and parameters: {'n_estimators': 250, 'learning_rate': 0.01, 'max_depth': 3, 'min_child_weight': 6, 'subsample': 1.0, 'colsample_bytree': 0.8149681070190474, 'reg_alpha': 0.0, 'reg_lambda': 10.0, 'gamma': 4.5173403199640765}. Best is trial 15 with value: 0.387246056569018.
[D 2025-12-03 12:35:44,259] Sample trial#22 with GPSampler.
[I 2025-12-03 12:35:59,505] Trial 22 finished with value: 0.38616075006665035 and parameters: {'n_estimators': 913, 'learning_rate': 0.01, 'max_depth': 3, 'min_child_weight': 1, 'subsample': 0.8397847937246541, 'colsample_bytree': 0.7163533616689742, 'reg_alpha': 0.9980399868468381, 'reg_lambda': 9.020949290507685, 'gamma': 3.6939573661873126}. Best is trial 15 with value: 0.387246056569018.
[D 2025-12-03 12:35:59,593] Sample trial#23 with GPSampler.
[I 2025-12-03 12:36:14,664] Trial 23 finished with value: 0.3875902871548655 and parameters: {'n_estimators': 532, 'learning_rate': 0.01, 'max_depth': 3, 'min_child_weight': 1, 'subsample': 1.0, 'colsample_bytree': 0.8572477196607475, 'reg_alpha': 0.0, 'reg_lambda': 2.791901205559068, 'gamma': 3.0598105403990012}. Best is trial 23 with value: 0.3875902871548655.
[D 2025-12-03 12:36:14,753] Sample trial#24 with GPSampler.
[I 2025-12-03 12:36:29,297] Trial 24 finished with value: 0.3894768168331644 and parameters: {'n_estimators': 611, 'learning_rate': 0.01, 'max_depth': 10, 'min_child_weight': 1, 'subsample': 1.0, 'colsample_bytree': 0.7892695091082962, 'reg_alpha': 0.0, 'reg_lambda': 1.0, 'gamma': 3.9737248175647344}. Best is trial 24 with value: 0.3894768168331644.
[D 2025-12-03 12:36:29,384] Sample trial#25 with GPSampler.
[I 2025-12-03 12:36:40,183] Trial 25 finished with value: 0.38751860432968305 and parameters: {'n_estimators': 856, 'learning_rate': 0.01, 'max_depth': 15, 'min_child_weight': 1, 'subsample': 1.0, 'colsample_bytree': 0.7751625068470687, 'reg_alpha': 0.0, 'reg_lambda': 1.0, 'gamma': 4.933703970286781}. Best is trial 24 with value: 0.3894768168331644.
[D 2025-12-03 12:36:40,271] Sample trial#26 with GPSampler.
[I 2025-12-03 12:36:45,885] Trial 26 finished with value: 0.387786834984624 and parameters: {'n_estimators': 219, 'learning_rate': 0.01, 'max_depth': 14, 'min_child_weight': 1, 'subsample': 1.0, 'colsample_bytree': 0.8040212776830284, 'reg_alpha': 0.0, 'reg_lambda': 1.0, 'gamma': 3.871084963485469}. Best is trial 24 with value: 0.3894768168331644.
[D 2025-12-03 12:36:45,968] Sample trial#27 with GPSampler.
[I 2025-12-03 12:36:58,853] Trial 27 finished with value: 0.38793678337022586 and parameters: {'n_estimators': 585, 'learning_rate': 0.01, 'max_depth': 9, 'min_child_weight': 1, 'subsample': 1.0, 'colsample_bytree': 0.7240437816081913, 'reg_alpha': 0.7183065789158181, 'reg_lambda': 1.0, 'gamma': 3.977901353501144}. Best is trial 24 with value: 0.3894768168331644.
[D 2025-12-03 12:36:58,942] Sample trial#28 with GPSampler.
[I 2025-12-03 12:37:17,601] Trial 28 finished with value: 0.3895663510001086 and parameters: {'n_estimators': 781, 'learning_rate': 0.01, 'max_depth': 12, 'min_child_weight': 1, 'subsample': 1.0, 'colsample_bytree': 0.9069987527875422, 'reg_alpha': 0.0, 'reg_lambda': 1.0, 'gamma': 3.742051196279499}. Best is trial 28 with value: 0.3895663510001086.
[D 2025-12-03 12:37:17,685] Sample trial#29 with GPSampler.
