[I 2025-12-03 02:09:45,529] Trial 20 finished with value: 0.38559979898188956 and parameters: {'iterations': 1000, 'learning_rate': 0.01, 'depth': 4, 'l2_leaf_reg': 10.0, 'border_count': 184, 'bagging_temperature': 1.0, 'random_strength': 0.37094148259352655}. Best is trial 13 with value: 0.38678396498369333.
[D 2025-12-03 02:09:45,609] Sample trial#21 with GPSampler.
[I 2025-12-03 02:09:47,136] Trial 21 finished with value: 0.37791650723960535 and parameters: {'iterations': 100, 'learning_rate': 0.01, 'depth': 4, 'l2_leaf_reg': 1.0, 'border_count': 32, 'bagging_temperature': 0.0, 'random_strength': 0.0}. Best is trial 13 with value: 0.38678396498369333.
[D 2025-12-03 02:09:47,243] Sample trial#22 with GPSampler.
[I 2025-12-03 02:09:48,582] Trial 22 finished with value: 0.37810990321858184 and parameters: {'iterations': 100, 'learning_rate': 0.01, 'depth': 4, 'l2_leaf_reg': 10.0, 'border_count': 32, 'bagging_temperature': 0.0, 'random_strength': 0.0}. Best is trial 13 with value: 0.38678396498369333.
[D 2025-12-03 02:09:48,660] Sample trial#23 with GPSampler.
[I 2025-12-03 02:09:58,330] Trial 23 finished with value: 0.38483586663391917 and parameters: {'iterations': 1000, 'learning_rate': 0.01, 'depth': 4, 'l2_leaf_reg': 4.334113768073413, 'border_count': 143, 'bagging_temperature': 0.0, 'random_strength': 0.43817048217948634}. Best is trial 13 with value: 0.38678396498369333.
[D 2025-12-03 02:09:58,424] Sample trial#24 with GPSampler.
[I 2025-12-03 02:10:05,968] Trial 24 finished with value: 0.3836276748256164 and parameters: {'iterations': 1000, 'learning_rate': 0.01, 'depth': 4, 'l2_leaf_reg': 9.999999999999998, 'border_count': 255, 'bagging_temperature': 0.0, 'random_strength': 0.7462277512362094}. Best is trial 13 with value: 0.38678396498369333.
[D 2025-12-03 02:10:06,038] Sample trial#25 with GPSampler.
[I 2025-12-03 02:27:07,604] Trial 25 finished with value: 0.37953144099886965 and parameters: {'iterations': 1000, 'learning_rate': 0.01, 'depth': 10, 'l2_leaf_reg': 10.0, 'border_count': 255, 'bagging_temperature': 1.0, 'random_strength': 1.0}. Best is trial 13 with value: 0.38678396498369333.
[D 2025-12-03 02:27:07,680] Sample trial#26 with GPSampler.
[I 2025-12-03 02:27:13,012] Trial 26 finished with value: 0.3797071946962183 and parameters: {'iterations': 1000, 'learning_rate': 0.01, 'depth': 4, 'l2_leaf_reg': 3.717248385654813, 'border_count': 32, 'bagging_temperature': 0.8470755639451543, 'random_strength': 0.3921958513349305}. Best is trial 13 with value: 0.38678396498369333.
[D 2025-12-03 02:27:13,089] Sample trial#27 with GPSampler.
[I 2025-12-03 02:27:14,553] Trial 27 finished with value: 0.3784228888500545 and parameters: {'iterations': 100, 'learning_rate': 0.01, 'depth': 4, 'l2_leaf_reg': 5.35540715179059, 'border_count': 255, 'bagging_temperature': 0.00795717032372296, 'random_strength': 0.44428232913766064}. Best is trial 13 with value: 0.38678396498369333.
[D 2025-12-03 02:27:14,629] Sample trial#28 with GPSampler.
[I 2025-12-03 02:27:21,195] Trial 28 finished with value: 0.3841218179402186 and parameters: {'iterations': 1000, 'learning_rate': 0.01, 'depth': 4, 'l2_leaf_reg': 2.7117848544268344, 'border_count': 98, 'bagging_temperature': 0.26538600901588966, 'random_strength': 0.38629420076203536}. Best is trial 13 with value: 0.38678396498369333.
[D 2025-12-03 02:27:21,272] Sample trial#29 with GPSampler.
[I 2025-12-03 02:27:26,678] Trial 29 finished with value: 0.3843302470330324 and parameters: {'iterations': 779, 'learning_rate': 0.01, 'depth': 4, 'l2_leaf_reg': 10.0, 'border_count': 133, 'bagging_temperature': 0.0, 'random_strength': 0.5047007770636746}. Best is trial 13 with value: 0.38678396498369333.
[I 2025-12-03 02:27:29,083] A new study created in memory with name: catboost_fold_5
[D 2025-12-03 02:27:29,083] Sample trial#0 with RandomSampler.
[I 2025-12-03 02:34:46,071] Trial 0 finished with value: 0.38229654579163996 and parameters: {'iterations': 650, 'learning_rate': 0.12425129825586814, 'depth': 10, 'l2_leaf_reg': 7.461689573745165, 'border_count': 173, 'bagging_temperature': 0.512738422970523, 'random_strength': 0.9996386040607824}. Best is trial 0 with value: 0.38229654579163996.
[D 2025-12-03 02:34:46,150] Sample trial#1 with GPSampler.
[I 2025-12-03 02:35:18,857] Trial 1 finished with value: 0.3807873517727959 and parameters: {'iterations': 780, 'learning_rate': 0.14266407146637694, 'depth': 7, 'l2_leaf_reg': 8.097035503369419, 'border_count': 115, 'bagging_temperature': 0.35628259543461316, 'random_strength': 0.9017679039206954}. Best is trial 0 with value: 0.38229654579163996.
[D 2025-12-03 02:35:18,938] Sample trial#2 with GPSampler.
[I 2025-12-03 02:35:21,500] Trial 2 finished with value: 0.3904390292795888 and parameters: {'iterations': 353, 'learning_rate': 0.1435258835536207, 'depth': 4, 'l2_leaf_reg': 7.1903091924409654, 'border_count': 139, 'bagging_temperature': 0.4188519914174761, 'random_strength': 0.6020075923263737}. Best is trial 2 with value: 0.3904390292795888.
[D 2025-12-03 02:35:21,581] Sample trial#3 with GPSampler.
[I 2025-12-03 02:35:23,280] Trial 3 finished with value: 0.38577610135956125 and parameters: {'iterations': 229, 'learning_rate': 0.09357665725754082, 'depth': 4, 'l2_leaf_reg': 3.595876427979478, 'border_count': 61, 'bagging_temperature': 0.02847150319087388, 'random_strength': 0.2108165121298604}. Best is trial 2 with value: 0.3904390292795888.
[D 2025-12-03 02:35:23,359] Sample trial#4 with GPSampler.
[I 2025-12-03 02:43:28,586] Trial 4 finished with value: 0.37526028607995127 and parameters: {'iterations': 542, 'learning_rate': 0.22815103527092911, 'depth': 10, 'l2_leaf_reg': 2.411704089931862, 'border_count': 224, 'bagging_temperature': 0.5546900735703223, 'random_strength': 0.17473528213936085}. Best is trial 2 with value: 0.3904390292795888.
[D 2025-12-03 02:43:28,663] Sample trial#5 with GPSampler.
[I 2025-12-03 02:43:39,803] Trial 5 finished with value: 0.37024482917168056 and parameters: {'iterations': 593, 'learning_rate': 0.19135094966938102, 'depth': 8, 'l2_leaf_reg': 1.3455281601654496, 'border_count': 49, 'bagging_temperature': 0.45039802100190585, 'random_strength': 0.4540459642982745}. Best is trial 2 with value: 0.3904390292795888.
[D 2025-12-03 02:43:39,881] Sample trial#6 with GPSampler.
[I 2025-12-03 02:48:13,314] Trial 6 finished with value: 0.3745556083052103 and parameters: {'iterations': 817, 'learning_rate': 0.1980819404706165, 'depth': 10, 'l2_leaf_reg': 5.892490634104825, 'border_count': 97, 'bagging_temperature': 0.39939910182616467, 'random_strength': 0.6385047348421491}. Best is trial 2 with value: 0.3904390292795888.
[D 2025-12-03 02:48:13,395] Sample trial#7 with GPSampler.
[I 2025-12-03 02:54:08,212] Trial 7 finished with value: 0.3705581028970085 and parameters: {'iterations': 533, 'learning_rate': 0.2642203104511726, 'depth': 10, 'l2_leaf_reg': 2.5646497547224802, 'border_count': 176, 'bagging_temperature': 0.08871548834488585, 'random_strength': 0.8460536136182464}. Best is trial 2 with value: 0.3904390292795888.
[D 2025-12-03 02:54:08,297] Sample trial#8 with GPSampler.
[I 2025-12-03 02:55:03,040] Trial 8 finished with value: 0.3702317540562816 and parameters: {'iterations': 692, 'learning_rate': 0.23681312536427085, 'depth': 8, 'l2_leaf_reg': 4.011813805385062, 'border_count': 189, 'bagging_temperature': 0.03616887405489011, 'random_strength': 0.6469132291335131}. Best is trial 2 with value: 0.3904390292795888.
[D 2025-12-03 02:55:03,116] Sample trial#9 with GPSampler.
[I 2025-12-03 02:55:13,464] Trial 9 finished with value: 0.37346623364658216 and parameters: {'iterations': 395, 'learning_rate': 0.27038492003494435, 'depth': 6, 'l2_leaf_reg': 5.660455319849429, 'border_count': 167, 'bagging_temperature': 0.9641646008593651, 'random_strength': 0.9139782527625632}. Best is trial 2 with value: 0.3904390292795888.
[D 2025-12-03 02:55:13,566] Sample trial#10 with GPSampler.
[I 2025-12-03 02:55:15,638] Trial 10 finished with value: 0.3884560036072629 and parameters: {'iterations': 220, 'learning_rate': 0.1065315454512076, 'depth': 4, 'l2_leaf_reg': 8.33135972411839, 'border_count': 154, 'bagging_temperature': 0.4267584857025186, 'random_strength': 0.44337960073087307}. Best is trial 2 with value: 0.3904390292795888.
[D 2025-12-03 02:55:15,718] Sample trial#11 with GPSampler.
[I 2025-12-03 02:55:18,012] Trial 11 finished with value: 0.3856809814976687 and parameters: {'iterations': 255, 'learning_rate': 0.12592821870711587, 'depth': 4, 'l2_leaf_reg': 7.316558262795599, 'border_count': 101, 'bagging_temperature': 0.1034314438909566, 'random_strength': 0.895577732284086}. Best is trial 2 with value: 0.3904390292795888.
[D 2025-12-03 02:55:18,090] Sample trial#12 with GPSampler.
[I 2025-12-03 02:55:21,277] Trial 12 finished with value: 0.38853833233176827 and parameters: {'iterations': 379, 'learning_rate': 0.13094326576139884, 'depth': 4, 'l2_leaf_reg': 7.281400850125655, 'border_count': 191, 'bagging_temperature': 0.6720425920600561, 'random_strength': 0.3378379763868935}. Best is trial 2 with value: 0.3904390292795888.
[D 2025-12-03 02:55:21,356] Sample trial#13 with GPSampler.
[I 2025-12-03 02:55:23,656] Trial 13 finished with value: 0.3869395566220539 and parameters: {'iterations': 291, 'learning_rate': 0.14995113765543666, 'depth': 4, 'l2_leaf_reg': 8.313020327900512, 'border_count': 56, 'bagging_temperature': 0.44234054294828534, 'random_strength': 0.44246207224286516}. Best is trial 2 with value: 0.3904390292795888.
[D 2025-12-03 02:55:23,735] Sample trial#14 with GPSampler.
[I 2025-12-03 02:55:26,480] Trial 14 finished with value: 0.39115288186963487 and parameters: {'iterations': 275, 'learning_rate': 0.12238597592628282, 'depth': 4, 'l2_leaf_reg': 6.668988578947286, 'border_count': 216, 'bagging_temperature': 0.6629400139092861, 'random_strength': 0.6295034023368491}. Best is trial 14 with value: 0.39115288186963487.
[D 2025-12-03 02:55:26,558] Sample trial#15 with GPSampler.
[I 2025-12-03 02:55:29,511] Trial 15 finished with value: 0.38910875519840527 and parameters: {'iterations': 283, 'learning_rate': 0.12459682295479287, 'depth': 4, 'l2_leaf_reg': 6.734813328710157, 'border_count': 255, 'bagging_temperature': 0.132432482796691, 'random_strength': 0.5579469157597653}. Best is trial 14 with value: 0.39115288186963487.
[D 2025-12-03 02:55:29,589] Sample trial#16 with GPSampler.
[I 2025-12-03 02:55:35,407] Trial 16 finished with value: 0.39000549302863063 and parameters: {'iterations': 750, 'learning_rate': 0.10938763338611812, 'depth': 4, 'l2_leaf_reg': 6.773996569688041, 'border_count': 213, 'bagging_temperature': 0.9086284041611545, 'random_strength': 0.6561407916879232}. Best is trial 14 with value: 0.39115288186963487.
[D 2025-12-03 02:55:35,484] Sample trial#17 with GPSampler.
[I 2025-12-03 02:55:37,810] Trial 17 finished with value: 0.3918110084319393 and parameters: {'iterations': 218, 'learning_rate': 0.1414827235684243, 'depth': 4, 'l2_leaf_reg': 8.963085058657597, 'border_count': 255, 'bagging_temperature': 1.0, 'random_strength': 0.6728782609312776}. Best is trial 17 with value: 0.3918110084319393.
[D 2025-12-03 02:55:37,888] Sample trial#18 with GPSampler.
[I 2025-12-03 02:55:39,365] Trial 18 finished with value: 0.3896136660986799 and parameters: {'iterations': 100, 'learning_rate': 0.1450289081302538, 'depth': 4, 'l2_leaf_reg': 4.971849825745114, 'border_count': 248, 'bagging_temperature': 1.0, 'random_strength': 0.6556091187936343}. Best is trial 17 with value: 0.3918110084319393.
[D 2025-12-03 02:55:39,441] Sample trial#19 with GPSampler.
[I 2025-12-03 02:55:44,005] Trial 19 finished with value: 0.3911961233502023 and parameters: {'iterations': 523, 'learning_rate': 0.14365127532505576, 'depth': 4, 'l2_leaf_reg': 10.0, 'border_count': 255, 'bagging_temperature': 0.8274071058494039, 'random_strength': 0.6579196650156155}. Best is trial 17 with value: 0.3918110084319393.
[D 2025-12-03 02:55:44,083] Sample trial#20 with GPSampler.
[I 2025-12-03 02:55:45,575] Trial 20 finished with value: 0.37423986412189203 and parameters: {'iterations': 100, 'learning_rate': 0.01, 'depth': 4, 'l2_leaf_reg': 9.999999999999998, 'border_count': 255, 'bagging_temperature': 1.0, 'random_strength': 0.9470349407243918}. Best is trial 17 with value: 0.3918110084319393.
[D 2025-12-03 02:55:45,652] Sample trial#21 with GPSampler.
[I 2025-12-03 03:12:48,586] Trial 21 finished with value: 0.39299897281911855 and parameters: {'iterations': 1000, 'learning_rate': 0.01, 'depth': 10, 'l2_leaf_reg': 10.0, 'border_count': 255, 'bagging_temperature': 1.0, 'random_strength': 0.0}. Best is trial 21 with value: 0.39299897281911855.
[D 2025-12-03 03:12:48,665] Sample trial#22 with GPSampler.
[I 2025-12-03 03:13:35,754] Trial 22 finished with value: 0.38437358933681237 and parameters: {'iterations': 1000, 'learning_rate': 0.01, 'depth': 10, 'l2_leaf_reg': 10.0, 'border_count': 32, 'bagging_temperature': 1.0, 'random_strength': 0.0}. Best is trial 21 with value: 0.39299897281911855.
[D 2025-12-03 03:13:35,830] Sample trial#23 with GPSampler.
[I 2025-12-03 03:30:44,546] Trial 23 finished with value: 0.3961450926996605 and parameters: {'iterations': 1000, 'learning_rate': 0.01, 'depth': 10, 'l2_leaf_reg': 4.21408146113544, 'border_count': 255, 'bagging_temperature': 1.0, 'random_strength': 0.0}. Best is trial 23 with value: 0.3961450926996605.
[D 2025-12-03 03:30:44,652] Sample trial#24 with GPSampler.
[I 2025-12-03 03:48:10,373] Trial 24 finished with value: 0.394973667821333 and parameters: {'iterations': 1000, 'learning_rate': 0.01, 'depth': 10, 'l2_leaf_reg': 1.0, 'border_count': 255, 'bagging_temperature': 0.07962147348996206, 'random_strength': 0.0}. Best is trial 23 with value: 0.3961450926996605.
[D 2025-12-03 03:48:10,455] Sample trial#25 with GPSampler.
[I 2025-12-03 03:52:36,002] Trial 25 finished with value: 0.3927451353029603 and parameters: {'iterations': 240, 'learning_rate': 0.01, 'depth': 10, 'l2_leaf_reg': 1.0, 'border_count': 255, 'bagging_temperature': 1.0, 'random_strength': 0.0}. Best is trial 23 with value: 0.3961450926996605.
[D 2025-12-03 03:52:36,076] Sample trial#26 with GPSampler.
[I 2025-12-03 03:56:34,874] Trial 26 finished with value: 0.39578448981483416 and parameters: {'iterations': 1000, 'learning_rate': 0.01, 'depth': 8, 'l2_leaf_reg': 1.5289453309891967, 'border_count': 255, 'bagging_temperature': 1.0, 'random_strength': 0.0}. Best is trial 23 with value: 0.3961450926996605.
[D 2025-12-03 03:56:35,030] Sample trial#27 with GPSampler.
[I 2025-12-03 04:15:51,864] Trial 27 finished with value: 0.38594511030604617 and parameters: {'iterations': 1000, 'learning_rate': 0.03568389279573964, 'depth': 10, 'l2_leaf_reg': 1.0, 'border_count': 255, 'bagging_temperature': 1.0, 'random_strength': 0.0}. Best is trial 23 with value: 0.3961450926996605.
[D 2025-12-03 04:15:51,984] Sample trial#28 with GPSampler.
[I 2025-12-03 04:20:06,603] Trial 28 finished with value: 0.3932563485437836 and parameters: {'iterations': 1000, 'learning_rate': 0.01, 'depth': 8, 'l2_leaf_reg': 4.642647282253716, 'border_count': 255, 'bagging_temperature': 0.22331022613544863, 'random_strength': 0.0}. Best is trial 23 with value: 0.3961450926996605.
[D 2025-12-03 04:20:06,692] Sample trial#29 with GPSampler.
[I 2025-12-03 04:38:40,904] Trial 29 finished with value: 0.39472925322962604 and parameters: {'iterations': 1000, 'learning_rate': 0.01, 'depth': 10, 'l2_leaf_reg': 1.0, 'border_count': 255, 'bagging_temperature': 1.0, 'random_strength': 0.0}. Best is trial 23 with value: 0.3961450926996605.
[I 2025-12-03 05:18:01,807] A new study created in memory with name: xgboost_fold_1
[D 2025-12-03 05:18:01,807] Sample trial#0 with RandomSampler.
[I 2025-12-03 05:24:55,385] Trial 0 finished with value: 0.3882415205121875 and parameters: {'n_estimators': 247, 'learning_rate': 0.2196175113573251, 'max_depth': 11, 'min_child_weight': 4, 'subsample': 0.9900593825604587, 'colsample_bytree': 0.7513663646360487, 'reg_alpha': 0.48750157578055797, 'reg_lambda': 3.002041546936624, 'gamma': 4.59453010278799}. Best is trial 0 with value: 0.3882415205121875.
[D 2025-12-03 05:24:55,478] Sample trial#1 with GPSampler.
[I 2025-12-03 05:33:36,981] Trial 1 finished with value: 0.38374038489482565 and parameters: {'n_estimators': 144, 'learning_rate': 0.06444106762794291, 'max_depth': 12, 'min_child_weight': 10, 'subsample': 0.7383442118602921, 'colsample_bytree': 0.9107273260687647, 'reg_alpha': 0.20380476874570963, 'reg_lambda': 8.308812792152978, 'gamma': 2.9795906392710023}. Best is trial 0 with value: 0.3882415205121875.
[D 2025-12-03 05:33:37,154] Sample trial#2 with GPSampler.
[I 2025-12-03 06:26:43,180] Trial 2 finished with value: 0.37076845057885416 and parameters: {'n_estimators': 816, 'learning_rate': 0.19648441333532282, 'max_depth': 15, 'min_child_weight': 1, 'subsample': 0.6027319198152795, 'colsample_bytree': 0.6209864221641325, 'reg_alpha': 0.3734466189124689, 'reg_lambda': 9.347961833009679, 'gamma': 0.1818523365510255}. Best is trial 0 with value: 0.3882415205121875.
[D 2025-12-03 06:26:43,283] Sample trial#3 with GPSampler.
[I 2025-12-03 06:34:06,226] Trial 3 finished with value: 0.3819774981492286 and parameters: {'n_estimators': 264, 'learning_rate': 0.13274206688253323, 'max_depth': 7, 'min_child_weight': 1, 'subsample': 0.6260760326869136, 'colsample_bytree': 0.7073765480534707, 'reg_alpha': 0.33428062991116647, 'reg_lambda': 5.594183282394229, 'gamma': 4.92005141516566}. Best is trial 0 with value: 0.3882415205121875.
[D 2025-12-03 06:34:06,335] Sample trial#4 with GPSampler.
[I 2025-12-03 06:57:01,895] Trial 4 finished with value: 0.37094667389882535 and parameters: {'n_estimators': 556, 'learning_rate': 0.29311844232495393, 'max_depth': 13, 'min_child_weight': 8, 'subsample': 0.8224158585477326, 'colsample_bytree': 0.9722236563224584, 'reg_alpha': 0.28644997957346896, 'reg_lambda': 2.769657336491688, 'gamma': 0.4265489660634031}. Best is trial 0 with value: 0.3882415205121875.
[D 2025-12-03 06:57:01,999] Sample trial#5 with GPSampler.
[I 2025-12-03 07:19:13,691] Trial 5 finished with value: 0.3772072212985662 and parameters: {'n_estimators': 836, 'learning_rate': 0.22251536894219526, 'max_depth': 12, 'min_child_weight': 1, 'subsample': 0.6347692592287764, 'colsample_bytree': 0.8801728006467817, 'reg_alpha': 0.9221559602185715, 'reg_lambda': 8.843147673347932, 'gamma': 3.371845353547367}. Best is trial 0 with value: 0.3882415205121875.
[D 2025-12-03 07:19:13,797] Sample trial#6 with GPSampler.
[I 2025-12-03 07:27:57,475] Trial 6 finished with value: 0.3824512495838438 and parameters: {'n_estimators': 450, 'learning_rate': 0.2249035567808428, 'max_depth': 15, 'min_child_weight': 6, 'subsample': 0.8046519550915592, 'colsample_bytree': 0.992842785437061, 'reg_alpha': 0.33374366497927466, 'reg_lambda': 2.0066243397889183, 'gamma': 3.8397650446280407}. Best is trial 0 with value: 0.3882415205121875.
[D 2025-12-03 07:27:57,557] Sample trial#7 with GPSampler.
[I 2025-12-03 07:48:47,847] Trial 7 finished with value: 0.3774571209268359 and parameters: {'n_estimators': 669, 'learning_rate': 0.22326612487264422, 'max_depth': 5, 'min_child_weight': 6, 'subsample': 0.8101005543045514, 'colsample_bytree': 0.8055026494332407, 'reg_alpha': 0.7795632009257366, 'reg_lambda': 2.2530320224693843, 'gamma': 1.5104607218378607}. Best is trial 0 with value: 0.3882415205121875.
[D 2025-12-03 07:48:47,970] Sample trial#8 with GPSampler.
[I 2025-12-03 07:59:11,233] Trial 8 finished with value: 0.383208667734842 and parameters: {'n_estimators': 517, 'learning_rate': 0.1406554251436181, 'max_depth': 3, 'min_child_weight': 6, 'subsample': 0.7297348263799623, 'colsample_bytree': 0.8753976353664532, 'reg_alpha': 0.644847897280361, 'reg_lambda': 5.67318439877427, 'gamma': 4.2550922856596}. Best is trial 0 with value: 0.3882415205121875.
[D 2025-12-03 07:59:11,341] Sample trial#9 with GPSampler.
[I 2025-12-03 08:04:19,115] Trial 9 finished with value: 0.38803606348262576 and parameters: {'n_estimators': 101, 'learning_rate': 0.05409962339788646, 'max_depth': 9, 'min_child_weight': 1, 'subsample': 0.9357221878897963, 'colsample_bytree': 0.7417262013171146, 'reg_alpha': 0.5997870429218118, 'reg_lambda': 4.5275380696835175, 'gamma': 3.9153677817716415}. Best is trial 0 with value: 0.3882415205121875.
[D 2025-12-03 08:04:19,196] Sample trial#10 with GPSampler.
[I 2025-12-03 08:06:51,025] Trial 10 finished with value: 0.3879186880993086 and parameters: {'n_estimators': 100, 'learning_rate': 0.05342208565779313, 'max_depth': 9, 'min_child_weight': 8, 'subsample': 1.0, 'colsample_bytree': 0.7734431251135485, 'reg_alpha': 0.5745196183607039, 'reg_lambda': 4.0040142788178255, 'gamma': 4.848596829362281}. Best is trial 0 with value: 0.3882415205121875.
[D 2025-12-03 08:06:51,102] Sample trial#11 with GPSampler.
[I 2025-12-03 08:08:26,793] Trial 11 finished with value: 0.3861072594409568 and parameters: {'n_estimators': 100, 'learning_rate': 0.19481493426936206, 'max_depth': 6, 'min_child_weight': 1, 'subsample': 1.0, 'colsample_bytree': 0.7803100412750891, 'reg_alpha': 0.9059825009523811, 'reg_lambda': 1.0, 'gamma': 4.651721670523955}. Best is trial 0 with value: 0.3882415205121875.
[D 2025-12-03 08:08:26,885] Sample trial#12 with GPSampler.
[I 2025-12-03 08:09:51,341] Trial 12 finished with value: 0.3860725859670092 and parameters: {'n_estimators': 100, 'learning_rate': 0.102288297541716, 'max_depth': 11, 'min_child_weight': 3, 'subsample': 1.0, 'colsample_bytree': 0.6902794937771772, 'reg_alpha': 0.1259607943919778, 'reg_lambda': 7.7660499742042015, 'gamma': 4.480208703128442}. Best is trial 0 with value: 0.3882415205121875.
[D 2025-12-03 08:09:51,426] Sample trial#13 with GPSampler.
