[I 2025-12-03 13:06:49,331] Trial 21 finished with value: 0.3892746267057818 and parameters: {'max_iter': 50, 'learning_rate': 0.01, 'max_depth': 15, 'min_samples_leaf': 1, 'l2_regularization': 0.0}. Best is trial 19 with value: 0.3892746267057818.
[D 2025-12-03 13:06:49,438] Sample trial#22 with GPSampler.
[I 2025-12-03 13:06:51,387] Trial 22 finished with value: 0.37928322532377945 and parameters: {'max_iter': 50, 'learning_rate': 0.045739147507856674, 'max_depth': 15, 'min_samples_leaf': 1, 'l2_regularization': 0.0}. Best is trial 19 with value: 0.3892746267057818.
[D 2025-12-03 13:06:51,491] Sample trial#23 with GPSampler.
[I 2025-12-03 13:06:53,453] Trial 23 finished with value: 0.38974366525239745 and parameters: {'max_iter': 50, 'learning_rate': 0.01, 'max_depth': 13, 'min_samples_leaf': 1, 'l2_regularization': 0.0}. Best is trial 23 with value: 0.38974366525239745.
[D 2025-12-03 13:06:53,558] Sample trial#24 with GPSampler.
[I 2025-12-03 13:06:55,182] Trial 24 finished with value: 0.38477670041882284 and parameters: {'max_iter': 50, 'learning_rate': 0.01, 'max_depth': 14, 'min_samples_leaf': 5, 'l2_regularization': 0.0}. Best is trial 23 with value: 0.38974366525239745.
[D 2025-12-03 13:06:55,289] Sample trial#25 with GPSampler.
[I 2025-12-03 13:06:56,305] Trial 25 finished with value: 0.3884143313439009 and parameters: {'max_iter': 50, 'learning_rate': 0.01, 'max_depth': 3, 'min_samples_leaf': 1, 'l2_regularization': 0.0}. Best is trial 23 with value: 0.38974366525239745.
[D 2025-12-03 13:06:56,409] Sample trial#26 with GPSampler.
[I 2025-12-03 13:06:57,943] Trial 26 finished with value: 0.38976338444315006 and parameters: {'max_iter': 50, 'learning_rate': 0.01, 'max_depth': 10, 'min_samples_leaf': 1, 'l2_regularization': 0.0}. Best is trial 26 with value: 0.38976338444315006.
[D 2025-12-03 13:06:58,044] Sample trial#27 with GPSampler.
[I 2025-12-03 13:07:03,627] Trial 27 finished with value: 0.35990268255005214 and parameters: {'max_iter': 200, 'learning_rate': 0.3, 'max_depth': 15, 'min_samples_leaf': 50, 'l2_regularization': 1.0}. Best is trial 26 with value: 0.38976338444315006.
[D 2025-12-03 13:07:03,734] Sample trial#28 with GPSampler.
[I 2025-12-03 13:07:04,637] Trial 28 finished with value: 0.3839635405415462 and parameters: {'max_iter': 50, 'learning_rate': 0.01, 'max_depth': 3, 'min_samples_leaf': 25, 'l2_regularization': 0.0}. Best is trial 26 with value: 0.38976338444315006.
[D 2025-12-03 13:07:04,743] Sample trial#29 with GPSampler.
[I 2025-12-03 13:07:06,450] Trial 29 finished with value: 0.36290158944934786 and parameters: {'max_iter': 50, 'learning_rate': 0.3, 'max_depth': 15, 'min_samples_leaf': 1, 'l2_regularization': 0.9999999999999999}. Best is trial 26 with value: 0.38976338444315006.
[I 2025-12-03 13:07:07,324] A new study created in memory with name: histogram_gradient_boosting_fold_3
[D 2025-12-03 13:07:07,325] Sample trial#0 with RandomSampler.
[I 2025-12-03 13:07:08,712] Trial 0 finished with value: 0.36323490756874166 and parameters: {'max_iter': 126, 'learning_rate': 0.22396520253181026, 'max_depth': 3, 'min_samples_leaf': 38, 'l2_regularization': 0.9199776598431825}. Best is trial 0 with value: 0.36323490756874166.
[D 2025-12-03 13:07:08,820] Sample trial#1 with GPSampler.
[I 2025-12-03 13:07:09,975] Trial 1 finished with value: 0.3688360091770767 and parameters: {'max_iter': 67, 'learning_rate': 0.21962823526562789, 'max_depth': 4, 'min_samples_leaf': 1, 'l2_regularization': 0.5417104906936603}. Best is trial 1 with value: 0.3688360091770767.
[D 2025-12-03 13:07:10,083] Sample trial#2 with GPSampler.
[I 2025-12-03 13:07:11,196] Trial 2 finished with value: 0.37510565838386956 and parameters: {'max_iter': 88, 'learning_rate': 0.060020268312310825, 'max_depth': 4, 'min_samples_leaf': 43, 'l2_regularization': 0.03607927541109546}. Best is trial 2 with value: 0.37510565838386956.
[D 2025-12-03 13:07:11,304] Sample trial#3 with GPSampler.
[I 2025-12-03 13:07:14,688] Trial 3 finished with value: 0.3683946214899664 and parameters: {'max_iter': 139, 'learning_rate': 0.06831111814319175, 'max_depth': 9, 'min_samples_leaf': 36, 'l2_regularization': 0.4186544624896126}. Best is trial 2 with value: 0.37510565838386956.
[D 2025-12-03 13:07:14,796] Sample trial#4 with GPSampler.
[I 2025-12-03 13:07:17,753] Trial 4 finished with value: 0.3625946926644662 and parameters: {'max_iter': 111, 'learning_rate': 0.18600469570496145, 'max_depth': 6, 'min_samples_leaf': 49, 'l2_regularization': 0.6000818086819268}. Best is trial 2 with value: 0.37510565838386956.
[D 2025-12-03 13:07:17,864] Sample trial#5 with GPSampler.
[I 2025-12-03 13:07:22,319] Trial 5 finished with value: 0.3720199646108375 and parameters: {'max_iter': 163, 'learning_rate': 0.027683819269561566, 'max_depth': 10, 'min_samples_leaf': 29, 'l2_regularization': 0.29612468207572207}. Best is trial 2 with value: 0.37510565838386956.
[D 2025-12-03 13:07:22,426] Sample trial#6 with GPSampler.
[I 2025-12-03 13:07:23,760] Trial 6 finished with value: 0.3704659942600992 and parameters: {'max_iter': 54, 'learning_rate': 0.06641194751862164, 'max_depth': 7, 'min_samples_leaf': 32, 'l2_regularization': 0.13480472133410037}. Best is trial 2 with value: 0.37510565838386956.
[D 2025-12-03 13:07:23,871] Sample trial#7 with GPSampler.
[I 2025-12-03 13:07:27,681] Trial 7 finished with value: 0.35911569453813263 and parameters: {'max_iter': 142, 'learning_rate': 0.1746778318226243, 'max_depth': 11, 'min_samples_leaf': 35, 'l2_regularization': 0.8382305846813486}. Best is trial 2 with value: 0.37510565838386956.
[D 2025-12-03 13:07:27,790] Sample trial#8 with GPSampler.
[I 2025-12-03 13:07:32,615] Trial 8 finished with value: 0.356044229609209 and parameters: {'max_iter': 156, 'learning_rate': 0.299302092248138, 'max_depth': 13, 'min_samples_leaf': 18, 'l2_regularization': 0.6865277097671746}. Best is trial 2 with value: 0.37510565838386956.
[D 2025-12-03 13:07:32,722] Sample trial#9 with GPSampler.
[I 2025-12-03 13:07:37,471] Trial 9 finished with value: 0.3515783314644838 and parameters: {'max_iter': 177, 'learning_rate': 0.28933093924556524, 'max_depth': 7, 'min_samples_leaf': 21, 'l2_regularization': 0.05102782087615232}. Best is trial 2 with value: 0.37510565838386956.
[D 2025-12-03 13:07:37,578] Sample trial#10 with GPSampler.
[I 2025-12-03 13:07:38,726] Trial 10 finished with value: 0.3807734280950567 and parameters: {'max_iter': 115, 'learning_rate': 0.01, 'max_depth': 3, 'min_samples_leaf': 29, 'l2_regularization': 0.0}. Best is trial 10 with value: 0.3807734280950567.
[D 2025-12-03 13:07:38,842] Sample trial#11 with GPSampler.
[I 2025-12-03 13:07:40,177] Trial 11 finished with value: 0.3825636342274341 and parameters: {'max_iter': 135, 'learning_rate': 0.01, 'max_depth': 3, 'min_samples_leaf': 1, 'l2_regularization': 0.0}. Best is trial 11 with value: 0.3825636342274341.
[D 2025-12-03 13:07:40,288] Sample trial#12 with GPSampler.
[I 2025-12-03 13:07:41,611] Trial 12 finished with value: 0.3818209151149642 and parameters: {'max_iter': 126, 'learning_rate': 0.01, 'max_depth': 3, 'min_samples_leaf': 1, 'l2_regularization': 0.8275374096996825}. Best is trial 11 with value: 0.3825636342274341.
[D 2025-12-03 13:07:41,722] Sample trial#13 with GPSampler.
[I 2025-12-03 13:07:43,353] Trial 13 finished with value: 0.38241286595530555 and parameters: {'max_iter': 200, 'learning_rate': 0.01, 'max_depth': 3, 'min_samples_leaf': 1, 'l2_regularization': 0.3018543774435821}. Best is trial 11 with value: 0.3825636342274341.
[D 2025-12-03 13:07:43,459] Sample trial#14 with GPSampler.
[I 2025-12-03 13:07:45,222] Trial 14 finished with value: 0.3818126366831946 and parameters: {'max_iter': 163, 'learning_rate': 0.01, 'max_depth': 3, 'min_samples_leaf': 1, 'l2_regularization': 0.21607261818120133}. Best is trial 11 with value: 0.3825636342274341.
[D 2025-12-03 13:07:45,336] Sample trial#15 with GPSampler.
[I 2025-12-03 13:07:46,035] Trial 15 finished with value: 0.3810576470742788 and parameters: {'max_iter': 50, 'learning_rate': 0.01, 'max_depth': 3, 'min_samples_leaf': 1, 'l2_regularization': 0.0}. Best is trial 11 with value: 0.3825636342274341.
[D 2025-12-03 13:07:46,146] Sample trial#16 with GPSampler.
[I 2025-12-03 13:07:47,878] Trial 16 finished with value: 0.3819042603283484 and parameters: {'max_iter': 200, 'learning_rate': 0.01, 'max_depth': 3, 'min_samples_leaf': 50, 'l2_regularization': 1.0}. Best is trial 11 with value: 0.3825636342274341.
[D 2025-12-03 13:07:47,983] Sample trial#17 with GPSampler.
[I 2025-12-03 13:07:49,984] Trial 17 finished with value: 0.38436607868653666 and parameters: {'max_iter': 200, 'learning_rate': 0.01, 'max_depth': 3, 'min_samples_leaf': 1, 'l2_regularization': 1.0}. Best is trial 17 with value: 0.38436607868653666.
[D 2025-12-03 13:07:50,094] Sample trial#18 with GPSampler.
[I 2025-12-03 13:07:52,188] Trial 18 finished with value: 0.38436607868653666 and parameters: {'max_iter': 200, 'learning_rate': 0.01, 'max_depth': 3, 'min_samples_leaf': 1, 'l2_regularization': 1.0}. Best is trial 17 with value: 0.38436607868653666.
[D 2025-12-03 13:07:52,294] Sample trial#19 with GPSampler.
[I 2025-12-03 13:07:57,281] Trial 19 finished with value: 0.381982675607797 and parameters: {'max_iter': 200, 'learning_rate': 0.01, 'max_depth': 5, 'min_samples_leaf': 1, 'l2_regularization': 1.0}. Best is trial 17 with value: 0.38436607868653666.
[D 2025-12-03 13:07:57,386] Sample trial#20 with GPSampler.
[I 2025-12-03 13:07:58,981] Trial 20 finished with value: 0.38213216454296395 and parameters: {'max_iter': 200, 'learning_rate': 0.01, 'max_depth': 3, 'min_samples_leaf': 10, 'l2_regularization': 1.0}. Best is trial 17 with value: 0.38436607868653666.
[D 2025-12-03 13:07:59,088] Sample trial#21 with GPSampler.
[I 2025-12-03 13:08:01,335] Trial 21 finished with value: 0.3839403514228825 and parameters: {'max_iter': 200, 'learning_rate': 0.01, 'max_depth': 3, 'min_samples_leaf': 50, 'l2_regularization': 0.0}. Best is trial 17 with value: 0.38436607868653666.
[D 2025-12-03 13:08:01,447] Sample trial#22 with GPSampler.
[I 2025-12-03 13:08:02,417] Trial 22 finished with value: 0.3781410778749911 and parameters: {'max_iter': 50, 'learning_rate': 0.01, 'max_depth': 3, 'min_samples_leaf': 50, 'l2_regularization': 1.0}. Best is trial 17 with value: 0.38436607868653666.
[D 2025-12-03 13:08:02,523] Sample trial#23 with GPSampler.
[I 2025-12-03 13:08:04,315] Trial 23 finished with value: 0.3773950519049073 and parameters: {'max_iter': 200, 'learning_rate': 0.05534676035977107, 'max_depth': 3, 'min_samples_leaf': 1, 'l2_regularization': 1.0}. Best is trial 17 with value: 0.38436607868653666.
[D 2025-12-03 13:08:04,421] Sample trial#24 with GPSampler.
[I 2025-12-03 13:08:06,518] Trial 24 finished with value: 0.38335132417378315 and parameters: {'max_iter': 200, 'learning_rate': 0.01, 'max_depth': 3, 'min_samples_leaf': 50, 'l2_regularization': 0.4104618816379278}. Best is trial 17 with value: 0.38436607868653666.
[D 2025-12-03 13:08:06,628] Sample trial#25 with GPSampler.
[I 2025-12-03 13:08:07,556] Trial 25 finished with value: 0.37750857532947235 and parameters: {'max_iter': 50, 'learning_rate': 0.01, 'max_depth': 3, 'min_samples_leaf': 50, 'l2_regularization': 0.0}. Best is trial 17 with value: 0.38436607868653666.
[D 2025-12-03 13:08:07,661] Sample trial#26 with GPSampler.
[I 2025-12-03 13:08:09,329] Trial 26 finished with value: 0.3830938675333986 and parameters: {'max_iter': 200, 'learning_rate': 0.01, 'max_depth': 3, 'min_samples_leaf': 35, 'l2_regularization': 0.0}. Best is trial 17 with value: 0.38436607868653666.
[D 2025-12-03 13:08:09,435] Sample trial#27 with GPSampler.
[I 2025-12-03 13:08:11,335] Trial 27 finished with value: 0.3840290131902656 and parameters: {'max_iter': 200, 'learning_rate': 0.01, 'max_depth': 3, 'min_samples_leaf': 1, 'l2_regularization': 0.0}. Best is trial 17 with value: 0.38436607868653666.
[D 2025-12-03 13:08:11,441] Sample trial#28 with GPSampler.
[I 2025-12-03 13:08:18,267] Trial 28 finished with value: 0.38047272886925587 and parameters: {'max_iter': 200, 'learning_rate': 0.01, 'max_depth': 15, 'min_samples_leaf': 1, 'l2_regularization': 0.0}. Best is trial 17 with value: 0.38436607868653666.
[D 2025-12-03 13:08:18,375] Sample trial#29 with GPSampler.
[I 2025-12-03 13:08:20,420] Trial 29 finished with value: 0.37371041566232505 and parameters: {'max_iter': 50, 'learning_rate': 0.01, 'max_depth': 15, 'min_samples_leaf': 1, 'l2_regularization': 1.0}. Best is trial 17 with value: 0.38436607868653666.
[I 2025-12-03 13:08:21,269] A new study created in memory with name: histogram_gradient_boosting_fold_4
[D 2025-12-03 13:08:21,270] Sample trial#0 with RandomSampler.
[I 2025-12-03 13:08:23,320] Trial 0 finished with value: 0.35505481665920535 and parameters: {'max_iter': 65, 'learning_rate': 0.25013287315706617, 'max_depth': 9, 'min_samples_leaf': 22, 'l2_regularization': 0.30655222812071703}. Best is trial 0 with value: 0.35505481665920535.
[D 2025-12-03 13:08:23,431] Sample trial#1 with GPSampler.
[I 2025-12-03 13:08:24,996] Trial 1 finished with value: 0.362313707285738 and parameters: {'max_iter': 124, 'learning_rate': 0.2160598001431138, 'max_depth': 4, 'min_samples_leaf': 30, 'l2_regularization': 0.02599060134253972}. Best is trial 1 with value: 0.362313707285738.
[D 2025-12-03 13:08:25,103] Sample trial#2 with GPSampler.
[I 2025-12-03 13:08:29,469] Trial 2 finished with value: 0.35258187230206567 and parameters: {'max_iter': 154, 'learning_rate': 0.20719436816213738, 'max_depth': 9, 'min_samples_leaf': 41, 'l2_regularization': 0.25406178011461256}. Best is trial 1 with value: 0.362313707285738.
[D 2025-12-03 13:08:29,580] Sample trial#3 with GPSampler.
[I 2025-12-03 13:08:31,159] Trial 3 finished with value: 0.35438388498128276 and parameters: {'max_iter': 62, 'learning_rate': 0.19137678620705714, 'max_depth': 7, 'min_samples_leaf': 7, 'l2_regularization': 0.18486862364081635}. Best is trial 1 with value: 0.362313707285738.
[D 2025-12-03 13:08:31,302] Sample trial#4 with GPSampler.
[I 2025-12-03 13:08:33,284] Trial 4 finished with value: 0.36223531378222057 and parameters: {'max_iter': 157, 'learning_rate': 0.10075642686172939, 'max_depth': 4, 'min_samples_leaf': 30, 'l2_regularization': 0.6633284380711069}. Best is trial 1 with value: 0.362313707285738.
[D 2025-12-03 13:08:33,391] Sample trial#5 with GPSampler.
[I 2025-12-03 13:08:36,294] Trial 5 finished with value: 0.351935424060409 and parameters: {'max_iter': 88, 'learning_rate': 0.29545013148066945, 'max_depth': 11, 'min_samples_leaf': 18, 'l2_regularization': 0.014714419708025783}. Best is trial 1 with value: 0.362313707285738.
[D 2025-12-03 13:08:36,403] Sample trial#6 with GPSampler.
[I 2025-12-03 13:08:41,100] Trial 6 finished with value: 0.35414412414263746 and parameters: {'max_iter': 177, 'learning_rate': 0.18287854813387375, 'max_depth': 13, 'min_samples_leaf': 39, 'l2_regularization': 0.9220464529390786}. Best is trial 1 with value: 0.362313707285738.
[D 2025-12-03 13:08:41,206] Sample trial#7 with GPSampler.
[I 2025-12-03 13:08:43,183] Trial 7 finished with value: 0.36920642242197355 and parameters: {'max_iter': 56, 'learning_rate': 0.0777683295483891, 'max_depth': 12, 'min_samples_leaf': 10, 'l2_regularization': 0.8053469102411538}. Best is trial 7 with value: 0.36920642242197355.
[D 2025-12-03 13:08:43,302] Sample trial#8 with GPSampler.
[I 2025-12-03 13:08:45,823] Trial 8 finished with value: 0.3531027429071887 and parameters: {'max_iter': 120, 'learning_rate': 0.26310264675445283, 'max_depth': 5, 'min_samples_leaf': 26, 'l2_regularization': 0.6009957934563752}. Best is trial 7 with value: 0.36920642242197355.
[D 2025-12-03 13:08:45,934] Sample trial#9 with GPSampler.
[I 2025-12-03 13:08:51,931] Trial 9 finished with value: 0.3553264981607235 and parameters: {'max_iter': 171, 'learning_rate': 0.2067800774411742, 'max_depth': 13, 'min_samples_leaf': 18, 'l2_regularization': 0.006894324833857879}. Best is trial 7 with value: 0.36920642242197355.
[D 2025-12-03 13:08:52,044] Sample trial#10 with GPSampler.
[I 2025-12-03 13:08:54,068] Trial 10 finished with value: 0.3736715407301433 and parameters: {'max_iter': 56, 'learning_rate': 0.018848117894415553, 'max_depth': 12, 'min_samples_leaf': 12, 'l2_regularization': 0.91696212666832}. Best is trial 10 with value: 0.3736715407301433.
[D 2025-12-03 13:08:54,183] Sample trial#11 with GPSampler.
[I 2025-12-03 13:08:56,125] Trial 11 finished with value: 0.37463991331583946 and parameters: {'max_iter': 50, 'learning_rate': 0.01, 'max_depth': 15, 'min_samples_leaf': 16, 'l2_regularization': 1.0}. Best is trial 11 with value: 0.37463991331583946.
[D 2025-12-03 13:08:56,238] Sample trial#12 with GPSampler.
[I 2025-12-03 13:09:00,485] Trial 12 finished with value: 0.3752126382584708 and parameters: {'max_iter': 143, 'learning_rate': 0.01, 'max_depth': 15, 'min_samples_leaf': 11, 'l2_regularization': 1.0}. Best is trial 12 with value: 0.3752126382584708.
[D 2025-12-03 13:09:00,595] Sample trial#13 with GPSampler.
[I 2025-12-03 13:09:02,469] Trial 13 finished with value: 0.3736335585356119 and parameters: {'max_iter': 50, 'learning_rate': 0.01, 'max_depth': 15, 'min_samples_leaf': 4, 'l2_regularization': 1.0}. Best is trial 12 with value: 0.3752126382584708.
[D 2025-12-03 13:09:02,578] Sample trial#14 with GPSampler.
[I 2025-12-03 13:09:07,586] Trial 14 finished with value: 0.37493349292656203 and parameters: {'max_iter': 200, 'learning_rate': 0.01, 'max_depth': 7, 'min_samples_leaf': 6, 'l2_regularization': 1.0}. Best is trial 12 with value: 0.3752126382584708.
[D 2025-12-03 13:09:07,695] Sample trial#15 with GPSampler.
[I 2025-12-03 13:09:13,537] Trial 15 finished with value: 0.3759344734909976 and parameters: {'max_iter': 200, 'learning_rate': 0.01, 'max_depth': 8, 'min_samples_leaf': 14, 'l2_regularization': 1.0}. Best is trial 15 with value: 0.3759344734909976.
[D 2025-12-03 13:09:13,650] Sample trial#16 with GPSampler.
[I 2025-12-03 13:09:14,868] Trial 16 finished with value: 0.379124286317174 and parameters: {'max_iter': 104, 'learning_rate': 0.01, 'max_depth': 3, 'min_samples_leaf': 14, 'l2_regularization': 1.0}. Best is trial 16 with value: 0.379124286317174.
[D 2025-12-03 13:09:14,980] Sample trial#17 with GPSampler.
[I 2025-12-03 13:09:15,692] Trial 17 finished with value: 0.3768780613461574 and parameters: {'max_iter': 50, 'learning_rate': 0.01, 'max_depth': 3, 'min_samples_leaf': 19, 'l2_regularization': 1.0}. Best is trial 16 with value: 0.379124286317174.
[D 2025-12-03 13:09:15,801] Sample trial#18 with GPSampler.
[I 2025-12-03 13:09:16,678] Trial 18 finished with value: 0.37936582534868035 and parameters: {'max_iter': 77, 'learning_rate': 0.01, 'max_depth': 3, 'min_samples_leaf': 9, 'l2_regularization': 1.0}. Best is trial 18 with value: 0.37936582534868035.
[D 2025-12-03 13:09:16,787] Sample trial#19 with GPSampler.
[I 2025-12-03 13:09:17,824] Trial 19 finished with value: 0.3787318347005192 and parameters: {'max_iter': 97, 'learning_rate': 0.01, 'max_depth': 3, 'min_samples_leaf': 10, 'l2_regularization': 1.0}. Best is trial 18 with value: 0.37936582534868035.
[D 2025-12-03 13:09:17,947] Sample trial#20 with GPSampler.
[I 2025-12-03 13:09:18,603] Trial 20 finished with value: 0.37763330164946485 and parameters: {'max_iter': 50, 'learning_rate': 0.01, 'max_depth': 3, 'min_samples_leaf': 10, 'l2_regularization': 1.0}. Best is trial 18 with value: 0.37936582534868035.
[D 2025-12-03 13:09:18,711] Sample trial#21 with GPSampler.
[I 2025-12-03 13:09:19,364] Trial 21 finished with value: 0.3784216564545176 and parameters: {'max_iter': 50, 'learning_rate': 0.01, 'max_depth': 3, 'min_samples_leaf': 34, 'l2_regularization': 0.0}. Best is trial 18 with value: 0.37936582534868035.
[D 2025-12-03 13:09:19,472] Sample trial#22 with GPSampler.
[I 2025-12-03 13:09:20,089] Trial 22 finished with value: 0.37728984141610755 and parameters: {'max_iter': 50, 'learning_rate': 0.01, 'max_depth': 3, 'min_samples_leaf': 50, 'l2_regularization': 0.0}. Best is trial 18 with value: 0.37936582534868035.
[D 2025-12-03 13:09:20,199] Sample trial#23 with GPSampler.
[I 2025-12-03 13:09:21,643] Trial 23 finished with value: 0.3775853433104498 and parameters: {'max_iter': 163, 'learning_rate': 0.01, 'max_depth': 3, 'min_samples_leaf': 37, 'l2_regularization': 0.0}. Best is trial 18 with value: 0.37936582534868035.
[D 2025-12-03 13:09:21,747] Sample trial#24 with GPSampler.
[I 2025-12-03 13:09:23,227] Trial 24 finished with value: 0.3751324662873358 and parameters: {'max_iter': 50, 'learning_rate': 0.01, 'max_depth': 15, 'min_samples_leaf': 41, 'l2_regularization': 0.0}. Best is trial 18 with value: 0.37936582534868035.
[D 2025-12-03 13:09:23,333] Sample trial#25 with GPSampler.
[I 2025-12-03 13:09:24,906] Trial 25 finished with value: 0.38050221351919844 and parameters: {'max_iter': 200, 'learning_rate': 0.01, 'max_depth': 3, 'min_samples_leaf': 21, 'l2_regularization': 0.0}. Best is trial 25 with value: 0.38050221351919844.
[D 2025-12-03 13:09:25,015] Sample trial#26 with GPSampler.
[I 2025-12-03 13:09:26,906] Trial 26 finished with value: 0.38062090321036546 and parameters: {'max_iter': 200, 'learning_rate': 0.01, 'max_depth': 3, 'min_samples_leaf': 6, 'l2_regularization': 0.0}. Best is trial 26 with value: 0.38062090321036546.
[D 2025-12-03 13:09:27,013] Sample trial#27 with GPSampler.
[I 2025-12-03 13:09:29,133] Trial 27 finished with value: 0.38221234023338324 and parameters: {'max_iter': 138, 'learning_rate': 0.01, 'max_depth': 3, 'min_samples_leaf': 1, 'l2_regularization': 0.0}. Best is trial 27 with value: 0.38221234023338324.
[D 2025-12-03 13:09:29,244] Sample trial#28 with GPSampler.
