[I 2025-12-03 12:57:13,259] Trial 18 finished with value: 0.38774852550578304 and parameters: {'n_estimators': 382, 'learning_rate': 0.01, 'max_depth': 10, 'min_child_weight': 1, 'subsample': 0.7386071973351098, 'colsample_bytree': 1.0, 'reg_alpha': 0.0, 'reg_lambda': 1.0, 'gamma': 5.0}. Best is trial 17 with value: 0.38866860948466925.
[D 2025-12-03 12:57:13,358] Sample trial#19 with GPSampler.
[I 2025-12-03 12:57:21,291] Trial 19 finished with value: 0.38315189630365276 and parameters: {'n_estimators': 569, 'learning_rate': 0.06750964189865472, 'max_depth': 3, 'min_child_weight': 8, 'subsample': 0.7836668690955358, 'colsample_bytree': 1.0, 'reg_alpha': 0.0, 'reg_lambda': 1.0, 'gamma': 5.0}. Best is trial 17 with value: 0.38866860948466925.
[D 2025-12-03 12:57:21,391] Sample trial#20 with GPSampler.
[I 2025-12-03 12:57:39,543] Trial 20 finished with value: 0.3899264484282001 and parameters: {'n_estimators': 667, 'learning_rate': 0.037471578309933626, 'max_depth': 10, 'min_child_weight': 1, 'subsample': 0.885312632499839, 'colsample_bytree': 0.9066764654801776, 'reg_alpha': 0.0, 'reg_lambda': 1.0, 'gamma': 5.0}. Best is trial 20 with value: 0.3899264484282001.
[D 2025-12-03 12:57:39,640] Sample trial#21 with GPSampler.
[I 2025-12-03 12:57:52,805] Trial 21 finished with value: 0.3896599658891726 and parameters: {'n_estimators': 521, 'learning_rate': 0.01, 'max_depth': 10, 'min_child_weight': 1, 'subsample': 0.9142291249071628, 'colsample_bytree': 0.6720304480273434, 'reg_alpha': 0.0, 'reg_lambda': 1.0, 'gamma': 5.0}. Best is trial 20 with value: 0.3899264484282001.
[D 2025-12-03 12:57:52,905] Sample trial#22 with GPSampler.
[I 2025-12-03 12:58:09,765] Trial 22 finished with value: 0.3884785661326731 and parameters: {'n_estimators': 1000, 'learning_rate': 0.01, 'max_depth': 10, 'min_child_weight': 1, 'subsample': 0.8638888989692577, 'colsample_bytree': 0.7655578430447451, 'reg_alpha': 0.0, 'reg_lambda': 1.0, 'gamma': 5.0}. Best is trial 20 with value: 0.3899264484282001.
[D 2025-12-03 12:58:09,862] Sample trial#23 with GPSampler.
[I 2025-12-03 12:58:22,667] Trial 23 finished with value: 0.38997244180446067 and parameters: {'n_estimators': 428, 'learning_rate': 0.01, 'max_depth': 9, 'min_child_weight': 1, 'subsample': 0.9198093267610329, 'colsample_bytree': 0.944540244803123, 'reg_alpha': 0.0, 'reg_lambda': 1.0, 'gamma': 5.0}. Best is trial 23 with value: 0.38997244180446067.
[D 2025-12-03 12:58:22,766] Sample trial#24 with GPSampler.
[I 2025-12-03 12:58:31,393] Trial 24 finished with value: 0.3865039177081294 and parameters: {'n_estimators': 470, 'learning_rate': 0.01, 'max_depth': 10, 'min_child_weight': 1, 'subsample': 0.8990646902659069, 'colsample_bytree': 0.8890674776193164, 'reg_alpha': 0.0, 'reg_lambda': 2.3010333782454717, 'gamma': 5.0}. Best is trial 23 with value: 0.38997244180446067.
[D 2025-12-03 12:58:31,495] Sample trial#25 with GPSampler.
[I 2025-12-03 12:58:42,279] Trial 25 finished with value: 0.38701219994218444 and parameters: {'n_estimators': 397, 'learning_rate': 0.020720812814792912, 'max_depth': 10, 'min_child_weight': 1, 'subsample': 0.9027027595219455, 'colsample_bytree': 0.8624964310259224, 'reg_alpha': 0.46123353789708876, 'reg_lambda': 1.0, 'gamma': 5.0}. Best is trial 23 with value: 0.38997244180446067.
[D 2025-12-03 12:58:42,379] Sample trial#26 with GPSampler.
[I 2025-12-03 12:58:50,785] Trial 26 finished with value: 0.38922292147238174 and parameters: {'n_estimators': 347, 'learning_rate': 0.05304942635510981, 'max_depth': 9, 'min_child_weight': 1, 'subsample': 0.9225253217772986, 'colsample_bytree': 0.8152537929306605, 'reg_alpha': 0.0, 'reg_lambda': 1.0, 'gamma': 5.0}. Best is trial 23 with value: 0.38997244180446067.
[D 2025-12-03 12:58:50,881] Sample trial#27 with GPSampler.
[I 2025-12-03 12:59:03,361] Trial 27 finished with value: 0.39267444879381136 and parameters: {'n_estimators': 552, 'learning_rate': 0.01, 'max_depth': 11, 'min_child_weight': 1, 'subsample': 0.8989300436942114, 'colsample_bytree': 0.9458092681916589, 'reg_alpha': 0.0, 'reg_lambda': 1.0, 'gamma': 4.239711814024198}. Best is trial 27 with value: 0.39267444879381136.
[D 2025-12-03 12:59:03,458] Sample trial#28 with GPSampler.
[I 2025-12-03 12:59:20,741] Trial 28 finished with value: 0.3937007022907917 and parameters: {'n_estimators': 539, 'learning_rate': 0.01, 'max_depth': 11, 'min_child_weight': 1, 'subsample': 0.9268836411774146, 'colsample_bytree': 0.9535698980469697, 'reg_alpha': 0.0, 'reg_lambda': 1.0, 'gamma': 3.559599268906592}. Best is trial 28 with value: 0.3937007022907917.
[D 2025-12-03 12:59:20,840] Sample trial#29 with GPSampler.
[I 2025-12-03 12:59:41,410] Trial 29 finished with value: 0.39443682838084054 and parameters: {'n_estimators': 486, 'learning_rate': 0.01, 'max_depth': 14, 'min_child_weight': 1, 'subsample': 0.8994586285689254, 'colsample_bytree': 0.8531300123360023, 'reg_alpha': 0.0, 'reg_lambda': 1.0, 'gamma': 3.017585204710897}. Best is trial 29 with value: 0.39443682838084054.
[I 2025-12-03 13:03:56,816] A new study created in memory with name: histogram_gradient_boosting_fold_1
[D 2025-12-03 13:03:56,817] Sample trial#0 with RandomSampler.
[I 2025-12-03 13:03:58,848] Trial 0 finished with value: 0.36399988761359736 and parameters: {'max_iter': 54, 'learning_rate': 0.14464063673205352, 'max_depth': 15, 'min_samples_leaf': 18, 'l2_regularization': 0.6890389076560781}. Best is trial 0 with value: 0.36399988761359736.
[D 2025-12-03 13:03:58,951] Sample trial#1 with GPSampler.
[I 2025-12-03 13:04:04,126] Trial 1 finished with value: 0.37678982693656937 and parameters: {'max_iter': 199, 'learning_rate': 0.0268820438584087, 'max_depth': 13, 'min_samples_leaf': 48, 'l2_regularization': 0.5410372781115719}. Best is trial 1 with value: 0.37678982693656937.
[D 2025-12-03 13:04:04,223] Sample trial#2 with GPSampler.
[I 2025-12-03 13:04:09,148] Trial 2 finished with value: 0.36494520624937826 and parameters: {'max_iter': 152, 'learning_rate': 0.15051904666500934, 'max_depth': 15, 'min_samples_leaf': 22, 'l2_regularization': 0.616432402580317}. Best is trial 1 with value: 0.37678982693656937.
[D 2025-12-03 13:04:09,249] Sample trial#3 with GPSampler.
[I 2025-12-03 13:04:10,704] Trial 3 finished with value: 0.36155857115016743 and parameters: {'max_iter': 51, 'learning_rate': 0.23848447733326866, 'max_depth': 6, 'min_samples_leaf': 21, 'l2_regularization': 0.9756900563360531}. Best is trial 1 with value: 0.37678982693656937.
[D 2025-12-03 13:04:10,802] Sample trial#4 with GPSampler.
[I 2025-12-03 13:04:12,768] Trial 4 finished with value: 0.37360366213227464 and parameters: {'max_iter': 189, 'learning_rate': 0.03672720039846912, 'max_depth': 4, 'min_samples_leaf': 19, 'l2_regularization': 0.20634965371850456}. Best is trial 1 with value: 0.37678982693656937.
[D 2025-12-03 13:04:12,866] Sample trial#5 with GPSampler.
[I 2025-12-03 13:04:16,337] Trial 5 finished with value: 0.3677673431186671 and parameters: {'max_iter': 145, 'learning_rate': 0.08933739415852454, 'max_depth': 8, 'min_samples_leaf': 27, 'l2_regularization': 0.4513161115798634}. Best is trial 1 with value: 0.37678982693656937.
[D 2025-12-03 13:04:16,434] Sample trial#6 with GPSampler.
[I 2025-12-03 13:04:20,939] Trial 6 finished with value: 0.3632051128815821 and parameters: {'max_iter': 198, 'learning_rate': 0.16253336836958135, 'max_depth': 5, 'min_samples_leaf': 9, 'l2_regularization': 0.8212669384882887}. Best is trial 1 with value: 0.37678982693656937.
[D 2025-12-03 13:04:21,044] Sample trial#7 with GPSampler.
[I 2025-12-03 13:04:23,874] Trial 7 finished with value: 0.36617097198164067 and parameters: {'max_iter': 107, 'learning_rate': 0.15307012382256244, 'max_depth': 7, 'min_samples_leaf': 26, 'l2_regularization': 0.38478831641131206}. Best is trial 1 with value: 0.37678982693656937.
[D 2025-12-03 13:04:23,970] Sample trial#8 with GPSampler.
[I 2025-12-03 13:04:25,813] Trial 8 finished with value: 0.3632492488209801 and parameters: {'max_iter': 83, 'learning_rate': 0.17025935432188366, 'max_depth': 6, 'min_samples_leaf': 29, 'l2_regularization': 0.33828564578568565}. Best is trial 1 with value: 0.37678982693656937.
[D 2025-12-03 13:04:25,912] Sample trial#9 with GPSampler.
[I 2025-12-03 13:04:31,378] Trial 9 finished with value: 0.3611405209903164 and parameters: {'max_iter': 184, 'learning_rate': 0.20895131057648186, 'max_depth': 6, 'min_samples_leaf': 16, 'l2_regularization': 0.7915653529618196}. Best is trial 1 with value: 0.37678982693656937.
[D 2025-12-03 13:04:31,489] Sample trial#10 with GPSampler.
[I 2025-12-03 13:04:36,807] Trial 10 finished with value: 0.38238016099960787 and parameters: {'max_iter': 200, 'learning_rate': 0.01, 'max_depth': 15, 'min_samples_leaf': 50, 'l2_regularization': 0.1697606897132248}. Best is trial 10 with value: 0.38238016099960787.
[D 2025-12-03 13:04:36,907] Sample trial#11 with GPSampler.
[I 2025-12-03 13:04:43,032] Trial 11 finished with value: 0.38189799713897143 and parameters: {'max_iter': 200, 'learning_rate': 0.01, 'max_depth': 15, 'min_samples_leaf': 50, 'l2_regularization': 0.0}. Best is trial 10 with value: 0.38238016099960787.
[D 2025-12-03 13:04:43,131] Sample trial#12 with GPSampler.
[I 2025-12-03 13:04:49,569] Trial 12 finished with value: 0.38189799713897143 and parameters: {'max_iter': 200, 'learning_rate': 0.01, 'max_depth': 15, 'min_samples_leaf': 50, 'l2_regularization': 0.0}. Best is trial 10 with value: 0.38238016099960787.
[D 2025-12-03 13:04:49,674] Sample trial#13 with GPSampler.
[I 2025-12-03 13:04:52,801] Trial 13 finished with value: 0.38348258892317677 and parameters: {'max_iter': 93, 'learning_rate': 0.01, 'max_depth': 15, 'min_samples_leaf': 50, 'l2_regularization': 0.0}. Best is trial 13 with value: 0.38348258892317677.
[D 2025-12-03 13:04:52,905] Sample trial#14 with GPSampler.
[I 2025-12-03 13:04:54,524] Trial 14 finished with value: 0.3807324609115575 and parameters: {'max_iter': 50, 'learning_rate': 0.01, 'max_depth': 15, 'min_samples_leaf': 50, 'l2_regularization': 0.0}. Best is trial 13 with value: 0.38348258892317677.
[D 2025-12-03 13:04:54,627] Sample trial#15 with GPSampler.
[I 2025-12-03 13:04:56,655] Trial 15 finished with value: 0.3828518707791912 and parameters: {'max_iter': 200, 'learning_rate': 0.01, 'max_depth': 3, 'min_samples_leaf': 50, 'l2_regularization': 0.0}. Best is trial 13 with value: 0.38348258892317677.
[D 2025-12-03 13:04:56,756] Sample trial#16 with GPSampler.
[I 2025-12-03 13:04:57,923] Trial 16 finished with value: 0.38374611975320294 and parameters: {'max_iter': 103, 'learning_rate': 0.01, 'max_depth': 3, 'min_samples_leaf': 50, 'l2_regularization': 0.0}. Best is trial 16 with value: 0.38374611975320294.
[D 2025-12-03 13:04:58,020] Sample trial#17 with GPSampler.
[I 2025-12-03 13:04:59,029] Trial 17 finished with value: 0.38374611975320294 and parameters: {'max_iter': 103, 'learning_rate': 0.01, 'max_depth': 3, 'min_samples_leaf': 50, 'l2_regularization': 0.0}. Best is trial 16 with value: 0.38374611975320294.
[D 2025-12-03 13:04:59,133] Sample trial#18 with GPSampler.
[I 2025-12-03 13:05:00,252] Trial 18 finished with value: 0.38326857880743664 and parameters: {'max_iter': 121, 'learning_rate': 0.01, 'max_depth': 3, 'min_samples_leaf': 50, 'l2_regularization': 0.0}. Best is trial 16 with value: 0.38374611975320294.
[D 2025-12-03 13:05:00,371] Sample trial#19 with GPSampler.
[I 2025-12-03 13:05:00,993] Trial 19 finished with value: 0.38237872883541235 and parameters: {'max_iter': 50, 'learning_rate': 0.01, 'max_depth': 3, 'min_samples_leaf': 50, 'l2_regularization': 0.0}. Best is trial 16 with value: 0.38374611975320294.
[D 2025-12-03 13:05:01,098] Sample trial#20 with GPSampler.
[I 2025-12-03 13:05:02,441] Trial 20 finished with value: 0.3833420992487032 and parameters: {'max_iter': 144, 'learning_rate': 0.01, 'max_depth': 3, 'min_samples_leaf': 50, 'l2_regularization': 0.0}. Best is trial 16 with value: 0.38374611975320294.
[D 2025-12-03 13:05:02,542] Sample trial#21 with GPSampler.
[I 2025-12-03 13:05:05,887] Trial 21 finished with value: 0.3833181759355323 and parameters: {'max_iter': 132, 'learning_rate': 0.01, 'max_depth': 7, 'min_samples_leaf': 50, 'l2_regularization': 0.0}. Best is trial 16 with value: 0.38374611975320294.
[D 2025-12-03 13:05:05,987] Sample trial#22 with GPSampler.
[I 2025-12-03 13:05:07,091] Trial 22 finished with value: 0.38322543333026826 and parameters: {'max_iter': 118, 'learning_rate': 0.01, 'max_depth': 3, 'min_samples_leaf': 50, 'l2_regularization': 0.2115499805503976}. Best is trial 16 with value: 0.38374611975320294.
[D 2025-12-03 13:05:07,192] Sample trial#23 with GPSampler.
[I 2025-12-03 13:05:07,813] Trial 23 finished with value: 0.3808770246879118 and parameters: {'max_iter': 50, 'learning_rate': 0.01, 'max_depth': 3, 'min_samples_leaf': 50, 'l2_regularization': 1.0}. Best is trial 16 with value: 0.38374611975320294.
[D 2025-12-03 13:05:07,914] Sample trial#24 with GPSampler.
[I 2025-12-03 13:05:09,468] Trial 24 finished with value: 0.3834124257971507 and parameters: {'max_iter': 84, 'learning_rate': 0.01, 'max_depth': 3, 'min_samples_leaf': 1, 'l2_regularization': 0.0}. Best is trial 16 with value: 0.38374611975320294.
[D 2025-12-03 13:05:09,572] Sample trial#25 with GPSampler.
[I 2025-12-03 13:05:11,138] Trial 25 finished with value: 0.38193786189913037 and parameters: {'max_iter': 186, 'learning_rate': 0.01, 'max_depth': 3, 'min_samples_leaf': 50, 'l2_regularization': 1.0}. Best is trial 16 with value: 0.38374611975320294.
[D 2025-12-03 13:05:11,239] Sample trial#26 with GPSampler.
[I 2025-12-03 13:05:12,437] Trial 26 finished with value: 0.38560348068482064 and parameters: {'max_iter': 86, 'learning_rate': 0.01, 'max_depth': 3, 'min_samples_leaf': 35, 'l2_regularization': 0.0}. Best is trial 26 with value: 0.38560348068482064.
[D 2025-12-03 13:05:12,553] Sample trial#27 with GPSampler.
[I 2025-12-03 13:05:13,455] Trial 27 finished with value: 0.3834549776340737 and parameters: {'max_iter': 86, 'learning_rate': 0.01, 'max_depth': 3, 'min_samples_leaf': 27, 'l2_regularization': 0.0}. Best is trial 26 with value: 0.38560348068482064.
[D 2025-12-03 13:05:13,556] Sample trial#28 with GPSampler.
[I 2025-12-03 13:05:14,594] Trial 28 finished with value: 0.38426405742430203 and parameters: {'max_iter': 50, 'learning_rate': 0.01, 'max_depth': 3, 'min_samples_leaf': 1, 'l2_regularization': 1.0}. Best is trial 26 with value: 0.38560348068482064.
[D 2025-12-03 13:05:14,694] Sample trial#29 with GPSampler.
[I 2025-12-03 13:05:15,632] Trial 29 finished with value: 0.38399468456016805 and parameters: {'max_iter': 84, 'learning_rate': 0.01, 'max_depth': 3, 'min_samples_leaf': 40, 'l2_regularization': 0.0}. Best is trial 26 with value: 0.38560348068482064.
[I 2025-12-03 13:05:16,278] A new study created in memory with name: histogram_gradient_boosting_fold_2
[D 2025-12-03 13:05:16,278] Sample trial#0 with RandomSampler.
[I 2025-12-03 13:05:18,439] Trial 0 finished with value: 0.3648645692317743 and parameters: {'max_iter': 73, 'learning_rate': 0.1413783313802104, 'max_depth': 11, 'min_samples_leaf': 37, 'l2_regularization': 0.750464064329507}. Best is trial 0 with value: 0.3648645692317743.
[D 2025-12-03 13:05:18,540] Sample trial#1 with GPSampler.
[I 2025-12-03 13:05:21,042] Trial 1 finished with value: 0.361025773606965 and parameters: {'max_iter': 193, 'learning_rate': 0.27684664992448477, 'max_depth': 4, 'min_samples_leaf': 24, 'l2_regularization': 0.5465489326615711}. Best is trial 0 with value: 0.3648645692317743.
[D 2025-12-03 13:05:21,144] Sample trial#2 with GPSampler.
[I 2025-12-03 13:05:24,043] Trial 2 finished with value: 0.3633921959162094 and parameters: {'max_iter': 104, 'learning_rate': 0.2672772482174262, 'max_depth': 10, 'min_samples_leaf': 29, 'l2_regularization': 0.5578683890269869}. Best is trial 0 with value: 0.3648645692317743.
[D 2025-12-03 13:05:24,145] Sample trial#3 with GPSampler.
[I 2025-12-03 13:05:29,195] Trial 3 finished with value: 0.3619935868879431 and parameters: {'max_iter': 187, 'learning_rate': 0.2108409903341321, 'max_depth': 8, 'min_samples_leaf': 22, 'l2_regularization': 0.7360177143108675}. Best is trial 0 with value: 0.3648645692317743.
[D 2025-12-03 13:05:29,297] Sample trial#4 with GPSampler.
[I 2025-12-03 13:05:33,665] Trial 4 finished with value: 0.3674245125486949 and parameters: {'max_iter': 200, 'learning_rate': 0.04393939867818729, 'max_depth': 6, 'min_samples_leaf': 3, 'l2_regularization': 0.5453301945552513}. Best is trial 4 with value: 0.3674245125486949.
[D 2025-12-03 13:05:33,767] Sample trial#5 with GPSampler.
[I 2025-12-03 13:05:36,541] Trial 5 finished with value: 0.3695291252392602 and parameters: {'max_iter': 107, 'learning_rate': 0.06241524779577664, 'max_depth': 11, 'min_samples_leaf': 27, 'l2_regularization': 0.4281476674499959}. Best is trial 5 with value: 0.3695291252392602.
[D 2025-12-03 13:05:36,641] Sample trial#6 with GPSampler.
[I 2025-12-03 13:05:40,099] Trial 6 finished with value: 0.36339379368024916 and parameters: {'max_iter': 163, 'learning_rate': 0.06682183929632751, 'max_depth': 8, 'min_samples_leaf': 45, 'l2_regularization': 0.07172269352005989}. Best is trial 5 with value: 0.3695291252392602.
[D 2025-12-03 13:05:40,215] Sample trial#7 with GPSampler.
[I 2025-12-03 13:05:42,749] Trial 7 finished with value: 0.36576122802464217 and parameters: {'max_iter': 106, 'learning_rate': 0.07293295596789026, 'max_depth': 8, 'min_samples_leaf': 38, 'l2_regularization': 0.7247300166481426}. Best is trial 5 with value: 0.3695291252392602.
[D 2025-12-03 13:05:42,850] Sample trial#8 with GPSampler.
[I 2025-12-03 13:05:47,483] Trial 8 finished with value: 0.3599865734948744 and parameters: {'max_iter': 181, 'learning_rate': 0.2058222572968005, 'max_depth': 8, 'min_samples_leaf': 15, 'l2_regularization': 0.2729562705294445}. Best is trial 5 with value: 0.3695291252392602.
[D 2025-12-03 13:05:47,584] Sample trial#9 with GPSampler.
[I 2025-12-03 13:05:52,236] Trial 9 finished with value: 0.37803597891738794 and parameters: {'max_iter': 187, 'learning_rate': 0.01599626504251276, 'max_depth': 12, 'min_samples_leaf': 35, 'l2_regularization': 0.6379214529105673}. Best is trial 9 with value: 0.37803597891738794.
[D 2025-12-03 13:05:52,339] Sample trial#10 with GPSampler.
[I 2025-12-03 13:05:57,948] Trial 10 finished with value: 0.38062128837671505 and parameters: {'max_iter': 200, 'learning_rate': 0.01, 'max_depth': 14, 'min_samples_leaf': 28, 'l2_regularization': 0.9009255995019627}. Best is trial 10 with value: 0.38062128837671505.
[D 2025-12-03 13:05:58,058] Sample trial#11 with GPSampler.
[I 2025-12-03 13:06:03,370] Trial 11 finished with value: 0.37905557174788285 and parameters: {'max_iter': 200, 'learning_rate': 0.01, 'max_depth': 15, 'min_samples_leaf': 50, 'l2_regularization': 1.0}. Best is trial 10 with value: 0.38062128837671505.
[D 2025-12-03 13:06:03,473] Sample trial#12 with GPSampler.
[I 2025-12-03 13:06:10,469] Trial 12 finished with value: 0.3799742963877349 and parameters: {'max_iter': 200, 'learning_rate': 0.01, 'max_depth': 15, 'min_samples_leaf': 1, 'l2_regularization': 0.8330671780742275}. Best is trial 10 with value: 0.38062128837671505.
[D 2025-12-03 13:06:10,576] Sample trial#13 with GPSampler.
[I 2025-12-03 13:06:17,045] Trial 13 finished with value: 0.3812819379229387 and parameters: {'max_iter': 200, 'learning_rate': 0.01, 'max_depth': 13, 'min_samples_leaf': 11, 'l2_regularization': 1.0}. Best is trial 13 with value: 0.3812819379229387.
[D 2025-12-03 13:06:17,150] Sample trial#14 with GPSampler.
[I 2025-12-03 13:06:22,219] Trial 14 finished with value: 0.3801960976368065 and parameters: {'max_iter': 136, 'learning_rate': 0.01, 'max_depth': 14, 'min_samples_leaf': 6, 'l2_regularization': 1.0}. Best is trial 13 with value: 0.3812819379229387.
[D 2025-12-03 13:06:22,323] Sample trial#15 with GPSampler.
[I 2025-12-03 13:06:28,969] Trial 15 finished with value: 0.3796473702399914 and parameters: {'max_iter': 200, 'learning_rate': 0.01, 'max_depth': 13, 'min_samples_leaf': 1, 'l2_regularization': 1.0}. Best is trial 13 with value: 0.3812819379229387.
[D 2025-12-03 13:06:29,091] Sample trial#16 with GPSampler.
[I 2025-12-03 13:06:35,114] Trial 16 finished with value: 0.3796751753395206 and parameters: {'max_iter': 200, 'learning_rate': 0.01, 'max_depth': 15, 'min_samples_leaf': 19, 'l2_regularization': 1.0}. Best is trial 13 with value: 0.3812819379229387.
[D 2025-12-03 13:06:35,218] Sample trial#17 with GPSampler.
[I 2025-12-03 13:06:41,126] Trial 17 finished with value: 0.3864251882152183 and parameters: {'max_iter': 200, 'learning_rate': 0.01, 'max_depth': 15, 'min_samples_leaf': 1, 'l2_regularization': 0.0}. Best is trial 17 with value: 0.3864251882152183.
[D 2025-12-03 13:06:41,234] Sample trial#18 with GPSampler.
[I 2025-12-03 13:06:44,158] Trial 18 finished with value: 0.38897554954454633 and parameters: {'max_iter': 101, 'learning_rate': 0.01, 'max_depth': 15, 'min_samples_leaf': 1, 'l2_regularization': 0.0}. Best is trial 18 with value: 0.38897554954454633.
[D 2025-12-03 13:06:44,259] Sample trial#19 with GPSampler.
[I 2025-12-03 13:06:46,118] Trial 19 finished with value: 0.3892746267057818 and parameters: {'max_iter': 50, 'learning_rate': 0.01, 'max_depth': 15, 'min_samples_leaf': 1, 'l2_regularization': 0.0}. Best is trial 19 with value: 0.3892746267057818.
[D 2025-12-03 13:06:46,220] Sample trial#20 with GPSampler.
[I 2025-12-03 13:06:47,654] Trial 20 finished with value: 0.38659808609069246 and parameters: {'max_iter': 50, 'learning_rate': 0.01, 'max_depth': 15, 'min_samples_leaf': 23, 'l2_regularization': 0.0}. Best is trial 19 with value: 0.3892746267057818.
[D 2025-12-03 13:06:47,759] Sample trial#21 with GPSampler.
