[I 2025-12-03 13:09:30,103] Trial 28 finished with value: 0.3793975041022821 and parameters: {'max_iter': 61, 'learning_rate': 0.01, 'max_depth': 3, 'min_samples_leaf': 1, 'l2_regularization': 0.0}. Best is trial 27 with value: 0.38221234023338324.
[D 2025-12-03 13:09:30,241] Sample trial#29 with GPSampler.
[I 2025-12-03 13:09:32,243] Trial 29 finished with value: 0.3802692083969309 and parameters: {'max_iter': 200, 'learning_rate': 0.028655711803030295, 'max_depth': 3, 'min_samples_leaf': 1, 'l2_regularization': 0.0}. Best is trial 27 with value: 0.38221234023338324.
[I 2025-12-03 13:09:33,018] A new study created in memory with name: histogram_gradient_boosting_fold_5
[D 2025-12-03 13:09:33,019] Sample trial#0 with RandomSampler.
[I 2025-12-03 13:09:34,896] Trial 0 finished with value: 0.36034229235648596 and parameters: {'max_iter': 72, 'learning_rate': 0.2784998676184799, 'max_depth': 7, 'min_samples_leaf': 32, 'l2_regularization': 0.06166192471966547}. Best is trial 0 with value: 0.36034229235648596.
[D 2025-12-03 13:09:35,009] Sample trial#1 with GPSampler.
[I 2025-12-03 13:09:36,998] Trial 1 finished with value: 0.35981750625928116 and parameters: {'max_iter': 159, 'learning_rate': 0.27252612331675663, 'max_depth': 4, 'min_samples_leaf': 43, 'l2_regularization': 0.2545840496893349}. Best is trial 0 with value: 0.36034229235648596.
[D 2025-12-03 13:09:37,116] Sample trial#2 with GPSampler.
[I 2025-12-03 13:09:38,911] Trial 2 finished with value: 0.36599809216858636 and parameters: {'max_iter': 82, 'learning_rate': 0.11516044511652128, 'max_depth': 6, 'min_samples_leaf': 25, 'l2_regularization': 0.07193534410664348}. Best is trial 2 with value: 0.36599809216858636.
[D 2025-12-03 13:09:39,020] Sample trial#3 with GPSampler.
[I 2025-12-03 13:09:39,888] Trial 3 finished with value: 0.369261341245266 and parameters: {'max_iter': 79, 'learning_rate': 0.18444404496848776, 'max_depth': 3, 'min_samples_leaf': 29, 'l2_regularization': 0.9855063379032918}. Best is trial 3 with value: 0.369261341245266.
[D 2025-12-03 13:09:39,999] Sample trial#4 with GPSampler.
[I 2025-12-03 13:09:42,559] Trial 4 finished with value: 0.36409661417643446 and parameters: {'max_iter': 90, 'learning_rate': 0.1722894758876163, 'max_depth': 7, 'min_samples_leaf': 8, 'l2_regularization': 0.20802570030508571}. Best is trial 3 with value: 0.369261341245266.
[D 2025-12-03 13:09:42,669] Sample trial#5 with GPSampler.
[I 2025-12-03 13:09:48,728] Trial 5 finished with value: 0.3666781681218893 and parameters: {'max_iter': 189, 'learning_rate': 0.07673296379123809, 'max_depth': 10, 'min_samples_leaf': 7, 'l2_regularization': 0.7409675891254583}. Best is trial 3 with value: 0.369261341245266.
[D 2025-12-03 13:09:48,841] Sample trial#6 with GPSampler.
[I 2025-12-03 13:09:50,636] Trial 6 finished with value: 0.3716707745243792 and parameters: {'max_iter': 103, 'learning_rate': 0.08791480592196095, 'max_depth': 5, 'min_samples_leaf': 50, 'l2_regularization': 0.012235425919194354}. Best is trial 6 with value: 0.3716707745243792.
[D 2025-12-03 13:09:50,746] Sample trial#7 with GPSampler.
[I 2025-12-03 13:09:55,343] Trial 7 finished with value: 0.3662044153062093 and parameters: {'max_iter': 197, 'learning_rate': 0.048209935308831005, 'max_depth': 8, 'min_samples_leaf': 25, 'l2_regularization': 0.4485936747978442}. Best is trial 6 with value: 0.3716707745243792.
[D 2025-12-03 13:09:55,455] Sample trial#8 with GPSampler.
[I 2025-12-03 13:10:01,214] Trial 8 finished with value: 0.35946666172307573 and parameters: {'max_iter': 198, 'learning_rate': 0.20953572011867722, 'max_depth': 14, 'min_samples_leaf': 6, 'l2_regularization': 0.38502775150197666}. Best is trial 6 with value: 0.3716707745243792.
[D 2025-12-03 13:10:01,322] Sample trial#9 with GPSampler.
[I 2025-12-03 13:10:03,389] Trial 9 finished with value: 0.36490354577218337 and parameters: {'max_iter': 73, 'learning_rate': 0.11515890327326911, 'max_depth': 15, 'min_samples_leaf': 30, 'l2_regularization': 0.9590114838574871}. Best is trial 6 with value: 0.3716707745243792.
[D 2025-12-03 13:10:03,498] Sample trial#10 with GPSampler.
[I 2025-12-03 13:10:04,133] Trial 10 finished with value: 0.3845708382491074 and parameters: {'max_iter': 50, 'learning_rate': 0.05026573181894152, 'max_depth': 3, 'min_samples_leaf': 50, 'l2_regularization': 0.12235686872465198}. Best is trial 10 with value: 0.3845708382491074.
[D 2025-12-03 13:10:04,259] Sample trial#11 with GPSampler.
[I 2025-12-03 13:10:05,391] Trial 11 finished with value: 0.38007045559534314 and parameters: {'max_iter': 50, 'learning_rate': 0.01, 'max_depth': 3, 'min_samples_leaf': 50, 'l2_regularization': 0.29357531023714317}. Best is trial 10 with value: 0.3845708382491074.
[D 2025-12-03 13:10:05,503] Sample trial#12 with GPSampler.
[I 2025-12-03 13:10:06,347] Trial 12 finished with value: 0.38379211106159417 and parameters: {'max_iter': 50, 'learning_rate': 0.05401951518040398, 'max_depth': 3, 'min_samples_leaf': 50, 'l2_regularization': 0.5194290219245872}. Best is trial 10 with value: 0.3845708382491074.
[D 2025-12-03 13:10:06,462] Sample trial#13 with GPSampler.
[I 2025-12-03 13:10:07,159] Trial 13 finished with value: 0.3833525827154515 and parameters: {'max_iter': 50, 'learning_rate': 0.04243912067032664, 'max_depth': 3, 'min_samples_leaf': 30, 'l2_regularization': 0.07782023707858589}. Best is trial 10 with value: 0.3845708382491074.
[D 2025-12-03 13:10:07,269] Sample trial#14 with GPSampler.
[I 2025-12-03 13:10:07,990] Trial 14 finished with value: 0.38430981383313 and parameters: {'max_iter': 50, 'learning_rate': 0.0429957527685547, 'max_depth': 3, 'min_samples_leaf': 50, 'l2_regularization': 0.0}. Best is trial 10 with value: 0.3845708382491074.
[D 2025-12-03 13:10:08,101] Sample trial#15 with GPSampler.
[I 2025-12-03 13:10:09,202] Trial 15 finished with value: 0.382418845923205 and parameters: {'max_iter': 50, 'learning_rate': 0.04401598547139056, 'max_depth': 6, 'min_samples_leaf': 50, 'l2_regularization': 0.13106361108568262}. Best is trial 10 with value: 0.3845708382491074.
[D 2025-12-03 13:10:09,313] Sample trial#16 with GPSampler.
[I 2025-12-03 13:10:09,967] Trial 16 finished with value: 0.3845660711387077 and parameters: {'max_iter': 50, 'learning_rate': 0.05412226798616105, 'max_depth': 3, 'min_samples_leaf': 50, 'l2_regularization': 0.0}. Best is trial 10 with value: 0.3845708382491074.
[D 2025-12-03 13:10:10,109] Sample trial#17 with GPSampler.
[I 2025-12-03 13:10:10,760] Trial 17 finished with value: 0.3843570997959741 and parameters: {'max_iter': 50, 'learning_rate': 0.05111444418220418, 'max_depth': 3, 'min_samples_leaf': 50, 'l2_regularization': 0.0}. Best is trial 10 with value: 0.3845708382491074.
[D 2025-12-03 13:10:10,871] Sample trial#18 with GPSampler.
[I 2025-12-03 13:10:11,553] Trial 18 finished with value: 0.3845288310733801 and parameters: {'max_iter': 50, 'learning_rate': 0.031143855410997602, 'max_depth': 3, 'min_samples_leaf': 1, 'l2_regularization': 1.0}. Best is trial 10 with value: 0.3845708382491074.
[D 2025-12-03 13:10:11,668] Sample trial#19 with GPSampler.
[I 2025-12-03 13:10:12,327] Trial 19 finished with value: 0.37952350576669047 and parameters: {'max_iter': 50, 'learning_rate': 0.01, 'max_depth': 3, 'min_samples_leaf': 1, 'l2_regularization': 1.0}. Best is trial 10 with value: 0.3845708382491074.
[D 2025-12-03 13:10:12,440] Sample trial#20 with GPSampler.
[I 2025-12-03 13:10:13,080] Trial 20 finished with value: 0.3849933275304205 and parameters: {'max_iter': 50, 'learning_rate': 0.048981693061948064, 'max_depth': 3, 'min_samples_leaf': 1, 'l2_regularization': 1.0}. Best is trial 20 with value: 0.3849933275304205.
[D 2025-12-03 13:10:13,192] Sample trial#21 with GPSampler.
[I 2025-12-03 13:10:13,840] Trial 21 finished with value: 0.3843747466764604 and parameters: {'max_iter': 50, 'learning_rate': 0.04235587632223713, 'max_depth': 3, 'min_samples_leaf': 1, 'l2_regularization': 1.0}. Best is trial 20 with value: 0.3849933275304205.
[D 2025-12-03 13:10:13,951] Sample trial#22 with GPSampler.
[I 2025-12-03 13:10:14,611] Trial 22 finished with value: 0.3820960955418476 and parameters: {'max_iter': 50, 'learning_rate': 0.042990327900169864, 'max_depth': 3, 'min_samples_leaf': 25, 'l2_regularization': 1.0}. Best is trial 20 with value: 0.3849933275304205.
[D 2025-12-03 13:10:14,722] Sample trial#23 with GPSampler.
[I 2025-12-03 13:10:15,372] Trial 23 finished with value: 0.3843295088336448 and parameters: {'max_iter': 50, 'learning_rate': 0.044484836549144216, 'max_depth': 3, 'min_samples_leaf': 1, 'l2_regularization': 0.41251843963084556}. Best is trial 20 with value: 0.3849933275304205.
[D 2025-12-03 13:10:15,484] Sample trial#24 with GPSampler.
[I 2025-12-03 13:10:17,567] Trial 24 finished with value: 0.3766557259548597 and parameters: {'max_iter': 50, 'learning_rate': 0.031279735856786214, 'max_depth': 15, 'min_samples_leaf': 1, 'l2_regularization': 1.0}. Best is trial 20 with value: 0.3849933275304205.
[D 2025-12-03 13:10:17,683] Sample trial#25 with GPSampler.
[I 2025-12-03 13:10:18,479] Trial 25 finished with value: 0.38709628559670856 and parameters: {'max_iter': 50, 'learning_rate': 0.05268286985959059, 'max_depth': 3, 'min_samples_leaf': 1, 'l2_regularization': 0.9999999999999999}. Best is trial 25 with value: 0.38709628559670856.
[D 2025-12-03 13:10:18,594] Sample trial#26 with GPSampler.
[I 2025-12-03 13:10:19,310] Trial 26 finished with value: 0.382328043032891 and parameters: {'max_iter': 50, 'learning_rate': 0.07356569917960806, 'max_depth': 3, 'min_samples_leaf': 1, 'l2_regularization': 1.0}. Best is trial 25 with value: 0.38709628559670856.
[D 2025-12-03 13:10:19,423] Sample trial#27 with GPSampler.
[I 2025-12-03 13:10:20,304] Trial 27 finished with value: 0.381833058582451 and parameters: {'max_iter': 94, 'learning_rate': 0.04662366521087827, 'max_depth': 3, 'min_samples_leaf': 1, 'l2_regularization': 1.0}. Best is trial 25 with value: 0.38709628559670856.
[D 2025-12-03 13:10:20,415] Sample trial#28 with GPSampler.
[I 2025-12-03 13:10:21,134] Trial 28 finished with value: 0.3904995679298108 and parameters: {'max_iter': 50, 'learning_rate': 0.018433502033187287, 'max_depth': 3, 'min_samples_leaf': 1, 'l2_regularization': 0.0}. Best is trial 28 with value: 0.3904995679298108.
[D 2025-12-03 13:10:21,248] Sample trial#29 with GPSampler.
[I 2025-12-03 13:10:21,961] Trial 29 finished with value: 0.3891697250276846 and parameters: {'max_iter': 50, 'learning_rate': 0.01, 'max_depth': 3, 'min_samples_leaf': 1, 'l2_regularization': 0.0}. Best is trial 28 with value: 0.3904995679298108.
Saved Optuna plots to results/20251202_215107_ana_optimized_multiclass/xgboost/optuna_plots
Fold 3
Importâncias dos parâmetros para fold 3: {'n_estimators': np.float64(0.7456570233234732), 'learning_rate': np.float64(0.09575311307514918), 'subsample': np.float64(0.06877293799843964), 'gamma': np.float64(0.03419681874770862), 'max_depth': np.float64(0.022667015503081034), 'reg_alpha': np.float64(0.013500129481105311), 'colsample_bytree': np.float64(0.009756436017960814), 'min_child_weight': np.float64(0.00624311924838705), 'reg_lambda': np.float64(0.0034534066046951924)}
Saved Optuna plots to results/20251202_215107_ana_optimized_multiclass/xgboost/optuna_plots
Fold 4
Importâncias dos parâmetros para fold 4: {'min_child_weight': np.float64(0.2604083887395589), 'learning_rate': np.float64(0.21727413991956387), 'subsample': np.float64(0.1460225134705598), 'reg_alpha': np.float64(0.12110183280808433), 'colsample_bytree': np.float64(0.08730897476250726), 'max_depth': np.float64(0.05723675345358401), 'reg_lambda': np.float64(0.05701956470456199), 'gamma': np.float64(0.02784005237168962), 'n_estimators': np.float64(0.025787779769890162)}
Saved Optuna plots to results/20251202_215107_ana_optimized_multiclass/xgboost/optuna_plots
Fold 5
Importâncias dos parâmetros para fold 5: {'reg_lambda': np.float64(0.4152132223680942), 'subsample': np.float64(0.14168463868992617), 'learning_rate': np.float64(0.13492096309204518), 'gamma': np.float64(0.12183697628148955), 'reg_alpha': np.float64(0.058443492639707814), 'min_child_weight': np.float64(0.056507981053709876), 'n_estimators': np.float64(0.04451822449554113), 'colsample_bytree': np.float64(0.015188199317168485), 'max_depth': np.float64(0.011686302062317381)}
Saved Optuna plots to results/20251202_215107_ana_optimized_multiclass/xgboost/optuna_plots

Nested CV completed. The 20% holdout set (3536 samples) remains untouched.
This holdout set can be used for final unbiased evaluation.

Training and evaluating 5 best parameter sets on holdout data...
Testing with 4 balancing strategies: none, randomundersampler, smoteenn, tomeklinks

Evaluating fold 1 best params on holdout set...
  - Testing with balance strategy: none
  - Testing with balance strategy: randomundersampler
  - Testing with balance strategy: smoteenn
  - Testing with balance strategy: tomeklinks

Evaluating fold 2 best params on holdout set...
  - Testing with balance strategy: none
  - Testing with balance strategy: randomundersampler
  - Testing with balance strategy: smoteenn
  - Testing with balance strategy: tomeklinks

Evaluating fold 3 best params on holdout set...
  - Testing with balance strategy: none
  - Testing with balance strategy: randomundersampler
  - Testing with balance strategy: smoteenn
  - Testing with balance strategy: tomeklinks

Evaluating fold 4 best params on holdout set...
  - Testing with balance strategy: none
  - Testing with balance strategy: randomundersampler
  - Testing with balance strategy: smoteenn
  - Testing with balance strategy: tomeklinks

Evaluating fold 5 best params on holdout set...
  - Testing with balance strategy: none
  - Testing with balance strategy: randomundersampler
  - Testing with balance strategy: smoteenn
  - Testing with balance strategy: tomeklinks
Saving optimization and holdout results...
Detailed results by fold saved to: ./results/20251202_215107_ana_optimized_multiclass/xgboost/detailed_results_by_fold.txt
Test predictions for all folds saved to: ./results/20251202_215107_ana_optimized_multiclass/xgboost/metrics.json
Saving holdout results...
Holdout evaluation results saved to: ./results/20251202_215107_ana_optimized_multiclass/xgboost/holdout_results.txt
Saved!
[OK] XGBoost executado com sucesso!

CONFIGURAÇÃO DO EXPERIMENTO (OTIMIZAÇÃO):
  Modelo: Histogram Gradient Boosting
  Trials: 30
  Tipo: multiclass
  Parâmetros: Completo
  Balanceamento: none
================================================================================
EXECUTANDO MODELO: Histogram Gradient Boosting
================================================================================

Starting Nested Cross-Validation for histogram_gradient_boosting...
Configuration: 5 outer folds, 30 trials per fold
Performing 80/20 holdout split...
Holdout split completed:
  - Training set: 14140 samples (80%)
  - Holdout test set: 3536 samples (20%)
Fold 1
Importâncias dos parâmetros para fold 1: {'learning_rate': np.float64(0.8400666746914851), 'l2_regularization': np.float64(0.06685333718863512), 'max_iter': np.float64(0.04648958719791937), 'max_depth': np.float64(0.030783259719997874), 'min_samples_leaf': np.float64(0.015807141201962378)}
Saved Optuna plots to results/20251202_215107_ana_optimized_multiclass/histogram_gradient_boosting/optuna_plots
Fold 2
Importâncias dos parâmetros para fold 2: {'learning_rate': np.float64(0.8771731726208778), 'l2_regularization': np.float64(0.07399284533985993), 'max_iter': np.float64(0.027423772910004703), 'min_samples_leaf': np.float64(0.014791187435376623), 'max_depth': np.float64(0.006619021693880946)}
Saved Optuna plots to results/20251202_215107_ana_optimized_multiclass/histogram_gradient_boosting/optuna_plots
Fold 3
Importâncias dos parâmetros para fold 3: {'learning_rate': np.float64(0.6792433703702297), 'max_iter': np.float64(0.1464503574862769), 'l2_regularization': np.float64(0.10144754985150105), 'min_samples_leaf': np.float64(0.0471480076128746), 'max_depth': np.float64(0.025710714679117647)}
Saved Optuna plots to results/20251202_215107_ana_optimized_multiclass/histogram_gradient_boosting/optuna_plots
Fold 4
Importâncias dos parâmetros para fold 4: {'learning_rate': np.float64(0.9073471901846918), 'max_depth': np.float64(0.06924585412623728), 'l2_regularization': np.float64(0.011102672887070222), 'min_samples_leaf': np.float64(0.009025568980138047), 'max_iter': np.float64(0.0032787138218625944)}
Saved Optuna plots to results/20251202_215107_ana_optimized_multiclass/histogram_gradient_boosting/optuna_plots
Fold 5
Importâncias dos parâmetros para fold 5: {'learning_rate': np.float64(0.5948114227739372), 'max_iter': np.float64(0.26244986470160037), 'max_depth': np.float64(0.10808149284387894), 'l2_regularization': np.float64(0.017901347761753866), 'min_samples_leaf': np.float64(0.01675587191882947)}
Saved Optuna plots to results/20251202_215107_ana_optimized_multiclass/histogram_gradient_boosting/optuna_plots

Nested CV completed. The 20% holdout set (3536 samples) remains untouched.
This holdout set can be used for final unbiased evaluation.

Training and evaluating 5 best parameter sets on holdout data...
Testing with 4 balancing strategies: none, randomundersampler, smoteenn, tomeklinks

Evaluating fold 1 best params on holdout set...
  - Testing with balance strategy: none
  - Testing with balance strategy: randomundersampler
  - Testing with balance strategy: smoteenn
  - Testing with balance strategy: tomeklinks

Evaluating fold 2 best params on holdout set...
  - Testing with balance strategy: none
  - Testing with balance strategy: randomundersampler
  - Testing with balance strategy: smoteenn
  - Testing with balance strategy: tomeklinks

Evaluating fold 3 best params on holdout set...
  - Testing with balance strategy: none
  - Testing with balance strategy: randomundersampler
  - Testing with balance strategy: smoteenn
  - Testing with balance strategy: tomeklinks

Evaluating fold 4 best params on holdout set...
  - Testing with balance strategy: none
  - Testing with balance strategy: randomundersampler
  - Testing with balance strategy: smoteenn
  - Testing with balance strategy: tomeklinks

Evaluating fold 5 best params on holdout set...
  - Testing with balance strategy: none
  - Testing with balance strategy: randomundersampler
  - Testing with balance strategy: smoteenn
  - Testing with balance strategy: tomeklinks
Saving optimization and holdout results...
Detailed results by fold saved to: ./results/20251202_215107_ana_optimized_multiclass/histogram_gradient_boosting/detailed_results_by_fold.txt
Test predictions for all folds saved to: ./results/20251202_215107_ana_optimized_multiclass/histogram_gradient_boosting/metrics.json
Saving holdout results...
Holdout evaluation results saved to: ./results/20251202_215107_ana_optimized_multiclass/histogram_gradient_boosting/holdout_results.txt
Saved!
[OK] Histogram Gradient Boosting executado com sucesso!

EXPERIMENTO CONCLUÍDO!
