[I 2025-12-03 01:29:04,482] Trial 0 finished with value: 0.12644714518608577 and parameters: {'n_estimators': 650, 'learning_rate': 0.048506525109414014, 'max_depth': 18, 'min_child_weight': 2, 'subsample': 0.9815954161253724, 'colsample_bytree': 0.45152693169008107, 'reg_alpha': 0.18737099831006565, 'reg_lambda': 4.168746566765301, 'gamma': 0.0, 'scale_pos_weight': 5.373052579538965}. Best is trial 0 with value: 0.12644714518608577.
[I 2025-12-03 01:29:32,591] Trial 1 finished with value: 0.1539373466254146 and parameters: {'n_estimators': 900, 'learning_rate': 0.02492344285463069, 'max_depth': 12, 'min_child_weight': 9, 'subsample': 0.9049573692522547, 'colsample_bytree': 0.5875396895700236, 'reg_alpha': 1.1822267626637739e-05, 'reg_lambda': 3.580760439837548, 'gamma': 4.0, 'scale_pos_weight': 5.55953424079991}. Best is trial 1 with value: 0.1539373466254146.
[I 2025-12-03 01:29:56,082] Trial 2 finished with value: 0.16023629427917233 and parameters: {'n_estimators': 250, 'learning_rate': 0.0391701403420868, 'max_depth': 18, 'min_child_weight': 1, 'subsample': 0.9887993039842395, 'colsample_bytree': 0.5107617316154492, 'reg_alpha': 0.32378843281492753, 'reg_lambda': 9.391157641541874, 'gamma': 3.0, 'scale_pos_weight': 5.756412365883146}. Best is trial 2 with value: 0.16023629427917233.
[I 2025-12-03 01:30:05,908] Trial 3 finished with value: 0.16152150635213094 and parameters: {'n_estimators': 800, 'learning_rate': 0.04984798906767604, 'max_depth': 2, 'min_child_weight': 6, 'subsample': 0.9141943615554817, 'colsample_bytree': 0.42810552958235126, 'reg_alpha': 0.975138541022914, 'reg_lambda': 2.334100044810906, 'gamma': 2.0, 'scale_pos_weight': 5.1132629933424045}. Best is trial 3 with value: 0.16152150635213094.
[I 2025-12-03 01:30:25,071] Trial 4 finished with value: 0.15969441899990502 and parameters: {'n_estimators': 350, 'learning_rate': 0.013441792318682574, 'max_depth': 8, 'min_child_weight': 5, 'subsample': 0.9458889260346413, 'colsample_bytree': 0.4811804331022233, 'reg_alpha': 0.7212848374844615, 'reg_lambda': 3.6224132633669663, 'gamma': 3.0, 'scale_pos_weight': 5.918353179134508}. Best is trial 3 with value: 0.16152150635213094.
[I 2025-12-03 01:30:42,505] Trial 5 finished with value: 0.15927560441841287 and parameters: {'n_estimators': 650, 'learning_rate': 0.05217586968737371, 'max_depth': 14, 'min_child_weight': 1, 'subsample': 0.95679630557067, 'colsample_bytree': 0.4374901699625011, 'reg_alpha': 0.03436683276700514, 'reg_lambda': 7.676978010862534, 'gamma': 5.0, 'scale_pos_weight': 5.398139899356625}. Best is trial 3 with value: 0.16152150635213094.
[I 2025-12-03 01:30:45,626] Trial 6 finished with value: 0.1592047366903539 and parameters: {'n_estimators': 100, 'learning_rate': 0.028705450890241437, 'max_depth': 2, 'min_child_weight': 5, 'subsample': 0.9270162360966148, 'colsample_bytree': 0.40268589846752134, 'reg_alpha': 0.1046422288386828, 'reg_lambda': 1.0056798126439714, 'gamma': 4.0, 'scale_pos_weight': 5.748065957603012}. Best is trial 3 with value: 0.16152150635213094.
[I 2025-12-03 01:30:57,603] Trial 7 finished with value: 0.1457037095400091 and parameters: {'n_estimators': 750, 'learning_rate': 0.08007972835723598, 'max_depth': 6, 'min_child_weight': 1, 'subsample': 0.9430573294141694, 'colsample_bytree': 0.478800720747266, 'reg_alpha': 0.7629364336440991, 'reg_lambda': 5.2304308834812305, 'gamma': 3.0, 'scale_pos_weight': 5.560167650658053}. Best is trial 3 with value: 0.16152150635213094.
[I 2025-12-03 01:31:49,527] Trial 8 finished with value: 0.15721526213608433 and parameters: {'n_estimators': 600, 'learning_rate': 0.041035294887080194, 'max_depth': 16, 'min_child_weight': 10, 'subsample': 0.9865435746239576, 'colsample_bytree': 0.41290903731286077, 'reg_alpha': 0.9185100240362143, 'reg_lambda': 8.237092338461672, 'gamma': 1.0, 'scale_pos_weight': 5.311567873819839}. Best is trial 3 with value: 0.16152150635213094.
[I 2025-12-03 01:32:28,302] Trial 9 finished with value: 0.14665226433438838 and parameters: {'n_estimators': 150, 'learning_rate': 0.06964668617211692, 'max_depth': 16, 'min_child_weight': 6, 'subsample': 0.9391558286575414, 'colsample_bytree': 0.5222996766402956, 'reg_alpha': 0.6113013894753629, 'reg_lambda': 2.5837046572404345, 'gamma': 0.0, 'scale_pos_weight': 5.899973928931031}. Best is trial 3 with value: 0.16152150635213094.
[I 2025-12-03 01:32:39,507] Trial 10 finished with value: 0.15219663784993218 and parameters: {'n_estimators': 1000, 'learning_rate': 0.09331632152380454, 'max_depth': 2, 'min_child_weight': 7, 'subsample': 0.9016375346187863, 'colsample_bytree': 0.5453658174482475, 'reg_alpha': 0.9721125458385584, 'reg_lambda': 1.3145623549008183, 'gamma': 1.0, 'scale_pos_weight': 5.0338323361394455}. Best is trial 3 with value: 0.16152150635213094.
[I 2025-12-03 01:33:04,101] Trial 11 finished with value: 0.1498440488264743 and parameters: {'n_estimators': 400, 'learning_rate': 0.06563210969832002, 'max_depth': 20, 'min_child_weight': 4, 'subsample': 0.9681608606422047, 'colsample_bytree': 0.5170753165356948, 'reg_alpha': 0.3570619627222933, 'reg_lambda': 6.250275561421848, 'gamma': 2.0, 'scale_pos_weight': 5.020076265634578}. Best is trial 3 with value: 0.16152150635213094.
[I 2025-12-03 01:33:18,646] Trial 12 finished with value: 0.15523803071018208 and parameters: {'n_estimators': 350, 'learning_rate': 0.03740306783302547, 'max_depth': 8, 'min_child_weight': 3, 'subsample': 0.9985255433862932, 'colsample_bytree': 0.5536242882644039, 'reg_alpha': 0.39815141031074225, 'reg_lambda': 9.875405365138436, 'gamma': 2.0, 'scale_pos_weight': 5.715112746954026}. Best is trial 3 with value: 0.16152150635213094.
[I 2025-12-03 01:33:40,881] Trial 13 finished with value: 0.14572228400791978 and parameters: {'n_estimators': 800, 'learning_rate': 0.058455156173090314, 'max_depth': 10, 'min_child_weight': 8, 'subsample': 0.9193730907549127, 'colsample_bytree': 0.4733664142028197, 'reg_alpha': 0.3095526106415184, 'reg_lambda': 6.448553428503404, 'gamma': 3.0, 'scale_pos_weight': 5.187408834377633}. Best is trial 3 with value: 0.16152150635213094.
[I 2025-12-03 01:33:55,144] Trial 14 finished with value: 0.16818335896550837 and parameters: {'n_estimators': 450, 'learning_rate': 0.013224465097444005, 'max_depth': 4, 'min_child_weight': 7, 'subsample': 0.9649227227259439, 'colsample_bytree': 0.502362332071916, 'reg_alpha': 0.4995869046815309, 'reg_lambda': 8.892988498224392, 'gamma': 2.0, 'scale_pos_weight': 5.707317687943775}. Best is trial 14 with value: 0.16818335896550837.
[I 2025-12-03 01:34:07,901] Trial 15 finished with value: 0.16695324641442996 and parameters: {'n_estimators': 500, 'learning_rate': 0.014142037236996842, 'max_depth': 4, 'min_child_weight': 7, 'subsample': 0.9642762985268223, 'colsample_bytree': 0.4375571641610333, 'reg_alpha': 0.5340621181674574, 'reg_lambda': 8.069864545967127, 'gamma': 1.0, 'scale_pos_weight': 5.191989994946494}. Best is trial 14 with value: 0.16818335896550837.
[I 2025-12-03 01:34:35,026] Trial 16 finished with value: 0.16613292123989196 and parameters: {'n_estimators': 550, 'learning_rate': 0.00946620361443279, 'max_depth': 6, 'min_child_weight': 8, 'subsample': 0.963626809743495, 'colsample_bytree': 0.45449845727005345, 'reg_alpha': 0.51344612778797, 'reg_lambda': 8.391390206914762, 'gamma': 1.0, 'scale_pos_weight': 5.235093304695302}. Best is trial 14 with value: 0.16818335896550837.
[I 2025-12-03 01:34:53,218] Trial 17 finished with value: 0.1674728300813296 and parameters: {'n_estimators': 500, 'learning_rate': 0.020861609737454576, 'max_depth': 4, 'min_child_weight': 7, 'subsample': 0.9700245347065286, 'colsample_bytree': 0.4941676509177376, 'reg_alpha': 0.5328144369374196, 'reg_lambda': 7.208347168364025, 'gamma': 1.0, 'scale_pos_weight': 5.4784383534363705}. Best is trial 14 with value: 0.16818335896550837.
[I 2025-12-03 01:35:12,805] Trial 18 finished with value: 0.16258999017890424 and parameters: {'n_estimators': 450, 'learning_rate': 0.023985431601456303, 'max_depth': 6, 'min_child_weight': 10, 'subsample': 0.9711296270187515, 'colsample_bytree': 0.5469075886060265, 'reg_alpha': 0.6996647750315268, 'reg_lambda': 7.141994047275778, 'gamma': 0.0, 'scale_pos_weight': 5.652735373719167}. Best is trial 14 with value: 0.16818335896550837.
[I 2025-12-03 01:35:18,289] Trial 19 finished with value: 0.16561318042419745 and parameters: {'n_estimators': 250, 'learning_rate': 0.02057061347504776, 'max_depth': 4, 'min_child_weight': 8, 'subsample': 0.9551405082256453, 'colsample_bytree': 0.49429766165186484, 'reg_alpha': 0.45239357542342296, 'reg_lambda': 9.098413148032586, 'gamma': 2.0, 'scale_pos_weight': 5.480221760229947}. Best is trial 14 with value: 0.16818335896550837.
[I 2025-12-03 01:35:54,641] Trial 20 finished with value: 0.1572246950129583 and parameters: {'n_estimators': 300, 'learning_rate': 0.032065911390939526, 'max_depth': 10, 'min_child_weight': 7, 'subsample': 0.98078478655781, 'colsample_bytree': 0.570565218770877, 'reg_alpha': 0.5759663706855234, 'reg_lambda': 7.020015686307113, 'gamma': 1.0, 'scale_pos_weight': 5.857188706181851}. Best is trial 14 with value: 0.16818335896550837.
[I 2025-12-03 01:36:08,771] Trial 21 finished with value: 0.16604843647101208 and parameters: {'n_estimators': 500, 'learning_rate': 0.016383700792793145, 'max_depth': 4, 'min_child_weight': 7, 'subsample': 0.9736283204271048, 'colsample_bytree': 0.4588188439821662, 'reg_alpha': 0.59647432984182, 'reg_lambda': 8.472705861046071, 'gamma': 1.0, 'scale_pos_weight': 5.475434900491528}. Best is trial 14 with value: 0.16818335896550837.
[I 2025-12-03 01:36:19,436] Trial 22 finished with value: 0.17299554028857642 and parameters: {'n_estimators': 500, 'learning_rate': 0.009393321572310223, 'max_depth': 4, 'min_child_weight': 6, 'subsample': 0.9628621320448377, 'colsample_bytree': 0.4960274184167195, 'reg_alpha': 0.5336619011299764, 'reg_lambda': 5.593222972895869, 'gamma': 1.0, 'scale_pos_weight': 5.621219038954356}. Best is trial 22 with value: 0.17299554028857642.
[I 2025-12-03 01:37:17,178] Trial 23 finished with value: 0.16726027975437202 and parameters: {'n_estimators': 450, 'learning_rate': 0.009013943434485153, 'max_depth': 8, 'min_child_weight': 4, 'subsample': 0.9562264995768165, 'colsample_bytree': 0.49673216063211784, 'reg_alpha': 0.6489867377107648, 'reg_lambda': 5.354668524173678, 'gamma': 2.0, 'scale_pos_weight': 5.618416873732004}. Best is trial 22 with value: 0.17299554028857642.
[I 2025-12-03 01:37:30,885] Trial 24 finished with value: 0.16402396759043902 and parameters: {'n_estimators': 600, 'learning_rate': 0.022000434734201754, 'max_depth': 4, 'min_child_weight': 6, 'subsample': 0.9760250408817568, 'colsample_bytree': 0.5274838746599437, 'reg_alpha': 0.8218730841546322, 'reg_lambda': 6.137880735756639, 'gamma': 0.0, 'scale_pos_weight': 5.835034907194358}. Best is trial 22 with value: 0.17299554028857642.
[I 2025-12-03 01:37:46,288] Trial 25 finished with value: 0.15383131568480488 and parameters: {'n_estimators': 400, 'learning_rate': 0.032953724950535945, 'max_depth': 6, 'min_child_weight': 9, 'subsample': 0.9319567431396218, 'colsample_bytree': 0.5017269867964608, 'reg_alpha': 0.4583451255081811, 'reg_lambda': 4.438359511120163, 'gamma': 1.0, 'scale_pos_weight': 5.990495084113074}. Best is trial 22 with value: 0.17299554028857642.
[I 2025-12-03 01:37:57,485] Trial 26 finished with value: 0.16297905338956284 and parameters: {'n_estimators': 550, 'learning_rate': 0.018132737869718404, 'max_depth': 2, 'min_child_weight': 5, 'subsample': 0.9495933782189135, 'colsample_bytree': 0.5341335553581708, 'reg_alpha': 0.26727819258711877, 'reg_lambda': 7.216900128737785, 'gamma': 2.0, 'scale_pos_weight': 5.656966056501785}. Best is trial 22 with value: 0.17299554028857642.
[I 2025-12-03 01:38:16,088] Trial 27 finished with value: 0.1608776250159027 and parameters: {'n_estimators': 700, 'learning_rate': 0.028073091813875607, 'max_depth': 4, 'min_child_weight': 4, 'subsample': 0.9639610320065618, 'colsample_bytree': 0.48636071498235617, 'reg_alpha': 0.47329953370656636, 'reg_lambda': 9.12709557424649, 'gamma': 0.0, 'scale_pos_weight': 5.584646627807293}. Best is trial 22 with value: 0.17299554028857642.
[I 2025-12-03 01:39:11,492] Trial 28 finished with value: 0.16078439573400433 and parameters: {'n_estimators': 200, 'learning_rate': 0.016949925464427917, 'max_depth': 12, 'min_child_weight': 9, 'subsample': 0.9943598640121751, 'colsample_bytree': 0.4685958942323606, 'reg_alpha': 0.23334553618532466, 'reg_lambda': 4.911504125698218, 'gamma': 1.0, 'scale_pos_weight': 5.425613598649667}. Best is trial 22 with value: 0.17299554028857642.
[I 2025-12-03 01:40:26,784] Trial 29 finished with value: 0.14031326641306277 and parameters: {'n_estimators': 650, 'learning_rate': 0.04378210391219425, 'max_depth': 8, 'min_child_weight': 6, 'subsample': 0.9842408326131454, 'colsample_bytree': 0.5066765471672209, 'reg_alpha': 0.4025250002011828, 'reg_lambda': 5.727044746302568, 'gamma': 0.0, 'scale_pos_weight': 5.323692295433133}. Best is trial 22 with value: 0.17299554028857642.
[I 2025-12-03 01:40:32,185] A new study created in memory with name: xgboost_fold_5
[I 2025-12-03 01:42:13,667] Trial 0 finished with value: 0.12351991158906042 and parameters: {'n_estimators': 150, 'learning_rate': 0.014099923299730352, 'max_depth': 16, 'min_child_weight': 1, 'subsample': 0.9598376737064125, 'colsample_bytree': 0.5761653350710569, 'reg_alpha': 0.31388572758356004, 'reg_lambda': 4.173018842763027, 'gamma': 0.0, 'scale_pos_weight': 5.614543982211997}. Best is trial 0 with value: 0.12351991158906042.
[I 2025-12-03 01:42:27,576] Trial 1 finished with value: 0.12472891499185439 and parameters: {'n_estimators': 600, 'learning_rate': 0.07705310301112224, 'max_depth': 4, 'min_child_weight': 6, 'subsample': 0.9458555784619093, 'colsample_bytree': 0.48729555702803207, 'reg_alpha': 0.17614666476509444, 'reg_lambda': 2.4263543945399446, 'gamma': 3.0, 'scale_pos_weight': 5.986890050580964}. Best is trial 1 with value: 0.12472891499185439.
[I 2025-12-03 01:42:32,833] Trial 2 finished with value: 0.15227085462625267 and parameters: {'n_estimators': 350, 'learning_rate': 0.055669175188256995, 'max_depth': 2, 'min_child_weight': 10, 'subsample': 0.9895895937246264, 'colsample_bytree': 0.43546315598219015, 'reg_alpha': 0.020855226520406056, 'reg_lambda': 7.728119988395974, 'gamma': 0.0, 'scale_pos_weight': 5.02063381269485}. Best is trial 2 with value: 0.15227085462625267.
[I 2025-12-03 01:42:39,341] Trial 3 finished with value: 0.14241439340680834 and parameters: {'n_estimators': 350, 'learning_rate': 0.08432200103400256, 'max_depth': 4, 'min_child_weight': 6, 'subsample': 0.9188717581828558, 'colsample_bytree': 0.4650629815336751, 'reg_alpha': 0.11599606712752575, 'reg_lambda': 6.441097068125904, 'gamma': 5.0, 'scale_pos_weight': 5.195319254677158}. Best is trial 2 with value: 0.15227085462625267.
[I 2025-12-03 01:43:04,079] Trial 4 finished with value: 0.12006759440329999 and parameters: {'n_estimators': 800, 'learning_rate': 0.08494995898384729, 'max_depth': 20, 'min_child_weight': 3, 'subsample': 0.9031843262171048, 'colsample_bytree': 0.40662816236398613, 'reg_alpha': 0.3526561172964293, 'reg_lambda': 3.8399053562857715, 'gamma': 1.0, 'scale_pos_weight': 5.092347081756465}. Best is trial 2 with value: 0.15227085462625267.
[I 2025-12-03 01:43:17,991] Trial 5 finished with value: 0.13494277687983552 and parameters: {'n_estimators': 200, 'learning_rate': 0.05288775916319797, 'max_depth': 20, 'min_child_weight': 8, 'subsample': 0.9686317345302431, 'colsample_bytree': 0.561281931243954, 'reg_alpha': 0.09071661845859647, 'reg_lambda': 1.3071615314745242, 'gamma': 2.0, 'scale_pos_weight': 5.091432578264737}. Best is trial 2 with value: 0.15227085462625267.
[I 2025-12-03 01:44:21,644] Trial 6 finished with value: 0.12757403964677028 and parameters: {'n_estimators': 600, 'learning_rate': 0.05132651040353059, 'max_depth': 10, 'min_child_weight': 7, 'subsample': 0.9921659413423431, 'colsample_bytree': 0.582895468343709, 'reg_alpha': 0.45252774205974344, 'reg_lambda': 6.536086844767464, 'gamma': 2.0, 'scale_pos_weight': 5.877561667379694}. Best is trial 2 with value: 0.15227085462625267.
[I 2025-12-03 01:45:27,484] Trial 7 finished with value: 0.1389681516976308 and parameters: {'n_estimators': 400, 'learning_rate': 0.042917318715606737, 'max_depth': 6, 'min_child_weight': 8, 'subsample': 0.9405239673848984, 'colsample_bytree': 0.43138746000546785, 'reg_alpha': 0.49266354694436465, 'reg_lambda': 8.961636936033951, 'gamma': 5.0, 'scale_pos_weight': 5.37413760857995}. Best is trial 2 with value: 0.15227085462625267.
[I 2025-12-03 01:45:43,359] Trial 8 finished with value: 0.13329146460150282 and parameters: {'n_estimators': 700, 'learning_rate': 0.07628850621370127, 'max_depth': 8, 'min_child_weight': 8, 'subsample': 0.9942558939814065, 'colsample_bytree': 0.4358238286227427, 'reg_alpha': 0.4688497041012394, 'reg_lambda': 8.6841997366778, 'gamma': 2.0, 'scale_pos_weight': 5.286662136579478}. Best is trial 2 with value: 0.15227085462625267.
[I 2025-12-03 01:46:04,328] Trial 9 finished with value: 0.13150930964470078 and parameters: {'n_estimators': 250, 'learning_rate': 0.05279557123715148, 'max_depth': 10, 'min_child_weight': 7, 'subsample': 0.9433585943622536, 'colsample_bytree': 0.4153639789318895, 'reg_alpha': 0.9204603358946618, 'reg_lambda': 1.8513578486166664, 'gamma': 4.0, 'scale_pos_weight': 5.735029924904919}. Best is trial 2 with value: 0.15227085462625267.
[I 2025-12-03 01:46:16,898] Trial 10 finished with value: 0.15096994075153006 and parameters: {'n_estimators': 1000, 'learning_rate': 0.026957418373371907, 'max_depth': 2, 'min_child_weight': 10, 'subsample': 0.9776304873599899, 'colsample_bytree': 0.5287779283791604, 'reg_alpha': 0.7512832315703202, 'reg_lambda': 7.377218418582116, 'gamma': 0.0, 'scale_pos_weight': 5.468182765763059}. Best is trial 2 with value: 0.15227085462625267.
[I 2025-12-03 01:46:39,399] Trial 11 finished with value: 0.1504241790393622 and parameters: {'n_estimators': 950, 'learning_rate': 0.025452207171992484, 'max_depth': 2, 'min_child_weight': 10, 'subsample': 0.9761033876231403, 'colsample_bytree': 0.532100942026263, 'reg_alpha': 0.7975361340309062, 'reg_lambda': 7.341809047617897, 'gamma': 0.0, 'scale_pos_weight': 5.500171709240433}. Best is trial 2 with value: 0.15227085462625267.
[I 2025-12-03 01:47:04,382] Trial 12 finished with value: 0.15072057962723787 and parameters: {'n_estimators': 1000, 'learning_rate': 0.03551157595396875, 'max_depth': 2, 'min_child_weight': 10, 'subsample': 0.9811782694393901, 'colsample_bytree': 0.5203366315674424, 'reg_alpha': 0.7195731481476056, 'reg_lambda': 9.750133861418703, 'gamma': 0.0, 'scale_pos_weight': 5.001584088416948}. Best is trial 2 with value: 0.15227085462625267.
[I 2025-12-03 01:47:53,492] Trial 13 finished with value: 0.12656955197268854 and parameters: {'n_estimators': 450, 'learning_rate': 0.06590190941399188, 'max_depth': 14, 'min_child_weight': 10, 'subsample': 0.9983647235800294, 'colsample_bytree': 0.4690589463717197, 'reg_alpha': 0.6584234150266275, 'reg_lambda': 7.700362710129129, 'gamma': 1.0, 'scale_pos_weight': 5.400717615511873}. Best is trial 2 with value: 0.15227085462625267.
[I 2025-12-03 01:49:37,470] Trial 14 finished with value: 0.13427804240544647 and parameters: {'n_estimators': 850, 'learning_rate': 0.011920822836517304, 'max_depth': 6, 'min_child_weight': 4, 'subsample': 0.9813809631128965, 'colsample_bytree': 0.5405500062602493, 'reg_alpha': 0.9990459491388585, 'reg_lambda': 5.797277648218313, 'gamma': 1.0, 'scale_pos_weight': 5.613216453266239}. Best is trial 2 with value: 0.15227085462625267.
[I 2025-12-03 01:49:53,030] Trial 15 finished with value: 0.14955443759158701 and parameters: {'n_estimators': 450, 'learning_rate': 0.09646037818839795, 'max_depth': 2, 'min_child_weight': 9, 'subsample': 0.9621184973477567, 'colsample_bytree': 0.500096067776221, 'reg_alpha': 0.6565808647425863, 'reg_lambda': 4.8104296417369445, 'gamma': 0.0, 'scale_pos_weight': 5.251224105940136}. Best is trial 2 with value: 0.15227085462625267.
[I 2025-12-03 01:51:40,161] Trial 16 finished with value: 0.14045357952759469 and parameters: {'n_estimators': 300, 'learning_rate': 0.029740501017099456, 'max_depth': 14, 'min_child_weight': 9, 'subsample': 0.9870191911254059, 'colsample_bytree': 0.45556073159450133, 'reg_alpha': 0.016521818356038998, 'reg_lambda': 7.6401010125556885, 'gamma': 1.0, 'scale_pos_weight': 5.520350188688138}. Best is trial 2 with value: 0.15227085462625267.
[I 2025-12-03 01:52:19,450] Trial 17 finished with value: 0.13328178269926247 and parameters: {'n_estimators': 700, 'learning_rate': 0.06442360705458401, 'max_depth': 6, 'min_child_weight': 4, 'subsample': 0.9713584234152245, 'colsample_bytree': 0.5058870878874063, 'reg_alpha': 0.7894548617829298, 'reg_lambda': 8.367224796028227, 'gamma': 3.0, 'scale_pos_weight': 5.798857495349866}. Best is trial 2 with value: 0.15227085462625267.
[I 2025-12-03 01:52:59,966] Trial 18 finished with value: 0.14271049784501386 and parameters: {'n_estimators': 500, 'learning_rate': 0.04269096936746637, 'max_depth': 4, 'min_child_weight': 9, 'subsample': 0.9580532938567908, 'colsample_bytree': 0.5993635238710836, 'reg_alpha': 0.2736547483180327, 'reg_lambda': 9.752751249359696, 'gamma': 0.0, 'scale_pos_weight': 5.378468629357274}. Best is trial 2 with value: 0.15227085462625267.
[I 2025-12-03 01:53:32,023] Trial 19 finished with value: 0.1425150902885664 and parameters: {'n_estimators': 100, 'learning_rate': 0.02083130762126073, 'max_depth': 8, 'min_child_weight': 5, 'subsample': 0.9296606094877723, 'colsample_bytree': 0.43974479684155265, 'reg_alpha': 0.5411513727298648, 'reg_lambda': 6.570169123524068, 'gamma': 1.0, 'scale_pos_weight': 5.159271282329649}. Best is trial 2 with value: 0.15227085462625267.
