[I 2025-12-02 23:25:31,418] A new study created in memory with name: catboost_fold_1
[I 2025-12-02 23:25:54,772] Trial 0 finished with value: 0.17149948716847677 and parameters: {'iterations': 800, 'learning_rate': 0.005635195575472571, 'depth': 4, 'l2_leaf_reg': 8.890604768410508, 'border_count': 214, 'bagging_temperature': 0.2899112358722139, 'random_strength': 0.7481991459897499, 'scale_pos_weight': 5.0542177438995015}. Best is trial 0 with value: 0.17149948716847677.
[I 2025-12-02 23:26:23,332] Trial 1 finished with value: 0.16999373043937616 and parameters: {'iterations': 1000, 'learning_rate': 0.010480876076717001, 'depth': 4, 'l2_leaf_reg': 8.575921352752843, 'border_count': 201, 'bagging_temperature': 0.14795429338927168, 'random_strength': 0.9809437132082928, 'scale_pos_weight': 5.4789315705829225}. Best is trial 0 with value: 0.17149948716847677.
[I 2025-12-02 23:26:53,044] Trial 2 finished with value: 0.1716126879879265 and parameters: {'iterations': 1000, 'learning_rate': 0.010705291531399454, 'depth': 4, 'l2_leaf_reg': 4.398968098775303, 'border_count': 219, 'bagging_temperature': 0.16090334507681148, 'random_strength': 0.5219526225876305, 'scale_pos_weight': 5.55033720740458}. Best is trial 2 with value: 0.1716126879879265.
[I 2025-12-02 23:27:14,315] Trial 3 finished with value: 0.1660713378476666 and parameters: {'iterations': 700, 'learning_rate': 0.01831345136157969, 'depth': 4, 'l2_leaf_reg': 4.31295622229334, 'border_count': 236, 'bagging_temperature': 0.1788261521382336, 'random_strength': 0.8107425815306073, 'scale_pos_weight': 5.812074045537514}. Best is trial 2 with value: 0.1716126879879265.
[I 2025-12-02 23:27:17,941] Trial 4 finished with value: 0.14928875119444387 and parameters: {'iterations': 100, 'learning_rate': 0.002179003757385375, 'depth': 4, 'l2_leaf_reg': 8.332015452104962, 'border_count': 157, 'bagging_temperature': 0.23474598411850411, 'random_strength': 0.951648746197109, 'scale_pos_weight': 5.386090255138588}. Best is trial 2 with value: 0.1716126879879265.
[I 2025-12-02 23:27:32,087] Trial 5 finished with value: 0.1535036782020963 and parameters: {'iterations': 600, 'learning_rate': 0.0014544137735818057, 'depth': 3, 'l2_leaf_reg': 2.0634564998263185, 'border_count': 173, 'bagging_temperature': 0.8458308084219862, 'random_strength': 0.718752876943639, 'scale_pos_weight': 5.920954232538824}. Best is trial 2 with value: 0.1716126879879265.
[I 2025-12-02 23:27:41,231] Trial 6 finished with value: 0.16628585657655187 and parameters: {'iterations': 400, 'learning_rate': 0.019090322264262393, 'depth': 2, 'l2_leaf_reg': 8.274820938735147, 'border_count': 251, 'bagging_temperature': 0.08900373114409943, 'random_strength': 0.3108181613120806, 'scale_pos_weight': 5.064940733443985}. Best is trial 2 with value: 0.1716126879879265.
[I 2025-12-02 23:27:52,884] Trial 7 finished with value: 0.16779412750764902 and parameters: {'iterations': 600, 'learning_rate': 0.01927438630394574, 'depth': 2, 'l2_leaf_reg': 1.5668347709983879, 'border_count': 173, 'bagging_temperature': 0.2887971539721482, 'random_strength': 0.9020027077329307, 'scale_pos_weight': 5.623655654187197}. Best is trial 2 with value: 0.1716126879879265.
[I 2025-12-02 23:28:03,383] Trial 8 finished with value: 0.17382700687647418 and parameters: {'iterations': 300, 'learning_rate': 0.013642297252085642, 'depth': 4, 'l2_leaf_reg': 8.621611234376418, 'border_count': 244, 'bagging_temperature': 0.006663251816931504, 'random_strength': 0.23857164548644527, 'scale_pos_weight': 5.508520395145028}. Best is trial 8 with value: 0.17382700687647418.
[I 2025-12-02 23:28:11,627] Trial 9 finished with value: 0.16253678080726655 and parameters: {'iterations': 400, 'learning_rate': 0.013411628875134248, 'depth': 2, 'l2_leaf_reg': 8.666282452573903, 'border_count': 229, 'bagging_temperature': 0.662674061374194, 'random_strength': 0.6773734063946507, 'scale_pos_weight': 5.425042039161708}. Best is trial 8 with value: 0.17382700687647418.
[I 2025-12-02 23:28:17,661] Trial 10 finished with value: 0.1708583044544054 and parameters: {'iterations': 200, 'learning_rate': 0.015017175152490124, 'depth': 3, 'l2_leaf_reg': 6.585044455570982, 'border_count': 247, 'bagging_temperature': 0.5162353655784084, 'random_strength': 0.05853883331237292, 'scale_pos_weight': 5.2506113683283955}. Best is trial 8 with value: 0.17382700687647418.
[I 2025-12-02 23:28:40,997] Trial 11 finished with value: 0.1730385415280648 and parameters: {'iterations': 1000, 'learning_rate': 0.008462713163841305, 'depth': 3, 'l2_leaf_reg': 4.817813961458185, 'border_count': 211, 'bagging_temperature': 0.005600619388926744, 'random_strength': 0.3914770058316983, 'scale_pos_weight': 5.702374840413117}. Best is trial 8 with value: 0.17382700687647418.
[I 2025-12-02 23:28:48,811] Trial 12 finished with value: 0.16627612548532406 and parameters: {'iterations': 300, 'learning_rate': 0.007771950974650998, 'depth': 3, 'l2_leaf_reg': 6.293650628172029, 'border_count': 192, 'bagging_temperature': 0.00893552220184879, 'random_strength': 0.27406439850017084, 'scale_pos_weight': 5.756508832320451}. Best is trial 8 with value: 0.17382700687647418.
[I 2025-12-02 23:29:09,287] Trial 13 finished with value: 0.17058185999769165 and parameters: {'iterations': 800, 'learning_rate': 0.014234885926020676, 'depth': 3, 'l2_leaf_reg': 3.756176181240249, 'border_count': 231, 'bagging_temperature': 0.41208514421266157, 'random_strength': 0.2913917926200225, 'scale_pos_weight': 5.673601173025735}. Best is trial 8 with value: 0.17382700687647418.
[I 2025-12-02 23:29:19,569] Trial 14 finished with value: 0.1673785197382208 and parameters: {'iterations': 400, 'learning_rate': 0.007293549591255746, 'depth': 3, 'l2_leaf_reg': 9.985295024363971, 'border_count': 187, 'bagging_temperature': 0.0066040105399571385, 'random_strength': 0.08885874336421645, 'scale_pos_weight': 5.980740666285461}. Best is trial 8 with value: 0.17382700687647418.
[I 2025-12-02 23:29:23,076] Trial 15 finished with value: 0.15431594250870262 and parameters: {'iterations': 100, 'learning_rate': 0.011379453640591095, 'depth': 3, 'l2_leaf_reg': 6.720014486134763, 'border_count': 213, 'bagging_temperature': 0.4530837778148206, 'random_strength': 0.46810700494708996, 'scale_pos_weight': 5.277704674490378}. Best is trial 8 with value: 0.17382700687647418.
[I 2025-12-02 23:29:44,429] Trial 16 finished with value: 0.1720966890276014 and parameters: {'iterations': 900, 'learning_rate': 0.016282335027429103, 'depth': 3, 'l2_leaf_reg': 3.0037620948048698, 'border_count': 241, 'bagging_temperature': 0.9937499586881702, 'random_strength': 0.45345483764685546, 'scale_pos_weight': 5.835625658693253}. Best is trial 8 with value: 0.17382700687647418.
[I 2025-12-02 23:30:00,386] Trial 17 finished with value: 0.17338671662183186 and parameters: {'iterations': 500, 'learning_rate': 0.004600098114785964, 'depth': 4, 'l2_leaf_reg': 5.207387950215476, 'border_count': 224, 'bagging_temperature': 0.6182788496750034, 'random_strength': 0.1568222577037574, 'scale_pos_weight': 5.653590632671349}. Best is trial 8 with value: 0.17382700687647418.
[I 2025-12-02 23:30:15,946] Trial 18 finished with value: 0.17022208001091416 and parameters: {'iterations': 500, 'learning_rate': 0.0036606580333478043, 'depth': 4, 'l2_leaf_reg': 5.687511858721651, 'border_count': 225, 'bagging_temperature': 0.6254325601664038, 'random_strength': 0.18065614268282693, 'scale_pos_weight': 5.5747433497945424}. Best is trial 8 with value: 0.17382700687647418.
[I 2025-12-02 23:30:26,231] Trial 19 finished with value: 0.16456708927844327 and parameters: {'iterations': 300, 'learning_rate': 0.004694670876044761, 'depth': 4, 'l2_leaf_reg': 7.326686230687908, 'border_count': 251, 'bagging_temperature': 0.706620403296048, 'random_strength': 0.005098902636135189, 'scale_pos_weight': 5.349418283600064}. Best is trial 8 with value: 0.17382700687647418.
[I 2025-12-02 23:30:42,330] Trial 20 finished with value: 0.17665131596118563 and parameters: {'iterations': 500, 'learning_rate': 0.012518736749978353, 'depth': 4, 'l2_leaf_reg': 9.973929518247289, 'border_count': 239, 'bagging_temperature': 0.7526631329130242, 'random_strength': 0.14652348184798852, 'scale_pos_weight': 5.167100106311062}. Best is trial 20 with value: 0.17665131596118563.
[I 2025-12-02 23:30:58,497] Trial 21 finished with value: 0.1761428424943702 and parameters: {'iterations': 500, 'learning_rate': 0.012014787953402214, 'depth': 4, 'l2_leaf_reg': 9.987187895919089, 'border_count': 240, 'bagging_temperature': 0.8483053565026393, 'random_strength': 0.16215908385840277, 'scale_pos_weight': 5.2079726790391465}. Best is trial 20 with value: 0.17665131596118563.
[I 2025-12-02 23:31:08,688] Trial 22 finished with value: 0.17733750605008575 and parameters: {'iterations': 300, 'learning_rate': 0.012015032148090823, 'depth': 4, 'l2_leaf_reg': 9.935112400284147, 'border_count': 241, 'bagging_temperature': 0.8459595808876504, 'random_strength': 0.17505442628214352, 'scale_pos_weight': 5.172216160465836}. Best is trial 22 with value: 0.17733750605008575.
[I 2025-12-02 23:31:25,628] Trial 23 finished with value: 0.17586684750752896 and parameters: {'iterations': 500, 'learning_rate': 0.011645676396428403, 'depth': 4, 'l2_leaf_reg': 9.901445470712948, 'border_count': 255, 'bagging_temperature': 0.8260275227662374, 'random_strength': 0.1292253540498431, 'scale_pos_weight': 5.161703629009384}. Best is trial 22 with value: 0.17733750605008575.
[I 2025-12-02 23:31:46,765] Trial 24 finished with value: 0.17394923576917318 and parameters: {'iterations': 700, 'learning_rate': 0.016698931286099356, 'depth': 4, 'l2_leaf_reg': 9.48015605753402, 'border_count': 237, 'bagging_temperature': 0.9934958545197344, 'random_strength': 0.3808461568727741, 'scale_pos_weight': 5.156188164557353}. Best is trial 22 with value: 0.17733750605008575.
[I 2025-12-02 23:31:54,063] Trial 25 finished with value: 0.17021205873690542 and parameters: {'iterations': 200, 'learning_rate': 0.009126537088471658, 'depth': 4, 'l2_leaf_reg': 7.726376850155138, 'border_count': 236, 'bagging_temperature': 0.8434823792731596, 'random_strength': 0.20689115824267476, 'scale_pos_weight': 5.169644589034332}. Best is trial 22 with value: 0.17733750605008575.
[I 2025-12-02 23:32:06,680] Trial 26 finished with value: 0.1711300913858704 and parameters: {'iterations': 400, 'learning_rate': 0.012327145548194663, 'depth': 4, 'l2_leaf_reg': 9.362129417764887, 'border_count': 202, 'bagging_temperature': 0.7531931259756396, 'random_strength': 0.6007232679376885, 'scale_pos_weight': 5.008594883799153}. Best is trial 22 with value: 0.17733750605008575.
[I 2025-12-02 23:32:25,870] Trial 27 finished with value: 0.16892852827130164 and parameters: {'iterations': 600, 'learning_rate': 0.009587830372994951, 'depth': 4, 'l2_leaf_reg': 7.596022312968591, 'border_count': 243, 'bagging_temperature': 0.9001366184787823, 'random_strength': 0.007664662379884446, 'scale_pos_weight': 5.284210828280883}. Best is trial 22 with value: 0.17733750605008575.
[I 2025-12-02 23:32:33,104] Trial 28 finished with value: 0.1676691675732248 and parameters: {'iterations': 200, 'learning_rate': 0.012664397259367648, 'depth': 4, 'l2_leaf_reg': 9.454612058261477, 'border_count': 232, 'bagging_temperature': 0.9149839597519934, 'random_strength': 0.35468188374485626, 'scale_pos_weight': 5.211654100817913}. Best is trial 22 with value: 0.17733750605008575.
[I 2025-12-02 23:32:53,785] Trial 29 finished with value: 0.17514602253784278 and parameters: {'iterations': 700, 'learning_rate': 0.015251047671664672, 'depth': 4, 'l2_leaf_reg': 9.141352704305383, 'border_count': 218, 'bagging_temperature': 0.7728231029388031, 'random_strength': 0.11001758830416151, 'scale_pos_weight': 5.059851322739199}. Best is trial 22 with value: 0.17733750605008575.
[I 2025-12-02 23:33:00,514] A new study created in memory with name: catboost_fold_2
[I 2025-12-02 23:33:22,429] Trial 0 finished with value: 0.16466161710223665 and parameters: {'iterations': 900, 'learning_rate': 0.01107120477561431, 'depth': 3, 'l2_leaf_reg': 8.800816070956152, 'border_count': 235, 'bagging_temperature': 0.30680731126833216, 'random_strength': 0.4151404484547415, 'scale_pos_weight': 5.8345071820456615}. Best is trial 0 with value: 0.16466161710223665.
[I 2025-12-02 23:33:37,068] Trial 1 finished with value: 0.160295415556542 and parameters: {'iterations': 600, 'learning_rate': 0.01711380421084256, 'depth': 3, 'l2_leaf_reg': 6.6961807735148895, 'border_count': 187, 'bagging_temperature': 0.8040407191773083, 'random_strength': 0.9659725471931772, 'scale_pos_weight': 5.032228952601119}. Best is trial 0 with value: 0.16466161710223665.
[I 2025-12-02 23:33:43,495] Trial 2 finished with value: 0.15773467325711363 and parameters: {'iterations': 200, 'learning_rate': 0.01156673437229484, 'depth': 3, 'l2_leaf_reg': 5.511648134370276, 'border_count': 209, 'bagging_temperature': 0.9946677619151638, 'random_strength': 0.3159081543654755, 'scale_pos_weight': 5.80400830512958}. Best is trial 0 with value: 0.16466161710223665.
[I 2025-12-02 23:34:00,169] Trial 3 finished with value: 0.14118421284403812 and parameters: {'iterations': 700, 'learning_rate': 0.0011640870066358818, 'depth': 3, 'l2_leaf_reg': 6.658364622092914, 'border_count': 219, 'bagging_temperature': 0.015399267315487908, 'random_strength': 0.2572316646543733, 'scale_pos_weight': 5.382873162016506}. Best is trial 0 with value: 0.16466161710223665.
[I 2025-12-02 23:34:13,839] Trial 4 finished with value: 0.15421190328617587 and parameters: {'iterations': 500, 'learning_rate': 0.007308386445377631, 'depth': 3, 'l2_leaf_reg': 6.1506627781786545, 'border_count': 241, 'bagging_temperature': 0.3990574656130419, 'random_strength': 0.634005581570746, 'scale_pos_weight': 5.584834684253293}. Best is trial 0 with value: 0.16466161710223665.
[I 2025-12-02 23:34:22,011] Trial 5 finished with value: 0.15586736743017857 and parameters: {'iterations': 300, 'learning_rate': 0.009320108289456792, 'depth': 3, 'l2_leaf_reg': 5.104268815202985, 'border_count': 222, 'bagging_temperature': 0.5561570629131678, 'random_strength': 0.016029967535611478, 'scale_pos_weight': 5.149071331295458}. Best is trial 0 with value: 0.16466161710223665.
[I 2025-12-02 23:34:42,350] Trial 6 finished with value: 0.14432356646268235 and parameters: {'iterations': 900, 'learning_rate': 0.0017570909678019774, 'depth': 3, 'l2_leaf_reg': 3.6886747541616605, 'border_count': 152, 'bagging_temperature': 0.1620887242132193, 'random_strength': 0.5313153024249541, 'scale_pos_weight': 5.614173609091867}. Best is trial 0 with value: 0.16466161710223665.
[I 2025-12-02 23:34:57,646] Trial 7 finished with value: 0.16239848103891416 and parameters: {'iterations': 600, 'learning_rate': 0.013809628235701185, 'depth': 3, 'l2_leaf_reg': 2.29961342295185, 'border_count': 239, 'bagging_temperature': 0.38295724535395037, 'random_strength': 0.3255857490580465, 'scale_pos_weight': 5.415042873487424}. Best is trial 0 with value: 0.16466161710223665.
[I 2025-12-02 23:35:25,623] Trial 8 finished with value: 0.15652399163271027 and parameters: {'iterations': 900, 'learning_rate': 0.017362768580883422, 'depth': 4, 'l2_leaf_reg': 9.111373536510644, 'border_count': 248, 'bagging_temperature': 0.9955011915431453, 'random_strength': 0.06554067140019593, 'scale_pos_weight': 5.076747144401613}. Best is trial 0 with value: 0.16466161710223665.
[I 2025-12-02 23:35:43,578] Trial 9 finished with value: 0.15507289627159745 and parameters: {'iterations': 800, 'learning_rate': 0.007000935832982586, 'depth': 3, 'l2_leaf_reg': 3.220048482486397, 'border_count': 159, 'bagging_temperature': 0.25806218690825466, 'random_strength': 0.6143507989611828, 'scale_pos_weight': 5.401517956904751}. Best is trial 0 with value: 0.16466161710223665.
[I 2025-12-02 23:35:51,750] Trial 10 finished with value: 0.14760053633621847 and parameters: {'iterations': 400, 'learning_rate': 0.014006331098837057, 'depth': 2, 'l2_leaf_reg': 9.906015941732587, 'border_count': 188, 'bagging_temperature': 0.61588864762847, 'random_strength': 0.7820441020916991, 'scale_pos_weight': 5.971157176661592}. Best is trial 0 with value: 0.16466161710223665.
[I 2025-12-02 23:36:11,813] Trial 11 finished with value: 0.15876381592851813 and parameters: {'iterations': 1000, 'learning_rate': 0.014360868882275994, 'depth': 2, 'l2_leaf_reg': 2.080230686013708, 'border_count': 238, 'bagging_temperature': 0.3563427588169851, 'random_strength': 0.3382421947245887, 'scale_pos_weight': 5.77689413802332}. Best is trial 0 with value: 0.16466161710223665.
[I 2025-12-02 23:36:34,057] Trial 12 finished with value: 0.16259565969715564 and parameters: {'iterations': 700, 'learning_rate': 0.01272368979675944, 'depth': 4, 'l2_leaf_reg': 1.2776621069941183, 'border_count': 231, 'bagging_temperature': 0.15624201408154195, 'random_strength': 0.4158032277090411, 'scale_pos_weight': 5.277464620526104}. Best is trial 0 with value: 0.16466161710223665.
[I 2025-12-02 23:36:58,784] Trial 13 finished with value: 0.15872429779584013 and parameters: {'iterations': 800, 'learning_rate': 0.01959380817201637, 'depth': 4, 'l2_leaf_reg': 7.577219925667924, 'border_count': 228, 'bagging_temperature': 0.05674424487380049, 'random_strength': 0.4426671222271774, 'scale_pos_weight': 5.198882100042887}. Best is trial 0 with value: 0.16466161710223665.
[I 2025-12-02 23:37:28,101] Trial 14 finished with value: 0.16591309810741506 and parameters: {'iterations': 1000, 'learning_rate': 0.009373587558430284, 'depth': 4, 'l2_leaf_reg': 8.192726638191752, 'border_count': 203, 'bagging_temperature': 0.1801784259704434, 'random_strength': 0.1823564342870302, 'scale_pos_weight': 5.267561204909104}. Best is trial 14 with value: 0.16591309810741506.
[I 2025-12-02 23:37:57,450] Trial 15 finished with value: 0.16351397500145856 and parameters: {'iterations': 1000, 'learning_rate': 0.005722040913905571, 'depth': 4, 'l2_leaf_reg': 8.15984938771094, 'border_count': 191, 'bagging_temperature': 0.24459520229784593, 'random_strength': 0.15921230960579885, 'scale_pos_weight': 5.958779372940664}. Best is trial 14 with value: 0.16591309810741506.
[I 2025-12-02 23:38:17,817] Trial 16 finished with value: 0.15921008598780534 and parameters: {'iterations': 1000, 'learning_rate': 0.009706968953889658, 'depth': 2, 'l2_leaf_reg': 8.402862548113404, 'border_count': 203, 'bagging_temperature': 0.6505145063282297, 'random_strength': 0.1692498847350053, 'scale_pos_weight': 5.746689685809277}. Best is trial 14 with value: 0.16591309810741506.
[I 2025-12-02 23:38:40,998] Trial 17 finished with value: 0.16301277751546078 and parameters: {'iterations': 800, 'learning_rate': 0.004517006934280196, 'depth': 4, 'l2_leaf_reg': 9.671775435845102, 'border_count': 176, 'bagging_temperature': 0.4512921653040144, 'random_strength': 0.18853495995591615, 'scale_pos_weight': 5.512649567104761}. Best is trial 14 with value: 0.16591309810741506.
[I 2025-12-02 23:39:05,843] Trial 18 finished with value: 0.16404487752581237 and parameters: {'iterations': 900, 'learning_rate': 0.008714347753733458, 'depth': 4, 'l2_leaf_reg': 7.393867677084158, 'border_count': 171, 'bagging_temperature': 0.28215305530433327, 'random_strength': 0.7546316101281643, 'scale_pos_weight': 5.28001491926896}. Best is trial 14 with value: 0.16591309810741506.
[I 2025-12-02 23:39:09,523] Trial 19 finished with value: 0.13932920798980827 and parameters: {'iterations': 100, 'learning_rate': 0.011526799083494965, 'depth': 2, 'l2_leaf_reg': 8.86751550255056, 'border_count': 255, 'bagging_temperature': 0.10758302229566205, 'random_strength': 0.5386172021817416, 'scale_pos_weight': 5.670937487804036}. Best is trial 14 with value: 0.16591309810741506.
[I 2025-12-02 23:39:30,698] Trial 20 finished with value: 0.1626487331673438 and parameters: {'iterations': 700, 'learning_rate': 0.0039301209077446855, 'depth': 4, 'l2_leaf_reg': 4.762056468080583, 'border_count': 209, 'bagging_temperature': 0.5009089372005225, 'random_strength': 0.1027820289594894, 'scale_pos_weight': 5.868155788270323}. Best is trial 14 with value: 0.16591309810741506.
[I 2025-12-02 23:39:56,350] Trial 21 finished with value: 0.1609005050455842 and parameters: {'iterations': 900, 'learning_rate': 0.008278505787595652, 'depth': 4, 'l2_leaf_reg': 7.3849997369410785, 'border_count': 172, 'bagging_temperature': 0.2856698764513192, 'random_strength': 0.7715403861686666, 'scale_pos_weight': 5.3009771728994295}. Best is trial 14 with value: 0.16591309810741506.
[I 2025-12-02 23:40:04,615] Trial 22 finished with value: 0.1586664972465145 and parameters: {'iterations': 900, 'learning_rate': 0.010446469672818245, 'depth': 4, 'l2_leaf_reg': 7.744766522470301, 'border_count': 173, 'bagging_temperature': 0.22062982679602147, 'random_strength': 0.7590958813720872, 'scale_pos_weight': 5.243396633933792}. Best is trial 14 with value: 0.16591309810741506.
[I 2025-12-02 23:40:14,590] Trial 23 finished with value: 0.16149091365743112 and parameters: {'iterations': 1000, 'learning_rate': 0.00840862519933263, 'depth': 4, 'l2_leaf_reg': 8.872742819743978, 'border_count': 198, 'bagging_temperature': 0.32175317406597304, 'random_strength': 0.900992355015686, 'scale_pos_weight': 5.4811019760385005}. Best is trial 14 with value: 0.16591309810741506.
[I 2025-12-02 23:40:23,393] Trial 24 finished with value: 0.1647036582605676 and parameters: {'iterations': 800, 'learning_rate': 0.012088919358595879, 'depth': 4, 'l2_leaf_reg': 7.01913110149943, 'border_count': 218, 'bagging_temperature': 0.17661881008964322, 'random_strength': 0.6580889660751649, 'scale_pos_weight': 5.132169500503618}. Best is trial 14 with value: 0.16591309810741506.
