[I 2025-12-03 00:22:58,150] Trial 14 finished with value: 0.1632699980242551 and parameters: {'n_estimators': 350, 'learning_rate': 0.03449557407753114, 'max_depth': 2, 'min_child_weight': 3, 'subsample': 0.9372208807734302, 'colsample_bytree': 0.5984199453174663, 'reg_alpha': 0.9631449462715983, 'reg_lambda': 6.981962398072837, 'gamma': 4.0, 'scale_pos_weight': 5.272865075400523}. Best is trial 13 with value: 0.16638922954551297.
[I 2025-12-03 00:25:24,906] Trial 15 finished with value: 0.15023560385093362 and parameters: {'n_estimators': 300, 'learning_rate': 0.03279797327755166, 'max_depth': 16, 'min_child_weight': 1, 'subsample': 0.933836746619575, 'colsample_bytree': 0.5990586244729411, 'reg_alpha': 0.99226359011895, 'reg_lambda': 6.815242108077215, 'gamma': 4.0, 'scale_pos_weight': 5.221976974382283}. Best is trial 13 with value: 0.16638922954551297.
[I 2025-12-03 00:25:58,461] Trial 16 finished with value: 0.164575837520808 and parameters: {'n_estimators': 250, 'learning_rate': 0.03433883887023607, 'max_depth': 2, 'min_child_weight': 3, 'subsample': 0.9430866485011513, 'colsample_bytree': 0.45401867833543086, 'reg_alpha': 0.8289121219388736, 'reg_lambda': 6.959003492332872, 'gamma': 4.0, 'scale_pos_weight': 5.21119979270177}. Best is trial 13 with value: 0.16638922954551297.
[I 2025-12-03 00:27:37,539] Trial 17 finished with value: 0.1569343955692183 and parameters: {'n_estimators': 250, 'learning_rate': 0.023950036686529654, 'max_depth': 6, 'min_child_weight': 1, 'subsample': 0.9460366402342083, 'colsample_bytree': 0.4613983688242933, 'reg_alpha': 0.8230753234156387, 'reg_lambda': 5.196600334931481, 'gamma': 0.0, 'scale_pos_weight': 5.007990488975282}. Best is trial 13 with value: 0.16638922954551297.
[I 2025-12-03 00:28:53,224] Trial 18 finished with value: 0.142353325984389 and parameters: {'n_estimators': 500, 'learning_rate': 0.06526248623655934, 'max_depth': 4, 'min_child_weight': 3, 'subsample': 0.9502212797746351, 'colsample_bytree': 0.4265791213011785, 'reg_alpha': 0.8308075540754677, 'reg_lambda': 7.482206436134474, 'gamma': 3.0, 'scale_pos_weight': 5.198486434633299}. Best is trial 13 with value: 0.16638922954551297.
[I 2025-12-03 00:31:19,869] Trial 19 finished with value: 0.16021665557800432 and parameters: {'n_estimators': 200, 'learning_rate': 0.0408716341577341, 'max_depth': 18, 'min_child_weight': 3, 'subsample': 0.9675855902762523, 'colsample_bytree': 0.4738431289671923, 'reg_alpha': 0.8567783732221501, 'reg_lambda': 9.947207548800828, 'gamma': 4.0, 'scale_pos_weight': 5.433821176468391}. Best is trial 13 with value: 0.16638922954551297.
[I 2025-12-03 00:33:35,980] Trial 20 finished with value: 0.15398932520572955 and parameters: {'n_estimators': 450, 'learning_rate': 0.021584163701062975, 'max_depth': 6, 'min_child_weight': 4, 'subsample': 0.9269016227544317, 'colsample_bytree': 0.43120689953356706, 'reg_alpha': 0.2595484207841084, 'reg_lambda': 4.759800715633036, 'gamma': 5.0, 'scale_pos_weight': 5.155045358628305}. Best is trial 13 with value: 0.16638922954551297.
[I 2025-12-03 00:34:20,992] Trial 21 finished with value: 0.16107633753873332 and parameters: {'n_estimators': 400, 'learning_rate': 0.037874163500419916, 'max_depth': 2, 'min_child_weight': 3, 'subsample': 0.942530580863846, 'colsample_bytree': 0.5995602475315385, 'reg_alpha': 0.9064660282355839, 'reg_lambda': 6.389628036569492, 'gamma': 4.0, 'scale_pos_weight': 5.249822275404587}. Best is trial 13 with value: 0.16638922954551297.
[I 2025-12-03 00:34:51,474] Trial 22 finished with value: 0.16375455980472722 and parameters: {'n_estimators': 250, 'learning_rate': 0.03918964093778355, 'max_depth': 2, 'min_child_weight': 2, 'subsample': 0.9365115212334089, 'colsample_bytree': 0.4882429710231167, 'reg_alpha': 0.9875542669643392, 'reg_lambda': 7.431361706068511, 'gamma': 4.0, 'scale_pos_weight': 5.2838822649210275}. Best is trial 13 with value: 0.16638922954551297.
[I 2025-12-03 00:35:34,131] Trial 23 finished with value: 0.16010009350959337 and parameters: {'n_estimators': 200, 'learning_rate': 0.04136984176446321, 'max_depth': 4, 'min_child_weight': 2, 'subsample': 0.9515276371298625, 'colsample_bytree': 0.48632606466030853, 'reg_alpha': 0.7609325390587758, 'reg_lambda': 9.012029190335545, 'gamma': 3.0, 'scale_pos_weight': 5.4590941342788435}. Best is trial 13 with value: 0.16638922954551297.
[I 2025-12-03 00:35:55,939] Trial 24 finished with value: 0.16251092298288983 and parameters: {'n_estimators': 200, 'learning_rate': 0.02336519722377699, 'max_depth': 2, 'min_child_weight': 1, 'subsample': 0.9215390373877318, 'colsample_bytree': 0.4470112954653563, 'reg_alpha': 0.8888235709230982, 'reg_lambda': 7.742766189073105, 'gamma': 5.0, 'scale_pos_weight': 5.330673108233207}. Best is trial 13 with value: 0.16638922954551297.
[I 2025-12-03 00:37:11,636] Trial 25 finished with value: 0.14884541915330285 and parameters: {'n_estimators': 300, 'learning_rate': 0.062461434132279114, 'max_depth': 6, 'min_child_weight': 2, 'subsample': 0.9338452300424931, 'colsample_bytree': 0.5303612395216161, 'reg_alpha': 0.7938932029108203, 'reg_lambda': 6.445584355609688, 'gamma': 4.0, 'scale_pos_weight': 5.129634073214444}. Best is trial 13 with value: 0.16638922954551297.
[I 2025-12-03 00:38:01,484] Trial 26 finished with value: 0.17040560826226886 and parameters: {'n_estimators': 250, 'learning_rate': 0.018257206787767228, 'max_depth': 4, 'min_child_weight': 6, 'subsample': 0.972283445492291, 'colsample_bytree': 0.4724782543667302, 'reg_alpha': 0.6095349831307635, 'reg_lambda': 7.43884186756215, 'gamma': 3.0, 'scale_pos_weight': 5.046676572671301}. Best is trial 26 with value: 0.17040560826226886.
[I 2025-12-03 00:39:33,868] Trial 27 finished with value: 0.16413912058728836 and parameters: {'n_estimators': 550, 'learning_rate': 0.01776353768391368, 'max_depth': 4, 'min_child_weight': 6, 'subsample': 0.9693825955077485, 'colsample_bytree': 0.43767281670616137, 'reg_alpha': 0.5844827970376549, 'reg_lambda': 8.486907102324846, 'gamma': 2.0, 'scale_pos_weight': 5.028478055736717}. Best is trial 26 with value: 0.17040560826226886.
[I 2025-12-03 00:41:08,623] Trial 28 finished with value: 0.16198392820449778 and parameters: {'n_estimators': 150, 'learning_rate': 0.028614251559492092, 'max_depth': 8, 'min_child_weight': 6, 'subsample': 0.9874348238905846, 'colsample_bytree': 0.4130546784621042, 'reg_alpha': 0.6087839690480352, 'reg_lambda': 5.394257068133907, 'gamma': 3.0, 'scale_pos_weight': 5.1800292812704205}. Best is trial 26 with value: 0.17040560826226886.
[I 2025-12-03 00:42:13,604] Trial 29 finished with value: 0.16991609556432508 and parameters: {'n_estimators': 400, 'learning_rate': 0.015772892968780677, 'max_depth': 4, 'min_child_weight': 9, 'subsample': 0.9856764302476839, 'colsample_bytree': 0.47528927542368254, 'reg_alpha': 0.5263580170966486, 'reg_lambda': 4.492373435824277, 'gamma': 2.0, 'scale_pos_weight': 5.063511663122462}. Best is trial 26 with value: 0.17040560826226886.
[I 2025-12-03 00:42:24,086] A new study created in memory with name: xgboost_fold_2
[I 2025-12-03 00:44:22,734] Trial 0 finished with value: 0.13827346804453125 and parameters: {'n_estimators': 950, 'learning_rate': 0.08986705596254278, 'max_depth': 18, 'min_child_weight': 5, 'subsample': 0.9624749080035996, 'colsample_bytree': 0.4605148680367095, 'reg_alpha': 0.7100897996212792, 'reg_lambda': 7.665737201365902, 'gamma': 4.0, 'scale_pos_weight': 5.852432521136293}. Best is trial 0 with value: 0.13827346804453125.
[I 2025-12-03 00:47:07,348] Trial 1 finished with value: 0.11007709927221228 and parameters: {'n_estimators': 350, 'learning_rate': 0.07770115103229108, 'max_depth': 20, 'min_child_weight': 2, 'subsample': 0.9610578150579907, 'colsample_bytree': 0.5717168499672234, 'reg_alpha': 0.9148097667393158, 'reg_lambda': 6.001761341037773, 'gamma': 0.0, 'scale_pos_weight': 5.92146110311112}. Best is trial 0 with value: 0.13827346804453125.
[I 2025-12-03 00:48:36,275] Trial 2 finished with value: 0.14535135678204564 and parameters: {'n_estimators': 800, 'learning_rate': 0.010083558284874948, 'max_depth': 16, 'min_child_weight': 8, 'subsample': 0.9846648487970259, 'colsample_bytree': 0.426603688007911, 'reg_alpha': 0.22109540000146477, 'reg_lambda': 1.7476298199877816, 'gamma': 4.0, 'scale_pos_weight': 5.734668949773569}. Best is trial 2 with value: 0.14535135678204564.
[I 2025-12-03 00:48:58,443] Trial 3 finished with value: 0.12239262307249907 and parameters: {'n_estimators': 950, 'learning_rate': 0.07114284025309442, 'max_depth': 12, 'min_child_weight': 1, 'subsample': 0.9428696742021192, 'colsample_bytree': 0.437126940052134, 'reg_alpha': 0.9861380448419559, 'reg_lambda': 1.6622679747976772, 'gamma': 1.0, 'scale_pos_weight': 5.12652506907396}. Best is trial 2 with value: 0.14535135678204564.
[I 2025-12-03 00:49:11,657] Trial 4 finished with value: 0.14301341165628886 and parameters: {'n_estimators': 150, 'learning_rate': 0.07725823034913458, 'max_depth': 20, 'min_child_weight': 6, 'subsample': 0.9607289811155364, 'colsample_bytree': 0.4277565170990343, 'reg_alpha': 0.04202442465074541, 'reg_lambda': 4.4412737117229275, 'gamma': 5.0, 'scale_pos_weight': 5.795348453896658}. Best is trial 2 with value: 0.14535135678204564.
[I 2025-12-03 00:49:50,296] Trial 5 finished with value: 0.1389484649786369 and parameters: {'n_estimators': 900, 'learning_rate': 0.024455007098045455, 'max_depth': 20, 'min_child_weight': 1, 'subsample': 0.9611589948275666, 'colsample_bytree': 0.5979981731823856, 'reg_alpha': 0.9285073340180267, 'reg_lambda': 8.44021341006804, 'gamma': 4.0, 'scale_pos_weight': 5.411752416047867}. Best is trial 2 with value: 0.14535135678204564.
[I 2025-12-03 00:50:33,701] Trial 6 finished with value: 0.11852953284903212 and parameters: {'n_estimators': 950, 'learning_rate': 0.07981888096383381, 'max_depth': 8, 'min_child_weight': 6, 'subsample': 0.9004960562460531, 'colsample_bytree': 0.408738496182158, 'reg_alpha': 0.11072562045162249, 'reg_lambda': 3.8345774655745504, 'gamma': 1.0, 'scale_pos_weight': 5.321274100029107}. Best is trial 2 with value: 0.14535135678204564.
[I 2025-12-03 00:51:07,980] Trial 7 finished with value: 0.1389999998628006 and parameters: {'n_estimators': 150, 'learning_rate': 0.041522047323330244, 'max_depth': 14, 'min_child_weight': 5, 'subsample': 0.993682694974107, 'colsample_bytree': 0.5065132349290866, 'reg_alpha': 0.02324930277067616, 'reg_lambda': 6.776720636833415, 'gamma': 4.0, 'scale_pos_weight': 5.797930443138872}. Best is trial 2 with value: 0.14535135678204564.
[I 2025-12-03 00:52:17,587] Trial 8 finished with value: 0.1295773165676762 and parameters: {'n_estimators': 850, 'learning_rate': 0.03540083678345702, 'max_depth': 14, 'min_child_weight': 7, 'subsample': 0.9367271390668968, 'colsample_bytree': 0.45288828286246025, 'reg_alpha': 0.6256103669614781, 'reg_lambda': 5.020591991158202, 'gamma': 1.0, 'scale_pos_weight': 5.694602789747151}. Best is trial 2 with value: 0.14535135678204564.
[I 2025-12-03 00:52:38,065] Trial 9 finished with value: 0.13855724301985312 and parameters: {'n_estimators': 800, 'learning_rate': 0.040710350508684406, 'max_depth': 4, 'min_child_weight': 9, 'subsample': 0.9195241529258051, 'colsample_bytree': 0.46704116341214413, 'reg_alpha': 0.7399397242110097, 'reg_lambda': 6.633297807988745, 'gamma': 4.0, 'scale_pos_weight': 5.733872231185899}. Best is trial 2 with value: 0.14535135678204564.
[I 2025-12-03 00:54:39,186] Trial 10 finished with value: 0.14762951964636056 and parameters: {'n_estimators': 650, 'learning_rate': 0.009997959963817039, 'max_depth': 8, 'min_child_weight': 10, 'subsample': 0.9978230409478507, 'colsample_bytree': 0.5158813459720418, 'reg_alpha': 0.273952844394734, 'reg_lambda': 1.4495745446842818, 'gamma': 3.0, 'scale_pos_weight': 5.581999780765513}. Best is trial 10 with value: 0.14762951964636056.
[I 2025-12-03 00:55:18,505] Trial 11 finished with value: 0.14834388713538388 and parameters: {'n_estimators': 650, 'learning_rate': 0.00952763884309222, 'max_depth': 8, 'min_child_weight': 10, 'subsample': 0.9925758205423842, 'colsample_bytree': 0.5143343474284042, 'reg_alpha': 0.2864557382154748, 'reg_lambda': 1.4324918257938928, 'gamma': 3.0, 'scale_pos_weight': 5.56252619756936}. Best is trial 11 with value: 0.14834388713538388.
[I 2025-12-03 00:56:30,387] Trial 12 finished with value: 0.1460927022285757 and parameters: {'n_estimators': 600, 'learning_rate': 0.01025000364157266, 'max_depth': 8, 'min_child_weight': 10, 'subsample': 0.9989623290050824, 'colsample_bytree': 0.5250896372316308, 'reg_alpha': 0.341998135461564, 'reg_lambda': 2.8764919418039314, 'gamma': 2.0, 'scale_pos_weight': 5.552644638275057}. Best is trial 11 with value: 0.14834388713538388.
[I 2025-12-03 00:56:50,663] Trial 13 finished with value: 0.15273049070504147 and parameters: {'n_estimators': 600, 'learning_rate': 0.023426058475405985, 'max_depth': 2, 'min_child_weight': 10, 'subsample': 0.9796279269160308, 'colsample_bytree': 0.5407224882231955, 'reg_alpha': 0.38421038545546105, 'reg_lambda': 2.890517602339001, 'gamma': 3.0, 'scale_pos_weight': 5.531981275500638}. Best is trial 13 with value: 0.15273049070504147.
[I 2025-12-03 00:57:04,155] Trial 14 finished with value: 0.14634039513313182 and parameters: {'n_estimators': 450, 'learning_rate': 0.0561829344031829, 'max_depth': 2, 'min_child_weight': 8, 'subsample': 0.9778913566763037, 'colsample_bytree': 0.5543624367321996, 'reg_alpha': 0.4421050037297613, 'reg_lambda': 2.8765410390925434, 'gamma': 3.0, 'scale_pos_weight': 5.292875631715651}. Best is trial 13 with value: 0.15273049070504147.
[I 2025-12-03 00:57:32,151] Trial 15 finished with value: 0.1490995299431322 and parameters: {'n_estimators': 450, 'learning_rate': 0.026485821566363407, 'max_depth': 4, 'min_child_weight': 3, 'subsample': 0.9777495364989159, 'colsample_bytree': 0.543387998062055, 'reg_alpha': 0.46496683523901494, 'reg_lambda': 9.831952063838273, 'gamma': 2.0, 'scale_pos_weight': 5.467601898120606}. Best is trial 13 with value: 0.15273049070504147.
[I 2025-12-03 00:57:43,261] Trial 16 finished with value: 0.1527718748635501 and parameters: {'n_estimators': 350, 'learning_rate': 0.02441252459083902, 'max_depth': 4, 'min_child_weight': 3, 'subsample': 0.9752418005409856, 'colsample_bytree': 0.5468045958635583, 'reg_alpha': 0.5118109350873539, 'reg_lambda': 9.188905454894355, 'gamma': 2.0, 'scale_pos_weight': 5.007639670920241}. Best is trial 16 with value: 0.1527718748635501.
[I 2025-12-03 00:57:51,998] Trial 17 finished with value: 0.1494497096774931 and parameters: {'n_estimators': 300, 'learning_rate': 0.056705411957374816, 'max_depth': 2, 'min_child_weight': 4, 'subsample': 0.9726081179383177, 'colsample_bytree': 0.4876321442869959, 'reg_alpha': 0.5791950638734761, 'reg_lambda': 9.31246665241638, 'gamma': 2.0, 'scale_pos_weight': 5.0637828513503}. Best is trial 16 with value: 0.1527718748635501.
[I 2025-12-03 00:58:08,815] Trial 18 finished with value: 0.15625304452050945 and parameters: {'n_estimators': 300, 'learning_rate': 0.024696174612348076, 'max_depth': 4, 'min_child_weight': 3, 'subsample': 0.9502317482301709, 'colsample_bytree': 0.5776157742553754, 'reg_alpha': 0.3975281034301956, 'reg_lambda': 3.332402089498206, 'gamma': 0.0, 'scale_pos_weight': 5.244249507726834}. Best is trial 18 with value: 0.15625304452050945.
[I 2025-12-03 00:58:19,020] Trial 19 finished with value: 0.1351590220394086 and parameters: {'n_estimators': 250, 'learning_rate': 0.04792764950406396, 'max_depth': 6, 'min_child_weight': 3, 'subsample': 0.9337940005831472, 'colsample_bytree': 0.5881157457461964, 'reg_alpha': 0.5385684319692614, 'reg_lambda': 8.296632526687771, 'gamma': 0.0, 'scale_pos_weight': 5.1785453838494675}. Best is trial 18 with value: 0.15625304452050945.
[I 2025-12-03 00:59:17,600] Trial 20 finished with value: 0.12155809048025457 and parameters: {'n_estimators': 450, 'learning_rate': 0.030743446676962247, 'max_depth': 10, 'min_child_weight': 3, 'subsample': 0.9246642381358194, 'colsample_bytree': 0.5649826775944429, 'reg_alpha': 0.7833287550711932, 'reg_lambda': 3.9982099421733186, 'gamma': 0.0, 'scale_pos_weight': 5.025277125245185}. Best is trial 18 with value: 0.15625304452050945.
[I 2025-12-03 00:59:24,603] Trial 21 finished with value: 0.15226149064053857 and parameters: {'n_estimators': 500, 'learning_rate': 0.019929486381627292, 'max_depth': 2, 'min_child_weight': 4, 'subsample': 0.9499417268188526, 'colsample_bytree': 0.5390813333111497, 'reg_alpha': 0.38900561372146997, 'reg_lambda': 2.937868385511996, 'gamma': 1.0, 'scale_pos_weight': 5.222120259804253}. Best is trial 18 with value: 0.15625304452050945.
[I 2025-12-03 00:59:31,310] Trial 22 finished with value: 0.15419421936651106 and parameters: {'n_estimators': 250, 'learning_rate': 0.021183816830086015, 'max_depth': 4, 'min_child_weight': 2, 'subsample': 0.9699859477775097, 'colsample_bytree': 0.5760657225368673, 'reg_alpha': 0.20394243872815954, 'reg_lambda': 5.36504366558786, 'gamma': 2.0, 'scale_pos_weight': 5.375387490295288}. Best is trial 18 with value: 0.15625304452050945.
[I 2025-12-03 00:59:46,305] Trial 23 finished with value: 0.14620730049527494 and parameters: {'n_estimators': 250, 'learning_rate': 0.01869953989341063, 'max_depth': 6, 'min_child_weight': 2, 'subsample': 0.9709480894721485, 'colsample_bytree': 0.5803503709687496, 'reg_alpha': 0.21679457603976543, 'reg_lambda': 5.267800316514337, 'gamma': 2.0, 'scale_pos_weight': 5.378018911943602}. Best is trial 18 with value: 0.15625304452050945.
[I 2025-12-03 00:59:54,081] Trial 24 finished with value: 0.15277009397714483 and parameters: {'n_estimators': 100, 'learning_rate': 0.03145164413994757, 'max_depth': 4, 'min_child_weight': 2, 'subsample': 0.952660549969845, 'colsample_bytree': 0.5603682852899478, 'reg_alpha': 0.1704359499526804, 'reg_lambda': 6.159768579518085, 'gamma': 1.0, 'scale_pos_weight': 5.248466697877467}. Best is trial 18 with value: 0.15625304452050945.
[I 2025-12-03 01:00:09,213] Trial 25 finished with value: 0.1328995832602574 and parameters: {'n_estimators': 350, 'learning_rate': 0.04716442030066347, 'max_depth': 6, 'min_child_weight': 4, 'subsample': 0.9495471277568277, 'colsample_bytree': 0.5981174076895714, 'reg_alpha': 0.48888696648982344, 'reg_lambda': 4.728662316833037, 'gamma': 0.0, 'scale_pos_weight': 5.126328619129677}. Best is trial 18 with value: 0.15625304452050945.
[I 2025-12-03 01:00:15,016] Trial 26 finished with value: 0.15198562073037822 and parameters: {'n_estimators': 200, 'learning_rate': 0.016499585569148875, 'max_depth': 4, 'min_child_weight': 1, 'subsample': 0.9665161529995762, 'colsample_bytree': 0.5797471115391649, 'reg_alpha': 0.6648290006747308, 'reg_lambda': 7.688399818111711, 'gamma': 2.0, 'scale_pos_weight': 5.358249768435201}. Best is trial 18 with value: 0.15625304452050945.
[I 2025-12-03 01:00:33,207] Trial 27 finished with value: 0.13995886106077932 and parameters: {'n_estimators': 350, 'learning_rate': 0.035374508120902357, 'max_depth': 10, 'min_child_weight': 2, 'subsample': 0.9875475133409699, 'colsample_bytree': 0.4847646398300246, 'reg_alpha': 0.12626321312721372, 'reg_lambda': 3.599160407281687, 'gamma': 5.0, 'scale_pos_weight': 5.094727129520811}. Best is trial 18 with value: 0.15625304452050945.
[I 2025-12-03 01:00:47,358] Trial 28 finished with value: 0.1290224860302594 and parameters: {'n_estimators': 400, 'learning_rate': 0.06296801417423883, 'max_depth': 6, 'min_child_weight': 3, 'subsample': 0.951775747122688, 'colsample_bytree': 0.5549042959125461, 'reg_alpha': 0.3325251665479768, 'reg_lambda': 5.7281311489955105, 'gamma': 1.0, 'scale_pos_weight': 5.0007691324153605}. Best is trial 18 with value: 0.15625304452050945.
