[I 2025-12-03 01:54:22,147] Trial 20 finished with value: 0.12977534341874544 and parameters: {'n_estimators': 850, 'learning_rate': 0.0629223864863621, 'max_depth': 12, 'min_child_weight': 2, 'subsample': 0.9992449900443228, 'colsample_bytree': 0.5476554795701236, 'reg_alpha': 0.5763531285176213, 'reg_lambda': 5.358690317170219, 'gamma': 4.0, 'scale_pos_weight': 5.686022627572683}. Best is trial 2 with value: 0.15227085462625267.
[I 2025-12-03 01:54:59,963] Trial 21 finished with value: 0.1500168970031574 and parameters: {'n_estimators': 1000, 'learning_rate': 0.03650614433183175, 'max_depth': 2, 'min_child_weight': 10, 'subsample': 0.9823974621046067, 'colsample_bytree': 0.5077570326242927, 'reg_alpha': 0.7738542693367954, 'reg_lambda': 9.551655844990474, 'gamma': 0.0, 'scale_pos_weight': 5.072781649113244}. Best is trial 2 with value: 0.15227085462625267.
[I 2025-12-03 01:55:40,678] Trial 22 finished with value: 0.15181606277808174 and parameters: {'n_estimators': 1000, 'learning_rate': 0.034832347739749185, 'max_depth': 2, 'min_child_weight': 10, 'subsample': 0.9778010652876101, 'colsample_bytree': 0.5251820909496917, 'reg_alpha': 0.6563646489202302, 'reg_lambda': 8.242068239691527, 'gamma': 0.0, 'scale_pos_weight': 5.009471624604826}. Best is trial 2 with value: 0.15227085462625267.
[I 2025-12-03 01:56:30,493] Trial 23 finished with value: 0.12587262602725113 and parameters: {'n_estimators': 900, 'learning_rate': 0.043616133184236544, 'max_depth': 4, 'min_child_weight': 9, 'subsample': 0.9663986401881924, 'colsample_bytree': 0.48285516570290804, 'reg_alpha': 0.8683253968350331, 'reg_lambda': 8.080873283022454, 'gamma': 1.0, 'scale_pos_weight': 5.025013315190351}. Best is trial 2 with value: 0.15227085462625267.
[I 2025-12-03 01:56:48,138] Trial 24 finished with value: 0.15007074335993337 and parameters: {'n_estimators': 750, 'learning_rate': 0.020615325695443637, 'max_depth': 2, 'min_child_weight': 10, 'subsample': 0.9533445595444745, 'colsample_bytree': 0.5224565408479412, 'reg_alpha': 0.6063521138781042, 'reg_lambda': 7.216325292384482, 'gamma': 0.0, 'scale_pos_weight': 5.178545396558812}. Best is trial 2 with value: 0.15227085462625267.
[I 2025-12-03 02:01:24,689] Trial 25 finished with value: 0.12090679340977535 and parameters: {'n_estimators': 900, 'learning_rate': 0.032535244178218015, 'max_depth': 6, 'min_child_weight': 7, 'subsample': 0.9751050891336325, 'colsample_bytree': 0.5570397340145005, 'reg_alpha': 0.3880468045086807, 'reg_lambda': 8.676265508511618, 'gamma': 0.0, 'scale_pos_weight': 5.2767832938658294}. Best is trial 2 with value: 0.15227085462625267.
[I 2025-12-03 02:04:24,003] Trial 26 finished with value: 0.13265136297465882 and parameters: {'n_estimators': 550, 'learning_rate': 0.045168116139854074, 'max_depth': 8, 'min_child_weight': 8, 'subsample': 0.9876899519919953, 'colsample_bytree': 0.48520946512865865, 'reg_alpha': 0.9121041009718134, 'reg_lambda': 6.814891490792623, 'gamma': 1.0, 'scale_pos_weight': 5.12527859901118}. Best is trial 2 with value: 0.15227085462625267.
[I 2025-12-03 02:04:45,760] Trial 27 finished with value: 0.13475880159923945 and parameters: {'n_estimators': 1000, 'learning_rate': 0.057592977093086604, 'max_depth': 4, 'min_child_weight': 9, 'subsample': 0.9896577542403273, 'colsample_bytree': 0.5174412113007206, 'reg_alpha': 0.6452273002850499, 'reg_lambda': 6.061949100514353, 'gamma': 2.0, 'scale_pos_weight': 5.4355970715954305}. Best is trial 2 with value: 0.15227085462625267.
[I 2025-12-03 02:04:56,544] Trial 28 finished with value: 0.15097374246791262 and parameters: {'n_estimators': 650, 'learning_rate': 0.026581480558060568, 'max_depth': 2, 'min_child_weight': 10, 'subsample': 0.9769308436614761, 'colsample_bytree': 0.5342734959415028, 'reg_alpha': 0.24188022203270523, 'reg_lambda': 8.110785798741844, 'gamma': 0.0, 'scale_pos_weight': 5.317394764796986}. Best is trial 2 with value: 0.15227085462625267.
[I 2025-12-03 02:05:10,638] Trial 29 finished with value: 0.14517900992358743 and parameters: {'n_estimators': 650, 'learning_rate': 0.016528740349181975, 'max_depth': 4, 'min_child_weight': 1, 'subsample': 0.9621823611415407, 'colsample_bytree': 0.5705557387396463, 'reg_alpha': 0.22853342707632238, 'reg_lambda': 9.093943958056695, 'gamma': 0.0, 'scale_pos_weight': 5.232838391701732}. Best is trial 2 with value: 0.15227085462625267.
[I 2025-12-03 02:06:17,911] A new study created in memory with name: histogram_gradient_boosting_fold_1
[I 2025-12-03 02:06:19,775] Trial 0 finished with value: 0.15306536927784373 and parameters: {'max_iter': 177, 'learning_rate': 0.08051515648041502, 'max_depth': 4, 'min_samples_leaf': 30, 'l2_regularization': 0.701776620633328}. Best is trial 0 with value: 0.15306536927784373.
[I 2025-12-03 02:06:20,868] Trial 1 finished with value: 0.15476215397459242 and parameters: {'max_iter': 134, 'learning_rate': 0.011528440399647445, 'max_depth': 2, 'min_samples_leaf': 9, 'l2_regularization': 0.8512166864533673}. Best is trial 1 with value: 0.15476215397459242.
[I 2025-12-03 02:06:22,432] Trial 2 finished with value: 0.17100234814084125 and parameters: {'max_iter': 144, 'learning_rate': 0.08694326652484359, 'max_depth': 3, 'min_samples_leaf': 29, 'l2_regularization': 0.5591203818643289}. Best is trial 2 with value: 0.17100234814084125.
[I 2025-12-03 02:06:24,261] Trial 3 finished with value: 0.16380764657714203 and parameters: {'max_iter': 118, 'learning_rate': 0.017848091549252456, 'max_depth': 4, 'min_samples_leaf': 22, 'l2_regularization': 0.6339702313775137}. Best is trial 2 with value: 0.17100234814084125.
[I 2025-12-03 02:06:25,221] Trial 4 finished with value: 0.1432317078584195 and parameters: {'max_iter': 58, 'learning_rate': 0.009878202100450833, 'max_depth': 2, 'min_samples_leaf': 23, 'l2_regularization': 0.38175620212006733}. Best is trial 2 with value: 0.17100234814084125.
[I 2025-12-03 02:06:28,046] Trial 5 finished with value: 0.16282878179074362 and parameters: {'max_iter': 171, 'learning_rate': 0.026021597300921004, 'max_depth': 5, 'min_samples_leaf': 14, 'l2_regularization': 0.7236175069031064}. Best is trial 2 with value: 0.17100234814084125.
[I 2025-12-03 02:06:29,515] Trial 6 finished with value: 0.17533037732738985 and parameters: {'max_iter': 141, 'learning_rate': 0.07079036018102326, 'max_depth': 3, 'min_samples_leaf': 5, 'l2_regularization': 0.29937188737174036}. Best is trial 6 with value: 0.17533037732738985.
[I 2025-12-03 02:06:30,605] Trial 7 finished with value: 0.1607462867321955 and parameters: {'max_iter': 67, 'learning_rate': 0.04757173542903879, 'max_depth': 2, 'min_samples_leaf': 16, 'l2_regularization': 0.7941673104944186}. Best is trial 6 with value: 0.17533037732738985.
[I 2025-12-03 02:06:32,928] Trial 8 finished with value: 0.15865530580053405 and parameters: {'max_iter': 198, 'learning_rate': 0.06133114799394842, 'max_depth': 4, 'min_samples_leaf': 7, 'l2_regularization': 0.2691333483740639}. Best is trial 6 with value: 0.17533037732738985.
[I 2025-12-03 02:06:34,478] Trial 9 finished with value: 0.1477349001079812 and parameters: {'max_iter': 62, 'learning_rate': 0.09996013409141138, 'max_depth': 5, 'min_samples_leaf': 6, 'l2_regularization': 0.8654911954229838}. Best is trial 6 with value: 0.17533037732738985.
[I 2025-12-03 02:06:35,572] Trial 10 finished with value: 0.1681744974371966 and parameters: {'max_iter': 100, 'learning_rate': 0.05562117905722339, 'max_depth': 3, 'min_samples_leaf': 2, 'l2_regularization': 0.05866667491605412}. Best is trial 6 with value: 0.17533037732738985.
[I 2025-12-03 02:06:36,952] Trial 11 finished with value: 0.17181903717009595 and parameters: {'max_iter': 152, 'learning_rate': 0.07912959409380006, 'max_depth': 3, 'min_samples_leaf': 30, 'l2_regularization': 0.48610417240814807}. Best is trial 6 with value: 0.17533037732738985.
[I 2025-12-03 02:06:38,495] Trial 12 finished with value: 0.16676526185174032 and parameters: {'max_iter': 153, 'learning_rate': 0.07032273853578198, 'max_depth': 3, 'min_samples_leaf': 1, 'l2_regularization': 0.35426286488661607}. Best is trial 6 with value: 0.17533037732738985.
[I 2025-12-03 02:06:39,959] Trial 13 finished with value: 0.1739923254239144 and parameters: {'max_iter': 117, 'learning_rate': 0.039167275031929856, 'max_depth': 3, 'min_samples_leaf': 14, 'l2_regularization': 0.14700778193743447}. Best is trial 6 with value: 0.17533037732738985.
[I 2025-12-03 02:06:41,347] Trial 14 finished with value: 0.1718101123814384 and parameters: {'max_iter': 98, 'learning_rate': 0.038775086539157774, 'max_depth': 3, 'min_samples_leaf': 12, 'l2_regularization': 0.10088778445800914}. Best is trial 6 with value: 0.17533037732738985.
[I 2025-12-03 02:06:43,108] Trial 15 finished with value: 0.16596425805581191 and parameters: {'max_iter': 115, 'learning_rate': 0.03703149327130866, 'max_depth': 4, 'min_samples_leaf': 19, 'l2_regularization': 0.1963240134196714}. Best is trial 6 with value: 0.17533037732738985.
[I 2025-12-03 02:06:44,181] Trial 16 finished with value: 0.1691770152517084 and parameters: {'max_iter': 92, 'learning_rate': 0.0658472410791529, 'max_depth': 2, 'min_samples_leaf': 5, 'l2_regularization': 0.005258400958856435}. Best is trial 6 with value: 0.17533037732738985.
[I 2025-12-03 02:06:45,345] Trial 17 finished with value: 0.17399442594495018 and parameters: {'max_iter': 82, 'learning_rate': 0.04919314939414148, 'max_depth': 3, 'min_samples_leaf': 11, 'l2_regularization': 0.9958411171422832}. Best is trial 6 with value: 0.17533037732738985.
[I 2025-12-03 02:06:46,757] Trial 18 finished with value: 0.1655806618513794 and parameters: {'max_iter': 82, 'learning_rate': 0.0492557645004474, 'max_depth': 4, 'min_samples_leaf': 10, 'l2_regularization': 0.4464294657014447}. Best is trial 6 with value: 0.17533037732738985.
[I 2025-12-03 02:06:47,779] Trial 19 finished with value: 0.16486458962565304 and parameters: {'max_iter': 74, 'learning_rate': 0.07062063115516541, 'max_depth': 2, 'min_samples_leaf': 3, 'l2_regularization': 0.9611684279144374}. Best is trial 6 with value: 0.17533037732738985.
[I 2025-12-03 02:06:49,355] Trial 20 finished with value: 0.17134215835371722 and parameters: {'max_iter': 170, 'learning_rate': 0.05746979627221247, 'max_depth': 3, 'min_samples_leaf': 9, 'l2_regularization': 0.3252986515130116}. Best is trial 6 with value: 0.17533037732738985.
[I 2025-12-03 02:06:50,839] Trial 21 finished with value: 0.1735093212736982 and parameters: {'max_iter': 127, 'learning_rate': 0.03539063783981524, 'max_depth': 3, 'min_samples_leaf': 16, 'l2_regularization': 0.15949401901880977}. Best is trial 6 with value: 0.17533037732738985.
[I 2025-12-03 02:06:51,864] Trial 22 finished with value: 0.1741509832765281 and parameters: {'max_iter': 106, 'learning_rate': 0.045210017983420246, 'max_depth': 3, 'min_samples_leaf': 12, 'l2_regularization': 0.24967055367679364}. Best is trial 6 with value: 0.17533037732738985.
[I 2025-12-03 02:06:53,260] Trial 23 finished with value: 0.1730781512991508 and parameters: {'max_iter': 104, 'learning_rate': 0.04611101441528873, 'max_depth': 3, 'min_samples_leaf': 11, 'l2_regularization': 0.26459871134256563}. Best is trial 6 with value: 0.17533037732738985.
[I 2025-12-03 02:06:54,739] Trial 24 finished with value: 0.16852555972192101 and parameters: {'max_iter': 86, 'learning_rate': 0.026296833865859376, 'max_depth': 4, 'min_samples_leaf': 7, 'l2_regularization': 0.98916468507078}. Best is trial 6 with value: 0.17533037732738985.
[I 2025-12-03 02:06:55,753] Trial 25 finished with value: 0.17156076555714644 and parameters: {'max_iter': 52, 'learning_rate': 0.051186031565690814, 'max_depth': 3, 'min_samples_leaf': 13, 'l2_regularization': 0.5749959687098432}. Best is trial 6 with value: 0.17533037732738985.
[I 2025-12-03 02:06:56,932] Trial 26 finished with value: 0.1680524931927904 and parameters: {'max_iter': 107, 'learning_rate': 0.06292781456645632, 'max_depth': 2, 'min_samples_leaf': 4, 'l2_regularization': 0.42011496209868215}. Best is trial 6 with value: 0.17533037732738985.
[I 2025-12-03 02:06:58,112] Trial 27 finished with value: 0.17567420130727912 and parameters: {'max_iter': 77, 'learning_rate': 0.09160801879869744, 'max_depth': 3, 'min_samples_leaf': 18, 'l2_regularization': 0.23201548079548134}. Best is trial 27 with value: 0.17567420130727912.
[I 2025-12-03 02:07:00,056] Trial 28 finished with value: 0.1544736678620588 and parameters: {'max_iter': 133, 'learning_rate': 0.09618307955819877, 'max_depth': 4, 'min_samples_leaf': 19, 'l2_regularization': 0.24485562262564883}. Best is trial 27 with value: 0.17567420130727912.
[I 2025-12-03 02:07:01,478] Trial 29 finished with value: 0.16270740851720603 and parameters: {'max_iter': 73, 'learning_rate': 0.08120433197709577, 'max_depth': 4, 'min_samples_leaf': 18, 'l2_regularization': 0.30979269008047733}. Best is trial 27 with value: 0.17567420130727912.
[I 2025-12-03 02:07:02,533] A new study created in memory with name: histogram_gradient_boosting_fold_2
[I 2025-12-03 02:07:03,736] Trial 0 finished with value: 0.1516587210996052 and parameters: {'max_iter': 115, 'learning_rate': 0.03562505922963669, 'max_depth': 3, 'min_samples_leaf': 15, 'l2_regularization': 0.029558568771149263}. Best is trial 0 with value: 0.1516587210996052.
[I 2025-12-03 02:07:05,716] Trial 1 finished with value: 0.14908978771481957 and parameters: {'max_iter': 166, 'learning_rate': 0.02214235394351388, 'max_depth': 4, 'min_samples_leaf': 29, 'l2_regularization': 0.9565275927274971}. Best is trial 0 with value: 0.1516587210996052.
[I 2025-12-03 02:07:07,712] Trial 2 finished with value: 0.1432384720057556 and parameters: {'max_iter': 144, 'learning_rate': 0.0794249746155328, 'max_depth': 4, 'min_samples_leaf': 27, 'l2_regularization': 0.40515782399456735}. Best is trial 0 with value: 0.1516587210996052.
[I 2025-12-03 02:07:08,914] Trial 3 finished with value: 0.14586621689421472 and parameters: {'max_iter': 115, 'learning_rate': 0.05037220111777123, 'max_depth': 5, 'min_samples_leaf': 11, 'l2_regularization': 0.18976414723816126}. Best is trial 0 with value: 0.1516587210996052.
[I 2025-12-03 02:07:09,922] Trial 4 finished with value: 0.14746239945935075 and parameters: {'max_iter': 194, 'learning_rate': 0.05732928445516057, 'max_depth': 3, 'min_samples_leaf': 28, 'l2_regularization': 0.8451300223601056}. Best is trial 0 with value: 0.1516587210996052.
[I 2025-12-03 02:07:10,563] Trial 5 finished with value: 0.14493461695625443 and parameters: {'max_iter': 77, 'learning_rate': 0.05676717375451752, 'max_depth': 2, 'min_samples_leaf': 9, 'l2_regularization': 0.8989218608408439}. Best is trial 0 with value: 0.1516587210996052.
[I 2025-12-03 02:07:11,185] Trial 6 finished with value: 0.14708900626036323 and parameters: {'max_iter': 155, 'learning_rate': 0.041398008185804046, 'max_depth': 2, 'min_samples_leaf': 17, 'l2_regularization': 0.5715742795596792}. Best is trial 0 with value: 0.1516587210996052.
[I 2025-12-03 02:07:12,110] Trial 7 finished with value: 0.14776858580581415 and parameters: {'max_iter': 76, 'learning_rate': 0.04355373250755084, 'max_depth': 4, 'min_samples_leaf': 24, 'l2_regularization': 0.6451840533334848}. Best is trial 0 with value: 0.1516587210996052.
[I 2025-12-03 02:07:12,762] Trial 8 finished with value: 0.14393836572884341 and parameters: {'max_iter': 146, 'learning_rate': 0.09076930170217315, 'max_depth': 3, 'min_samples_leaf': 26, 'l2_regularization': 0.22319403105638747}. Best is trial 0 with value: 0.1516587210996052.
[I 2025-12-03 02:07:13,464] Trial 9 finished with value: 0.1470098832716549 and parameters: {'max_iter': 68, 'learning_rate': 0.04578392667788051, 'max_depth': 4, 'min_samples_leaf': 17, 'l2_regularization': 0.6838357961196686}. Best is trial 0 with value: 0.1516587210996052.
[I 2025-12-03 02:07:14,733] Trial 10 finished with value: 0.14276742172692586 and parameters: {'max_iter': 107, 'learning_rate': 0.010853249624903551, 'max_depth': 5, 'min_samples_leaf': 2, 'l2_regularization': 0.04097308392244303}. Best is trial 0 with value: 0.1516587210996052.
[I 2025-12-03 02:07:15,697] Trial 11 finished with value: 0.14813741560799437 and parameters: {'max_iter': 187, 'learning_rate': 0.01673281971813584, 'max_depth': 3, 'min_samples_leaf': 21, 'l2_regularization': 0.3831444833870647}. Best is trial 0 with value: 0.1516587210996052.
[I 2025-12-03 02:07:16,768] Trial 12 finished with value: 0.1492767887933236 and parameters: {'max_iter': 163, 'learning_rate': 0.028398315547158978, 'max_depth': 4, 'min_samples_leaf': 10, 'l2_regularization': 0.9983090306972243}. Best is trial 0 with value: 0.1516587210996052.
[I 2025-12-03 02:07:17,505] Trial 13 finished with value: 0.14955891240659028 and parameters: {'max_iter': 99, 'learning_rate': 0.02944942271983295, 'max_depth': 3, 'min_samples_leaf': 10, 'l2_regularization': 0.009209562729849918}. Best is trial 0 with value: 0.1516587210996052.
[I 2025-12-03 02:07:18,045] Trial 14 finished with value: 0.14493044907811706 and parameters: {'max_iter': 97, 'learning_rate': 0.029115400100806023, 'max_depth': 2, 'min_samples_leaf': 3, 'l2_regularization': 0.04807701107055222}. Best is trial 0 with value: 0.1516587210996052.
[I 2025-12-03 02:07:18,903] Trial 15 finished with value: 0.15202173038572447 and parameters: {'max_iter': 132, 'learning_rate': 0.06918552467309909, 'max_depth': 3, 'min_samples_leaf': 13, 'l2_regularization': 0.192922907606475}. Best is trial 15 with value: 0.15202173038572447.
[I 2025-12-03 02:07:19,766] Trial 16 finished with value: 0.15592769780284654 and parameters: {'max_iter': 130, 'learning_rate': 0.07029277447117667, 'max_depth': 3, 'min_samples_leaf': 14, 'l2_regularization': 0.2005609946440271}. Best is trial 16 with value: 0.15592769780284654.
[I 2025-12-03 02:07:20,432] Trial 17 finished with value: 0.14673248285452398 and parameters: {'max_iter': 136, 'learning_rate': 0.07098630373334956, 'max_depth': 2, 'min_samples_leaf': 6, 'l2_regularization': 0.2415455899125536}. Best is trial 16 with value: 0.15592769780284654.
[I 2025-12-03 02:07:21,400] Trial 18 finished with value: 0.15465437981831115 and parameters: {'max_iter': 135, 'learning_rate': 0.06831508883307749, 'max_depth': 3, 'min_samples_leaf': 14, 'l2_regularization': 0.3631675445859808}. Best is trial 16 with value: 0.15592769780284654.
[I 2025-12-03 02:07:21,866] Trial 19 finished with value: 0.1454775159684197 and parameters: {'max_iter': 51, 'learning_rate': 0.09656519624830337, 'max_depth': 2, 'min_samples_leaf': 19, 'l2_regularization': 0.3801938023340015}. Best is trial 16 with value: 0.15592769780284654.
[I 2025-12-03 02:07:22,881] Trial 20 finished with value: 0.14509776537225338 and parameters: {'max_iter': 177, 'learning_rate': 0.06624192903838728, 'max_depth': 3, 'min_samples_leaf': 21, 'l2_regularization': 0.4653227637615629}. Best is trial 16 with value: 0.15592769780284654.
[I 2025-12-03 02:07:23,671] Trial 21 finished with value: 0.15225610246855875 and parameters: {'max_iter': 133, 'learning_rate': 0.08024995504056334, 'max_depth': 3, 'min_samples_leaf': 13, 'l2_regularization': 0.28401644200874143}. Best is trial 16 with value: 0.15592769780284654.
[I 2025-12-03 02:07:24,547] Trial 22 finished with value: 0.15186828613888964 and parameters: {'max_iter': 123, 'learning_rate': 0.08294375254704459, 'max_depth': 3, 'min_samples_leaf': 14, 'l2_regularization': 0.3173396673765853}. Best is trial 16 with value: 0.15592769780284654.
[I 2025-12-03 02:07:25,349] Trial 23 finished with value: 0.14988951416484803 and parameters: {'max_iter': 128, 'learning_rate': 0.07701014096903772, 'max_depth': 3, 'min_samples_leaf': 13, 'l2_regularization': 0.13176098956576857}. Best is trial 16 with value: 0.15592769780284654.
[I 2025-12-03 02:07:26,732] Trial 24 finished with value: 0.14614963968728353 and parameters: {'max_iter': 149, 'learning_rate': 0.08679726498810379, 'max_depth': 4, 'min_samples_leaf': 7, 'l2_regularization': 0.3058924431015343}. Best is trial 16 with value: 0.15592769780284654.
[I 2025-12-03 02:07:27,307] Trial 25 finished with value: 0.15081675280279097 and parameters: {'max_iter': 91, 'learning_rate': 0.06374537856668068, 'max_depth': 3, 'min_samples_leaf': 17, 'l2_regularization': 0.12268361555268165}. Best is trial 16 with value: 0.15592769780284654.
[I 2025-12-03 02:07:27,917] Trial 26 finished with value: 0.14730609618583096 and parameters: {'max_iter': 140, 'learning_rate': 0.07433747301585471, 'max_depth': 2, 'min_samples_leaf': 6, 'l2_regularization': 0.5175851616832207}. Best is trial 16 with value: 0.15592769780284654.
[I 2025-12-03 02:07:28,587] Trial 27 finished with value: 0.14598776468208724 and parameters: {'max_iter': 119, 'learning_rate': 0.0994023821889164, 'max_depth': 3, 'min_samples_leaf': 12, 'l2_regularization': 0.3125558538213831}. Best is trial 16 with value: 0.15592769780284654.
[I 2025-12-03 02:07:29,568] Trial 28 finished with value: 0.14251344025561413 and parameters: {'max_iter': 170, 'learning_rate': 0.06145484986530737, 'max_depth': 4, 'min_samples_leaf': 19, 'l2_regularization': 0.46607740685703325}. Best is trial 16 with value: 0.15592769780284654.
[I 2025-12-03 02:07:30,498] Trial 29 finished with value: 0.14684334967514204 and parameters: {'max_iter': 154, 'learning_rate': 0.08988360634895334, 'max_depth': 3, 'min_samples_leaf': 15, 'l2_regularization': 0.25084446059458854}. Best is trial 16 with value: 0.15592769780284654.
[I 2025-12-03 02:07:31,102] A new study created in memory with name: histogram_gradient_boosting_fold_3
[I 2025-12-03 02:07:31,653] Trial 0 finished with value: 0.14861539321941608 and parameters: {'max_iter': 181, 'learning_rate': 0.04209248634971084, 'max_depth': 2, 'min_samples_leaf': 27, 'l2_regularization': 0.39963970614325794}. Best is trial 0 with value: 0.14861539321941608.
