[I 2025-12-03 01:00:56,100] Trial 29 finished with value: 0.13884536850674886 and parameters: {'n_estimators': 250, 'learning_rate': 0.09117117885565673, 'max_depth': 4, 'min_child_weight': 5, 'subsample': 0.9658774123233167, 'colsample_bytree': 0.5333213095060423, 'reg_alpha': 0.5382401127626963, 'reg_lambda': 7.222932844466384, 'gamma': 2.0, 'scale_pos_weight': 5.1925231654182875}. Best is trial 18 with value: 0.15625304452050945.
CLASSIFICAÇÃO DE GENES-ALVO USANDO DADOS ÔMICOS
================================================================================
Timestamp do experimento: 20251202_232530
 Usando dados da ANA:
   Features: data/UNION_features.tsv
   Labels: data/processed/UNION_labels.tsv
   Formato labels: genes, 2class (binary), 3class (multiclass)

Arquivos encontrados com sucesso!
Carregando e preparando dados...
============================================================
PREPARANDO DATASET PARA CLASSIFICAÇÃO (BINARY)
============================================================
Carregando UNION_features.tsv
Features carregadas: 19602 genes x 64 features
Tipos de dados das features: {dtype('float64'): 64}
Range das features: [0.0000, 1.0000]
----------------------------------------
Carregando UNION_labels.tsv (classificação: binary)
Labels carregados: 19680 genes
Valores únicos em 2class: label
0.0    16727
NaN     1997
1.0      956
Name: count, dtype: int64
Genes with NaN dropped: 1997
Distribuição das classes:
  Classe 0 (passenger): 16727 genes
  Classe 1 (cancer): 956 genes
  Razão cancer/passenger: 0.0572
----------------------------------------
Alinhando features e labels
Genes comuns entre features e labels: 17676
Dataset final: 17676 genes x 64 features
Distribuição final das classes: [16727   949]
----------------------------------------
DATASET PREPARADO COM SUCESSO!
Shape final: X=(17676, 64), y=(17676,)
Genes: 17676
Features: 64
============================================================

CONFIGURAÇÃO DO EXPERIMENTO (OTIMIZAÇÃO):
  Modelo: CatBoost
  Trials: 30
  Tipo: binary
  Parâmetros: Reduzido
  Balanceamento: none
================================================================================
EXECUTANDO MODELO: CatBoost
================================================================================

Starting Nested Cross-Validation for catboost...
Configuration: 5 outer folds, 30 trials per fold
Performing 80/20 holdout split...
Holdout split completed:
  - Training set: 14140 samples (80%)
  - Holdout test set: 3536 samples (20%)
Fold 1
Importâncias dos parâmetros para fold 1: {'learning_rate': np.float64(0.3392501612968441), 'iterations': np.float64(0.256577122730728), 'border_count': np.float64(0.15830362988556945), 'scale_pos_weight': np.float64(0.06816545567494592), 'random_strength': np.float64(0.04856929039351566), 'depth': np.float64(0.04792161512797191), 'l2_leaf_reg': np.float64(0.04188285159602176), 'bagging_temperature': np.float64(0.039329873294402996)}
Saved Optuna plots to results/20251202_232530_ana_optimized_binary_less/catboost/optuna_plots
Fold 2
Importâncias dos parâmetros para fold 2: {'learning_rate': np.float64(0.2939579244165063), 'iterations': np.float64(0.2823552554286255), 'border_count': np.float64(0.14759125605662915), 'bagging_temperature': np.float64(0.1051456608502336), 'depth': np.float64(0.05070944579446576), 'scale_pos_weight': np.float64(0.04720255514527267), 'l2_leaf_reg': np.float64(0.04117130198008864), 'random_strength': np.float64(0.03186660032817838)}
Saved Optuna plots to results/20251202_232530_ana_optimized_binary_less/catboost/optuna_plots
Fold 3
Importâncias dos parâmetros para fold 3: {'iterations': np.float64(0.421125317875288), 'random_strength': np.float64(0.2863606028189984), 'learning_rate': np.float64(0.1775309578308884), 'bagging_temperature': np.float64(0.040210649102658064), 'scale_pos_weight': np.float64(0.036134625617749036), 'l2_leaf_reg': np.float64(0.026150691448070196), 'border_count': np.float64(0.011025785022940097), 'depth': np.float64(0.0014613702834077131)}
Saved Optuna plots to results/20251202_232530_ana_optimized_binary_less/catboost/optuna_plots
Fold 4
Importâncias dos parâmetros para fold 4: {'iterations': np.float64(0.49418130042311165), 'learning_rate': np.float64(0.11907150926669612), 'depth': np.float64(0.11352390117101249), 'random_strength': np.float64(0.0853617026219862), 'l2_leaf_reg': np.float64(0.08138585194049228), 'bagging_temperature': np.float64(0.06532250089580957), 'border_count': np.float64(0.025784906273802605), 'scale_pos_weight': np.float64(0.015368327407089134)}
Saved Optuna plots to results/20251202_232530_ana_optimized_binary_less/catboost/optuna_plots
Fold 5
Importâncias dos parâmetros para fold 5: {'depth': np.float64(0.349825867335658), 'learning_rate': np.float64(0.30326899487372777), 'iterations': np.float64(0.1059108879925766), 'l2_leaf_reg': np.float64(0.06788498186397184), 'random_strength': np.float64(0.06592678339076945), 'bagging_temperature': np.float64(0.04059165152682529), 'border_count': np.float64(0.04039042228441034), 'scale_pos_weight': np.float64(0.026200410732060597)}
Saved Optuna plots to results/20251202_232530_ana_optimized_binary_less/catboost/optuna_plots

Nested CV completed. The 20% holdout set (3536 samples) remains untouched.
This holdout set can be used for final unbiased evaluation.

Training and evaluating 5 best parameter sets on holdout data...
Testing with 4 balancing strategies: none, randomundersampler, smoteenn, tomeklinks

Evaluating fold 1 best params on holdout set...
  - Testing with balance strategy: none
  - Testing with balance strategy: randomundersampler
  - Testing with balance strategy: smoteenn
  - Testing with balance strategy: tomeklinks

Evaluating fold 2 best params on holdout set...
  - Testing with balance strategy: none
  - Testing with balance strategy: randomundersampler
  - Testing with balance strategy: smoteenn
  - Testing with balance strategy: tomeklinks

Evaluating fold 3 best params on holdout set...
  - Testing with balance strategy: none
  - Testing with balance strategy: randomundersampler
  - Testing with balance strategy: smoteenn
  - Testing with balance strategy: tomeklinks

Evaluating fold 4 best params on holdout set...
  - Testing with balance strategy: none
  - Testing with balance strategy: randomundersampler
  - Testing with balance strategy: smoteenn
  - Testing with balance strategy: tomeklinks

Evaluating fold 5 best params on holdout set...
  - Testing with balance strategy: none
  - Testing with balance strategy: randomundersampler
  - Testing with balance strategy: smoteenn
  - Testing with balance strategy: tomeklinks
Saving optimization and holdout results...
Detailed results by fold saved to: ./results/20251202_232530_ana_optimized_binary_less/catboost/detailed_results_by_fold.txt
Test predictions for all folds saved to: ./results/20251202_232530_ana_optimized_binary_less/catboost/metrics.json
Saving holdout results...
Holdout evaluation results saved to: ./results/20251202_232530_ana_optimized_binary_less/catboost/holdout_results.txt
Saved!
[OK] CatBoost executado com sucesso!

CONFIGURAÇÃO DO EXPERIMENTO (OTIMIZAÇÃO):
  Modelo: XGBoost
  Trials: 30
  Tipo: binary
  Parâmetros: Reduzido
  Balanceamento: none
================================================================================
EXECUTANDO MODELO: XGBoost
================================================================================

Starting Nested Cross-Validation for xgboost...
Configuration: 5 outer folds, 30 trials per fold
Performing 80/20 holdout split...
Holdout split completed:
  - Training set: 14140 samples (80%)
  - Holdout test set: 3536 samples (20%)
Fold 1
Importâncias dos parâmetros para fold 1: {'learning_rate': np.float64(0.6204765006406695), 'n_estimators': np.float64(0.10793066460657161), 'gamma': np.float64(0.09878010618884561), 'subsample': np.float64(0.04802866774758243), 'reg_alpha': np.float64(0.03393990769965784), 'reg_lambda': np.float64(0.03226573347823402), 'max_depth': np.float64(0.024716741459768588), 'scale_pos_weight': np.float64(0.018136271695193065), 'colsample_bytree': np.float64(0.008449305920697358), 'min_child_weight': np.float64(0.007276100562779969)}
Saved Optuna plots to results/20251202_232530_ana_optimized_binary_less/xgboost/optuna_plots
Fold 2
[I 2025-12-03 01:01:01,790] A new study created in memory with name: xgboost_fold_3
[I 2025-12-03 01:01:09,768] Trial 0 finished with value: 0.14636951768400636 and parameters: {'n_estimators': 350, 'learning_rate': 0.015257392379131816, 'max_depth': 2, 'min_child_weight': 9, 'subsample': 0.9235748169431615, 'colsample_bytree': 0.424457003923299, 'reg_alpha': 0.5242283305489222, 'reg_lambda': 3.658147617900098, 'gamma': 4.0, 'scale_pos_weight': 5.257934772782691}. Best is trial 0 with value: 0.14636951768400636.
[I 2025-12-03 01:02:25,691] Trial 1 finished with value: 0.1157808589138356 and parameters: {'n_estimators': 700, 'learning_rate': 0.038464894667998545, 'max_depth': 20, 'min_child_weight': 4, 'subsample': 0.9475361445082211, 'colsample_bytree': 0.41950571395248665, 'reg_alpha': 0.3857314355048057, 'reg_lambda': 1.1261752017492634, 'gamma': 0.0, 'scale_pos_weight': 5.976239773692812}. Best is trial 0 with value: 0.14636951768400636.
[I 2025-12-03 01:03:48,985] Trial 2 finished with value: 0.14155856829502175 and parameters: {'n_estimators': 450, 'learning_rate': 0.012355380153992474, 'max_depth': 18, 'min_child_weight': 6, 'subsample': 0.9482832385066216, 'colsample_bytree': 0.5751711298934707, 'reg_alpha': 0.27892491416288157, 'reg_lambda': 9.933519972219086, 'gamma': 2.0, 'scale_pos_weight': 5.588898745657485}. Best is trial 0 with value: 0.14636951768400636.
[I 2025-12-03 01:04:05,988] Trial 3 finished with value: 0.13233361304476748 and parameters: {'n_estimators': 950, 'learning_rate': 0.08099309584146919, 'max_depth': 14, 'min_child_weight': 4, 'subsample': 0.9821072316806513, 'colsample_bytree': 0.5295114013607007, 'reg_alpha': 0.5710771710541479, 'reg_lambda': 2.683873056893133, 'gamma': 3.0, 'scale_pos_weight': 5.399538173469651}. Best is trial 0 with value: 0.14636951768400636.
[I 2025-12-03 01:04:13,383] Trial 4 finished with value: 0.14410091378476736 and parameters: {'n_estimators': 300, 'learning_rate': 0.08534485302596122, 'max_depth': 6, 'min_child_weight': 10, 'subsample': 0.9823175628968847, 'colsample_bytree': 0.5517380174601976, 'reg_alpha': 0.36914543881479134, 'reg_lambda': 9.439965687973675, 'gamma': 4.0, 'scale_pos_weight': 5.463981945573398}. Best is trial 0 with value: 0.14636951768400636.
[I 2025-12-03 01:06:55,783] Trial 5 finished with value: 0.1343309571980366 and parameters: {'n_estimators': 600, 'learning_rate': 0.045128021331871444, 'max_depth': 20, 'min_child_weight': 9, 'subsample': 0.971469977839483, 'colsample_bytree': 0.537683137578713, 'reg_alpha': 0.1522649712526376, 'reg_lambda': 8.87903940871626, 'gamma': 2.0, 'scale_pos_weight': 5.764558247600879}. Best is trial 0 with value: 0.14636951768400636.
[I 2025-12-03 01:09:19,614] Trial 6 finished with value: 0.1447505934107705 and parameters: {'n_estimators': 100, 'learning_rate': 0.01858620389858656, 'max_depth': 18, 'min_child_weight': 9, 'subsample': 0.9800769377823888, 'colsample_bytree': 0.5495548992523425, 'reg_alpha': 0.8545358738685873, 'reg_lambda': 1.0686702060138582, 'gamma': 1.0, 'scale_pos_weight': 5.977894517786121}. Best is trial 0 with value: 0.14636951768400636.
[I 2025-12-03 01:17:11,652] Trial 7 finished with value: 0.1253528609339415 and parameters: {'n_estimators': 550, 'learning_rate': 0.02770505439771919, 'max_depth': 14, 'min_child_weight': 7, 'subsample': 0.9595210589265835, 'colsample_bytree': 0.40643770078446395, 'reg_alpha': 0.8566381445923087, 'reg_lambda': 3.13380933141228, 'gamma': 0.0, 'scale_pos_weight': 5.002327763055644}. Best is trial 0 with value: 0.14636951768400636.
[I 2025-12-03 01:23:41,744] Trial 8 finished with value: 0.11732536145185393 and parameters: {'n_estimators': 450, 'learning_rate': 0.02286603422989475, 'max_depth': 14, 'min_child_weight': 1, 'subsample': 0.9197456417539027, 'colsample_bytree': 0.48473199778877796, 'reg_alpha': 0.02904641025131538, 'reg_lambda': 8.578086646641701, 'gamma': 0.0, 'scale_pos_weight': 5.017037581945119}. Best is trial 0 with value: 0.14636951768400636.
[I 2025-12-03 01:23:48,903] Trial 9 finished with value: 0.13862680590006649 and parameters: {'n_estimators': 550, 'learning_rate': 0.08729477181147492, 'max_depth': 2, 'min_child_weight': 5, 'subsample': 0.9807060688346838, 'colsample_bytree': 0.5183944114944262, 'reg_alpha': 0.04151339490104988, 'reg_lambda': 3.256439627242734, 'gamma': 3.0, 'scale_pos_weight': 5.711750184183246}. Best is trial 0 with value: 0.14636951768400636.
[I 2025-12-03 01:24:00,709] Trial 10 finished with value: 0.1410533131367566 and parameters: {'n_estimators': 100, 'learning_rate': 0.06721900792544902, 'max_depth': 6, 'min_child_weight': 8, 'subsample': 0.9082841921837068, 'colsample_bytree': 0.4603350043798047, 'reg_alpha': 0.6494619349369255, 'reg_lambda': 6.172655734103283, 'gamma': 5.0, 'scale_pos_weight': 5.242926166018303}. Best is trial 0 with value: 0.14636951768400636.
[I 2025-12-03 01:24:15,894] Trial 11 finished with value: 0.14055666409755618 and parameters: {'n_estimators': 100, 'learning_rate': 0.01017288800048105, 'max_depth': 8, 'min_child_weight': 10, 'subsample': 0.9309859319455274, 'colsample_bytree': 0.5902562747854684, 'reg_alpha': 0.9891853107216543, 'reg_lambda': 5.400305506351419, 'gamma': 1.0, 'scale_pos_weight': 5.250411552007371}. Best is trial 0 with value: 0.14636951768400636.
[I 2025-12-03 01:24:23,701] Trial 12 finished with value: 0.1520022718786675 and parameters: {'n_estimators': 250, 'learning_rate': 0.05471484541491093, 'max_depth': 2, 'min_child_weight': 8, 'subsample': 0.9294191281813864, 'colsample_bytree': 0.4523492891544856, 'reg_alpha': 0.7284278379914484, 'reg_lambda': 1.069737429372334, 'gamma': 4.0, 'scale_pos_weight': 5.904064675762947}. Best is trial 12 with value: 0.1520022718786675.
[I 2025-12-03 01:24:31,697] Trial 13 finished with value: 0.15227310415815393 and parameters: {'n_estimators': 300, 'learning_rate': 0.06064091325285004, 'max_depth': 2, 'min_child_weight': 7, 'subsample': 0.9309041937387257, 'colsample_bytree': 0.4485540247001144, 'reg_alpha': 0.7059614039225754, 'reg_lambda': 4.803270325335865, 'gamma': 5.0, 'scale_pos_weight': 5.243108605905444}. Best is trial 13 with value: 0.15227310415815393.
[I 2025-12-03 01:24:40,807] Trial 14 finished with value: 0.14518368008873292 and parameters: {'n_estimators': 250, 'learning_rate': 0.061439386249172785, 'max_depth': 4, 'min_child_weight': 7, 'subsample': 0.9337599643703921, 'colsample_bytree': 0.45264262005357203, 'reg_alpha': 0.7022867091196551, 'reg_lambda': 6.55221229572292, 'gamma': 5.0, 'scale_pos_weight': 5.802944603901829}. Best is trial 13 with value: 0.15227310415815393.
[I 2025-12-03 01:25:00,605] Trial 15 finished with value: 0.13129890684671103 and parameters: {'n_estimators': 250, 'learning_rate': 0.0704538648976509, 'max_depth': 10, 'min_child_weight': 7, 'subsample': 0.9003511206686431, 'colsample_bytree': 0.48262496995382426, 'reg_alpha': 0.7669636533034393, 'reg_lambda': 4.812103508319417, 'gamma': 4.0, 'scale_pos_weight': 5.611956062292751}. Best is trial 13 with value: 0.15227310415815393.
[I 2025-12-03 01:25:17,807] Trial 16 finished with value: 0.14605167095777782 and parameters: {'n_estimators': 750, 'learning_rate': 0.09865363604003022, 'max_depth': 4, 'min_child_weight': 2, 'subsample': 0.9383107780393893, 'colsample_bytree': 0.4497941634647656, 'reg_alpha': 0.9998538966525183, 'reg_lambda': 1.9369728108924371, 'gamma': 5.0, 'scale_pos_weight': 5.143500783953097}. Best is trial 13 with value: 0.15227310415815393.
[I 2025-12-03 01:25:25,497] Trial 17 finished with value: 0.15294805264839106 and parameters: {'n_estimators': 400, 'learning_rate': 0.049844752767471634, 'max_depth': 2, 'min_child_weight': 6, 'subsample': 0.9999985188688687, 'colsample_bytree': 0.499543378209782, 'reg_alpha': 0.8141580263508753, 'reg_lambda': 7.28112404592261, 'gamma': 4.0, 'scale_pos_weight': 5.387204501736727}. Best is trial 17 with value: 0.15294805264839106.
[I 2025-12-03 01:25:53,882] Trial 18 finished with value: 0.13933444034858516 and parameters: {'n_estimators': 400, 'learning_rate': 0.03975232813877282, 'max_depth': 10, 'min_child_weight': 5, 'subsample': 0.964708609829919, 'colsample_bytree': 0.5037672020740833, 'reg_alpha': 0.8505205034824921, 'reg_lambda': 7.460566012313547, 'gamma': 5.0, 'scale_pos_weight': 5.356933059697432}. Best is trial 17 with value: 0.15294805264839106.
[I 2025-12-03 01:26:20,385] Trial 19 finished with value: 0.13856643827821452 and parameters: {'n_estimators': 1000, 'learning_rate': 0.05100509968767825, 'max_depth': 6, 'min_child_weight': 3, 'subsample': 0.9973021521806421, 'colsample_bytree': 0.48019194933229664, 'reg_alpha': 0.6100475498066786, 'reg_lambda': 4.30333379772075, 'gamma': 3.0, 'scale_pos_weight': 5.153811674752488}. Best is trial 17 with value: 0.15294805264839106.
[I 2025-12-03 01:26:30,549] Trial 20 finished with value: 0.14610809313473552 and parameters: {'n_estimators': 850, 'learning_rate': 0.03159576155070075, 'max_depth': 4, 'min_child_weight': 6, 'subsample': 0.9974763050889722, 'colsample_bytree': 0.5030184792165814, 'reg_alpha': 0.4625500587385738, 'reg_lambda': 7.3034724019808195, 'gamma': 4.0, 'scale_pos_weight': 5.53266519326499}. Best is trial 17 with value: 0.15294805264839106.
[I 2025-12-03 01:26:33,750] Trial 21 finished with value: 0.14958268310814374 and parameters: {'n_estimators': 200, 'learning_rate': 0.058017503308552223, 'max_depth': 2, 'min_child_weight': 8, 'subsample': 0.9167205480589067, 'colsample_bytree': 0.43560396468716484, 'reg_alpha': 0.7517556523950218, 'reg_lambda': 7.101054594684198, 'gamma': 4.0, 'scale_pos_weight': 5.366571140456867}. Best is trial 17 with value: 0.15294805264839106.
[I 2025-12-03 01:26:39,767] Trial 22 finished with value: 0.14675317807968505 and parameters: {'n_estimators': 350, 'learning_rate': 0.05012517959418983, 'max_depth': 2, 'min_child_weight': 8, 'subsample': 0.9421717214378829, 'colsample_bytree': 0.4666562743191372, 'reg_alpha': 0.7894623126323519, 'reg_lambda': 8.126626610851087, 'gamma': 5.0, 'scale_pos_weight': 5.882953511655704}. Best is trial 17 with value: 0.15294805264839106.
[I 2025-12-03 01:26:42,389] Trial 23 finished with value: 0.1449287599206281 and parameters: {'n_estimators': 200, 'learning_rate': 0.07014200514295486, 'max_depth': 4, 'min_child_weight': 6, 'subsample': 0.9289745566483465, 'colsample_bytree': 0.4381671315100048, 'reg_alpha': 0.6669353074890059, 'reg_lambda': 5.723635267898492, 'gamma': 4.0, 'scale_pos_weight': 5.440633606523982}. Best is trial 17 with value: 0.15294805264839106.
[I 2025-12-03 01:26:58,808] Trial 24 finished with value: 0.13520299502601651 and parameters: {'n_estimators': 450, 'learning_rate': 0.05958506176835271, 'max_depth': 8, 'min_child_weight': 7, 'subsample': 0.9534543851605121, 'colsample_bytree': 0.4045296637828073, 'reg_alpha': 0.9166202087643116, 'reg_lambda': 2.2304640192687692, 'gamma': 3.0, 'scale_pos_weight': 5.659435106217666}. Best is trial 17 with value: 0.15294805264839106.
[I 2025-12-03 01:27:01,778] Trial 25 finished with value: 0.14761563619830947 and parameters: {'n_estimators': 200, 'learning_rate': 0.04786437379336339, 'max_depth': 2, 'min_child_weight': 5, 'subsample': 0.9119459449146418, 'colsample_bytree': 0.4679035299858323, 'reg_alpha': 0.7112585910312763, 'reg_lambda': 4.522842999992326, 'gamma': 5.0, 'scale_pos_weight': 5.299614211784608}. Best is trial 17 with value: 0.15294805264839106.
[I 2025-12-03 01:27:14,677] Trial 26 finished with value: 0.1416415565972955 and parameters: {'n_estimators': 300, 'learning_rate': 0.04083033109021597, 'max_depth': 8, 'min_child_weight': 8, 'subsample': 0.9397723667123196, 'colsample_bytree': 0.4907092627287819, 'reg_alpha': 0.9210444518218879, 'reg_lambda': 7.8648720463408734, 'gamma': 4.0, 'scale_pos_weight': 5.156646435322664}. Best is trial 17 with value: 0.15294805264839106.
[I 2025-12-03 01:27:22,884] Trial 27 finished with value: 0.13195894278771986 and parameters: {'n_estimators': 500, 'learning_rate': 0.07698490213549239, 'max_depth': 4, 'min_child_weight': 4, 'subsample': 0.9257154799375927, 'colsample_bytree': 0.5131607536297276, 'reg_alpha': 0.5468268790988187, 'reg_lambda': 6.580187197136389, 'gamma': 3.0, 'scale_pos_weight': 5.506683663999377}. Best is trial 17 with value: 0.15294805264839106.
[I 2025-12-03 01:27:40,090] Trial 28 finished with value: 0.14042727395955468 and parameters: {'n_estimators': 650, 'learning_rate': 0.055363925727440845, 'max_depth': 6, 'min_child_weight': 6, 'subsample': 0.9553291038765396, 'colsample_bytree': 0.44113474469998276, 'reg_alpha': 0.803671565635643, 'reg_lambda': 5.106409237518662, 'gamma': 5.0, 'scale_pos_weight': 5.074111005975035}. Best is trial 17 with value: 0.15294805264839106.
[I 2025-12-03 01:27:48,304] Trial 29 finished with value: 0.14848648001041906 and parameters: {'n_estimators': 400, 'learning_rate': 0.06475733266423016, 'max_depth': 2, 'min_child_weight': 9, 'subsample': 0.9202130491959957, 'colsample_bytree': 0.4244903738547052, 'reg_alpha': 0.6131844637184443, 'reg_lambda': 4.074923773122984, 'gamma': 4.0, 'scale_pos_weight': 5.276077408457864}. Best is trial 17 with value: 0.15294805264839106.
[I 2025-12-03 01:27:50,128] A new study created in memory with name: xgboost_fold_4
