(mlenv) lab203@Mendel:~/Documents/ana/tcc$ python3 src/main.py -model catboost xgboost histgradientboosting 2>&1 | tee optimizeBinaryAuto.txt
[I 2025-12-03 13:36:18,401] A new study created in memory with name: catboost_fold_1
[D 2025-12-03 13:36:18,401] Sample trial#0 with RandomSampler.
[I 2025-12-03 13:36:44,980] Trial 0 finished with value: 0.1127523793831275 and parameters: {'iterations': 450, 'learning_rate': 0.046371491245675314, 'depth': 10, 'l2_leaf_reg': 6.616961859172011, 'border_count': 119, 'bagging_temperature': 0.40537414571768016, 'random_strength': 0.1518461841656652, 'scale_pos_weight': 34.06978304901304}. Best is trial 0 with value: 0.1127523793831275.
[D 2025-12-03 13:36:45,032] Sample trial#1 with GPSampler.
[I 2025-12-03 13:37:38,320] Trial 1 finished with value: 0.07996662319348233 and parameters: {'iterations': 245, 'learning_rate': 0.22984936796539512, 'depth': 10, 'l2_leaf_reg': 1.0196527767539547, 'border_count': 244, 'bagging_temperature': 0.4819403054779142, 'random_strength': 0.2920245708382563, 'scale_pos_weight': 40.43897168521986}. Best is trial 0 with value: 0.1127523793831275.
[D 2025-12-03 13:37:38,371] Sample trial#2 with GPSampler.
[I 2025-12-03 13:37:44,823] Trial 2 finished with value: 0.10979679589727318 and parameters: {'iterations': 819, 'learning_rate': 0.06918149464093705, 'depth': 6, 'l2_leaf_reg': 9.792089797466222, 'border_count': 189, 'bagging_temperature': 0.9601126349335201, 'random_strength': 0.15385116798158283, 'scale_pos_weight': 19.360958313382227}. Best is trial 0 with value: 0.1127523793831275.
[D 2025-12-03 13:37:44,875] Sample trial#3 with GPSampler.
[I 2025-12-03 13:37:50,298] Trial 3 finished with value: 0.1213762473216086 and parameters: {'iterations': 963, 'learning_rate': 0.140147789294955, 'depth': 4, 'l2_leaf_reg': 3.978727222637475, 'border_count': 255, 'bagging_temperature': 0.5640581302758948, 'random_strength': 0.42284120341612363, 'scale_pos_weight': 9.103183719746408}. Best is trial 3 with value: 0.1213762473216086.
[D 2025-12-03 13:37:50,348] Sample trial#4 with GPSampler.
[I 2025-12-03 13:37:55,097] Trial 4 finished with value: 0.10181592733671181 and parameters: {'iterations': 734, 'learning_rate': 0.19406795467700666, 'depth': 7, 'l2_leaf_reg': 7.315290959251723, 'border_count': 48, 'bagging_temperature': 0.3300538651199114, 'random_strength': 0.44941576607456557, 'scale_pos_weight': 12.431376193056034}. Best is trial 3 with value: 0.1213762473216086.
[D 2025-12-03 13:37:55,149] Sample trial#5 with GPSampler.
[I 2025-12-03 13:37:58,277] Trial 5 finished with value: 0.10511175226491191 and parameters: {'iterations': 163, 'learning_rate': 0.22496159264773663, 'depth': 8, 'l2_leaf_reg': 6.895278557958966, 'border_count': 90, 'bagging_temperature': 0.01707667936924806, 'random_strength': 0.8720267694841211, 'scale_pos_weight': 9.984804839465458}. Best is trial 3 with value: 0.1213762473216086.
[D 2025-12-03 13:37:58,329] Sample trial#6 with GPSampler.
[I 2025-12-03 13:38:28,519] Trial 6 finished with value: 0.10082727952036526 and parameters: {'iterations': 523, 'learning_rate': 0.06758964377407767, 'depth': 10, 'l2_leaf_reg': 8.531802804261897, 'border_count': 117, 'bagging_temperature': 0.8837014624702169, 'random_strength': 0.8942625778222507, 'scale_pos_weight': 14.725319883270028}. Best is trial 3 with value: 0.1213762473216086.
[D 2025-12-03 13:38:28,571] Sample trial#7 with GPSampler.
[I 2025-12-03 13:38:41,528] Trial 7 finished with value: 0.12591259836637966 and parameters: {'iterations': 118, 'learning_rate': 0.09036926679011165, 'depth': 9, 'l2_leaf_reg': 7.27944452603146, 'border_count': 196, 'bagging_temperature': 0.21851253572678608, 'random_strength': 0.05507322367568446, 'scale_pos_weight': 23.03302843230719}. Best is trial 7 with value: 0.12591259836637966.
[D 2025-12-03 13:38:41,581] Sample trial#8 with GPSampler.
[I 2025-12-03 13:39:57,133] Trial 8 finished with value: 0.08697270553582867 and parameters: {'iterations': 981, 'learning_rate': 0.15315665827215352, 'depth': 10, 'l2_leaf_reg': 6.978703408697461, 'border_count': 140, 'bagging_temperature': 0.03563544417803899, 'random_strength': 0.974449877647027, 'scale_pos_weight': 30.935739331766392}. Best is trial 7 with value: 0.12591259836637966.
[D 2025-12-03 13:39:57,185] Sample trial#9 with GPSampler.
[I 2025-12-03 13:40:01,419] Trial 9 finished with value: 0.12012755083231505 and parameters: {'iterations': 579, 'learning_rate': 0.15132043877993168, 'depth': 6, 'l2_leaf_reg': 5.232182155893861, 'border_count': 140, 'bagging_temperature': 0.721386798611584, 'random_strength': 0.25969277817353376, 'scale_pos_weight': 5.946472493430921}. Best is trial 7 with value: 0.12591259836637966.
[D 2025-12-03 13:40:01,470] Sample trial#10 with GPSampler.
[I 2025-12-03 13:40:02,968] Trial 10 finished with value: 0.15914200519741276 and parameters: {'iterations': 100, 'learning_rate': 0.03646546856959479, 'depth': 6, 'l2_leaf_reg': 6.292983744830468, 'border_count': 255, 'bagging_temperature': 0.2535242947616217, 'random_strength': 0.0, 'scale_pos_weight': 8.178138335698971}. Best is trial 10 with value: 0.15914200519741276.
[D 2025-12-03 13:40:03,019] Sample trial#11 with GPSampler.
[I 2025-12-03 13:40:04,069] Trial 11 finished with value: 0.16180116967143737 and parameters: {'iterations': 100, 'learning_rate': 0.01, 'depth': 4, 'l2_leaf_reg': 4.774020184616878, 'border_count': 255, 'bagging_temperature': 0.0, 'random_strength': 0.0, 'scale_pos_weight': 5.314285714285715}. Best is trial 11 with value: 0.16180116967143737.
[D 2025-12-03 13:40:04,121] Sample trial#12 with GPSampler.
[I 2025-12-03 13:40:06,885] Trial 12 finished with value: 0.16169522535171202 and parameters: {'iterations': 100, 'learning_rate': 0.01, 'depth': 7, 'l2_leaf_reg': 2.8686095687580293, 'border_count': 255, 'bagging_temperature': 0.01300190400708875, 'random_strength': 0.0, 'scale_pos_weight': 5.314285714285715}. Best is trial 11 with value: 0.16180116967143737.
[D 2025-12-03 13:40:06,937] Sample trial#13 with GPSampler.
[I 2025-12-03 13:40:09,725] Trial 13 finished with value: 0.16598759874796137 and parameters: {'iterations': 100, 'learning_rate': 0.01, 'depth': 7, 'l2_leaf_reg': 8.376827543743541, 'border_count': 255, 'bagging_temperature': 0.0, 'random_strength': 0.0, 'scale_pos_weight': 5.314285714285715}. Best is trial 13 with value: 0.16598759874796137.
[D 2025-12-03 13:40:09,777] Sample trial#14 with GPSampler.
[I 2025-12-03 13:40:10,989] Trial 14 finished with value: 0.16621322065948635 and parameters: {'iterations': 100, 'learning_rate': 0.01, 'depth': 6, 'l2_leaf_reg': 10.0, 'border_count': 157, 'bagging_temperature': 0.0, 'random_strength': 0.0, 'scale_pos_weight': 5.314285714285715}. Best is trial 14 with value: 0.16621322065948635.
[D 2025-12-03 13:40:11,042] Sample trial#15 with GPSampler.
[I 2025-12-03 13:40:12,187] Trial 15 finished with value: 0.1625134793882114 and parameters: {'iterations': 100, 'learning_rate': 0.01, 'depth': 5, 'l2_leaf_reg': 10.0, 'border_count': 255, 'bagging_temperature': 0.0, 'random_strength': 0.0, 'scale_pos_weight': 5.314285714285715}. Best is trial 14 with value: 0.16621322065948635.
[D 2025-12-03 13:40:12,238] Sample trial#16 with GPSampler.
[I 2025-12-03 13:40:15,526] Trial 16 finished with value: 0.16614734577403953 and parameters: {'iterations': 100, 'learning_rate': 0.01, 'depth': 8, 'l2_leaf_reg': 7.91471051032056, 'border_count': 134, 'bagging_temperature': 0.0, 'random_strength': 0.0, 'scale_pos_weight': 5.314285714285715}. Best is trial 14 with value: 0.16621322065948635.
[D 2025-12-03 13:40:15,579] Sample trial#17 with GPSampler.
[I 2025-12-03 13:40:16,779] Trial 17 finished with value: 0.1624817588035379 and parameters: {'iterations': 100, 'learning_rate': 0.01, 'depth': 6, 'l2_leaf_reg': 7.290274627832873, 'border_count': 137, 'bagging_temperature': 0.0, 'random_strength': 0.0, 'scale_pos_weight': 5.314285714285715}. Best is trial 14 with value: 0.16621322065948635.
[D 2025-12-03 13:40:16,831] Sample trial#18 with GPSampler.
[I 2025-12-03 13:40:31,949] Trial 18 finished with value: 0.16603840915592222 and parameters: {'iterations': 100, 'learning_rate': 0.01, 'depth': 10, 'l2_leaf_reg': 10.0, 'border_count': 193, 'bagging_temperature': 0.0, 'random_strength': 0.0, 'scale_pos_weight': 5.314285714285715}. Best is trial 14 with value: 0.16621322065948635.
[D 2025-12-03 13:40:31,998] Sample trial#19 with GPSampler.
[I 2025-12-03 13:41:34,589] Trial 19 finished with value: 0.16255996874466866 and parameters: {'iterations': 544, 'learning_rate': 0.01, 'depth': 9, 'l2_leaf_reg': 10.0, 'border_count': 210, 'bagging_temperature': 0.0, 'random_strength': 0.0, 'scale_pos_weight': 5.314285714285715}. Best is trial 14 with value: 0.16621322065948635.
[D 2025-12-03 13:41:34,640] Sample trial#20 with GPSampler.
[I 2025-12-03 13:41:44,893] Trial 20 finished with value: 0.16538911815989485 and parameters: {'iterations': 100, 'learning_rate': 0.01, 'depth': 9, 'l2_leaf_reg': 10.0, 'border_count': 181, 'bagging_temperature': 0.0, 'random_strength': 0.0, 'scale_pos_weight': 5.314285714285715}. Best is trial 14 with value: 0.16621322065948635.
[D 2025-12-03 13:41:44,945] Sample trial#21 with GPSampler.
[I 2025-12-03 13:41:46,710] Trial 21 finished with value: 0.16267927876076552 and parameters: {'iterations': 100, 'learning_rate': 0.01, 'depth': 10, 'l2_leaf_reg': 10.0, 'border_count': 32, 'bagging_temperature': 0.0, 'random_strength': 0.0, 'scale_pos_weight': 5.314285714285715}. Best is trial 14 with value: 0.16621322065948635.
[D 2025-12-03 13:41:46,761] Sample trial#22 with GPSampler.
[I 2025-12-03 13:42:10,389] Trial 22 finished with value: 0.1625753901739034 and parameters: {'iterations': 100, 'learning_rate': 0.01, 'depth': 10, 'l2_leaf_reg': 8.986785236957386, 'border_count': 255, 'bagging_temperature': 0.22483108040114463, 'random_strength': 0.0, 'scale_pos_weight': 5.314285714285715}. Best is trial 14 with value: 0.16621322065948635.
[D 2025-12-03 13:42:10,439] Sample trial#23 with GPSampler.
[I 2025-12-03 13:42:22,312] Trial 23 finished with value: 0.16737054852747743 and parameters: {'iterations': 100, 'learning_rate': 0.01, 'depth': 9, 'l2_leaf_reg': 10.0, 'border_count': 209, 'bagging_temperature': 0.0, 'random_strength': 0.0, 'scale_pos_weight': 5.314285714285715}. Best is trial 23 with value: 0.16737054852747743.
[D 2025-12-03 13:42:22,363] Sample trial#24 with GPSampler.
[I 2025-12-03 13:42:28,851] Trial 24 finished with value: 0.16055398499905574 and parameters: {'iterations': 100, 'learning_rate': 0.01, 'depth': 8, 'l2_leaf_reg': 10.0, 'border_count': 255, 'bagging_temperature': 0.0, 'random_strength': 0.3497677511848498, 'scale_pos_weight': 5.314285714285715}. Best is trial 23 with value: 0.16737054852747743.
[D 2025-12-03 13:42:28,904] Sample trial#25 with GPSampler.
[I 2025-12-03 13:42:43,676] Trial 25 finished with value: 0.15018184410348082 and parameters: {'iterations': 100, 'learning_rate': 0.04856734820702181, 'depth': 9, 'l2_leaf_reg': 10.0, 'border_count': 255, 'bagging_temperature': 0.0, 'random_strength': 0.0, 'scale_pos_weight': 5.314285714285715}. Best is trial 23 with value: 0.16737054852747743.
[D 2025-12-03 13:42:43,729] Sample trial#26 with GPSampler.
[I 2025-12-03 13:42:44,785] Trial 26 finished with value: 0.1606297201816819 and parameters: {'iterations': 100, 'learning_rate': 0.01, 'depth': 4, 'l2_leaf_reg': 1.0, 'border_count': 255, 'bagging_temperature': 0.552179376182422, 'random_strength': 0.0, 'scale_pos_weight': 5.314285714285715}. Best is trial 23 with value: 0.16737054852747743.
[D 2025-12-03 13:42:44,836] Sample trial#27 with GPSampler.
[I 2025-12-03 13:42:49,891] Trial 27 finished with value: 0.15873574000582863 and parameters: {'iterations': 100, 'learning_rate': 0.01, 'depth': 8, 'l2_leaf_reg': 10.0, 'border_count': 205, 'bagging_temperature': 0.0, 'random_strength': 0.0, 'scale_pos_weight': 13.327044433395477}. Best is trial 23 with value: 0.16737054852747743.
[D 2025-12-03 13:42:49,943] Sample trial#28 with GPSampler.
[I 2025-12-03 13:42:50,973] Trial 28 finished with value: 0.16385266721817113 and parameters: {'iterations': 100, 'learning_rate': 0.01, 'depth': 4, 'l2_leaf_reg': 10.0, 'border_count': 183, 'bagging_temperature': 0.3697817952569358, 'random_strength': 0.0, 'scale_pos_weight': 5.314285714285715}. Best is trial 23 with value: 0.16737054852747743.
[D 2025-12-03 13:42:51,024] Sample trial#29 with GPSampler.
[I 2025-12-03 13:42:54,887] Trial 29 finished with value: 0.1677115825036381 and parameters: {'iterations': 100, 'learning_rate': 0.01, 'depth': 8, 'l2_leaf_reg': 10.0, 'border_count': 161, 'bagging_temperature': 0.16897050526056964, 'random_strength': 0.0, 'scale_pos_weight': 5.314285714285715}. Best is trial 29 with value: 0.1677115825036381.
[I 2025-12-03 13:42:56,922] A new study created in memory with name: catboost_fold_2
[D 2025-12-03 13:42:56,923] Sample trial#0 with RandomSampler.
[I 2025-12-03 13:42:58,977] Trial 0 finished with value: 0.08964152612566509 and parameters: {'iterations': 226, 'learning_rate': 0.2507759415067758, 'depth': 8, 'l2_leaf_reg': 5.769208258128435, 'border_count': 33, 'bagging_temperature': 0.5119310790592078, 'random_strength': 0.9606333061053668, 'scale_pos_weight': 30.76942856209915}. Best is trial 0 with value: 0.08964152612566509.
[D 2025-12-03 13:42:59,045] Sample trial#1 with GPSampler.
[I 2025-12-03 13:43:02,690] Trial 1 finished with value: 0.09424005693579049 and parameters: {'iterations': 270, 'learning_rate': 0.10399206873404568, 'depth': 7, 'l2_leaf_reg': 2.4524820891886923, 'border_count': 154, 'bagging_temperature': 0.7240575894513165, 'random_strength': 0.8327030050895307, 'scale_pos_weight': 10.826598668914576}. Best is trial 1 with value: 0.09424005693579049.
[D 2025-12-03 13:43:02,757] Sample trial#2 with GPSampler.
[I 2025-12-03 13:44:22,976] Trial 2 finished with value: 0.07810375432024044 and parameters: {'iterations': 760, 'learning_rate': 0.2866475630635921, 'depth': 9, 'l2_leaf_reg': 1.5031935570668882, 'border_count': 195, 'bagging_temperature': 0.9420491696662621, 'random_strength': 0.7803853185714528, 'scale_pos_weight': 33.93405710756288}. Best is trial 1 with value: 0.09424005693579049.
[D 2025-12-03 13:44:23,043] Sample trial#3 with GPSampler.
[I 2025-12-03 13:44:49,826] Trial 3 finished with value: 0.09619379021875321 and parameters: {'iterations': 272, 'learning_rate': 0.04116106891409089, 'depth': 10, 'l2_leaf_reg': 5.185501610367703, 'border_count': 158, 'bagging_temperature': 0.21823119934403967, 'random_strength': 0.6085475602559768, 'scale_pos_weight': 52.56660733761928}. Best is trial 3 with value: 0.09619379021875321.
[D 2025-12-03 13:44:49,893] Sample trial#4 with GPSampler.
[I 2025-12-03 13:44:59,322] Trial 4 finished with value: 0.08291705705410371 and parameters: {'iterations': 438, 'learning_rate': 0.24892737733295717, 'depth': 10, 'l2_leaf_reg': 8.228194217911664, 'border_count': 55, 'bagging_temperature': 0.22278727858659808, 'random_strength': 0.8473318759937865, 'scale_pos_weight': 51.53739117013108}. Best is trial 3 with value: 0.09619379021875321.
[D 2025-12-03 13:44:59,390] Sample trial#5 with GPSampler.
[I 2025-12-03 13:45:06,585] Trial 5 finished with value: 0.09106842315617786 and parameters: {'iterations': 383, 'learning_rate': 0.1965731816361921, 'depth': 7, 'l2_leaf_reg': 1.1673742169979862, 'border_count': 217, 'bagging_temperature': 0.591700080795738, 'random_strength': 0.7211162669245345, 'scale_pos_weight': 27.968568230039693}. Best is trial 3 with value: 0.09619379021875321.
[D 2025-12-03 13:45:06,657] Sample trial#6 with GPSampler.
[I 2025-12-03 13:45:11,328] Trial 6 finished with value: 0.08880670015942801 and parameters: {'iterations': 831, 'learning_rate': 0.22614800929096557, 'depth': 5, 'l2_leaf_reg': 5.86765371645742, 'border_count': 121, 'bagging_temperature': 0.5838258373633299, 'random_strength': 0.9416252871490385, 'scale_pos_weight': 17.02609409828129}. Best is trial 3 with value: 0.09619379021875321.
[D 2025-12-03 13:45:11,397] Sample trial#7 with GPSampler.
[I 2025-12-03 13:45:15,691] Trial 7 finished with value: 0.12876983650477652 and parameters: {'iterations': 753, 'learning_rate': 0.02928653775322477, 'depth': 4, 'l2_leaf_reg': 4.583828308818585, 'border_count': 239, 'bagging_temperature': 0.15191267877004944, 'random_strength': 0.17539900998692814, 'scale_pos_weight': 45.777979805061385}. Best is trial 7 with value: 0.12876983650477652.
[D 2025-12-03 13:45:15,760] Sample trial#8 with GPSampler.
[I 2025-12-03 13:45:37,161] Trial 8 finished with value: 0.08800354748065424 and parameters: {'iterations': 898, 'learning_rate': 0.18373508780079825, 'depth': 10, 'l2_leaf_reg': 9.424361312128875, 'border_count': 62, 'bagging_temperature': 0.683870874798318, 'random_strength': 0.7125357334190818, 'scale_pos_weight': 41.84539695952511}. Best is trial 7 with value: 0.12876983650477652.
[D 2025-12-03 13:45:37,229] Sample trial#9 with GPSampler.
[I 2025-12-03 13:45:38,392] Trial 9 finished with value: 0.09884241060425893 and parameters: {'iterations': 112, 'learning_rate': 0.21072012413822738, 'depth': 5, 'l2_leaf_reg': 1.935209056833334, 'border_count': 239, 'bagging_temperature': 0.43095543648710244, 'random_strength': 0.4656983227404806, 'scale_pos_weight': 39.12195668423221}. Best is trial 7 with value: 0.12876983650477652.
[D 2025-12-03 13:45:38,460] Sample trial#10 with GPSampler.
[I 2025-12-03 13:45:43,653] Trial 10 finished with value: 0.1418993321379623 and parameters: {'iterations': 900, 'learning_rate': 0.01, 'depth': 4, 'l2_leaf_reg': 4.974678430631987, 'border_count': 255, 'bagging_temperature': 0.0, 'random_strength': 0.0, 'scale_pos_weight': 43.33801175308001}. Best is trial 10 with value: 0.1418993321379623.
[D 2025-12-03 13:45:43,721] Sample trial#11 with GPSampler.
[I 2025-12-03 13:45:49,446] Trial 11 finished with value: 0.14404198782990943 and parameters: {'iterations': 1000, 'learning_rate': 0.01, 'depth': 4, 'l2_leaf_reg': 7.818361860498165, 'border_count': 255, 'bagging_temperature': 0.0, 'random_strength': 0.0, 'scale_pos_weight': 19.716202430283513}. Best is trial 11 with value: 0.14404198782990943.
[D 2025-12-03 13:45:49,514] Sample trial#12 with GPSampler.
[I 2025-12-03 13:45:55,260] Trial 12 finished with value: 0.1533384682295774 and parameters: {'iterations': 1000, 'learning_rate': 0.01, 'depth': 4, 'l2_leaf_reg': 2.223462795641934, 'border_count': 255, 'bagging_temperature': 0.0, 'random_strength': 0.0, 'scale_pos_weight': 5.314285714285715}. Best is trial 12 with value: 0.1533384682295774.
[D 2025-12-03 13:45:55,328] Sample trial#13 with GPSampler.
[I 2025-12-03 13:46:00,563] Trial 13 finished with value: 0.15685117065447615 and parameters: {'iterations': 1000, 'learning_rate': 0.01, 'depth': 4, 'l2_leaf_reg': 1.0, 'border_count': 149, 'bagging_temperature': 0.0, 'random_strength': 0.0, 'scale_pos_weight': 5.314285714285715}. Best is trial 13 with value: 0.15685117065447615.
[D 2025-12-03 13:46:00,630] Sample trial#14 with GPSampler.
[I 2025-12-03 13:46:19,494] Trial 14 finished with value: 0.11500381069403695 and parameters: {'iterations': 1000, 'learning_rate': 0.010000000000000028, 'depth': 8, 'l2_leaf_reg': 1.0, 'border_count': 98, 'bagging_temperature': 0.0, 'random_strength': 0.0, 'scale_pos_weight': 5.314285714285715}. Best is trial 13 with value: 0.15685117065447615.
[D 2025-12-03 13:46:19,562] Sample trial#15 with GPSampler.
[I 2025-12-03 13:46:24,636] Trial 15 finished with value: 0.1502327338300305 and parameters: {'iterations': 1000, 'learning_rate': 0.01, 'depth': 4, 'l2_leaf_reg': 1.0, 'border_count': 100, 'bagging_temperature': 0.453103683286004, 'random_strength': 0.0, 'scale_pos_weight': 5.314285714285715}. Best is trial 13 with value: 0.15685117065447615.
[D 2025-12-03 13:46:24,704] Sample trial#16 with GPSampler.
[I 2025-12-03 13:46:29,788] Trial 16 finished with value: 0.10838285370857006 and parameters: {'iterations': 1000, 'learning_rate': 0.11901316492610524, 'depth': 4, 'l2_leaf_reg': 1.0, 'border_count': 112, 'bagging_temperature': 0.0, 'random_strength': 0.0, 'scale_pos_weight': 5.314285714285715}. Best is trial 13 with value: 0.15685117065447615.
[D 2025-12-03 13:46:29,855] Sample trial#17 with GPSampler.
[I 2025-12-03 13:46:34,615] Trial 17 finished with value: 0.14869070190970354 and parameters: {'iterations': 1000, 'learning_rate': 0.01, 'depth': 4, 'l2_leaf_reg': 1.0, 'border_count': 32, 'bagging_temperature': 0.0, 'random_strength': 0.0, 'scale_pos_weight': 5.314285714285715}. Best is trial 13 with value: 0.15685117065447615.
[D 2025-12-03 13:46:34,685] Sample trial#18 with GPSampler.
[I 2025-12-03 13:46:39,993] Trial 18 finished with value: 0.15967514270821534 and parameters: {'iterations': 1000, 'learning_rate': 0.01, 'depth': 4, 'l2_leaf_reg': 1.0, 'border_count': 174, 'bagging_temperature': 0.0, 'random_strength': 0.2816628850212603, 'scale_pos_weight': 5.314285714285715}. Best is trial 18 with value: 0.15967514270821534.
[D 2025-12-03 13:46:40,062] Sample trial#19 with GPSampler.
[I 2025-12-03 13:46:45,380] Trial 19 finished with value: 0.15865731787047144 and parameters: {'iterations': 1000, 'learning_rate': 0.01, 'depth': 4, 'l2_leaf_reg': 1.0, 'border_count': 180, 'bagging_temperature': 0.0, 'random_strength': 0.9007595738840761, 'scale_pos_weight': 5.314285714285715}. Best is trial 18 with value: 0.15967514270821534.
[D 2025-12-03 13:46:45,449] Sample trial#20 with GPSampler.
[I 2025-12-03 13:46:50,814] Trial 20 finished with value: 0.15802612628094365 and parameters: {'iterations': 1000, 'learning_rate': 0.01, 'depth': 4, 'l2_leaf_reg': 1.0, 'border_count': 173, 'bagging_temperature': 0.0, 'random_strength': 0.520496410106216, 'scale_pos_weight': 5.314285714285715}. Best is trial 18 with value: 0.15967514270821534.
[D 2025-12-03 13:46:50,882] Sample trial#21 with GPSampler.
