[I 2025-12-03 14:23:11,825] Trial 28 finished with value: 0.15531969354907083 and parameters: {'max_iter': 108, 'learning_rate': 0.09955871282685191, 'max_depth': 3, 'min_samples_leaf': 1, 'l2_regularization': 0.0}. Best is trial 25 with value: 0.17683121970078705.
[D 2025-12-03 14:23:11,923] Sample trial#29 with GPSampler.
[I 2025-12-03 14:23:12,454] Trial 29 finished with value: 0.17494584520592799 and parameters: {'max_iter': 50, 'learning_rate': 0.0637093219802971, 'max_depth': 3, 'min_samples_leaf': 1, 'l2_regularization': 0.5074471160108958}. Best is trial 25 with value: 0.17683121970078705.
[I 2025-12-03 14:23:12,985] A new study created in memory with name: histogram_gradient_boosting_fold_2
[D 2025-12-03 14:23:12,985] Sample trial#0 with RandomSampler.
[I 2025-12-03 14:23:13,887] Trial 0 finished with value: 0.12004324130556569 and parameters: {'max_iter': 83, 'learning_rate': 0.2741047790602795, 'max_depth': 10, 'min_samples_leaf': 47, 'l2_regularization': 0.002171453455145911}. Best is trial 0 with value: 0.12004324130556569.
[D 2025-12-03 14:23:13,987] Sample trial#1 with GPSampler.
[I 2025-12-03 14:23:15,661] Trial 1 finished with value: 0.11216379684309749 and parameters: {'max_iter': 173, 'learning_rate': 0.1959988277223773, 'max_depth': 8, 'min_samples_leaf': 10, 'l2_regularization': 0.1779288894355171}. Best is trial 0 with value: 0.12004324130556569.
[D 2025-12-03 14:23:15,762] Sample trial#2 with GPSampler.
[I 2025-12-03 14:23:16,786] Trial 2 finished with value: 0.12646427645903707 and parameters: {'max_iter': 117, 'learning_rate': 0.11608500170096363, 'max_depth': 6, 'min_samples_leaf': 18, 'l2_regularization': 0.4438348221529037}. Best is trial 2 with value: 0.12646427645903707.
[D 2025-12-03 14:23:16,884] Sample trial#3 with GPSampler.
[I 2025-12-03 14:23:18,150] Trial 3 finished with value: 0.14318217727512245 and parameters: {'max_iter': 113, 'learning_rate': 0.023204793244984034, 'max_depth': 9, 'min_samples_leaf': 12, 'l2_regularization': 0.7077196878902952}. Best is trial 3 with value: 0.14318217727512245.
[D 2025-12-03 14:23:18,254] Sample trial#4 with GPSampler.
[I 2025-12-03 14:23:18,746] Trial 4 finished with value: 0.13532864886838708 and parameters: {'max_iter': 111, 'learning_rate': 0.23177137923125704, 'max_depth': 3, 'min_samples_leaf': 39, 'l2_regularization': 0.007763644911177314}. Best is trial 3 with value: 0.14318217727512245.
[D 2025-12-03 14:23:18,848] Sample trial#5 with GPSampler.
[I 2025-12-03 14:23:20,641] Trial 5 finished with value: 0.10706291838003937 and parameters: {'max_iter': 180, 'learning_rate': 0.2695640411023108, 'max_depth': 7, 'min_samples_leaf': 29, 'l2_regularization': 0.7837943004332547}. Best is trial 3 with value: 0.14318217727512245.
[D 2025-12-03 14:23:20,741] Sample trial#6 with GPSampler.
[I 2025-12-03 14:23:21,568] Trial 6 finished with value: 0.10927368363687254 and parameters: {'max_iter': 61, 'learning_rate': 0.26132284074382495, 'max_depth': 9, 'min_samples_leaf': 6, 'l2_regularization': 0.3714694249483338}. Best is trial 3 with value: 0.14318217727512245.
[D 2025-12-03 14:23:21,673] Sample trial#7 with GPSampler.
[I 2025-12-03 14:23:22,337] Trial 7 finished with value: 0.13601713268230736 and parameters: {'max_iter': 146, 'learning_rate': 0.274137291383037, 'max_depth': 3, 'min_samples_leaf': 1, 'l2_regularization': 0.5589307212257846}. Best is trial 3 with value: 0.14318217727512245.
[D 2025-12-03 14:23:22,439] Sample trial#8 with GPSampler.
[I 2025-12-03 14:23:23,201] Trial 8 finished with value: 0.1242199586672601 and parameters: {'max_iter': 50, 'learning_rate': 0.17628061763560657, 'max_depth': 15, 'min_samples_leaf': 47, 'l2_regularization': 0.20019678798301055}. Best is trial 3 with value: 0.14318217727512245.
[D 2025-12-03 14:23:23,304] Sample trial#9 with GPSampler.
[I 2025-12-03 14:23:25,124] Trial 9 finished with value: 0.10311888328013999 and parameters: {'max_iter': 160, 'learning_rate': 0.20997291617707323, 'max_depth': 9, 'min_samples_leaf': 35, 'l2_regularization': 0.15241456730120873}. Best is trial 3 with value: 0.14318217727512245.
[D 2025-12-03 14:23:25,229] Sample trial#10 with GPSampler.
[I 2025-12-03 14:23:26,420] Trial 10 finished with value: 0.13171150028885598 and parameters: {'max_iter': 70, 'learning_rate': 0.01, 'max_depth': 9, 'min_samples_leaf': 1, 'l2_regularization': 1.0}. Best is trial 3 with value: 0.14318217727512245.
[D 2025-12-03 14:23:26,523] Sample trial#11 with GPSampler.
[I 2025-12-03 14:23:28,418] Trial 11 finished with value: 0.13957970287547955 and parameters: {'max_iter': 148, 'learning_rate': 0.01, 'max_depth': 9, 'min_samples_leaf': 6, 'l2_regularization': 0.6174557246245124}. Best is trial 3 with value: 0.14318217727512245.
[D 2025-12-03 14:23:28,521] Sample trial#12 with GPSampler.
[I 2025-12-03 14:23:29,836] Trial 12 finished with value: 0.14202419203899336 and parameters: {'max_iter': 114, 'learning_rate': 0.01, 'max_depth': 10, 'min_samples_leaf': 29, 'l2_regularization': 0.5581971280403665}. Best is trial 3 with value: 0.14318217727512245.
[D 2025-12-03 14:23:29,940] Sample trial#13 with GPSampler.
[I 2025-12-03 14:23:31,296] Trial 13 finished with value: 0.14029528682017747 and parameters: {'max_iter': 122, 'learning_rate': 0.01, 'max_depth': 8, 'min_samples_leaf': 28, 'l2_regularization': 1.0}. Best is trial 3 with value: 0.14318217727512245.
[D 2025-12-03 14:23:31,397] Sample trial#14 with GPSampler.
[I 2025-12-03 14:23:32,870] Trial 14 finished with value: 0.14084504268100798 and parameters: {'max_iter': 113, 'learning_rate': 0.01, 'max_depth': 9, 'min_samples_leaf': 11, 'l2_regularization': 0.029012535248782834}. Best is trial 3 with value: 0.14318217727512245.
[D 2025-12-03 14:23:32,974] Sample trial#15 with GPSampler.
[I 2025-12-03 14:23:34,497] Trial 15 finished with value: 0.13602592425583468 and parameters: {'max_iter': 121, 'learning_rate': 0.01, 'max_depth': 11, 'min_samples_leaf': 6, 'l2_regularization': 1.0}. Best is trial 3 with value: 0.14318217727512245.
[D 2025-12-03 14:23:34,600] Sample trial#16 with GPSampler.
[I 2025-12-03 14:23:35,638] Trial 16 finished with value: 0.13732946662758677 and parameters: {'max_iter': 74, 'learning_rate': 0.01, 'max_depth': 8, 'min_samples_leaf': 50, 'l2_regularization': 0.0}. Best is trial 3 with value: 0.14318217727512245.
[D 2025-12-03 14:23:35,746] Sample trial#17 with GPSampler.
[I 2025-12-03 14:23:37,107] Trial 17 finished with value: 0.14207857058125337 and parameters: {'max_iter': 121, 'learning_rate': 0.03330842649194821, 'max_depth': 9, 'min_samples_leaf': 24, 'l2_regularization': 0.44982138815373307}. Best is trial 3 with value: 0.14318217727512245.
[D 2025-12-03 14:23:37,207] Sample trial#18 with GPSampler.
[I 2025-12-03 14:23:38,106] Trial 18 finished with value: 0.15095332416216872 and parameters: {'max_iter': 200, 'learning_rate': 0.01, 'max_depth': 3, 'min_samples_leaf': 1, 'l2_regularization': 0.0}. Best is trial 18 with value: 0.15095332416216872.
[D 2025-12-03 14:23:38,212] Sample trial#19 with GPSampler.
[I 2025-12-03 14:23:39,054] Trial 19 finished with value: 0.14693219492404344 and parameters: {'max_iter': 200, 'learning_rate': 0.01, 'max_depth': 3, 'min_samples_leaf': 35, 'l2_regularization': 0.0}. Best is trial 18 with value: 0.15095332416216872.
[D 2025-12-03 14:23:39,159] Sample trial#20 with GPSampler.
[I 2025-12-03 14:23:39,974] Trial 20 finished with value: 0.14392748503280614 and parameters: {'max_iter': 200, 'learning_rate': 0.01, 'max_depth': 3, 'min_samples_leaf': 1, 'l2_regularization': 0.7704960605251306}. Best is trial 18 with value: 0.15095332416216872.
[D 2025-12-03 14:23:40,074] Sample trial#21 with GPSampler.
[I 2025-12-03 14:23:40,723] Trial 21 finished with value: 0.14940047123278674 and parameters: {'max_iter': 161, 'learning_rate': 0.01, 'max_depth': 3, 'min_samples_leaf': 1, 'l2_regularization': 0.0}. Best is trial 18 with value: 0.15095332416216872.
[D 2025-12-03 14:23:40,827] Sample trial#22 with GPSampler.
[I 2025-12-03 14:23:42,132] Trial 22 finished with value: 0.14646203179935124 and parameters: {'max_iter': 200, 'learning_rate': 0.01, 'max_depth': 3, 'min_samples_leaf': 14, 'l2_regularization': 0.0}. Best is trial 18 with value: 0.15095332416216872.
[D 2025-12-03 14:23:42,234] Sample trial#23 with GPSampler.
[I 2025-12-03 14:23:43,108] Trial 23 finished with value: 0.1489107503739565 and parameters: {'max_iter': 200, 'learning_rate': 0.057252768707751034, 'max_depth': 3, 'min_samples_leaf': 1, 'l2_regularization': 0.0}. Best is trial 18 with value: 0.15095332416216872.
[D 2025-12-03 14:23:43,213] Sample trial#24 with GPSampler.
[I 2025-12-03 14:23:43,688] Trial 24 finished with value: 0.1328379586559001 and parameters: {'max_iter': 50, 'learning_rate': 0.01, 'max_depth': 3, 'min_samples_leaf': 50, 'l2_regularization': 0.0}. Best is trial 18 with value: 0.15095332416216872.
[D 2025-12-03 14:23:43,786] Sample trial#25 with GPSampler.
[I 2025-12-03 14:23:44,886] Trial 25 finished with value: 0.1519214703821798 and parameters: {'max_iter': 200, 'learning_rate': 0.01, 'max_depth': 4, 'min_samples_leaf': 1, 'l2_regularization': 0.0}. Best is trial 25 with value: 0.1519214703821798.
[D 2025-12-03 14:23:44,987] Sample trial#26 with GPSampler.
[I 2025-12-03 14:23:46,998] Trial 26 finished with value: 0.14027472280138725 and parameters: {'max_iter': 200, 'learning_rate': 0.01, 'max_depth': 15, 'min_samples_leaf': 50, 'l2_regularization': 1.0}. Best is trial 25 with value: 0.1519214703821798.
[D 2025-12-03 14:23:47,096] Sample trial#27 with GPSampler.
[I 2025-12-03 14:23:48,936] Trial 27 finished with value: 0.15005899451029223 and parameters: {'max_iter': 200, 'learning_rate': 0.026380418790947678, 'max_depth': 5, 'min_samples_leaf': 1, 'l2_regularization': 0.0}. Best is trial 25 with value: 0.1519214703821798.
[D 2025-12-03 14:23:49,042] Sample trial#28 with GPSampler.
[I 2025-12-03 14:23:51,395] Trial 28 finished with value: 0.13918548299811717 and parameters: {'max_iter': 200, 'learning_rate': 0.01, 'max_depth': 15, 'min_samples_leaf': 26, 'l2_regularization': 0.0}. Best is trial 25 with value: 0.1519214703821798.
[D 2025-12-03 14:23:51,495] Sample trial#29 with GPSampler.
[I 2025-12-03 14:23:52,260] Trial 29 finished with value: 0.12856806615780259 and parameters: {'max_iter': 50, 'learning_rate': 0.01, 'max_depth': 15, 'min_samples_leaf': 29, 'l2_regularization': 1.0}. Best is trial 25 with value: 0.1519214703821798.
[I 2025-12-03 14:23:52,886] A new study created in memory with name: histogram_gradient_boosting_fold_3
[D 2025-12-03 14:23:52,887] Sample trial#0 with RandomSampler.
[I 2025-12-03 14:23:54,596] Trial 0 finished with value: 0.11226080775300291 and parameters: {'max_iter': 145, 'learning_rate': 0.23201775047082143, 'max_depth': 15, 'min_samples_leaf': 18, 'l2_regularization': 0.017935354005542026}. Best is trial 0 with value: 0.11226080775300291.
[D 2025-12-03 14:23:54,701] Sample trial#1 with GPSampler.
[I 2025-12-03 14:23:56,057] Trial 1 finished with value: 0.12790233256300604 and parameters: {'max_iter': 117, 'learning_rate': 0.10732794430144868, 'max_depth': 8, 'min_samples_leaf': 22, 'l2_regularization': 0.0012074345969268485}. Best is trial 1 with value: 0.12790233256300604.
[D 2025-12-03 14:23:56,160] Sample trial#2 with GPSampler.
[I 2025-12-03 14:23:57,058] Trial 2 finished with value: 0.13298810167219582 and parameters: {'max_iter': 73, 'learning_rate': 0.09710819667478406, 'max_depth': 8, 'min_samples_leaf': 11, 'l2_regularization': 0.32261189639305676}. Best is trial 2 with value: 0.13298810167219582.
[D 2025-12-03 14:23:57,162] Sample trial#3 with GPSampler.
[I 2025-12-03 14:23:58,532] Trial 3 finished with value: 0.1143226635439651 and parameters: {'max_iter': 111, 'learning_rate': 0.2744723581687799, 'max_depth': 11, 'min_samples_leaf': 33, 'l2_regularization': 0.24203115557692412}. Best is trial 2 with value: 0.13298810167219582.
[D 2025-12-03 14:23:58,633] Sample trial#4 with GPSampler.
[I 2025-12-03 14:24:00,290] Trial 4 finished with value: 0.12429822539390775 and parameters: {'max_iter': 174, 'learning_rate': 0.11560126689712596, 'max_depth': 8, 'min_samples_leaf': 15, 'l2_regularization': 0.8071417417411605}. Best is trial 2 with value: 0.13298810167219582.
[D 2025-12-03 14:24:00,396] Sample trial#5 with GPSampler.
[I 2025-12-03 14:24:01,579] Trial 5 finished with value: 0.1392875566447367 and parameters: {'max_iter': 97, 'learning_rate': 0.03759593990327166, 'max_depth': 10, 'min_samples_leaf': 4, 'l2_regularization': 0.25472735022493254}. Best is trial 5 with value: 0.1392875566447367.
[D 2025-12-03 14:24:01,686] Sample trial#6 with GPSampler.
[I 2025-12-03 14:24:02,828] Trial 6 finished with value: 0.11856442094549251 and parameters: {'max_iter': 154, 'learning_rate': 0.20284939820318076, 'max_depth': 5, 'min_samples_leaf': 12, 'l2_regularization': 0.5180052374032015}. Best is trial 5 with value: 0.1392875566447367.
[D 2025-12-03 14:24:02,934] Sample trial#7 with GPSampler.
[I 2025-12-03 14:24:03,895] Trial 7 finished with value: 0.13736895405627034 and parameters: {'max_iter': 72, 'learning_rate': 0.051478212200463454, 'max_depth': 9, 'min_samples_leaf': 18, 'l2_regularization': 0.680798776257803}. Best is trial 5 with value: 0.1392875566447367.
[D 2025-12-03 14:24:04,002] Sample trial#8 with GPSampler.
[I 2025-12-03 14:24:05,194] Trial 8 finished with value: 0.13706936415415344 and parameters: {'max_iter': 88, 'learning_rate': 0.05598097123053304, 'max_depth': 11, 'min_samples_leaf': 3, 'l2_regularization': 0.34201220153804357}. Best is trial 5 with value: 0.1392875566447367.
[D 2025-12-03 14:24:05,295] Sample trial#9 with GPSampler.
[I 2025-12-03 14:24:06,032] Trial 9 finished with value: 0.13965759550768966 and parameters: {'max_iter': 107, 'learning_rate': 0.13476845953254823, 'max_depth': 4, 'min_samples_leaf': 8, 'l2_regularization': 0.371231211971055}. Best is trial 9 with value: 0.13965759550768966.
[D 2025-12-03 14:24:06,138] Sample trial#10 with GPSampler.
[I 2025-12-03 14:24:06,754] Trial 10 finished with value: 0.14482418379153533 and parameters: {'max_iter': 103, 'learning_rate': 0.017762321342963013, 'max_depth': 3, 'min_samples_leaf': 1, 'l2_regularization': 0.7272910512551779}. Best is trial 10 with value: 0.14482418379153533.
[D 2025-12-03 14:24:06,860] Sample trial#11 with GPSampler.
[I 2025-12-03 14:24:07,489] Trial 11 finished with value: 0.13922909803962705 and parameters: {'max_iter': 101, 'learning_rate': 0.01, 'max_depth': 3, 'min_samples_leaf': 17, 'l2_regularization': 1.0}. Best is trial 10 with value: 0.14482418379153533.
[D 2025-12-03 14:24:07,590] Sample trial#12 with GPSampler.
[I 2025-12-03 14:24:08,212] Trial 12 finished with value: 0.14101059748687414 and parameters: {'max_iter': 105, 'learning_rate': 0.01, 'max_depth': 3, 'min_samples_leaf': 1, 'l2_regularization': 0.3758657934082647}. Best is trial 10 with value: 0.14482418379153533.
[D 2025-12-03 14:24:08,319] Sample trial#13 with GPSampler.
[I 2025-12-03 14:24:08,919] Trial 13 finished with value: 0.15937678982647302 and parameters: {'max_iter': 103, 'learning_rate': 0.08174468461619973, 'max_depth': 3, 'min_samples_leaf': 1, 'l2_regularization': 1.0}. Best is trial 13 with value: 0.15937678982647302.
[D 2025-12-03 14:24:09,025] Sample trial#14 with GPSampler.
[I 2025-12-03 14:24:09,584] Trial 14 finished with value: 0.15290620737359498 and parameters: {'max_iter': 88, 'learning_rate': 0.09269349668231831, 'max_depth': 3, 'min_samples_leaf': 1, 'l2_regularization': 1.0}. Best is trial 13 with value: 0.15937678982647302.
[D 2025-12-03 14:24:09,685] Sample trial#15 with GPSampler.
[I 2025-12-03 14:24:10,369] Trial 15 finished with value: 0.15301277352863765 and parameters: {'max_iter': 114, 'learning_rate': 0.08847121982709209, 'max_depth': 3, 'min_samples_leaf': 1, 'l2_regularization': 1.0}. Best is trial 13 with value: 0.15937678982647302.
[D 2025-12-03 14:24:10,473] Sample trial#16 with GPSampler.
[I 2025-12-03 14:24:10,942] Trial 16 finished with value: 0.1354875553617662 and parameters: {'max_iter': 50, 'learning_rate': 0.3, 'max_depth': 3, 'min_samples_leaf': 1, 'l2_regularization': 1.0}. Best is trial 13 with value: 0.15937678982647302.
[D 2025-12-03 14:24:11,047] Sample trial#17 with GPSampler.
[I 2025-12-03 14:24:12,611] Trial 17 finished with value: 0.14115036131389772 and parameters: {'max_iter': 108, 'learning_rate': 0.08549261146443325, 'max_depth': 15, 'min_samples_leaf': 1, 'l2_regularization': 1.0}. Best is trial 13 with value: 0.15937678982647302.
[D 2025-12-03 14:24:12,718] Sample trial#18 with GPSampler.
[I 2025-12-03 14:24:13,484] Trial 18 finished with value: 0.14513634498086336 and parameters: {'max_iter': 200, 'learning_rate': 0.01, 'max_depth': 3, 'min_samples_leaf': 50, 'l2_regularization': 0.0}. Best is trial 13 with value: 0.15937678982647302.
[D 2025-12-03 14:24:13,588] Sample trial#19 with GPSampler.
[I 2025-12-03 14:24:15,619] Trial 19 finished with value: 0.14127495437959564 and parameters: {'max_iter': 200, 'learning_rate': 0.01, 'max_depth': 15, 'min_samples_leaf': 50, 'l2_regularization': 1.0}. Best is trial 13 with value: 0.15937678982647302.
[D 2025-12-03 14:24:15,721] Sample trial#20 with GPSampler.
[I 2025-12-03 14:24:16,568] Trial 20 finished with value: 0.15022827621475013 and parameters: {'max_iter': 200, 'learning_rate': 0.01, 'max_depth': 3, 'min_samples_leaf': 1, 'l2_regularization': 0.0}. Best is trial 13 with value: 0.15937678982647302.
[D 2025-12-03 14:24:16,674] Sample trial#21 with GPSampler.
[I 2025-12-03 14:24:18,960] Trial 21 finished with value: 0.14477433136698603 and parameters: {'max_iter': 200, 'learning_rate': 0.01, 'max_depth': 15, 'min_samples_leaf': 1, 'l2_regularization': 0.0}. Best is trial 13 with value: 0.15937678982647302.
[D 2025-12-03 14:24:19,065] Sample trial#22 with GPSampler.
[I 2025-12-03 14:24:19,804] Trial 22 finished with value: 0.1466892420998253 and parameters: {'max_iter': 200, 'learning_rate': 0.01, 'max_depth': 3, 'min_samples_leaf': 1, 'l2_regularization': 1.0}. Best is trial 13 with value: 0.15937678982647302.
[D 2025-12-03 14:24:19,904] Sample trial#23 with GPSampler.
[I 2025-12-03 14:24:20,557] Trial 23 finished with value: 0.14748358582229998 and parameters: {'max_iter': 163, 'learning_rate': 0.01, 'max_depth': 3, 'min_samples_leaf': 1, 'l2_regularization': 0.0}. Best is trial 13 with value: 0.15937678982647302.
[D 2025-12-03 14:24:20,656] Sample trial#24 with GPSampler.
[I 2025-12-03 14:24:21,113] Trial 24 finished with value: 0.14265674000638612 and parameters: {'max_iter': 50, 'learning_rate': 0.15433540569845272, 'max_depth': 3, 'min_samples_leaf': 50, 'l2_regularization': 1.0}. Best is trial 13 with value: 0.15937678982647302.
[D 2025-12-03 14:24:21,215] Sample trial#25 with GPSampler.
[I 2025-12-03 14:24:21,663] Trial 25 finished with value: 0.1506795427532556 and parameters: {'max_iter': 50, 'learning_rate': 0.16284364401445175, 'max_depth': 3, 'min_samples_leaf': 1, 'l2_regularization': 1.0}. Best is trial 13 with value: 0.15937678982647302.
[D 2025-12-03 14:24:21,763] Sample trial#26 with GPSampler.
[I 2025-12-03 14:24:23,458] Trial 26 finished with value: 0.13798065784907526 and parameters: {'max_iter': 150, 'learning_rate': 0.01, 'max_depth': 15, 'min_samples_leaf': 1, 'l2_regularization': 1.0}. Best is trial 13 with value: 0.15937678982647302.
[D 2025-12-03 14:24:23,561] Sample trial#27 with GPSampler.
[I 2025-12-03 14:24:23,998] Trial 27 finished with value: 0.15369679124039246 and parameters: {'max_iter': 50, 'learning_rate': 0.08413452279690861, 'max_depth': 3, 'min_samples_leaf': 1, 'l2_regularization': 1.0}. Best is trial 13 with value: 0.15937678982647302.
[D 2025-12-03 14:24:24,100] Sample trial#28 with GPSampler.
[I 2025-12-03 14:24:24,785] Trial 28 finished with value: 0.13124116810044534 and parameters: {'max_iter': 50, 'learning_rate': 0.01, 'max_depth': 3, 'min_samples_leaf': 50, 'l2_regularization': 0.0}. Best is trial 13 with value: 0.15937678982647302.
[D 2025-12-03 14:24:24,885] Sample trial#29 with GPSampler.
[I 2025-12-03 14:24:25,631] Trial 29 finished with value: 0.13619604694766646 and parameters: {'max_iter': 200, 'learning_rate': 0.14048054885559122, 'max_depth': 3, 'min_samples_leaf': 50, 'l2_regularization': 1.0}. Best is trial 13 with value: 0.15937678982647302.
[I 2025-12-03 14:24:26,179] A new study created in memory with name: histogram_gradient_boosting_fold_4
[D 2025-12-03 14:24:26,179] Sample trial#0 with RandomSampler.
[I 2025-12-03 14:24:27,562] Trial 0 finished with value: 0.1625086562907992 and parameters: {'max_iter': 114, 'learning_rate': 0.06538096456139139, 'max_depth': 11, 'min_samples_leaf': 29, 'l2_regularization': 0.6814761764437183}. Best is trial 0 with value: 0.1625086562907992.
[D 2025-12-03 14:24:27,672] Sample trial#1 with GPSampler.
[I 2025-12-03 14:24:29,516] Trial 1 finished with value: 0.1276919603854336 and parameters: {'max_iter': 140, 'learning_rate': 0.23931419924578426, 'max_depth': 14, 'min_samples_leaf': 10, 'l2_regularization': 0.5036016449175738}. Best is trial 0 with value: 0.1625086562907992.
[D 2025-12-03 14:24:29,626] Sample trial#2 with GPSampler.
[I 2025-12-03 14:24:30,672] Trial 2 finished with value: 0.13037771376373689 and parameters: {'max_iter': 86, 'learning_rate': 0.29894171426708194, 'max_depth': 10, 'min_samples_leaf': 21, 'l2_regularization': 0.021685990046764747}. Best is trial 0 with value: 0.1625086562907992.
[D 2025-12-03 14:24:30,779] Sample trial#3 with GPSampler.
[I 2025-12-03 14:24:31,289] Trial 3 finished with value: 0.16585504266254913 and parameters: {'max_iter': 82, 'learning_rate': 0.1755455384747607, 'max_depth': 3, 'min_samples_leaf': 10, 'l2_regularization': 0.17061642933005228}. Best is trial 3 with value: 0.16585504266254913.
[D 2025-12-03 14:24:31,398] Sample trial#4 with GPSampler.
