[I 2025-12-03 14:09:39,483] Trial 17 finished with value: 0.14124910948552122 and parameters: {'n_estimators': 240, 'learning_rate': 0.01, 'max_depth': 3, 'min_child_weight': 10, 'subsample': 0.968373109627585, 'colsample_bytree': 1.0, 'reg_alpha': 1.0, 'reg_lambda': 10.0, 'gamma': 0.0, 'scale_pos_weight': 5.314285714285715}. Best is trial 15 with value: 0.1516271581956179.
[D 2025-12-03 14:09:39,569] Sample trial#18 with GPSampler.
[I 2025-12-03 14:09:49,809] Trial 18 finished with value: 0.14627819421719612 and parameters: {'n_estimators': 836, 'learning_rate': 0.01, 'max_depth': 3, 'min_child_weight': 5, 'subsample': 0.731864648825921, 'colsample_bytree': 1.0, 'reg_alpha': 1.0, 'reg_lambda': 9.544823523623794, 'gamma': 0.0, 'scale_pos_weight': 5.314285714285715}. Best is trial 15 with value: 0.1516271581956179.
[D 2025-12-03 14:09:49,890] Sample trial#19 with GPSampler.
[I 2025-12-03 14:09:58,624] Trial 19 finished with value: 0.1534804572427036 and parameters: {'n_estimators': 736, 'learning_rate': 0.01, 'max_depth': 3, 'min_child_weight': 10, 'subsample': 0.8080796749249857, 'colsample_bytree': 1.0, 'reg_alpha': 1.0, 'reg_lambda': 4.615405218138969, 'gamma': 0.0, 'scale_pos_weight': 5.314285714285715}. Best is trial 19 with value: 0.1534804572427036.
[D 2025-12-03 14:09:58,711] Sample trial#20 with GPSampler.
[I 2025-12-03 14:10:06,504] Trial 20 finished with value: 0.15172346833271114 and parameters: {'n_estimators': 779, 'learning_rate': 0.01, 'max_depth': 3, 'min_child_weight': 10, 'subsample': 0.8353042966455411, 'colsample_bytree': 1.0, 'reg_alpha': 0.9999999999999999, 'reg_lambda': 4.93083970564882, 'gamma': 1.7675709544009122, 'scale_pos_weight': 5.314285714285715}. Best is trial 19 with value: 0.1534804572427036.
[D 2025-12-03 14:10:06,586] Sample trial#21 with GPSampler.
[I 2025-12-03 14:10:13,230] Trial 21 finished with value: 0.15289931006464233 and parameters: {'n_estimators': 741, 'learning_rate': 0.01, 'max_depth': 3, 'min_child_weight': 10, 'subsample': 0.8308910342502663, 'colsample_bytree': 1.0, 'reg_alpha': 0.365267980679793, 'reg_lambda': 5.875734144486304, 'gamma': 0.0, 'scale_pos_weight': 5.314285714285715}. Best is trial 19 with value: 0.1534804572427036.
[D 2025-12-03 14:10:13,317] Sample trial#22 with GPSampler.
[I 2025-12-03 14:10:24,104] Trial 22 finished with value: 0.1553811954743994 and parameters: {'n_estimators': 1000, 'learning_rate': 0.01, 'max_depth': 3, 'min_child_weight': 10, 'subsample': 0.9209335227372475, 'colsample_bytree': 1.0, 'reg_alpha': 0.7068850230997219, 'reg_lambda': 1.0, 'gamma': 0.0, 'scale_pos_weight': 5.314285714285715}. Best is trial 22 with value: 0.1553811954743994.
[D 2025-12-03 14:10:24,192] Sample trial#23 with GPSampler.
[I 2025-12-03 14:10:36,748] Trial 23 finished with value: 0.15679766833735131 and parameters: {'n_estimators': 1000, 'learning_rate': 0.01, 'max_depth': 3, 'min_child_weight': 10, 'subsample': 1.0, 'colsample_bytree': 1.0, 'reg_alpha': 0.0, 'reg_lambda': 1.0, 'gamma': 0.0, 'scale_pos_weight': 5.314285714285715}. Best is trial 23 with value: 0.15679766833735131.
[D 2025-12-03 14:10:36,830] Sample trial#24 with GPSampler.
[I 2025-12-03 14:10:47,036] Trial 24 finished with value: 0.15572891684871065 and parameters: {'n_estimators': 1000, 'learning_rate': 0.01, 'max_depth': 3, 'min_child_weight': 10, 'subsample': 1.0, 'colsample_bytree': 0.7297430922600425, 'reg_alpha': 0.004021305718742254, 'reg_lambda': 1.0, 'gamma': 0.0, 'scale_pos_weight': 5.314285714285715}. Best is trial 23 with value: 0.15679766833735131.
[D 2025-12-03 14:10:47,123] Sample trial#25 with GPSampler.
[I 2025-12-03 14:10:59,180] Trial 25 finished with value: 0.15511146252300095 and parameters: {'n_estimators': 1000, 'learning_rate': 0.01, 'max_depth': 3, 'min_child_weight': 10, 'subsample': 1.0, 'colsample_bytree': 0.9652876860983209, 'reg_alpha': 0.0, 'reg_lambda': 1.0, 'gamma': 2.8014169158734554, 'scale_pos_weight': 5.314285714285715}. Best is trial 23 with value: 0.15679766833735131.
[D 2025-12-03 14:10:59,266] Sample trial#26 with GPSampler.
[I 2025-12-03 14:11:08,046] Trial 26 finished with value: 0.15457036898396564 and parameters: {'n_estimators': 926, 'learning_rate': 0.01, 'max_depth': 3, 'min_child_weight': 10, 'subsample': 1.0, 'colsample_bytree': 0.9258539251174941, 'reg_alpha': 0.531428264381845, 'reg_lambda': 1.0, 'gamma': 0.0, 'scale_pos_weight': 5.314285714285715}. Best is trial 23 with value: 0.15679766833735131.
[D 2025-12-03 14:11:08,133] Sample trial#27 with GPSampler.
[I 2025-12-03 14:11:22,347] Trial 27 finished with value: 0.16040304212353243 and parameters: {'n_estimators': 1000, 'learning_rate': 0.01, 'max_depth': 3, 'min_child_weight': 4, 'subsample': 1.0, 'colsample_bytree': 0.9926911731191481, 'reg_alpha': 0.0, 'reg_lambda': 1.0, 'gamma': 0.0, 'scale_pos_weight': 5.314285714285715}. Best is trial 27 with value: 0.16040304212353243.
[D 2025-12-03 14:11:22,436] Sample trial#28 with GPSampler.
[I 2025-12-03 14:11:34,269] Trial 28 finished with value: 0.16064674021912542 and parameters: {'n_estimators': 1000, 'learning_rate': 0.01, 'max_depth': 3, 'min_child_weight': 1, 'subsample': 1.0, 'colsample_bytree': 1.0, 'reg_alpha': 0.0, 'reg_lambda': 1.0, 'gamma': 0.0, 'scale_pos_weight': 5.314285714285715}. Best is trial 28 with value: 0.16064674021912542.
[D 2025-12-03 14:11:34,354] Sample trial#29 with GPSampler.
[I 2025-12-03 14:11:44,729] Trial 29 finished with value: 0.16070939565286813 and parameters: {'n_estimators': 1000, 'learning_rate': 0.01, 'max_depth': 3, 'min_child_weight': 1, 'subsample': 1.0, 'colsample_bytree': 0.802390063244622, 'reg_alpha': 0.0, 'reg_lambda': 1.0, 'gamma': 0.0, 'scale_pos_weight': 5.314285714285715}. Best is trial 29 with value: 0.16070939565286813.
[I 2025-12-03 14:11:46,155] A new study created in memory with name: xgboost_fold_4
[D 2025-12-03 14:11:46,155] Sample trial#0 with RandomSampler.
[I 2025-12-03 14:11:50,971] Trial 0 finished with value: 0.10914449789138359 and parameters: {'n_estimators': 656, 'learning_rate': 0.23805764728843715, 'max_depth': 13, 'min_child_weight': 1, 'subsample': 0.952588333917783, 'colsample_bytree': 0.7120021642651237, 'reg_alpha': 0.3286507463860522, 'reg_lambda': 7.561441086729555, 'gamma': 1.4387705093115684, 'scale_pos_weight': 42.33925713085611}. Best is trial 0 with value: 0.10914449789138359.
[D 2025-12-03 14:11:51,058] Sample trial#1 with GPSampler.
[I 2025-12-03 14:12:02,576] Trial 1 finished with value: 0.11181855997936063 and parameters: {'n_estimators': 633, 'learning_rate': 0.06395889005913687, 'max_depth': 7, 'min_child_weight': 1, 'subsample': 0.7477180163014425, 'colsample_bytree': 0.9575476518685123, 'reg_alpha': 0.733750202853181, 'reg_lambda': 3.6081084910155536, 'gamma': 4.12362466406404, 'scale_pos_weight': 42.98490303170349}. Best is trial 1 with value: 0.11181855997936063.
[D 2025-12-03 14:12:02,663] Sample trial#2 with GPSampler.
[I 2025-12-03 14:12:21,107] Trial 2 finished with value: 0.13110101528919532 and parameters: {'n_estimators': 450, 'learning_rate': 0.014756631987640288, 'max_depth': 13, 'min_child_weight': 4, 'subsample': 0.8196548446041185, 'colsample_bytree': 0.8323231173013689, 'reg_alpha': 0.08431153731737462, 'reg_lambda': 6.6648931399310225, 'gamma': 0.6956578454456125, 'scale_pos_weight': 23.366369685637707}. Best is trial 2 with value: 0.13110101528919532.
[D 2025-12-03 14:12:21,196] Sample trial#3 with GPSampler.
[I 2025-12-03 14:12:28,763] Trial 3 finished with value: 0.10435142359502711 and parameters: {'n_estimators': 662, 'learning_rate': 0.18151976234930886, 'max_depth': 12, 'min_child_weight': 10, 'subsample': 0.7749607031910691, 'colsample_bytree': 0.8057446427944969, 'reg_alpha': 0.15508353884295534, 'reg_lambda': 2.8000386537097817, 'gamma': 0.11848911894218217, 'scale_pos_weight': 47.58785387725378}. Best is trial 2 with value: 0.13110101528919532.
[D 2025-12-03 14:12:28,853] Sample trial#4 with GPSampler.
[I 2025-12-03 14:12:37,582] Trial 4 finished with value: 0.10832507783558683 and parameters: {'n_estimators': 380, 'learning_rate': 0.22125806084980723, 'max_depth': 5, 'min_child_weight': 1, 'subsample': 0.6279269021931845, 'colsample_bytree': 0.9048867516764576, 'reg_alpha': 0.83126901252515, 'reg_lambda': 9.603967450387001, 'gamma': 3.2663610122922697, 'scale_pos_weight': 46.51321977143717}. Best is trial 2 with value: 0.13110101528919532.
[D 2025-12-03 14:12:37,672] Sample trial#5 with GPSampler.
[I 2025-12-03 14:12:46,706] Trial 5 finished with value: 0.10096206610942164 and parameters: {'n_estimators': 723, 'learning_rate': 0.1966861314515869, 'max_depth': 9, 'min_child_weight': 8, 'subsample': 0.703172651404433, 'colsample_bytree': 0.6993410940050702, 'reg_alpha': 0.22424091147157288, 'reg_lambda': 4.313973083711534, 'gamma': 1.042195724106116, 'scale_pos_weight': 29.94324028530282}. Best is trial 2 with value: 0.13110101528919532.
[D 2025-12-03 14:12:46,792] Sample trial#6 with GPSampler.
[I 2025-12-03 14:12:56,139] Trial 6 finished with value: 0.10689661279397304 and parameters: {'n_estimators': 501, 'learning_rate': 0.10772212747198003, 'max_depth': 6, 'min_child_weight': 4, 'subsample': 0.7198371364448385, 'colsample_bytree': 0.8284724005313451, 'reg_alpha': 0.5048731834492346, 'reg_lambda': 8.947668455742999, 'gamma': 1.658248746508405, 'scale_pos_weight': 34.569276566165996}. Best is trial 2 with value: 0.13110101528919532.
[D 2025-12-03 14:12:56,227] Sample trial#7 with GPSampler.
[I 2025-12-03 14:13:09,580] Trial 7 finished with value: 0.12231046692473595 and parameters: {'n_estimators': 646, 'learning_rate': 0.034717660299234655, 'max_depth': 15, 'min_child_weight': 7, 'subsample': 0.8551059058197237, 'colsample_bytree': 0.9484589383036377, 'reg_alpha': 0.8260325499250487, 'reg_lambda': 7.493466026364949, 'gamma': 0.9435219840821596, 'scale_pos_weight': 45.97979093356029}. Best is trial 2 with value: 0.13110101528919532.
[D 2025-12-03 14:13:09,669] Sample trial#8 with GPSampler.
[I 2025-12-03 14:13:18,707] Trial 8 finished with value: 0.09962835460401394 and parameters: {'n_estimators': 767, 'learning_rate': 0.17234809501816917, 'max_depth': 5, 'min_child_weight': 4, 'subsample': 0.695039239583855, 'colsample_bytree': 0.8803915939370125, 'reg_alpha': 0.7186974196858367, 'reg_lambda': 7.27933349187944, 'gamma': 1.57926843791369, 'scale_pos_weight': 42.15352504621425}. Best is trial 2 with value: 0.13110101528919532.
[D 2025-12-03 14:13:18,791] Sample trial#9 with GPSampler.
[I 2025-12-03 14:13:26,940] Trial 9 finished with value: 0.10564984059203839 and parameters: {'n_estimators': 394, 'learning_rate': 0.10576419303452739, 'max_depth': 11, 'min_child_weight': 7, 'subsample': 0.6492863153742437, 'colsample_bytree': 0.7236328412972454, 'reg_alpha': 0.4349262006500726, 'reg_lambda': 1.5599184574400522, 'gamma': 4.991199247804123, 'scale_pos_weight': 46.657452244840094}. Best is trial 2 with value: 0.13110101528919532.
[D 2025-12-03 14:13:27,026] Sample trial#10 with GPSampler.
[I 2025-12-03 14:13:51,240] Trial 10 finished with value: 0.13665296804683352 and parameters: {'n_estimators': 364, 'learning_rate': 0.01, 'max_depth': 15, 'min_child_weight': 3, 'subsample': 0.9098486865965506, 'colsample_bytree': 0.8753937282159838, 'reg_alpha': 0.0, 'reg_lambda': 7.387162735171582, 'gamma': 0.0, 'scale_pos_weight': 17.834464286603616}. Best is trial 10 with value: 0.13665296804683352.
[D 2025-12-03 14:13:51,330] Sample trial#11 with GPSampler.
[I 2025-12-03 14:14:06,000] Trial 11 finished with value: 0.14155001562365538 and parameters: {'n_estimators': 154, 'learning_rate': 0.01, 'max_depth': 15, 'min_child_weight': 2, 'subsample': 0.9981502127518226, 'colsample_bytree': 0.9619511879226441, 'reg_alpha': 0.0, 'reg_lambda': 7.970487321538406, 'gamma': 0.0, 'scale_pos_weight': 5.445480942278459}. Best is trial 11 with value: 0.14155001562365538.
[D 2025-12-03 14:14:06,089] Sample trial#12 with GPSampler.
[I 2025-12-03 14:14:19,618] Trial 12 finished with value: 0.1391988621839463 and parameters: {'n_estimators': 100, 'learning_rate': 0.01, 'max_depth': 15, 'min_child_weight': 1, 'subsample': 1.0, 'colsample_bytree': 1.0, 'reg_alpha': 0.0, 'reg_lambda': 10.0, 'gamma': 1.7904709215777723, 'scale_pos_weight': 5.314285714285715}. Best is trial 11 with value: 0.14155001562365538.
[D 2025-12-03 14:14:19,708] Sample trial#13 with GPSampler.
^[[A^[[A[I 2025-12-03 14:14:43,079] Trial 13 finished with value: 0.13593314566948994 and parameters: {'n_estimators': 100, 'learning_rate': 0.01, 'max_depth': 15, 'min_child_weight': 1, 'subsample': 1.0, 'colsample_bytree': 1.0, 'reg_alpha': 0.0, 'reg_lambda': 3.253045890746245, 'gamma': 0.0, 'scale_pos_weight': 5.314285714285715}. Best is trial 11 with value: 0.14155001562365538.
[D 2025-12-03 14:14:43,177] Sample trial#14 with GPSampler.
[I 2025-12-03 14:14:55,634] Trial 14 finished with value: 0.14022823422736808 and parameters: {'n_estimators': 100, 'learning_rate': 0.01, 'max_depth': 15, 'min_child_weight': 7, 'subsample': 1.0, 'colsample_bytree': 1.0, 'reg_alpha': 0.0, 'reg_lambda': 10.0, 'gamma': 0.0, 'scale_pos_weight': 5.314285714285715}. Best is trial 11 with value: 0.14155001562365538.
[D 2025-12-03 14:14:55,723] Sample trial#15 with GPSampler.
[I 2025-12-03 14:15:21,186] Trial 15 finished with value: 0.14261656880308377 and parameters: {'n_estimators': 100, 'learning_rate': 0.01, 'max_depth': 15, 'min_child_weight': 1, 'subsample': 1.0, 'colsample_bytree': 0.7994522105140305, 'reg_alpha': 0.0, 'reg_lambda': 10.0, 'gamma': 0.0, 'scale_pos_weight': 5.314285714285715}. Best is trial 15 with value: 0.14261656880308377.
[D 2025-12-03 14:15:21,282] Sample trial#16 with GPSampler.
[I 2025-12-03 14:15:38,684] Trial 16 finished with value: 0.14841055503361442 and parameters: {'n_estimators': 100, 'learning_rate': 0.01, 'max_depth': 10, 'min_child_weight': 1, 'subsample': 1.0, 'colsample_bytree': 0.9103095103185826, 'reg_alpha': 0.0, 'reg_lambda': 10.0, 'gamma': 0.0, 'scale_pos_weight': 5.314285714285715}. Best is trial 16 with value: 0.14841055503361442.
[D 2025-12-03 14:15:38,775] Sample trial#17 with GPSampler.
[I 2025-12-03 14:15:43,321] Trial 17 finished with value: 0.1573770940460531 and parameters: {'n_estimators': 100, 'learning_rate': 0.01, 'max_depth': 5, 'min_child_weight': 1, 'subsample': 1.0, 'colsample_bytree': 0.9447089013354947, 'reg_alpha': 0.0, 'reg_lambda': 10.0, 'gamma': 0.0, 'scale_pos_weight': 5.314285714285715}. Best is trial 17 with value: 0.1573770940460531.
[D 2025-12-03 14:15:43,416] Sample trial#18 with GPSampler.
[I 2025-12-03 14:15:45,696] Trial 18 finished with value: 0.1570531239292777 and parameters: {'n_estimators': 100, 'learning_rate': 0.01, 'max_depth': 3, 'min_child_weight': 1, 'subsample': 1.0, 'colsample_bytree': 0.9727312402628828, 'reg_alpha': 0.0, 'reg_lambda': 10.0, 'gamma': 0.0, 'scale_pos_weight': 5.314285714285715}. Best is trial 17 with value: 0.1573770940460531.
[D 2025-12-03 14:15:45,792] Sample trial#19 with GPSampler.
[I 2025-12-03 14:15:48,713] Trial 19 finished with value: 0.15939388488613326 and parameters: {'n_estimators': 100, 'learning_rate': 0.01, 'max_depth': 3, 'min_child_weight': 1, 'subsample': 1.0, 'colsample_bytree': 0.7368154986702871, 'reg_alpha': 0.0, 'reg_lambda': 10.0, 'gamma': 0.0, 'scale_pos_weight': 5.314285714285715}. Best is trial 19 with value: 0.15939388488613326.
[D 2025-12-03 14:15:48,813] Sample trial#20 with GPSampler.
[I 2025-12-03 14:15:54,093] Trial 20 finished with value: 0.16564562797706914 and parameters: {'n_estimators': 468, 'learning_rate': 0.01, 'max_depth': 3, 'min_child_weight': 1, 'subsample': 1.0, 'colsample_bytree': 0.6879525500203043, 'reg_alpha': 0.0, 'reg_lambda': 10.0, 'gamma': 0.0, 'scale_pos_weight': 5.314285714285715}. Best is trial 20 with value: 0.16564562797706914.
[D 2025-12-03 14:15:54,190] Sample trial#21 with GPSampler.
[I 2025-12-03 14:16:03,928] Trial 21 finished with value: 0.16690035410356244 and parameters: {'n_estimators': 855, 'learning_rate': 0.01, 'max_depth': 3, 'min_child_weight': 1, 'subsample': 1.0, 'colsample_bytree': 0.6134710378407319, 'reg_alpha': 0.0, 'reg_lambda': 10.0, 'gamma': 0.0, 'scale_pos_weight': 5.314285714285715}. Best is trial 21 with value: 0.16690035410356244.
[D 2025-12-03 14:16:04,023] Sample trial#22 with GPSampler.
[I 2025-12-03 14:16:11,673] Trial 22 finished with value: 0.16838372666511398 and parameters: {'n_estimators': 876, 'learning_rate': 0.01, 'max_depth': 3, 'min_child_weight': 7, 'subsample': 1.0, 'colsample_bytree': 0.628950349030741, 'reg_alpha': 0.0, 'reg_lambda': 10.0, 'gamma': 0.0, 'scale_pos_weight': 5.314285714285715}. Best is trial 22 with value: 0.16838372666511398.
[D 2025-12-03 14:16:11,767] Sample trial#23 with GPSampler.
[I 2025-12-03 14:16:22,513] Trial 23 finished with value: 0.16366224161355988 and parameters: {'n_estimators': 1000, 'learning_rate': 0.01, 'max_depth': 3, 'min_child_weight': 6, 'subsample': 1.0, 'colsample_bytree': 0.8609131727462691, 'reg_alpha': 0.0, 'reg_lambda': 10.0, 'gamma': 0.0, 'scale_pos_weight': 5.314285714285715}. Best is trial 22 with value: 0.16838372666511398.
[D 2025-12-03 14:16:22,606] Sample trial#24 with GPSampler.
[I 2025-12-03 14:16:27,665] Trial 24 finished with value: 0.16646790544511664 and parameters: {'n_estimators': 785, 'learning_rate': 0.01, 'max_depth': 3, 'min_child_weight': 7, 'subsample': 1.0, 'colsample_bytree': 0.6, 'reg_alpha': 0.38178507934439276, 'reg_lambda': 10.0, 'gamma': 0.0, 'scale_pos_weight': 5.314285714285715}. Best is trial 22 with value: 0.16838372666511398.
[D 2025-12-03 14:16:27,767] Sample trial#25 with GPSampler.
[I 2025-12-03 14:16:35,386] Trial 25 finished with value: 0.1683255968233069 and parameters: {'n_estimators': 800, 'learning_rate': 0.01, 'max_depth': 3, 'min_child_weight': 8, 'subsample': 1.0, 'colsample_bytree': 0.6, 'reg_alpha': 0.0, 'reg_lambda': 10.0, 'gamma': 2.298473696151936, 'scale_pos_weight': 5.314285714285715}. Best is trial 22 with value: 0.16838372666511398.
[D 2025-12-03 14:16:35,481] Sample trial#26 with GPSampler.
[I 2025-12-03 14:16:41,106] Trial 26 finished with value: 0.16727937517298966 and parameters: {'n_estimators': 707, 'learning_rate': 0.01, 'max_depth': 3, 'min_child_weight': 9, 'subsample': 1.0, 'colsample_bytree': 0.6, 'reg_alpha': 0.0, 'reg_lambda': 10.0, 'gamma': 0.0, 'scale_pos_weight': 5.314285714285715}. Best is trial 22 with value: 0.16838372666511398.
[D 2025-12-03 14:16:41,202] Sample trial#27 with GPSampler.
[I 2025-12-03 14:16:50,992] Trial 27 finished with value: 0.1679825225695263 and parameters: {'n_estimators': 898, 'learning_rate': 0.01, 'max_depth': 3, 'min_child_weight': 7, 'subsample': 1.0, 'colsample_bytree': 0.6, 'reg_alpha': 0.0, 'reg_lambda': 6.51801715684224, 'gamma': 1.4497659404631948, 'scale_pos_weight': 5.314285714285715}. Best is trial 22 with value: 0.16838372666511398.
[D 2025-12-03 14:16:51,087] Sample trial#28 with GPSampler.
[I 2025-12-03 14:17:01,997] Trial 28 finished with value: 0.16805878248275544 and parameters: {'n_estimators': 983, 'learning_rate': 0.01, 'max_depth': 3, 'min_child_weight': 6, 'subsample': 1.0, 'colsample_bytree': 0.6, 'reg_alpha': 0.0, 'reg_lambda': 10.0, 'gamma': 2.4347911747540234, 'scale_pos_weight': 5.314285714285715}. Best is trial 22 with value: 0.16838372666511398.
[D 2025-12-03 14:17:02,089] Sample trial#29 with GPSampler.
[I 2025-12-03 14:17:08,449] Trial 29 finished with value: 0.16779155855123848 and parameters: {'n_estimators': 793, 'learning_rate': 0.01, 'max_depth': 3, 'min_child_weight': 5, 'subsample': 1.0, 'colsample_bytree': 0.6, 'reg_alpha': 0.0, 'reg_lambda': 9.634999294076326, 'gamma': 1.684537673058203, 'scale_pos_weight': 5.314285714285715}. Best is trial 22 with value: 0.16838372666511398.
[I 2025-12-03 14:17:09,910] A new study created in memory with name: xgboost_fold_5
[D 2025-12-03 14:17:09,910] Sample trial#0 with RandomSampler.
[I 2025-12-03 14:17:26,598] Trial 0 finished with value: 0.11090336071456515 and parameters: {'n_estimators': 430, 'learning_rate': 0.029070138863181903, 'max_depth': 8, 'min_child_weight': 9, 'subsample': 0.6343553625172844, 'colsample_bytree': 0.652103238229495, 'reg_alpha': 0.2708640564185929, 'reg_lambda': 6.860168867406007, 'gamma': 1.5452146047785087, 'scale_pos_weight': 21.558327752166285}. Best is trial 0 with value: 0.11090336071456515.
[D 2025-12-03 14:17:26,698] Sample trial#1 with GPSampler.
[I 2025-12-03 14:17:33,100] Trial 1 finished with value: 0.09862775315395875 and parameters: {'n_estimators': 231, 'learning_rate': 0.13942295638595675, 'max_depth': 4, 'min_child_weight': 2, 'subsample': 0.867547866621702, 'colsample_bytree': 0.6994646845621214, 'reg_alpha': 0.43570976837786335, 'reg_lambda': 9.96707025006187, 'gamma': 0.03690767174475307, 'scale_pos_weight': 38.51837622822995}. Best is trial 0 with value: 0.11090336071456515.
[D 2025-12-03 14:17:33,198] Sample trial#2 with GPSampler.
[I 2025-12-03 14:17:36,802] Trial 2 finished with value: 0.09936093132322202 and parameters: {'n_estimators': 122, 'learning_rate': 0.14459572565850637, 'max_depth': 6, 'min_child_weight': 10, 'subsample': 0.6756909786873406, 'colsample_bytree': 0.6814153640426928, 'reg_alpha': 0.8909593488194177, 'reg_lambda': 6.281109518545657, 'gamma': 2.2586484658226342, 'scale_pos_weight': 12.92352598809704}. Best is trial 0 with value: 0.11090336071456515.
[D 2025-12-03 14:17:36,903] Sample trial#3 with GPSampler.
[I 2025-12-03 14:17:51,950] Trial 3 finished with value: 0.09251919103715667 and parameters: {'n_estimators': 346, 'learning_rate': 0.04058689619861771, 'max_depth': 8, 'min_child_weight': 4, 'subsample': 0.732775307324939, 'colsample_bytree': 0.8896864510932054, 'reg_alpha': 0.4148055924607714, 'reg_lambda': 1.7056056660408077, 'gamma': 1.3984913379702912, 'scale_pos_weight': 27.050522321799555}. Best is trial 0 with value: 0.11090336071456515.
[D 2025-12-03 14:17:52,050] Sample trial#4 with GPSampler.
