[I 2025-12-03 14:18:04,563] Trial 4 finished with value: 0.08359085734200222 and parameters: {'n_estimators': 531, 'learning_rate': 0.2321355418930367, 'max_depth': 14, 'min_child_weight': 7, 'subsample': 0.6451802828288666, 'colsample_bytree': 0.8691018394432799, 'reg_alpha': 0.5834770254649908, 'reg_lambda': 1.7591704114837226, 'gamma': 0.02034909638514326, 'scale_pos_weight': 17.68158041136185}. Best is trial 0 with value: 0.11090336071456515.
[D 2025-12-03 14:18:04,660] Sample trial#5 with GPSampler.
[I 2025-12-03 14:18:33,942] Trial 5 finished with value: 0.08572166285352284 and parameters: {'n_estimators': 548, 'learning_rate': 0.03492506718913027, 'max_depth': 10, 'min_child_weight': 4, 'subsample': 0.8237255394624471, 'colsample_bytree': 0.6864200558951734, 'reg_alpha': 0.0075782700557514016, 'reg_lambda': 5.241742933094487, 'gamma': 0.5389374517753442, 'scale_pos_weight': 45.86991329080347}. Best is trial 0 with value: 0.11090336071456515.
[D 2025-12-03 14:18:34,039] Sample trial#6 with GPSampler.
[I 2025-12-03 14:18:39,830] Trial 6 finished with value: 0.08453184872839319 and parameters: {'n_estimators': 527, 'learning_rate': 0.24472550494704223, 'max_depth': 3, 'min_child_weight': 7, 'subsample': 0.6107935117895221, 'colsample_bytree': 0.6825615805722168, 'reg_alpha': 0.7478943710857038, 'reg_lambda': 9.339467053426679, 'gamma': 2.59900287227411, 'scale_pos_weight': 36.66463683331235}. Best is trial 0 with value: 0.11090336071456515.
[D 2025-12-03 14:18:39,930] Sample trial#7 with GPSampler.
[I 2025-12-03 14:18:48,665] Trial 7 finished with value: 0.08692454613473465 and parameters: {'n_estimators': 887, 'learning_rate': 0.16221256698251824, 'max_depth': 8, 'min_child_weight': 1, 'subsample': 0.7135645921448343, 'colsample_bytree': 0.8970829169809064, 'reg_alpha': 0.9773361822325434, 'reg_lambda': 1.775138183473501, 'gamma': 3.7716799929053653, 'scale_pos_weight': 36.218395696974845}. Best is trial 0 with value: 0.11090336071456515.
[D 2025-12-03 14:18:48,763] Sample trial#8 with GPSampler.
[I 2025-12-03 14:18:56,482] Trial 8 finished with value: 0.0951563775837501 and parameters: {'n_estimators': 249, 'learning_rate': 0.1254613758294494, 'max_depth': 10, 'min_child_weight': 8, 'subsample': 0.6520960472445128, 'colsample_bytree': 0.7219215748103689, 'reg_alpha': 0.28337074266730067, 'reg_lambda': 3.9682276661670293, 'gamma': 4.885136708575095, 'scale_pos_weight': 24.634399158718054}. Best is trial 0 with value: 0.11090336071456515.
[D 2025-12-03 14:18:56,576] Sample trial#9 with GPSampler.
[I 2025-12-03 14:19:05,298] Trial 9 finished with value: 0.09596630252112096 and parameters: {'n_estimators': 967, 'learning_rate': 0.1002269982135508, 'max_depth': 3, 'min_child_weight': 6, 'subsample': 0.6591693517962395, 'colsample_bytree': 0.9045627123417971, 'reg_alpha': 0.39467572183936606, 'reg_lambda': 8.499582792234536, 'gamma': 0.9652725143172175, 'scale_pos_weight': 32.81419094816155}. Best is trial 0 with value: 0.11090336071456515.
[D 2025-12-03 14:19:05,407] Sample trial#10 with GPSampler.
[I 2025-12-03 14:19:13,306] Trial 10 finished with value: 0.14037900094248495 and parameters: {'n_estimators': 330, 'learning_rate': 0.01, 'max_depth': 6, 'min_child_weight': 10, 'subsample': 0.6183797483977443, 'colsample_bytree': 0.6232848464683942, 'reg_alpha': 0.32158407177120424, 'reg_lambda': 8.21895690592394, 'gamma': 1.5606104060352555, 'scale_pos_weight': 14.470266903519006}. Best is trial 10 with value: 0.14037900094248495.
[D 2025-12-03 14:19:13,400] Sample trial#11 with GPSampler.
[I 2025-12-03 14:19:21,186] Trial 11 finished with value: 0.1389873843398592 and parameters: {'n_estimators': 269, 'learning_rate': 0.01, 'max_depth': 5, 'min_child_weight': 10, 'subsample': 0.605759458893004, 'colsample_bytree': 0.6, 'reg_alpha': 0.2745109246888638, 'reg_lambda': 9.147149518240433, 'gamma': 1.5569028291901663, 'scale_pos_weight': 9.642980672153417}. Best is trial 10 with value: 0.14037900094248495.
[D 2025-12-03 14:19:21,282] Sample trial#12 with GPSampler.
[I 2025-12-03 14:19:26,541] Trial 12 finished with value: 0.13854634968948293 and parameters: {'n_estimators': 416, 'learning_rate': 0.01, 'max_depth': 5, 'min_child_weight': 10, 'subsample': 0.6, 'colsample_bytree': 0.6, 'reg_alpha': 0.5404677765369172, 'reg_lambda': 8.906891018671766, 'gamma': 1.7113038261027314, 'scale_pos_weight': 12.950132031439697}. Best is trial 10 with value: 0.14037900094248495.
[D 2025-12-03 14:19:26,640] Sample trial#13 with GPSampler.
[I 2025-12-03 14:19:32,616] Trial 13 finished with value: 0.1394478599489614 and parameters: {'n_estimators': 263, 'learning_rate': 0.01, 'max_depth': 5, 'min_child_weight': 10, 'subsample': 0.6, 'colsample_bytree': 0.6, 'reg_alpha': 0.1346360531623521, 'reg_lambda': 8.29282230964546, 'gamma': 2.9412408144387356, 'scale_pos_weight': 9.736146582856389}. Best is trial 10 with value: 0.14037900094248495.
[D 2025-12-03 14:19:32,708] Sample trial#14 with GPSampler.
[I 2025-12-03 14:19:42,211] Trial 14 finished with value: 0.1410586123845956 and parameters: {'n_estimators': 231, 'learning_rate': 0.01, 'max_depth': 7, 'min_child_weight': 10, 'subsample': 0.6, 'colsample_bytree': 0.6, 'reg_alpha': 0.34105131983308273, 'reg_lambda': 8.33264459070665, 'gamma': 0.3711048218167012, 'scale_pos_weight': 7.116139736910528}. Best is trial 14 with value: 0.1410586123845956.
[D 2025-12-03 14:19:42,304] Sample trial#15 with GPSampler.
[I 2025-12-03 14:19:49,842] Trial 15 finished with value: 0.1382063712247958 and parameters: {'n_estimators': 100, 'learning_rate': 0.01, 'max_depth': 6, 'min_child_weight': 10, 'subsample': 0.7404418024348124, 'colsample_bytree': 0.6, 'reg_alpha': 0.49851953683709804, 'reg_lambda': 8.565023826801621, 'gamma': 1.6241975754923041, 'scale_pos_weight': 5.631482720431307}. Best is trial 14 with value: 0.1410586123845956.
[D 2025-12-03 14:19:49,938] Sample trial#16 with GPSampler.
[I 2025-12-03 14:19:53,303] Trial 16 finished with value: 0.13763401184206014 and parameters: {'n_estimators': 100, 'learning_rate': 0.01, 'max_depth': 3, 'min_child_weight': 10, 'subsample': 0.6, 'colsample_bytree': 0.6, 'reg_alpha': 0.2098484943786543, 'reg_lambda': 8.454490414800349, 'gamma': 0.0, 'scale_pos_weight': 13.255388626592909}. Best is trial 14 with value: 0.1410586123845956.
[D 2025-12-03 14:19:53,396] Sample trial#17 with GPSampler.
[I 2025-12-03 14:20:04,424] Trial 17 finished with value: 0.13362880447473607 and parameters: {'n_estimators': 144, 'learning_rate': 0.01, 'max_depth': 12, 'min_child_weight': 10, 'subsample': 0.6, 'colsample_bytree': 0.6, 'reg_alpha': 0.16237235873711445, 'reg_lambda': 8.809172263053988, 'gamma': 1.7328998415117165, 'scale_pos_weight': 14.762297001362603}. Best is trial 14 with value: 0.1410586123845956.
[D 2025-12-03 14:20:04,521] Sample trial#18 with GPSampler.
[I 2025-12-03 14:20:15,592] Trial 18 finished with value: 0.14256617965659513 and parameters: {'n_estimators': 484, 'learning_rate': 0.01, 'max_depth': 6, 'min_child_weight': 10, 'subsample': 0.6698134995986545, 'colsample_bytree': 0.6, 'reg_alpha': 0.015183593895917342, 'reg_lambda': 8.617689711947342, 'gamma': 0.3621107909095016, 'scale_pos_weight': 5.314285714285715}. Best is trial 18 with value: 0.14256617965659513.
[D 2025-12-03 14:20:15,690] Sample trial#19 with GPSampler.
[I 2025-12-03 14:20:29,769] Trial 19 finished with value: 0.14084971882924477 and parameters: {'n_estimators': 420, 'learning_rate': 0.01, 'max_depth': 6, 'min_child_weight': 10, 'subsample': 0.6, 'colsample_bytree': 0.743814273971535, 'reg_alpha': 0.039237692646854325, 'reg_lambda': 8.667457529024468, 'gamma': 0.6919481383627224, 'scale_pos_weight': 5.314285714285715}. Best is trial 18 with value: 0.14256617965659513.
[D 2025-12-03 14:20:29,867] Sample trial#20 with GPSampler.
[I 2025-12-03 14:20:55,460] Trial 20 finished with value: 0.13293060243888527 and parameters: {'n_estimators': 1000, 'learning_rate': 0.01, 'max_depth': 8, 'min_child_weight': 10, 'subsample': 0.6, 'colsample_bytree': 0.6, 'reg_alpha': 0.0, 'reg_lambda': 8.954223610515477, 'gamma': 0.0, 'scale_pos_weight': 5.314285714285715}. Best is trial 18 with value: 0.14256617965659513.
[D 2025-12-03 14:20:55,560] Sample trial#21 with GPSampler.
[I 2025-12-03 14:21:06,590] Trial 21 finished with value: 0.14084576253923775 and parameters: {'n_estimators': 371, 'learning_rate': 0.01, 'max_depth': 6, 'min_child_weight': 10, 'subsample': 0.6, 'colsample_bytree': 0.6, 'reg_alpha': 0.0, 'reg_lambda': 8.553571388653689, 'gamma': 0.7555931587139944, 'scale_pos_weight': 5.314285714285715}. Best is trial 18 with value: 0.14256617965659513.
[D 2025-12-03 14:21:06,681] Sample trial#22 with GPSampler.
[I 2025-12-03 14:21:18,729] Trial 22 finished with value: 0.1480859419617004 and parameters: {'n_estimators': 475, 'learning_rate': 0.01, 'max_depth': 5, 'min_child_weight': 10, 'subsample': 0.7310543144918719, 'colsample_bytree': 0.6309101667837709, 'reg_alpha': 0.24877276185181663, 'reg_lambda': 8.557891987428478, 'gamma': 0.1193282017837269, 'scale_pos_weight': 5.314285714285715}. Best is trial 22 with value: 0.1480859419617004.
[D 2025-12-03 14:21:18,824] Sample trial#23 with GPSampler.
[I 2025-12-03 14:21:24,742] Trial 23 finished with value: 0.15114901307300121 and parameters: {'n_estimators': 591, 'learning_rate': 0.01, 'max_depth': 3, 'min_child_weight': 10, 'subsample': 0.9852340095731065, 'colsample_bytree': 0.6305529362167581, 'reg_alpha': 0.3455914340693247, 'reg_lambda': 8.591652317908494, 'gamma': 0.0, 'scale_pos_weight': 5.314285714285715}. Best is trial 23 with value: 0.15114901307300121.
[D 2025-12-03 14:21:24,835] Sample trial#24 with GPSampler.
[I 2025-12-03 14:21:31,852] Trial 24 finished with value: 0.14797013097225484 and parameters: {'n_estimators': 583, 'learning_rate': 0.01, 'max_depth': 3, 'min_child_weight': 10, 'subsample': 1.0, 'colsample_bytree': 0.813022196852501, 'reg_alpha': 0.38904345885263886, 'reg_lambda': 8.582888106231273, 'gamma': 0.0, 'scale_pos_weight': 5.314285714285715}. Best is trial 23 with value: 0.15114901307300121.
[D 2025-12-03 14:21:31,950] Sample trial#25 with GPSampler.
[I 2025-12-03 14:21:39,901] Trial 25 finished with value: 0.14863288302585542 and parameters: {'n_estimators': 505, 'learning_rate': 0.01, 'max_depth': 3, 'min_child_weight': 10, 'subsample': 1.0, 'colsample_bytree': 0.6, 'reg_alpha': 0.2937637454507581, 'reg_lambda': 8.35967206197014, 'gamma': 0.0, 'scale_pos_weight': 5.314285714285715}. Best is trial 23 with value: 0.15114901307300121.
[D 2025-12-03 14:21:39,998] Sample trial#26 with GPSampler.
[I 2025-12-03 14:21:46,822] Trial 26 finished with value: 0.14998455998920485 and parameters: {'n_estimators': 752, 'learning_rate': 0.01, 'max_depth': 3, 'min_child_weight': 10, 'subsample': 1.0, 'colsample_bytree': 0.6, 'reg_alpha': 0.45809152363126665, 'reg_lambda': 8.959313506171059, 'gamma': 0.0, 'scale_pos_weight': 5.314285714285715}. Best is trial 23 with value: 0.15114901307300121.
[D 2025-12-03 14:21:46,919] Sample trial#27 with GPSampler.
[I 2025-12-03 14:21:54,738] Trial 27 finished with value: 0.14926826620647643 and parameters: {'n_estimators': 588, 'learning_rate': 0.01, 'max_depth': 3, 'min_child_weight': 10, 'subsample': 1.0, 'colsample_bytree': 0.6688851339360601, 'reg_alpha': 0.32066172736390525, 'reg_lambda': 8.954381188602923, 'gamma': 0.0, 'scale_pos_weight': 5.314285714285715}. Best is trial 23 with value: 0.15114901307300121.
[D 2025-12-03 14:21:54,830] Sample trial#28 with GPSampler.
[I 2025-12-03 14:22:00,967] Trial 28 finished with value: 0.15038334948998447 and parameters: {'n_estimators': 716, 'learning_rate': 0.01, 'max_depth': 3, 'min_child_weight': 10, 'subsample': 0.9052401963897105, 'colsample_bytree': 0.6085363679691341, 'reg_alpha': 0.4137906558715701, 'reg_lambda': 8.515208645949894, 'gamma': 0.0, 'scale_pos_weight': 5.314285714285715}. Best is trial 23 with value: 0.15114901307300121.
[D 2025-12-03 14:22:01,065] Sample trial#29 with GPSampler.
[I 2025-12-03 14:22:09,745] Trial 29 finished with value: 0.15041280193300505 and parameters: {'n_estimators': 730, 'learning_rate': 0.01, 'max_depth': 3, 'min_child_weight': 10, 'subsample': 1.0, 'colsample_bytree': 0.6, 'reg_alpha': 0.3803870959966883, 'reg_lambda': 8.640441665325174, 'gamma': 2.5511908085440194, 'scale_pos_weight': 5.314285714285715}. Best is trial 23 with value: 0.15114901307300121.
[I 2025-12-03 14:22:46,601] A new study created in memory with name: histogram_gradient_boosting_fold_1
[D 2025-12-03 14:22:46,602] Sample trial#0 with RandomSampler.
[I 2025-12-03 14:22:48,377] Trial 0 finished with value: 0.12071739244693373 and parameters: {'max_iter': 184, 'learning_rate': 0.22879104817185456, 'max_depth': 8, 'min_samples_leaf': 30, 'l2_regularization': 0.9862933556376673}. Best is trial 0 with value: 0.12071739244693373.
[D 2025-12-03 14:22:48,474] Sample trial#1 with GPSampler.
[I 2025-12-03 14:22:49,039] Trial 1 finished with value: 0.130312285214781 and parameters: {'max_iter': 50, 'learning_rate': 0.26672610902631, 'max_depth': 7, 'min_samples_leaf': 35, 'l2_regularization': 0.005659177303232399}. Best is trial 1 with value: 0.130312285214781.
[D 2025-12-03 14:22:49,136] Sample trial#2 with GPSampler.
[I 2025-12-03 14:22:50,150] Trial 2 finished with value: 0.1322809290955429 and parameters: {'max_iter': 89, 'learning_rate': 0.15909526619520187, 'max_depth': 13, 'min_samples_leaf': 7, 'l2_regularization': 0.0825217207497857}. Best is trial 2 with value: 0.1322809290955429.
[D 2025-12-03 14:22:50,246] Sample trial#3 with GPSampler.
[I 2025-12-03 14:22:50,834] Trial 3 finished with value: 0.1620629154406107 and parameters: {'max_iter': 114, 'learning_rate': 0.15204827452205028, 'max_depth': 3, 'min_samples_leaf': 36, 'l2_regularization': 0.9134773956553348}. Best is trial 3 with value: 0.1620629154406107.
[D 2025-12-03 14:22:50,930] Sample trial#4 with GPSampler.
[I 2025-12-03 14:22:52,635] Trial 4 finished with value: 0.1243617434994905 and parameters: {'max_iter': 175, 'learning_rate': 0.21506566365617552, 'max_depth': 14, 'min_samples_leaf': 13, 'l2_regularization': 0.468475004769616}. Best is trial 3 with value: 0.1620629154406107.
[D 2025-12-03 14:22:52,732] Sample trial#5 with GPSampler.
[I 2025-12-03 14:22:53,869] Trial 5 finished with value: 0.12944865453908436 and parameters: {'max_iter': 111, 'learning_rate': 0.1862066268135748, 'max_depth': 14, 'min_samples_leaf': 36, 'l2_regularization': 0.3499350295092958}. Best is trial 3 with value: 0.1620629154406107.
[D 2025-12-03 14:22:53,967] Sample trial#6 with GPSampler.
[I 2025-12-03 14:22:55,383] Trial 6 finished with value: 0.1228469689629644 and parameters: {'max_iter': 140, 'learning_rate': 0.1378199615972771, 'max_depth': 10, 'min_samples_leaf': 2, 'l2_regularization': 0.7380361720365642}. Best is trial 3 with value: 0.1620629154406107.
[D 2025-12-03 14:22:55,478] Sample trial#7 with GPSampler.
[I 2025-12-03 14:22:56,138] Trial 7 finished with value: 0.13954113987135613 and parameters: {'max_iter': 139, 'learning_rate': 0.19345432381447977, 'max_depth': 4, 'min_samples_leaf': 42, 'l2_regularization': 0.8539894730890607}. Best is trial 3 with value: 0.1620629154406107.
[D 2025-12-03 14:22:56,236] Sample trial#8 with GPSampler.
[I 2025-12-03 14:22:56,954] Trial 8 finished with value: 0.1321392703641955 and parameters: {'max_iter': 148, 'learning_rate': 0.2533935207100029, 'max_depth': 4, 'min_samples_leaf': 47, 'l2_regularization': 0.3429824531344998}. Best is trial 3 with value: 0.1620629154406107.
[D 2025-12-03 14:22:57,052] Sample trial#9 with GPSampler.
[I 2025-12-03 14:22:58,032] Trial 9 finished with value: 0.1456058290129837 and parameters: {'max_iter': 106, 'learning_rate': 0.08388014426782196, 'max_depth': 7, 'min_samples_leaf': 47, 'l2_regularization': 0.7105837838894556}. Best is trial 3 with value: 0.1620629154406107.
[D 2025-12-03 14:22:58,133] Sample trial#10 with GPSampler.
[I 2025-12-03 14:22:58,790] Trial 10 finished with value: 0.16208469672949635 and parameters: {'max_iter': 101, 'learning_rate': 0.13588302975521854, 'max_depth': 3, 'min_samples_leaf': 32, 'l2_regularization': 0.9999999999999999}. Best is trial 10 with value: 0.16208469672949635.
[D 2025-12-03 14:22:58,891] Sample trial#11 with GPSampler.
[I 2025-12-03 14:22:59,529] Trial 11 finished with value: 0.17255384965846074 and parameters: {'max_iter': 107, 'learning_rate': 0.08096254026907986, 'max_depth': 3, 'min_samples_leaf': 50, 'l2_regularization': 0.9999999999999999}. Best is trial 11 with value: 0.17255384965846074.
[D 2025-12-03 14:22:59,630] Sample trial#12 with GPSampler.
[I 2025-12-03 14:23:00,190] Trial 12 finished with value: 0.1659383965269349 and parameters: {'max_iter': 50, 'learning_rate': 0.034252808532922896, 'max_depth': 3, 'min_samples_leaf': 50, 'l2_regularization': 0.7876094606692863}. Best is trial 11 with value: 0.17255384965846074.
[D 2025-12-03 14:23:00,288] Sample trial#13 with GPSampler.
[I 2025-12-03 14:23:01,125] Trial 13 finished with value: 0.17003980217381257 and parameters: {'max_iter': 183, 'learning_rate': 0.041167623379267146, 'max_depth': 3, 'min_samples_leaf': 50, 'l2_regularization': 1.0}. Best is trial 11 with value: 0.17255384965846074.
[D 2025-12-03 14:23:01,225] Sample trial#14 with GPSampler.
[I 2025-12-03 14:23:01,890] Trial 14 finished with value: 0.16931166449715038 and parameters: {'max_iter': 164, 'learning_rate': 0.07343515782117055, 'max_depth': 3, 'min_samples_leaf': 50, 'l2_regularization': 0.4623040242082683}. Best is trial 11 with value: 0.17255384965846074.
[D 2025-12-03 14:23:01,989] Sample trial#15 with GPSampler.
[I 2025-12-03 14:23:02,698] Trial 15 finished with value: 0.17310736567279783 and parameters: {'max_iter': 147, 'learning_rate': 0.05638154996742568, 'max_depth': 3, 'min_samples_leaf': 6, 'l2_regularization': 1.0}. Best is trial 15 with value: 0.17310736567279783.
[D 2025-12-03 14:23:02,799] Sample trial#16 with GPSampler.
[I 2025-12-03 14:23:03,410] Trial 16 finished with value: 0.1723870123454453 and parameters: {'max_iter': 129, 'learning_rate': 0.06426668500436081, 'max_depth': 3, 'min_samples_leaf': 18, 'l2_regularization': 1.0}. Best is trial 15 with value: 0.17310736567279783.
[D 2025-12-03 14:23:03,509] Sample trial#17 with GPSampler.
[I 2025-12-03 14:23:04,316] Trial 17 finished with value: 0.16849894110790112 and parameters: {'max_iter': 200, 'learning_rate': 0.01, 'max_depth': 3, 'min_samples_leaf': 1, 'l2_regularization': 0.21237006252836355}. Best is trial 15 with value: 0.17310736567279783.
[D 2025-12-03 14:23:04,411] Sample trial#18 with GPSampler.
[I 2025-12-03 14:23:05,100] Trial 18 finished with value: 0.1667298224046443 and parameters: {'max_iter': 145, 'learning_rate': 0.01, 'max_depth': 3, 'min_samples_leaf': 1, 'l2_regularization': 1.0}. Best is trial 15 with value: 0.17310736567279783.
[D 2025-12-03 14:23:05,196] Sample trial#19 with GPSampler.
[I 2025-12-03 14:23:05,997] Trial 19 finished with value: 0.166260202815441 and parameters: {'max_iter': 200, 'learning_rate': 0.07128914932072895, 'max_depth': 3, 'min_samples_leaf': 1, 'l2_regularization': 1.0}. Best is trial 15 with value: 0.17310736567279783.
[D 2025-12-03 14:23:06,090] Sample trial#20 with GPSampler.
[I 2025-12-03 14:23:06,674] Trial 20 finished with value: 0.17264148782629243 and parameters: {'max_iter': 101, 'learning_rate': 0.061549849838168205, 'max_depth': 3, 'min_samples_leaf': 1, 'l2_regularization': 0.0}. Best is trial 15 with value: 0.17310736567279783.
[D 2025-12-03 14:23:06,776] Sample trial#21 with GPSampler.
[I 2025-12-03 14:23:07,379] Trial 21 finished with value: 0.1743134844671254 and parameters: {'max_iter': 114, 'learning_rate': 0.0643383477810814, 'max_depth': 3, 'min_samples_leaf': 13, 'l2_regularization': 0.5038130530058185}. Best is trial 21 with value: 0.1743134844671254.
[D 2025-12-03 14:23:07,471] Sample trial#22 with GPSampler.
[I 2025-12-03 14:23:08,030] Trial 22 finished with value: 0.17503750326610135 and parameters: {'max_iter': 79, 'learning_rate': 0.07443192358481135, 'max_depth': 3, 'min_samples_leaf': 1, 'l2_regularization': 0.6950818228792601}. Best is trial 22 with value: 0.17503750326610135.
[D 2025-12-03 14:23:08,128] Sample trial#23 with GPSampler.
[I 2025-12-03 14:23:08,563] Trial 23 finished with value: 0.17296504460828394 and parameters: {'max_iter': 50, 'learning_rate': 0.08460816401177995, 'max_depth': 3, 'min_samples_leaf': 1, 'l2_regularization': 0.33962326614550703}. Best is trial 22 with value: 0.17503750326610135.
[D 2025-12-03 14:23:08,658] Sample trial#24 with GPSampler.
[I 2025-12-03 14:23:09,089] Trial 24 finished with value: 0.173497004801661 and parameters: {'max_iter': 53, 'learning_rate': 0.0741724001301546, 'max_depth': 3, 'min_samples_leaf': 1, 'l2_regularization': 1.0}. Best is trial 22 with value: 0.17503750326610135.
[D 2025-12-03 14:23:09,188] Sample trial#25 with GPSampler.
[I 2025-12-03 14:23:09,702] Trial 25 finished with value: 0.17683121970078705 and parameters: {'max_iter': 92, 'learning_rate': 0.07076319853803743, 'max_depth': 3, 'min_samples_leaf': 1, 'l2_regularization': 0.657962804620156}. Best is trial 25 with value: 0.17683121970078705.
[D 2025-12-03 14:23:09,799] Sample trial#26 with GPSampler.
[I 2025-12-03 14:23:10,507] Trial 26 finished with value: 0.1485205584559225 and parameters: {'max_iter': 50, 'learning_rate': 0.01, 'max_depth': 15, 'min_samples_leaf': 50, 'l2_regularization': 0.0}. Best is trial 25 with value: 0.17683121970078705.
[D 2025-12-03 14:23:10,606] Sample trial#27 with GPSampler.
[I 2025-12-03 14:23:11,076] Trial 27 finished with value: 0.1545602838181891 and parameters: {'max_iter': 50, 'learning_rate': 0.01, 'max_depth': 3, 'min_samples_leaf': 1, 'l2_regularization': 0.0}. Best is trial 25 with value: 0.17683121970078705.
[D 2025-12-03 14:23:11,175] Sample trial#28 with GPSampler.
