[I 2025-12-03 13:46:56,526] Trial 21 finished with value: 0.15987432505878846 and parameters: {'iterations': 1000, 'learning_rate': 0.01, 'depth': 4, 'l2_leaf_reg': 1.0, 'border_count': 255, 'bagging_temperature': 0.0, 'random_strength': 1.0, 'scale_pos_weight': 5.314285714285715}. Best is trial 21 with value: 0.15987432505878846.
[D 2025-12-03 13:46:56,593] Sample trial#22 with GPSampler.
[I 2025-12-03 13:47:02,233] Trial 22 finished with value: 0.15987432505878846 and parameters: {'iterations': 1000, 'learning_rate': 0.01, 'depth': 4, 'l2_leaf_reg': 1.0, 'border_count': 255, 'bagging_temperature': 0.5035634223558131, 'random_strength': 1.0, 'scale_pos_weight': 5.314285714285715}. Best is trial 21 with value: 0.15987432505878846.
[D 2025-12-03 13:47:02,302] Sample trial#23 with GPSampler.
[I 2025-12-03 13:47:07,949] Trial 23 finished with value: 0.14351804777905658 and parameters: {'iterations': 1000, 'learning_rate': 0.01, 'depth': 4, 'l2_leaf_reg': 1.0, 'border_count': 255, 'bagging_temperature': 0.19268529475179447, 'random_strength': 1.0, 'scale_pos_weight': 23.708534406181606}. Best is trial 21 with value: 0.15987432505878846.
[D 2025-12-03 13:47:08,017] Sample trial#24 with GPSampler.
[I 2025-12-03 13:47:11,484] Trial 24 finished with value: 0.16082746948970003 and parameters: {'iterations': 569, 'learning_rate': 0.01, 'depth': 4, 'l2_leaf_reg': 1.0, 'border_count': 255, 'bagging_temperature': 0.0, 'random_strength': 0.9111121179093337, 'scale_pos_weight': 5.314285714285715}. Best is trial 24 with value: 0.16082746948970003.
[D 2025-12-03 13:47:11,552] Sample trial#25 with GPSampler.
[I 2025-12-03 13:47:12,680] Trial 25 finished with value: 0.14091920391190751 and parameters: {'iterations': 100, 'learning_rate': 0.01, 'depth': 4, 'l2_leaf_reg': 1.0, 'border_count': 255, 'bagging_temperature': 0.7285676660645434, 'random_strength': 1.0, 'scale_pos_weight': 5.314285714285715}. Best is trial 24 with value: 0.16082746948970003.
[D 2025-12-03 13:47:12,750] Sample trial#26 with GPSampler.
[I 2025-12-03 13:47:17,171] Trial 26 finished with value: 0.15474572483870713 and parameters: {'iterations': 764, 'learning_rate': 0.01, 'depth': 4, 'l2_leaf_reg': 1.0, 'border_count': 254, 'bagging_temperature': 0.0, 'random_strength': 0.794556499486141, 'scale_pos_weight': 5.314285714285715}. Best is trial 24 with value: 0.16082746948970003.
[D 2025-12-03 13:47:17,240] Sample trial#27 with GPSampler.
[I 2025-12-03 13:47:22,726] Trial 27 finished with value: 0.16136835464238897 and parameters: {'iterations': 1000, 'learning_rate': 0.01, 'depth': 4, 'l2_leaf_reg': 5.959981105913969, 'border_count': 205, 'bagging_temperature': 0.0, 'random_strength': 0.9999999999999999, 'scale_pos_weight': 5.314285714285715}. Best is trial 27 with value: 0.16136835464238897.
[D 2025-12-03 13:47:22,794] Sample trial#28 with GPSampler.
[I 2025-12-03 13:47:27,886] Trial 28 finished with value: 0.16270142497211962 and parameters: {'iterations': 1000, 'learning_rate': 0.01, 'depth': 4, 'l2_leaf_reg': 10.0, 'border_count': 118, 'bagging_temperature': 0.0, 'random_strength': 1.0, 'scale_pos_weight': 5.314285714285715}. Best is trial 28 with value: 0.16270142497211962.
[D 2025-12-03 13:47:27,955] Sample trial#29 with GPSampler.
[I 2025-12-03 13:47:33,554] Trial 29 finished with value: 0.16023339400877717 and parameters: {'iterations': 1000, 'learning_rate': 0.01, 'depth': 4, 'l2_leaf_reg': 10.0, 'border_count': 231, 'bagging_temperature': 0.0, 'random_strength': 1.0, 'scale_pos_weight': 5.314285714285715}. Best is trial 28 with value: 0.16270142497211962.
[I 2025-12-03 13:47:35,594] A new study created in memory with name: catboost_fold_3
[D 2025-12-03 13:47:35,595] Sample trial#0 with RandomSampler.
[I 2025-12-03 13:47:37,455] Trial 0 finished with value: 0.1104392625672401 and parameters: {'iterations': 301, 'learning_rate': 0.12627611664838945, 'depth': 4, 'l2_leaf_reg': 5.868250740617411, 'border_count': 105, 'bagging_temperature': 0.06289629580802925, 'random_strength': 0.23205275013070603, 'scale_pos_weight': 22.33733887720326}. Best is trial 0 with value: 0.1104392625672401.
[D 2025-12-03 13:47:37,527] Sample trial#1 with GPSampler.
[I 2025-12-03 13:47:42,511] Trial 1 finished with value: 0.09053791457529019 and parameters: {'iterations': 940, 'learning_rate': 0.2410670019899118, 'depth': 5, 'l2_leaf_reg': 8.617215095328378, 'border_count': 75, 'bagging_temperature': 0.31668421048646056, 'random_strength': 0.9698503270739147, 'scale_pos_weight': 21.29491493329526}. Best is trial 0 with value: 0.1104392625672401.
[D 2025-12-03 13:47:42,582] Sample trial#2 with GPSampler.
[I 2025-12-03 13:48:14,640] Trial 2 finished with value: 0.0968833764392024 and parameters: {'iterations': 142, 'learning_rate': 0.08297955450447184, 'depth': 10, 'l2_leaf_reg': 9.622370544566847, 'border_count': 247, 'bagging_temperature': 0.032303178870078386, 'random_strength': 0.6388136325612593, 'scale_pos_weight': 46.98513885909411}. Best is trial 0 with value: 0.1104392625672401.
[D 2025-12-03 13:48:14,710] Sample trial#3 with GPSampler.
[I 2025-12-03 13:48:15,994] Trial 3 finished with value: 0.10171215808571281 and parameters: {'iterations': 128, 'learning_rate': 0.26753042789752873, 'depth': 6, 'l2_leaf_reg': 9.20067303568626, 'border_count': 108, 'bagging_temperature': 0.9519803114746611, 'random_strength': 0.8336205767545202, 'scale_pos_weight': 44.488101950335576}. Best is trial 0 with value: 0.1104392625672401.
[D 2025-12-03 13:48:16,065] Sample trial#4 with GPSampler.
[I 2025-12-03 13:48:21,523] Trial 4 finished with value: 0.08025230178910464 and parameters: {'iterations': 943, 'learning_rate': 0.22885635065928622, 'depth': 5, 'l2_leaf_reg': 2.3257005050170942, 'border_count': 179, 'bagging_temperature': 0.006241163293745355, 'random_strength': 0.4753150576718751, 'scale_pos_weight': 30.26672194723144}. Best is trial 0 with value: 0.1104392625672401.
[D 2025-12-03 13:48:21,588] Sample trial#5 with GPSampler.
[I 2025-12-03 13:48:26,847] Trial 5 finished with value: 0.09423962451324577 and parameters: {'iterations': 983, 'learning_rate': 0.27267544993375054, 'depth': 4, 'l2_leaf_reg': 3.8739006297943273, 'border_count': 253, 'bagging_temperature': 0.4974542384023003, 'random_strength': 0.3993809117780919, 'scale_pos_weight': 12.131840891986162}. Best is trial 0 with value: 0.1104392625672401.
[D 2025-12-03 13:48:26,913] Sample trial#6 with GPSampler.
[I 2025-12-03 13:48:57,266] Trial 6 finished with value: 0.08935389014777143 and parameters: {'iterations': 529, 'learning_rate': 0.1438708791317067, 'depth': 9, 'l2_leaf_reg': 7.334728099003681, 'border_count': 120, 'bagging_temperature': 0.5087434193805429, 'random_strength': 0.17363546280619568, 'scale_pos_weight': 26.317654860311094}. Best is trial 0 with value: 0.1104392625672401.
[D 2025-12-03 13:48:57,333] Sample trial#7 with GPSampler.
[I 2025-12-03 13:49:50,370] Trial 7 finished with value: 0.08481583633256318 and parameters: {'iterations': 548, 'learning_rate': 0.11428797433747442, 'depth': 9, 'l2_leaf_reg': 5.03840308928024, 'border_count': 194, 'bagging_temperature': 0.7017788719243375, 'random_strength': 0.9459472767402712, 'scale_pos_weight': 37.606365405933786}. Best is trial 0 with value: 0.1104392625672401.
[D 2025-12-03 13:49:50,435] Sample trial#8 with GPSampler.
[I 2025-12-03 13:50:24,837] Trial 8 finished with value: 0.0852448750186843 and parameters: {'iterations': 614, 'learning_rate': 0.030210097759039795, 'depth': 9, 'l2_leaf_reg': 3.78761916147456, 'border_count': 117, 'bagging_temperature': 0.7937071019605255, 'random_strength': 0.9718810384737292, 'scale_pos_weight': 40.8233716174699}. Best is trial 0 with value: 0.1104392625672401.
[D 2025-12-03 13:50:24,902] Sample trial#9 with GPSampler.
[I 2025-12-03 13:50:28,761] Trial 9 finished with value: 0.07884241053821477 and parameters: {'iterations': 814, 'learning_rate': 0.23690641561289538, 'depth': 4, 'l2_leaf_reg': 1.8651015671568194, 'border_count': 61, 'bagging_temperature': 0.391867515461261, 'random_strength': 0.5924745844751285, 'scale_pos_weight': 48.72748784342768}. Best is trial 0 with value: 0.1104392625672401.
[D 2025-12-03 13:50:28,827] Sample trial#10 with GPSampler.
[I 2025-12-03 13:50:30,013] Trial 10 finished with value: 0.1269845380546299 and parameters: {'iterations': 137, 'learning_rate': 0.13136026511148216, 'depth': 4, 'l2_leaf_reg': 7.34715471843901, 'border_count': 89, 'bagging_temperature': 0.0820109845139523, 'random_strength': 0.2249978457776673, 'scale_pos_weight': 20.09541716731916}. Best is trial 10 with value: 0.1269845380546299.
[D 2025-12-03 13:50:30,082] Sample trial#11 with GPSampler.
[I 2025-12-03 13:50:31,082] Trial 11 finished with value: 0.13261980381123156 and parameters: {'iterations': 100, 'learning_rate': 0.13185325898087888, 'depth': 4, 'l2_leaf_reg': 8.729452692995132, 'border_count': 52, 'bagging_temperature': 0.04311713734437156, 'random_strength': 0.14229680840189723, 'scale_pos_weight': 12.827183874506396}. Best is trial 11 with value: 0.13261980381123156.
[D 2025-12-03 13:50:31,148] Sample trial#12 with GPSampler.
[I 2025-12-03 13:50:32,157] Trial 12 finished with value: 0.14292377114857308 and parameters: {'iterations': 100, 'learning_rate': 0.01, 'depth': 4, 'l2_leaf_reg': 9.563669916913625, 'border_count': 34, 'bagging_temperature': 0.17285729106302009, 'random_strength': 0.2294383170928704, 'scale_pos_weight': 5.314285714285715}. Best is trial 12 with value: 0.14292377114857308.
[D 2025-12-03 13:50:32,223] Sample trial#13 with GPSampler.
[I 2025-12-03 13:50:33,177] Trial 13 finished with value: 0.14783652834336236 and parameters: {'iterations': 100, 'learning_rate': 0.01, 'depth': 4, 'l2_leaf_reg': 10.0, 'border_count': 32, 'bagging_temperature': 0.7446878389652393, 'random_strength': 0.11641274874260504, 'scale_pos_weight': 5.314285714285715}. Best is trial 13 with value: 0.14783652834336236.
[D 2025-12-03 13:50:33,242] Sample trial#14 with GPSampler.
[I 2025-12-03 13:50:34,172] Trial 14 finished with value: 0.141022791579042 and parameters: {'iterations': 100, 'learning_rate': 0.01, 'depth': 4, 'l2_leaf_reg': 10.0, 'border_count': 32, 'bagging_temperature': 1.0, 'random_strength': 0.602190444503207, 'scale_pos_weight': 5.314285714285715}. Best is trial 13 with value: 0.14783652834336236.
[D 2025-12-03 13:50:34,238] Sample trial#15 with GPSampler.
[I 2025-12-03 13:50:35,248] Trial 15 finished with value: 0.14802867437946196 and parameters: {'iterations': 100, 'learning_rate': 0.01, 'depth': 4, 'l2_leaf_reg': 10.0, 'border_count': 149, 'bagging_temperature': 0.9082589960608539, 'random_strength': 0.0, 'scale_pos_weight': 5.314285714285715}. Best is trial 15 with value: 0.14802867437946196.
[D 2025-12-03 13:50:35,314] Sample trial#16 with GPSampler.
[I 2025-12-03 13:50:36,268] Trial 16 finished with value: 0.14174597852899823 and parameters: {'iterations': 100, 'learning_rate': 0.01, 'depth': 4, 'l2_leaf_reg': 6.306146258728387, 'border_count': 39, 'bagging_temperature': 1.0, 'random_strength': 0.0, 'scale_pos_weight': 5.314285714285715}. Best is trial 15 with value: 0.14802867437946196.
[D 2025-12-03 13:50:36,333] Sample trial#17 with GPSampler.
[I 2025-12-03 13:50:37,393] Trial 17 finished with value: 0.1424778133274348 and parameters: {'iterations': 100, 'learning_rate': 0.01, 'depth': 4, 'l2_leaf_reg': 9.999999999999998, 'border_count': 74, 'bagging_temperature': 0.7979772000101323, 'random_strength': 0.0, 'scale_pos_weight': 5.314285714285715}. Best is trial 15 with value: 0.14802867437946196.
[D 2025-12-03 13:50:37,459] Sample trial#18 with GPSampler.
[I 2025-12-03 13:50:38,508] Trial 18 finished with value: 0.15308865314771444 and parameters: {'iterations': 100, 'learning_rate': 0.01, 'depth': 4, 'l2_leaf_reg': 10.0, 'border_count': 255, 'bagging_temperature': 0.661691211979593, 'random_strength': 0.0, 'scale_pos_weight': 5.314285714285715}. Best is trial 18 with value: 0.15308865314771444.
[D 2025-12-03 13:50:38,575] Sample trial#19 with GPSampler.
[I 2025-12-03 13:50:39,634] Trial 19 finished with value: 0.14216485249545802 and parameters: {'iterations': 100, 'learning_rate': 0.01, 'depth': 4, 'l2_leaf_reg': 10.0, 'border_count': 255, 'bagging_temperature': 0.4295156131729888, 'random_strength': 0.46781649259893565, 'scale_pos_weight': 5.314285714285715}. Best is trial 18 with value: 0.15308865314771444.
[D 2025-12-03 13:50:39,700] Sample trial#20 with GPSampler.
[I 2025-12-03 13:50:45,652] Trial 20 finished with value: 0.14350014326189214 and parameters: {'iterations': 100, 'learning_rate': 0.01, 'depth': 8, 'l2_leaf_reg': 10.0, 'border_count': 255, 'bagging_temperature': 1.0, 'random_strength': 0.0, 'scale_pos_weight': 5.314285714285715}. Best is trial 18 with value: 0.15308865314771444.
[D 2025-12-03 13:50:45,718] Sample trial#21 with GPSampler.
[I 2025-12-03 13:50:46,770] Trial 21 finished with value: 0.13711603926110322 and parameters: {'iterations': 100, 'learning_rate': 0.20158967290105687, 'depth': 4, 'l2_leaf_reg': 10.0, 'border_count': 255, 'bagging_temperature': 1.0, 'random_strength': 0.0, 'scale_pos_weight': 5.314285714285715}. Best is trial 18 with value: 0.15308865314771444.
[D 2025-12-03 13:50:46,836] Sample trial#22 with GPSampler.
[I 2025-12-03 13:50:47,866] Trial 22 finished with value: 0.15308865314771444 and parameters: {'iterations': 100, 'learning_rate': 0.01, 'depth': 4, 'l2_leaf_reg': 9.999999999999998, 'border_count': 255, 'bagging_temperature': 0.0, 'random_strength': 0.0, 'scale_pos_weight': 5.314285714285715}. Best is trial 18 with value: 0.15308865314771444.
[D 2025-12-03 13:50:47,932] Sample trial#23 with GPSampler.
[I 2025-12-03 13:50:48,958] Trial 23 finished with value: 0.15308865314771444 and parameters: {'iterations': 100, 'learning_rate': 0.01, 'depth': 4, 'l2_leaf_reg': 10.0, 'border_count': 255, 'bagging_temperature': 0.0, 'random_strength': 0.0, 'scale_pos_weight': 5.314285714285715}. Best is trial 18 with value: 0.15308865314771444.
[D 2025-12-03 13:50:49,024] Sample trial#24 with GPSampler.
[I 2025-12-03 13:50:50,066] Trial 24 finished with value: 0.15308865314771444 and parameters: {'iterations': 100, 'learning_rate': 0.01, 'depth': 4, 'l2_leaf_reg': 9.999999999999998, 'border_count': 255, 'bagging_temperature': 0.0, 'random_strength': 0.0, 'scale_pos_weight': 5.314285714285715}. Best is trial 18 with value: 0.15308865314771444.
[D 2025-12-03 13:50:50,132] Sample trial#25 with GPSampler.
[I 2025-12-03 13:50:51,154] Trial 25 finished with value: 0.15190121320818847 and parameters: {'iterations': 100, 'learning_rate': 0.01, 'depth': 4, 'l2_leaf_reg': 4.919910530959972, 'border_count': 255, 'bagging_temperature': 0.0, 'random_strength': 0.0, 'scale_pos_weight': 5.314285714285715}. Best is trial 18 with value: 0.15308865314771444.
[D 2025-12-03 13:50:51,220] Sample trial#26 with GPSampler.
[I 2025-12-03 13:50:52,271] Trial 26 finished with value: 0.15308865314771444 and parameters: {'iterations': 100, 'learning_rate': 0.01, 'depth': 4, 'l2_leaf_reg': 10.0, 'border_count': 255, 'bagging_temperature': 0.2630919590348161, 'random_strength': 0.0, 'scale_pos_weight': 5.314285714285715}. Best is trial 18 with value: 0.15308865314771444.
[D 2025-12-03 13:50:52,337] Sample trial#27 with GPSampler.
[I 2025-12-03 13:50:53,839] Trial 27 finished with value: 0.14819766227918138 and parameters: {'iterations': 100, 'learning_rate': 0.01, 'depth': 4, 'l2_leaf_reg': 10.0, 'border_count': 255, 'bagging_temperature': 1.0, 'random_strength': 0.17830043836746948, 'scale_pos_weight': 5.314285714285715}. Best is trial 18 with value: 0.15308865314771444.
[D 2025-12-03 13:50:53,904] Sample trial#28 with GPSampler.
[I 2025-12-03 13:50:55,192] Trial 28 finished with value: 0.15173761473219838 and parameters: {'iterations': 100, 'learning_rate': 0.01, 'depth': 4, 'l2_leaf_reg': 10.0, 'border_count': 217, 'bagging_temperature': 0.354606364876377, 'random_strength': 0.0, 'scale_pos_weight': 5.314285714285715}. Best is trial 18 with value: 0.15308865314771444.
[D 2025-12-03 13:50:55,259] Sample trial#29 with GPSampler.
[I 2025-12-03 13:50:56,723] Trial 29 finished with value: 0.1454468265390687 and parameters: {'iterations': 100, 'learning_rate': 0.01, 'depth': 4, 'l2_leaf_reg': 10.0, 'border_count': 32, 'bagging_temperature': 1.0, 'random_strength': 0.2730344670520919, 'scale_pos_weight': 5.314285714285715}. Best is trial 18 with value: 0.15308865314771444.
[I 2025-12-03 13:50:57,737] A new study created in memory with name: catboost_fold_4
[D 2025-12-03 13:50:57,737] Sample trial#0 with RandomSampler.
[I 2025-12-03 13:51:06,484] Trial 0 finished with value: 0.09321900401143468 and parameters: {'iterations': 134, 'learning_rate': 0.253840451192605, 'depth': 9, 'l2_leaf_reg': 7.913406689401264, 'border_count': 130, 'bagging_temperature': 0.13653672885165435, 'random_strength': 0.8009326229879568, 'scale_pos_weight': 40.920926958922735}. Best is trial 0 with value: 0.09321900401143468.
[D 2025-12-03 13:51:06,553] Sample trial#1 with GPSampler.
[I 2025-12-03 13:51:08,717] Trial 1 finished with value: 0.11658260718728748 and parameters: {'iterations': 114, 'learning_rate': 0.12849269042353878, 'depth': 10, 'l2_leaf_reg': 8.250294384030216, 'border_count': 44, 'bagging_temperature': 0.1164635721591013, 'random_strength': 0.2087140459594784, 'scale_pos_weight': 9.494441742234986}. Best is trial 1 with value: 0.11658260718728748.
[D 2025-12-03 13:51:08,785] Sample trial#2 with GPSampler.
[I 2025-12-03 13:51:12,116] Trial 2 finished with value: 0.10041213178907807 and parameters: {'iterations': 569, 'learning_rate': 0.29028740009731596, 'depth': 4, 'l2_leaf_reg': 5.570804290950362, 'border_count': 246, 'bagging_temperature': 0.22501237789188644, 'random_strength': 0.29827474322573555, 'scale_pos_weight': 28.014680446923954}. Best is trial 1 with value: 0.11658260718728748.
[D 2025-12-03 13:51:12,183] Sample trial#3 with GPSampler.
[I 2025-12-03 13:51:14,501] Trial 3 finished with value: 0.09431467622057707 and parameters: {'iterations': 302, 'learning_rate': 0.15897170065955424, 'depth': 6, 'l2_leaf_reg': 2.7887701512766223, 'border_count': 112, 'bagging_temperature': 0.17737235760367498, 'random_strength': 0.6365813356229358, 'scale_pos_weight': 42.43991527314292}. Best is trial 1 with value: 0.11658260718728748.
[D 2025-12-03 13:51:14,571] Sample trial#4 with GPSampler.
[I 2025-12-03 13:52:25,960] Trial 4 finished with value: 0.09194422036344399 and parameters: {'iterations': 636, 'learning_rate': 0.17865166331703014, 'depth': 9, 'l2_leaf_reg': 8.15937189036277, 'border_count': 223, 'bagging_temperature': 0.6581008540776389, 'random_strength': 0.7737565246509946, 'scale_pos_weight': 38.843797776616945}. Best is trial 1 with value: 0.11658260718728748.
[D 2025-12-03 13:52:26,028] Sample trial#5 with GPSampler.
[I 2025-12-03 13:52:29,541] Trial 5 finished with value: 0.11759545809941022 and parameters: {'iterations': 661, 'learning_rate': 0.16135942602643102, 'depth': 4, 'l2_leaf_reg': 4.563033749713704, 'border_count': 115, 'bagging_temperature': 0.9616986167075372, 'random_strength': 0.13897027076719892, 'scale_pos_weight': 23.07264313217302}. Best is trial 5 with value: 0.11759545809941022.
[D 2025-12-03 13:52:29,608] Sample trial#6 with GPSampler.
[I 2025-12-03 13:52:44,777] Trial 6 finished with value: 0.085600161428697 and parameters: {'iterations': 596, 'learning_rate': 0.030164067514719853, 'depth': 10, 'l2_leaf_reg': 1.037857357875354, 'border_count': 69, 'bagging_temperature': 0.7782913613290467, 'random_strength': 0.877911058488214, 'scale_pos_weight': 33.05335023097973}. Best is trial 5 with value: 0.11759545809941022.
[D 2025-12-03 13:52:44,844] Sample trial#7 with GPSampler.
[I 2025-12-03 13:52:50,045] Trial 7 finished with value: 0.0893696602138836 and parameters: {'iterations': 120, 'learning_rate': 0.26983665401229945, 'depth': 9, 'l2_leaf_reg': 9.448597951064473, 'border_count': 88, 'bagging_temperature': 0.7317943146445809, 'random_strength': 0.7539902288011479, 'scale_pos_weight': 50.24164511219709}. Best is trial 5 with value: 0.11759545809941022.
[D 2025-12-03 13:52:50,113] Sample trial#8 with GPSampler.
[I 2025-12-03 13:52:52,685] Trial 8 finished with value: 0.0987543130243583 and parameters: {'iterations': 345, 'learning_rate': 0.20039475939741078, 'depth': 7, 'l2_leaf_reg': 8.94077104416889, 'border_count': 52, 'bagging_temperature': 0.5861714946057834, 'random_strength': 0.9514615542859801, 'scale_pos_weight': 44.28241496116102}. Best is trial 5 with value: 0.11759545809941022.
[D 2025-12-03 13:52:52,752] Sample trial#9 with GPSampler.
[I 2025-12-03 13:52:55,306] Trial 9 finished with value: 0.10026271635631248 and parameters: {'iterations': 401, 'learning_rate': 0.27501972117150814, 'depth': 6, 'l2_leaf_reg': 5.1634969518463905, 'border_count': 63, 'bagging_temperature': 0.6704616857630151, 'random_strength': 0.3013811696278357, 'scale_pos_weight': 17.039496137684683}. Best is trial 5 with value: 0.11759545809941022.
[D 2025-12-03 13:52:55,373] Sample trial#10 with GPSampler.
[I 2025-12-03 13:52:58,483] Trial 10 finished with value: 0.11939294120511632 and parameters: {'iterations': 437, 'learning_rate': 0.1131000000614772, 'depth': 6, 'l2_leaf_reg': 6.487828931267523, 'border_count': 91, 'bagging_temperature': 0.5299227821364433, 'random_strength': 0.07668610758173842, 'scale_pos_weight': 14.856270257200773}. Best is trial 10 with value: 0.11939294120511632.
[D 2025-12-03 13:52:58,551] Sample trial#11 with GPSampler.
[I 2025-12-03 13:53:24,669] Trial 11 finished with value: 0.09267356997412876 and parameters: {'iterations': 568, 'learning_rate': 0.11474464089986085, 'depth': 10, 'l2_leaf_reg': 4.674843482309466, 'border_count': 110, 'bagging_temperature': 1.0, 'random_strength': 0.06225005961669213, 'scale_pos_weight': 23.5706977951767}. Best is trial 10 with value: 0.11939294120511632.
[D 2025-12-03 13:53:24,737] Sample trial#12 with GPSampler.
