[I 2025-12-03 14:25:34,812] Trial 29 finished with value: 0.1531971636403892 and parameters: {'max_iter': 134, 'learning_rate': 0.03439972288893815, 'max_depth': 3, 'min_samples_leaf': 1, 'l2_regularization': 1.0}. Best is trial 18 with value: 0.15353531437689485.
Importâncias dos parâmetros para fold 2: {'subsample': np.float64(0.20108572041160147), 'max_depth': np.float64(0.1961058934751301), 'n_estimators': np.float64(0.16764581023045785), 'reg_lambda': np.float64(0.1494458812451802), 'scale_pos_weight': np.float64(0.07728482527333039), 'colsample_bytree': np.float64(0.060885892488725106), 'learning_rate': np.float64(0.05932093453555378), 'gamma': np.float64(0.052807524593292), 'min_child_weight': np.float64(0.028853782191338717), 'reg_alpha': np.float64(0.006563735555390329)}
Saved Optuna plots to results/20251203_133618_ana_optimized_binary/xgboost/optuna_plots
Fold 3
Importâncias dos parâmetros para fold 3: {'learning_rate': np.float64(0.47953415601819144), 'max_depth': np.float64(0.3920733996975596), 'scale_pos_weight': np.float64(0.053405491185703736), 'gamma': np.float64(0.03923536520190549), 'min_child_weight': np.float64(0.014534958634831579), 'reg_lambda': np.float64(0.008404784692786868), 'n_estimators': np.float64(0.006359166845613721), 'subsample': np.float64(0.003508121620908482), 'colsample_bytree': np.float64(0.0018701139547338001), 'reg_alpha': np.float64(0.0010744421477654456)}
Saved Optuna plots to results/20251203_133618_ana_optimized_binary/xgboost/optuna_plots
Fold 4
Importâncias dos parâmetros para fold 4: {'scale_pos_weight': np.float64(0.3061039404320874), 'learning_rate': np.float64(0.28795028974689396), 'reg_alpha': np.float64(0.12314937240371533), 'max_depth': np.float64(0.10473907330032811), 'subsample': np.float64(0.08873101280217292), 'gamma': np.float64(0.03524567247147994), 'n_estimators': np.float64(0.026250201070586576), 'reg_lambda': np.float64(0.02326149119638265), 'min_child_weight': np.float64(0.002311255920495435), 'colsample_bytree': np.float64(0.002257690655857775)}
Saved Optuna plots to results/20251203_133618_ana_optimized_binary/xgboost/optuna_plots
Fold 5
Importâncias dos parâmetros para fold 5: {'learning_rate': np.float64(0.46326002969407565), 'scale_pos_weight': np.float64(0.18644297020900868), 'min_child_weight': np.float64(0.13385723146300518), 'reg_lambda': np.float64(0.06824731494041689), 'n_estimators': np.float64(0.06384797453249248), 'colsample_bytree': np.float64(0.04652278279591349), 'reg_alpha': np.float64(0.01417227090941369), 'max_depth': np.float64(0.01135961660404461), 'subsample': np.float64(0.007398646626352989), 'gamma': np.float64(0.004891162225276456)}
Saved Optuna plots to results/20251203_133618_ana_optimized_binary/xgboost/optuna_plots

Nested CV completed. The 20% holdout set (3536 samples) remains untouched.
This holdout set can be used for final unbiased evaluation.

Training and evaluating 5 best parameter sets on holdout data...
Testing with 4 balancing strategies: none, randomundersampler, smoteenn, tomeklinks

Evaluating fold 1 best params on holdout set...
  - Testing with balance strategy: none
  - Testing with balance strategy: randomundersampler
  - Testing with balance strategy: smoteenn
  - Testing with balance strategy: tomeklinks

Evaluating fold 2 best params on holdout set...
  - Testing with balance strategy: none
  - Testing with balance strategy: randomundersampler
  - Testing with balance strategy: smoteenn
  - Testing with balance strategy: tomeklinks

Evaluating fold 3 best params on holdout set...
  - Testing with balance strategy: none
  - Testing with balance strategy: randomundersampler
  - Testing with balance strategy: smoteenn
  - Testing with balance strategy: tomeklinks

Evaluating fold 4 best params on holdout set...
  - Testing with balance strategy: none
  - Testing with balance strategy: randomundersampler
  - Testing with balance strategy: smoteenn
  - Testing with balance strategy: tomeklinks

Evaluating fold 5 best params on holdout set...
  - Testing with balance strategy: none
  - Testing with balance strategy: randomundersampler
  - Testing with balance strategy: smoteenn
  - Testing with balance strategy: tomeklinks
Saving optimization and holdout results...
Detailed results by fold saved to: ./results/20251203_133618_ana_optimized_binary/xgboost/detailed_results_by_fold.txt
Test predictions for all folds saved to: ./results/20251203_133618_ana_optimized_binary/xgboost/metrics.json
Saving holdout results...
Holdout evaluation results saved to: ./results/20251203_133618_ana_optimized_binary/xgboost/holdout_results.txt
Saved!
[OK] XGBoost executado com sucesso!

CONFIGURAÇÃO DO EXPERIMENTO (OTIMIZAÇÃO):
  Modelo: Histogram Gradient Boosting
  Trials: 30
  Tipo: binary
  Parâmetros: Completo
  Balanceamento: none
================================================================================
EXECUTANDO MODELO: Histogram Gradient Boosting
================================================================================

Starting Nested Cross-Validation for histogram_gradient_boosting...
Configuration: 5 outer folds, 30 trials per fold
Performing 80/20 holdout split...
Holdout split completed:
  - Training set: 14140 samples (80%)
  - Holdout test set: 3536 samples (20%)
Fold 1
Importâncias dos parâmetros para fold 1: {'max_depth': np.float64(0.4462000475977089), 'learning_rate': np.float64(0.26052903446177644), 'min_samples_leaf': np.float64(0.1592172498048769), 'l2_regularization': np.float64(0.07795071498533067), 'max_iter': np.float64(0.056102953150307104)}
Saved Optuna plots to results/20251203_133618_ana_optimized_binary/histogram_gradient_boosting/optuna_plots
Fold 2
Importâncias dos parâmetros para fold 2: {'learning_rate': np.float64(0.7379925855898086), 'max_depth': np.float64(0.12554785046261824), 'max_iter': np.float64(0.08838997336645113), 'min_samples_leaf': np.float64(0.037646649482850486), 'l2_regularization': np.float64(0.010422941098271549)}
Saved Optuna plots to results/20251203_133618_ana_optimized_binary/histogram_gradient_boosting/optuna_plots
Fold 3
Importâncias dos parâmetros para fold 3: {'learning_rate': np.float64(0.7079187836002405), 'min_samples_leaf': np.float64(0.10724116585845654), 'max_depth': np.float64(0.07516081085309027), 'max_iter': np.float64(0.0565612982567032), 'l2_regularization': np.float64(0.053117941431509524)}
Saved Optuna plots to results/20251203_133618_ana_optimized_binary/histogram_gradient_boosting/optuna_plots
Fold 4
Importâncias dos parâmetros para fold 4: {'learning_rate': np.float64(0.8144037143429591), 'min_samples_leaf': np.float64(0.1035095314525388), 'max_iter': np.float64(0.04007975738068377), 'max_depth': np.float64(0.029591901647544605), 'l2_regularization': np.float64(0.012415095176273568)}
Saved Optuna plots to results/20251203_133618_ana_optimized_binary/histogram_gradient_boosting/optuna_plots
Fold 5
Importâncias dos parâmetros para fold 5: {'learning_rate': np.float64(0.9722500830452312), 'max_depth': np.float64(0.01040840131532063), 'l2_regularization': np.float64(0.010169311017140607), 'max_iter': np.float64(0.005564504897978666), 'min_samples_leaf': np.float64(0.0016076997243288282)}
Saved Optuna plots to results/20251203_133618_ana_optimized_binary/histogram_gradient_boosting/optuna_plots

Nested CV completed. The 20% holdout set (3536 samples) remains untouched.
This holdout set can be used for final unbiased evaluation.

Training and evaluating 5 best parameter sets on holdout data...
Testing with 4 balancing strategies: none, randomundersampler, smoteenn, tomeklinks

Evaluating fold 1 best params on holdout set...
  - Testing with balance strategy: none
  - Testing with balance strategy: randomundersampler
  - Testing with balance strategy: smoteenn
  - Testing with balance strategy: tomeklinks

Evaluating fold 2 best params on holdout set...
  - Testing with balance strategy: none
  - Testing with balance strategy: randomundersampler
  - Testing with balance strategy: smoteenn
  - Testing with balance strategy: tomeklinks

Evaluating fold 3 best params on holdout set...
  - Testing with balance strategy: none
  - Testing with balance strategy: randomundersampler
  - Testing with balance strategy: smoteenn
  - Testing with balance strategy: tomeklinks

Evaluating fold 4 best params on holdout set...
  - Testing with balance strategy: none
  - Testing with balance strategy: randomundersampler
  - Testing with balance strategy: smoteenn
  - Testing with balance strategy: tomeklinks

Evaluating fold 5 best params on holdout set...
  - Testing with balance strategy: none
  - Testing with balance strategy: randomundersampler
  - Testing with balance strategy: smoteenn
  - Testing with balance strategy: tomeklinks
Saving optimization and holdout results...
Detailed results by fold saved to: ./results/20251203_133618_ana_optimized_binary/histogram_gradient_boosting/detailed_results_by_fold.txt
Test predictions for all folds saved to: ./results/20251203_133618_ana_optimized_binary/histogram_gradient_boosting/metrics.json
Saving holdout results...
Holdout evaluation results saved to: ./results/20251203_133618_ana_optimized_binary/histogram_gradient_boosting/holdout_results.txt
Saved!
[OK] Histogram Gradient Boosting executado com sucesso!

EXPERIMENTO CONCLUÍDO!
