[I 2025-12-03 14:00:37,376] Trial 4 finished with value: 0.09700473560476408 and parameters: {'n_estimators': 865, 'learning_rate': 0.1058749597777368, 'max_depth': 10, 'min_child_weight': 4, 'subsample': 0.7590971757844782, 'colsample_bytree': 0.7361369209715073, 'reg_alpha': 0.7530541096205347, 'reg_lambda': 2.7401531589617134, 'gamma': 0.507749913855084, 'scale_pos_weight': 51.25758465065509}. Best is trial 2 with value: 0.15362285495063338.
[D 2025-12-03 14:00:37,456] Sample trial#5 with GPSampler.
[I 2025-12-03 14:00:45,445] Trial 5 finished with value: 0.10491759559009524 and parameters: {'n_estimators': 514, 'learning_rate': 0.27622104575545575, 'max_depth': 12, 'min_child_weight': 6, 'subsample': 0.9490650219282957, 'colsample_bytree': 0.9343651182026446, 'reg_alpha': 0.5633222191844055, 'reg_lambda': 2.5303716410776116, 'gamma': 2.1188193569696514, 'scale_pos_weight': 32.13567809032942}. Best is trial 2 with value: 0.15362285495063338.
[D 2025-12-03 14:00:45,525] Sample trial#6 with GPSampler.
[I 2025-12-03 14:00:50,296] Trial 6 finished with value: 0.10659380302344212 and parameters: {'n_estimators': 776, 'learning_rate': 0.12234446929046883, 'max_depth': 6, 'min_child_weight': 5, 'subsample': 0.9650565289489462, 'colsample_bytree': 0.6333958858586969, 'reg_alpha': 0.2167310341873856, 'reg_lambda': 4.038584583422493, 'gamma': 4.277803914810728, 'scale_pos_weight': 43.429995464394636}. Best is trial 2 with value: 0.15362285495063338.
[D 2025-12-03 14:00:50,376] Sample trial#7 with GPSampler.
[I 2025-12-03 14:00:59,131] Trial 7 finished with value: 0.09781548478854067 and parameters: {'n_estimators': 870, 'learning_rate': 0.1911525602309386, 'max_depth': 5, 'min_child_weight': 9, 'subsample': 0.639530683870964, 'colsample_bytree': 0.7912167346103725, 'reg_alpha': 0.021902987684717656, 'reg_lambda': 6.752062719827605, 'gamma': 3.3509365477044453, 'scale_pos_weight': 27.029310388927847}. Best is trial 2 with value: 0.15362285495063338.
[D 2025-12-03 14:00:59,211] Sample trial#8 with GPSampler.
[I 2025-12-03 14:01:12,145] Trial 8 finished with value: 0.10779935794972055 and parameters: {'n_estimators': 752, 'learning_rate': 0.17526795280664992, 'max_depth': 9, 'min_child_weight': 3, 'subsample': 0.7479182166770006, 'colsample_bytree': 0.8953622445653199, 'reg_alpha': 0.9092142221410565, 'reg_lambda': 7.10591362701283, 'gamma': 3.1799271619910243, 'scale_pos_weight': 20.267720339751314}. Best is trial 2 with value: 0.15362285495063338.
[D 2025-12-03 14:01:12,225] Sample trial#9 with GPSampler.
[I 2025-12-03 14:01:36,737] Trial 9 finished with value: 0.12554312403721482 and parameters: {'n_estimators': 846, 'learning_rate': 0.01684798201721943, 'max_depth': 14, 'min_child_weight': 8, 'subsample': 0.7355095236601351, 'colsample_bytree': 0.7703752886435365, 'reg_alpha': 0.2830789804642563, 'reg_lambda': 1.4736029026602284, 'gamma': 4.600293161075328, 'scale_pos_weight': 29.67312934224794}. Best is trial 2 with value: 0.15362285495063338.
[D 2025-12-03 14:01:36,816] Sample trial#10 with GPSampler.
[I 2025-12-03 14:01:43,052] Trial 10 finished with value: 0.1612684296557459 and parameters: {'n_estimators': 100, 'learning_rate': 0.04334809907169357, 'max_depth': 4, 'min_child_weight': 5, 'subsample': 0.9774606053357666, 'colsample_bytree': 0.9133438135658086, 'reg_alpha': 0.9093235583455382, 'reg_lambda': 4.688636025977109, 'gamma': 3.951041028056335, 'scale_pos_weight': 6.597703652482034}. Best is trial 10 with value: 0.1612684296557459.
[D 2025-12-03 14:01:43,129] Sample trial#11 with GPSampler.
[I 2025-12-03 14:01:47,282] Trial 11 finished with value: 0.1469108717647572 and parameters: {'n_estimators': 100, 'learning_rate': 0.01, 'max_depth': 3, 'min_child_weight': 9, 'subsample': 1.0, 'colsample_bytree': 0.9852157464252564, 'reg_alpha': 1.0, 'reg_lambda': 5.349254746586131, 'gamma': 5.0, 'scale_pos_weight': 5.314285714285715}. Best is trial 10 with value: 0.1612684296557459.
[D 2025-12-03 14:01:47,362] Sample trial#12 with GPSampler.
[I 2025-12-03 14:01:57,073] Trial 12 finished with value: 0.16216817783944143 and parameters: {'n_estimators': 100, 'learning_rate': 0.02430094905336861, 'max_depth': 3, 'min_child_weight': 2, 'subsample': 1.0, 'colsample_bytree': 0.8527574837133088, 'reg_alpha': 0.9481019968948126, 'reg_lambda': 3.8085107472648367, 'gamma': 3.3105638056450557, 'scale_pos_weight': 5.314285714285715}. Best is trial 12 with value: 0.16216817783944143.
[D 2025-12-03 14:01:57,160] Sample trial#13 with GPSampler.
[I 2025-12-03 14:02:05,526] Trial 13 finished with value: 0.14575441448298193 and parameters: {'n_estimators': 100, 'learning_rate': 0.042801322019359204, 'max_depth': 8, 'min_child_weight': 2, 'subsample': 1.0, 'colsample_bytree': 0.8391433927838727, 'reg_alpha': 0.6215500058324319, 'reg_lambda': 5.163328760468317, 'gamma': 3.7703107490254046, 'scale_pos_weight': 5.314285714285715}. Best is trial 12 with value: 0.16216817783944143.
[D 2025-12-03 14:02:05,605] Sample trial#14 with GPSampler.
[I 2025-12-03 14:02:11,824] Trial 14 finished with value: 0.1560610243919217 and parameters: {'n_estimators': 100, 'learning_rate': 0.016385387768650523, 'max_depth': 3, 'min_child_weight': 4, 'subsample': 1.0, 'colsample_bytree': 0.9358488221147172, 'reg_alpha': 1.0, 'reg_lambda': 2.227251649116168, 'gamma': 2.2790376318301804, 'scale_pos_weight': 5.314285714285715}. Best is trial 12 with value: 0.16216817783944143.
[D 2025-12-03 14:02:11,904] Sample trial#15 with GPSampler.
[I 2025-12-03 14:02:19,715] Trial 15 finished with value: 0.16640367852559562 and parameters: {'n_estimators': 100, 'learning_rate': 0.044898627563093006, 'max_depth': 3, 'min_child_weight': 3, 'subsample': 1.0, 'colsample_bytree': 0.7940894294429295, 'reg_alpha': 1.0, 'reg_lambda': 6.16179137692057, 'gamma': 4.673166358665246, 'scale_pos_weight': 5.314285714285715}. Best is trial 15 with value: 0.16640367852559562.
[D 2025-12-03 14:02:19,796] Sample trial#16 with GPSampler.
[I 2025-12-03 14:02:26,028] Trial 16 finished with value: 0.15355240181137755 and parameters: {'n_estimators': 100, 'learning_rate': 0.014205470156189344, 'max_depth': 3, 'min_child_weight': 2, 'subsample': 1.0, 'colsample_bytree': 0.937171489519308, 'reg_alpha': 1.0, 'reg_lambda': 9.999999999999998, 'gamma': 5.0, 'scale_pos_weight': 5.314285714285715}. Best is trial 15 with value: 0.16640367852559562.
[D 2025-12-03 14:02:26,109] Sample trial#17 with GPSampler.
[I 2025-12-03 14:02:31,665] Trial 17 finished with value: 0.16445831372965775 and parameters: {'n_estimators': 100, 'learning_rate': 0.0551758752791434, 'max_depth': 3, 'min_child_weight': 4, 'subsample': 1.0, 'colsample_bytree': 0.6334738046102257, 'reg_alpha': 1.0, 'reg_lambda': 3.6606822384507414, 'gamma': 5.0, 'scale_pos_weight': 5.314285714285715}. Best is trial 15 with value: 0.16640367852559562.
[D 2025-12-03 14:02:31,745] Sample trial#18 with GPSampler.
[I 2025-12-03 14:02:37,623] Trial 18 finished with value: 0.16250874158752232 and parameters: {'n_estimators': 100, 'learning_rate': 0.05801803032126273, 'max_depth': 3, 'min_child_weight': 4, 'subsample': 1.0, 'colsample_bytree': 0.650750784910854, 'reg_alpha': 1.0, 'reg_lambda': 6.736259508811964, 'gamma': 2.855034421103833, 'scale_pos_weight': 5.314285714285715}. Best is trial 15 with value: 0.16640367852559562.
[D 2025-12-03 14:02:37,699] Sample trial#19 with GPSampler.
[I 2025-12-03 14:02:44,713] Trial 19 finished with value: 0.16432225203345596 and parameters: {'n_estimators': 100, 'learning_rate': 0.08068044046182449, 'max_depth': 3, 'min_child_weight': 3, 'subsample': 1.0, 'colsample_bytree': 0.796594905004692, 'reg_alpha': 1.0, 'reg_lambda': 4.932347885192685, 'gamma': 5.0, 'scale_pos_weight': 5.314285714285715}. Best is trial 15 with value: 0.16640367852559562.
[D 2025-12-03 14:02:44,791] Sample trial#20 with GPSampler.
[I 2025-12-03 14:02:50,669] Trial 20 finished with value: 0.15277646265750142 and parameters: {'n_estimators': 100, 'learning_rate': 0.01, 'max_depth': 3, 'min_child_weight': 3, 'subsample': 0.906003206134133, 'colsample_bytree': 0.6832502766098294, 'reg_alpha': 1.0, 'reg_lambda': 5.353198947989046, 'gamma': 5.0, 'scale_pos_weight': 5.314285714285715}. Best is trial 15 with value: 0.16640367852559562.
[D 2025-12-03 14:02:50,749] Sample trial#21 with GPSampler.
[I 2025-12-03 14:02:56,806] Trial 21 finished with value: 0.16414505497600257 and parameters: {'n_estimators': 100, 'learning_rate': 0.05567748584759238, 'max_depth': 3, 'min_child_weight': 1, 'subsample': 1.0, 'colsample_bytree': 0.8723100607096712, 'reg_alpha': 1.0, 'reg_lambda': 3.3779809047895526, 'gamma': 4.68740628956605, 'scale_pos_weight': 5.314285714285715}. Best is trial 15 with value: 0.16640367852559562.
[D 2025-12-03 14:02:56,882] Sample trial#22 with GPSampler.
[I 2025-12-03 14:03:00,242] Trial 22 finished with value: 0.1691612130829819 and parameters: {'n_estimators': 100, 'learning_rate': 0.05565432802180701, 'max_depth': 3, 'min_child_weight': 3, 'subsample': 1.0, 'colsample_bytree': 0.8012471486836854, 'reg_alpha': 0.6343351652872353, 'reg_lambda': 5.2236745627405465, 'gamma': 4.899209229464304, 'scale_pos_weight': 5.314285714285715}. Best is trial 22 with value: 0.1691612130829819.
[D 2025-12-03 14:03:00,317] Sample trial#23 with GPSampler.
[I 2025-12-03 14:03:07,878] Trial 23 finished with value: 0.1642366838246937 and parameters: {'n_estimators': 395, 'learning_rate': 0.0533165834550415, 'max_depth': 3, 'min_child_weight': 3, 'subsample': 1.0, 'colsample_bytree': 0.8028287767434277, 'reg_alpha': 0.4631044438060265, 'reg_lambda': 5.054433414456953, 'gamma': 5.0, 'scale_pos_weight': 5.314285714285715}. Best is trial 22 with value: 0.1691612130829819.
[D 2025-12-03 14:03:07,952] Sample trial#24 with GPSampler.
[I 2025-12-03 14:03:14,507] Trial 24 finished with value: 0.16791191814213072 and parameters: {'n_estimators': 100, 'learning_rate': 0.05702123298445609, 'max_depth': 3, 'min_child_weight': 4, 'subsample': 1.0, 'colsample_bytree': 0.8170871968356572, 'reg_alpha': 0.0, 'reg_lambda': 3.6959753109273663, 'gamma': 5.0, 'scale_pos_weight': 5.314285714285715}. Best is trial 22 with value: 0.1691612130829819.
[D 2025-12-03 14:03:14,583] Sample trial#25 with GPSampler.
[I 2025-12-03 14:03:23,109] Trial 25 finished with value: 0.1690159206719375 and parameters: {'n_estimators': 100, 'learning_rate': 0.06182121877809489, 'max_depth': 3, 'min_child_weight': 3, 'subsample': 1.0, 'colsample_bytree': 0.8414582531637644, 'reg_alpha': 0.09843737378774475, 'reg_lambda': 7.484565350079266, 'gamma': 5.0, 'scale_pos_weight': 5.314285714285715}. Best is trial 22 with value: 0.1691612130829819.
[D 2025-12-03 14:03:23,188] Sample trial#26 with GPSampler.
[I 2025-12-03 14:03:28,391] Trial 26 finished with value: 0.16936482523835733 and parameters: {'n_estimators': 100, 'learning_rate': 0.05552505094934829, 'max_depth': 3, 'min_child_weight': 3, 'subsample': 1.0, 'colsample_bytree': 0.8101032454245032, 'reg_alpha': 0.2981027599706729, 'reg_lambda': 5.916551088863524, 'gamma': 4.304948980839336, 'scale_pos_weight': 5.314285714285715}. Best is trial 26 with value: 0.16936482523835733.
[D 2025-12-03 14:03:28,470] Sample trial#27 with GPSampler.
[I 2025-12-03 14:03:36,213] Trial 27 finished with value: 0.16458850650623655 and parameters: {'n_estimators': 100, 'learning_rate': 0.058729961215469445, 'max_depth': 3, 'min_child_weight': 4, 'subsample': 1.0, 'colsample_bytree': 0.835132552017208, 'reg_alpha': 0.36786474811454556, 'reg_lambda': 6.150262512558945, 'gamma': 5.0, 'scale_pos_weight': 5.314285714285715}. Best is trial 26 with value: 0.16936482523835733.
[D 2025-12-03 14:03:36,293] Sample trial#28 with GPSampler.
[I 2025-12-03 14:03:41,500] Trial 28 finished with value: 0.16158125564997097 and parameters: {'n_estimators': 100, 'learning_rate': 0.0623442859545318, 'max_depth': 3, 'min_child_weight': 1, 'subsample': 1.0, 'colsample_bytree': 0.7239632072856111, 'reg_alpha': 0.0, 'reg_lambda': 4.582487196931903, 'gamma': 3.741479050501104, 'scale_pos_weight': 5.314285714285715}. Best is trial 26 with value: 0.16936482523835733.
[D 2025-12-03 14:03:41,580] Sample trial#29 with GPSampler.
[I 2025-12-03 14:03:48,598] Trial 29 finished with value: 0.1668404788004296 and parameters: {'n_estimators': 100, 'learning_rate': 0.06413506532152152, 'max_depth': 3, 'min_child_weight': 3, 'subsample': 1.0, 'colsample_bytree': 1.0, 'reg_alpha': 0.0, 'reg_lambda': 3.752975343538892, 'gamma': 5.0, 'scale_pos_weight': 5.314285714285715}. Best is trial 26 with value: 0.16936482523835733.
[I 2025-12-03 14:03:49,459] A new study created in memory with name: xgboost_fold_2
[D 2025-12-03 14:03:49,459] Sample trial#0 with RandomSampler.
[I 2025-12-03 14:03:56,835] Trial 0 finished with value: 0.08896884240631577 and parameters: {'n_estimators': 377, 'learning_rate': 0.1836852828423396, 'max_depth': 6, 'min_child_weight': 6, 'subsample': 0.8819168203851679, 'colsample_bytree': 0.956189332610052, 'reg_alpha': 0.851474551687716, 'reg_lambda': 7.191563472002385, 'gamma': 0.5085737889035774, 'scale_pos_weight': 41.734104915669654}. Best is trial 0 with value: 0.08896884240631577.
[D 2025-12-03 14:03:56,919] Sample trial#1 with GPSampler.
[I 2025-12-03 14:04:04,536] Trial 1 finished with value: 0.09912242203922945 and parameters: {'n_estimators': 333, 'learning_rate': 0.1787386359121381, 'max_depth': 11, 'min_child_weight': 6, 'subsample': 0.8552077449312496, 'colsample_bytree': 0.9721893018970229, 'reg_alpha': 0.07132791684582873, 'reg_lambda': 8.932648372587003, 'gamma': 2.0155310196270575, 'scale_pos_weight': 9.364077383107524}. Best is trial 1 with value: 0.09912242203922945.
[D 2025-12-03 14:04:04,618] Sample trial#2 with GPSampler.
[I 2025-12-03 14:04:15,760] Trial 2 finished with value: 0.09210302947539199 and parameters: {'n_estimators': 889, 'learning_rate': 0.14269613862291608, 'max_depth': 4, 'min_child_weight': 10, 'subsample': 0.8708618527722741, 'colsample_bytree': 0.9580755872536889, 'reg_alpha': 0.2746071664735027, 'reg_lambda': 9.056222004515437, 'gamma': 0.9192328747860756, 'scale_pos_weight': 51.8800385964962}. Best is trial 1 with value: 0.09912242203922945.
[D 2025-12-03 14:04:15,844] Sample trial#3 with GPSampler.
[I 2025-12-03 14:04:21,078] Trial 3 finished with value: 0.07938083509518828 and parameters: {'n_estimators': 438, 'learning_rate': 0.25411838733634035, 'max_depth': 4, 'min_child_weight': 9, 'subsample': 0.7028769732903648, 'colsample_bytree': 0.8196189702862428, 'reg_alpha': 0.1899487438761558, 'reg_lambda': 5.632783754413934, 'gamma': 2.9211252564155976, 'scale_pos_weight': 48.717560825060225}. Best is trial 1 with value: 0.09912242203922945.
[D 2025-12-03 14:04:21,156] Sample trial#4 with GPSampler.
[I 2025-12-03 14:04:30,367] Trial 4 finished with value: 0.099634935381963 and parameters: {'n_estimators': 466, 'learning_rate': 0.1801177262522278, 'max_depth': 9, 'min_child_weight': 1, 'subsample': 0.8947863013443158, 'colsample_bytree': 0.9964250495217573, 'reg_alpha': 0.4155003073415585, 'reg_lambda': 3.0090167683012554, 'gamma': 2.2026662219971014, 'scale_pos_weight': 52.79282877173906}. Best is trial 4 with value: 0.099634935381963.
[D 2025-12-03 14:04:30,451] Sample trial#5 with GPSampler.
[I 2025-12-03 14:04:35,317] Trial 5 finished with value: 0.09924358089895838 and parameters: {'n_estimators': 988, 'learning_rate': 0.2755533517654666, 'max_depth': 14, 'min_child_weight': 8, 'subsample': 0.949992668598267, 'colsample_bytree': 0.802879510771302, 'reg_alpha': 0.06159923783043897, 'reg_lambda': 5.814981955121687, 'gamma': 0.7843532258775643, 'scale_pos_weight': 29.993266649611186}. Best is trial 4 with value: 0.099634935381963.
[D 2025-12-03 14:04:35,399] Sample trial#6 with GPSampler.
[I 2025-12-03 14:04:50,367] Trial 6 finished with value: 0.09331324576765904 and parameters: {'n_estimators': 896, 'learning_rate': 0.0541366549306532, 'max_depth': 8, 'min_child_weight': 6, 'subsample': 0.8677681165171047, 'colsample_bytree': 0.9013208103139624, 'reg_alpha': 0.052323671540976835, 'reg_lambda': 2.069189071331273, 'gamma': 2.3615759573559023, 'scale_pos_weight': 36.488594753704}. Best is trial 4 with value: 0.099634935381963.
[D 2025-12-03 14:04:50,449] Sample trial#7 with GPSampler.
[I 2025-12-03 14:04:58,335] Trial 7 finished with value: 0.10978735285248797 and parameters: {'n_estimators': 652, 'learning_rate': 0.10565408282849018, 'max_depth': 13, 'min_child_weight': 2, 'subsample': 0.8557945393036706, 'colsample_bytree': 0.7089886270473691, 'reg_alpha': 0.35735428571777506, 'reg_lambda': 6.484872206221471, 'gamma': 2.1231160014224955, 'scale_pos_weight': 25.769723066341584}. Best is trial 7 with value: 0.10978735285248797.
[D 2025-12-03 14:04:58,418] Sample trial#8 with GPSampler.
[I 2025-12-03 14:05:07,626] Trial 8 finished with value: 0.09080273871502345 and parameters: {'n_estimators': 733, 'learning_rate': 0.26761259152382794, 'max_depth': 8, 'min_child_weight': 2, 'subsample': 0.6437721949424092, 'colsample_bytree': 0.7099817852763297, 'reg_alpha': 0.35897061098174465, 'reg_lambda': 8.04627423877261, 'gamma': 1.795876945866754, 'scale_pos_weight': 16.98903350986489}. Best is trial 7 with value: 0.10978735285248797.
[D 2025-12-03 14:05:07,710] Sample trial#9 with GPSampler.
[I 2025-12-03 14:05:15,866] Trial 9 finished with value: 0.09036315315549816 and parameters: {'n_estimators': 485, 'learning_rate': 0.24011153564418397, 'max_depth': 15, 'min_child_weight': 7, 'subsample': 0.7658655245890578, 'colsample_bytree': 0.8898455814346613, 'reg_alpha': 0.7944157957655147, 'reg_lambda': 3.6938701285003726, 'gamma': 0.9799887623524184, 'scale_pos_weight': 19.59716505350083}. Best is trial 7 with value: 0.10978735285248797.
[D 2025-12-03 14:05:15,948] Sample trial#10 with GPSampler.
[I 2025-12-03 14:05:23,994] Trial 10 finished with value: 0.10485006958942364 and parameters: {'n_estimators': 667, 'learning_rate': 0.08791894358106811, 'max_depth': 15, 'min_child_weight': 1, 'subsample': 0.9148050503983262, 'colsample_bytree': 0.7013794380892695, 'reg_alpha': 0.18575777199531615, 'reg_lambda': 7.736606706757733, 'gamma': 2.299680763457134, 'scale_pos_weight': 22.818812466745428}. Best is trial 7 with value: 0.10978735285248797.
[D 2025-12-03 14:05:24,076] Sample trial#11 with GPSampler.
[I 2025-12-03 14:05:31,260] Trial 11 finished with value: 0.10187995883846242 and parameters: {'n_estimators': 618, 'learning_rate': 0.06591114081291334, 'max_depth': 12, 'min_child_weight': 1, 'subsample': 0.8749867859746596, 'colsample_bytree': 0.6, 'reg_alpha': 0.4849502260213533, 'reg_lambda': 6.278067865449042, 'gamma': 2.274789001400676, 'scale_pos_weight': 31.6850714718328}. Best is trial 7 with value: 0.10978735285248797.
[D 2025-12-03 14:05:31,343] Sample trial#12 with GPSampler.
[I 2025-12-03 14:05:37,754] Trial 12 finished with value: 0.10447355875651373 and parameters: {'n_estimators': 702, 'learning_rate': 0.13564374218293862, 'max_depth': 14, 'min_child_weight': 1, 'subsample': 0.8217432196977569, 'colsample_bytree': 0.7422906022337618, 'reg_alpha': 0.3017815638598294, 'reg_lambda': 6.348752184356789, 'gamma': 2.053980510135516, 'scale_pos_weight': 20.40663887717588}. Best is trial 7 with value: 0.10978735285248797.
[D 2025-12-03 14:05:37,838] Sample trial#13 with GPSampler.
[I 2025-12-03 14:05:44,273] Trial 13 finished with value: 0.1047048272246854 and parameters: {'n_estimators': 613, 'learning_rate': 0.09434521909729547, 'max_depth': 15, 'min_child_weight': 3, 'subsample': 0.8863716212340119, 'colsample_bytree': 0.7393120425991524, 'reg_alpha': 0.3080768686542482, 'reg_lambda': 6.700514441027996, 'gamma': 2.1164474001137643, 'scale_pos_weight': 22.54608796979224}. Best is trial 7 with value: 0.10978735285248797.
[D 2025-12-03 14:05:44,356] Sample trial#14 with GPSampler.
[I 2025-12-03 14:05:53,778] Trial 14 finished with value: 0.11009252665706035 and parameters: {'n_estimators': 578, 'learning_rate': 0.04255242652422911, 'max_depth': 12, 'min_child_weight': 3, 'subsample': 0.9557625762661937, 'colsample_bytree': 0.7315792172775901, 'reg_alpha': 0.2844934704422815, 'reg_lambda': 7.548785463793125, 'gamma': 2.283246116366861, 'scale_pos_weight': 30.039965107699068}. Best is trial 14 with value: 0.11009252665706035.
[D 2025-12-03 14:05:53,862] Sample trial#15 with GPSampler.
[I 2025-12-03 14:06:09,199] Trial 15 finished with value: 0.10194489563076525 and parameters: {'n_estimators': 658, 'learning_rate': 0.02665913655046947, 'max_depth': 13, 'min_child_weight': 5, 'subsample': 0.8957115725684075, 'colsample_bytree': 0.7135172794623148, 'reg_alpha': 0.2927550321674779, 'reg_lambda': 6.485293193406875, 'gamma': 2.4219219871194717, 'scale_pos_weight': 39.0913324105433}. Best is trial 14 with value: 0.11009252665706035.
[D 2025-12-03 14:06:09,283] Sample trial#16 with GPSampler.
[I 2025-12-03 14:06:16,950] Trial 16 finished with value: 0.11317416467327324 and parameters: {'n_estimators': 560, 'learning_rate': 0.05081606933303656, 'max_depth': 12, 'min_child_weight': 2, 'subsample': 0.9826523222419595, 'colsample_bytree': 0.7357824593325863, 'reg_alpha': 0.30224627941475685, 'reg_lambda': 7.330705305432918, 'gamma': 2.160501805293982, 'scale_pos_weight': 23.395648119940326}. Best is trial 16 with value: 0.11317416467327324.
[D 2025-12-03 14:06:17,034] Sample trial#17 with GPSampler.
[I 2025-12-03 14:06:27,083] Trial 17 finished with value: 0.11688312572537674 and parameters: {'n_estimators': 344, 'learning_rate': 0.05709808757635263, 'max_depth': 12, 'min_child_weight': 3, 'subsample': 1.0, 'colsample_bytree': 0.7300761930967676, 'reg_alpha': 0.2901182921663465, 'reg_lambda': 10.0, 'gamma': 1.2287726695359997, 'scale_pos_weight': 18.25141873884686}. Best is trial 17 with value: 0.11688312572537674.
[D 2025-12-03 14:06:27,164] Sample trial#18 with GPSampler.
