[I 2025-12-03 13:53:27,591] Trial 12 finished with value: 0.14427756115377902 and parameters: {'iterations': 516, 'learning_rate': 0.09269021082318604, 'depth': 4, 'l2_leaf_reg': 7.754749253262019, 'border_count': 72, 'bagging_temperature': 0.6713497111492004, 'random_strength': 0.0, 'scale_pos_weight': 11.068581971728044}. Best is trial 12 with value: 0.14427756115377902.
[D 2025-12-03 13:53:27,659] Sample trial#13 with GPSampler.
[I 2025-12-03 13:53:30,403] Trial 13 finished with value: 0.1531338290105811 and parameters: {'iterations': 530, 'learning_rate': 0.03593071105223277, 'depth': 4, 'l2_leaf_reg': 9.720865558712326, 'border_count': 32, 'bagging_temperature': 0.7043740617299961, 'random_strength': 0.0, 'scale_pos_weight': 5.314285714285715}. Best is trial 13 with value: 0.1531338290105811.
[D 2025-12-03 13:53:30,473] Sample trial#14 with GPSampler.
[I 2025-12-03 13:53:31,472] Trial 14 finished with value: 0.16486189443199312 and parameters: {'iterations': 100, 'learning_rate': 0.01, 'depth': 4, 'l2_leaf_reg': 10.0, 'border_count': 32, 'bagging_temperature': 0.7670216110839109, 'random_strength': 0.0, 'scale_pos_weight': 5.314285714285715}. Best is trial 14 with value: 0.16486189443199312.
[D 2025-12-03 13:53:31,541] Sample trial#15 with GPSampler.
[I 2025-12-03 13:53:32,522] Trial 15 finished with value: 0.1682029376993314 and parameters: {'iterations': 100, 'learning_rate': 0.01, 'depth': 4, 'l2_leaf_reg': 10.0, 'border_count': 133, 'bagging_temperature': 1.0, 'random_strength': 0.0, 'scale_pos_weight': 5.314285714285715}. Best is trial 15 with value: 0.1682029376993314.
[D 2025-12-03 13:53:32,591] Sample trial#16 with GPSampler.
[I 2025-12-03 13:53:33,673] Trial 16 finished with value: 0.16752145424125642 and parameters: {'iterations': 100, 'learning_rate': 0.01, 'depth': 4, 'l2_leaf_reg': 10.0, 'border_count': 252, 'bagging_temperature': 0.6345936633480711, 'random_strength': 0.0, 'scale_pos_weight': 5.314285714285715}. Best is trial 15 with value: 0.1682029376993314.
[D 2025-12-03 13:53:33,742] Sample trial#17 with GPSampler.
[I 2025-12-03 13:53:34,785] Trial 17 finished with value: 0.16316032236463268 and parameters: {'iterations': 100, 'learning_rate': 0.01, 'depth': 4, 'l2_leaf_reg': 10.0, 'border_count': 220, 'bagging_temperature': 0.9999999999999999, 'random_strength': 0.5200735638260493, 'scale_pos_weight': 5.314285714285715}. Best is trial 15 with value: 0.1682029376993314.
[D 2025-12-03 13:53:34,853] Sample trial#18 with GPSampler.
[I 2025-12-03 13:53:35,910] Trial 18 finished with value: 0.16939354152965427 and parameters: {'iterations': 100, 'learning_rate': 0.01, 'depth': 4, 'l2_leaf_reg': 10.0, 'border_count': 246, 'bagging_temperature': 1.0, 'random_strength': 0.0, 'scale_pos_weight': 5.314285714285715}. Best is trial 18 with value: 0.16939354152965427.
[D 2025-12-03 13:53:35,978] Sample trial#19 with GPSampler.
[I 2025-12-03 13:53:37,016] Trial 19 finished with value: 0.15536457578318102 and parameters: {'iterations': 100, 'learning_rate': 0.01, 'depth': 4, 'l2_leaf_reg': 10.0, 'border_count': 255, 'bagging_temperature': 1.0, 'random_strength': 0.0, 'scale_pos_weight': 16.3305993339171}. Best is trial 18 with value: 0.16939354152965427.
[D 2025-12-03 13:53:37,084] Sample trial#20 with GPSampler.
[I 2025-12-03 13:53:38,123] Trial 20 finished with value: 0.16622476785125256 and parameters: {'iterations': 100, 'learning_rate': 0.01, 'depth': 4, 'l2_leaf_reg': 6.582345133361297, 'border_count': 255, 'bagging_temperature': 1.0, 'random_strength': 0.0, 'scale_pos_weight': 5.314285714285715}. Best is trial 18 with value: 0.16939354152965427.
[D 2025-12-03 13:53:38,191] Sample trial#21 with GPSampler.
[I 2025-12-03 13:53:39,224] Trial 21 finished with value: 0.16813629484125123 and parameters: {'iterations': 100, 'learning_rate': 0.01, 'depth': 4, 'l2_leaf_reg': 10.0, 'border_count': 255, 'bagging_temperature': 1.0, 'random_strength': 0.0, 'scale_pos_weight': 5.314285714285715}. Best is trial 18 with value: 0.16939354152965427.
[D 2025-12-03 13:53:39,293] Sample trial#22 with GPSampler.
[I 2025-12-03 13:53:40,294] Trial 22 finished with value: 0.16969639942290551 and parameters: {'iterations': 100, 'learning_rate': 0.01, 'depth': 4, 'l2_leaf_reg': 10.0, 'border_count': 196, 'bagging_temperature': 1.0, 'random_strength': 0.0, 'scale_pos_weight': 5.314285714285715}. Best is trial 22 with value: 0.16969639942290551.
[D 2025-12-03 13:53:40,362] Sample trial#23 with GPSampler.
[I 2025-12-03 13:53:41,277] Trial 23 finished with value: 0.16648050184811844 and parameters: {'iterations': 100, 'learning_rate': 0.01, 'depth': 4, 'l2_leaf_reg': 1.0, 'border_count': 32, 'bagging_temperature': 0.0, 'random_strength': 0.0, 'scale_pos_weight': 5.314285714285715}. Best is trial 22 with value: 0.16969639942290551.
[D 2025-12-03 13:53:41,345] Sample trial#24 with GPSampler.
[I 2025-12-03 13:53:42,323] Trial 24 finished with value: 0.1709194943688328 and parameters: {'iterations': 100, 'learning_rate': 0.01, 'depth': 4, 'l2_leaf_reg': 7.7164947309506395, 'border_count': 105, 'bagging_temperature': 0.0, 'random_strength': 0.0, 'scale_pos_weight': 5.314285714285715}. Best is trial 24 with value: 0.1709194943688328.
[D 2025-12-03 13:53:42,391] Sample trial#25 with GPSampler.
[I 2025-12-03 13:53:43,350] Trial 25 finished with value: 0.17253997179640085 and parameters: {'iterations': 100, 'learning_rate': 0.01, 'depth': 4, 'l2_leaf_reg': 10.0, 'border_count': 92, 'bagging_temperature': 0.0, 'random_strength': 0.0, 'scale_pos_weight': 5.314285714285715}. Best is trial 25 with value: 0.17253997179640085.
[D 2025-12-03 13:53:43,417] Sample trial#26 with GPSampler.
[I 2025-12-03 13:53:44,349] Trial 26 finished with value: 0.16151292210742346 and parameters: {'iterations': 100, 'learning_rate': 0.01, 'depth': 4, 'l2_leaf_reg': 10.0, 'border_count': 32, 'bagging_temperature': 0.0, 'random_strength': 0.5118891601542058, 'scale_pos_weight': 5.314285714285715}. Best is trial 25 with value: 0.17253997179640085.
[D 2025-12-03 13:53:44,416] Sample trial#27 with GPSampler.
[I 2025-12-03 13:53:45,339] Trial 27 finished with value: 0.16486189443199312 and parameters: {'iterations': 100, 'learning_rate': 0.01, 'depth': 4, 'l2_leaf_reg': 10.0, 'border_count': 32, 'bagging_temperature': 0.0, 'random_strength': 0.0, 'scale_pos_weight': 5.314285714285715}. Best is trial 25 with value: 0.17253997179640085.
[D 2025-12-03 13:53:45,407] Sample trial#28 with GPSampler.
[I 2025-12-03 13:53:46,427] Trial 28 finished with value: 0.167016309833162 and parameters: {'iterations': 100, 'learning_rate': 0.01, 'depth': 4, 'l2_leaf_reg': 10.0, 'border_count': 170, 'bagging_temperature': 0.0, 'random_strength': 0.0, 'scale_pos_weight': 5.314285714285715}. Best is trial 25 with value: 0.17253997179640085.
[D 2025-12-03 13:53:46,494] Sample trial#29 with GPSampler.
[I 2025-12-03 13:53:47,491] Trial 29 finished with value: 0.1687606634391039 and parameters: {'iterations': 100, 'learning_rate': 0.01, 'depth': 4, 'l2_leaf_reg': 1.0, 'border_count': 186, 'bagging_temperature': 0.0, 'random_strength': 0.0, 'scale_pos_weight': 5.314285714285715}. Best is trial 25 with value: 0.17253997179640085.
[I 2025-12-03 13:53:48,497] A new study created in memory with name: catboost_fold_5
[D 2025-12-03 13:53:48,498] Sample trial#0 with RandomSampler.
[I 2025-12-03 13:53:51,617] Trial 0 finished with value: 0.1494650646241107 and parameters: {'iterations': 533, 'learning_rate': 0.024100341836160673, 'depth': 4, 'l2_leaf_reg': 8.615301827808338, 'border_count': 223, 'bagging_temperature': 0.011314659143690897, 'random_strength': 0.05704610277576505, 'scale_pos_weight': 5.858262683610011}. Best is trial 0 with value: 0.1494650646241107.
[D 2025-12-03 13:53:51,688] Sample trial#1 with GPSampler.
[I 2025-12-03 13:54:09,929] Trial 1 finished with value: 0.08724382309294754 and parameters: {'iterations': 407, 'learning_rate': 0.17283953497072918, 'depth': 8, 'l2_leaf_reg': 3.5541201439655423, 'border_count': 217, 'bagging_temperature': 0.33581013850314256, 'random_strength': 0.4443572761530836, 'scale_pos_weight': 24.534612665518104}. Best is trial 0 with value: 0.1494650646241107.
[D 2025-12-03 13:54:09,999] Sample trial#2 with GPSampler.
[I 2025-12-03 13:56:50,492] Trial 2 finished with value: 0.08663051377213102 and parameters: {'iterations': 985, 'learning_rate': 0.23530514007052208, 'depth': 10, 'l2_leaf_reg': 8.736760174142587, 'border_count': 221, 'bagging_temperature': 0.4912032862896786, 'random_strength': 0.536638245570629, 'scale_pos_weight': 7.949603284366654}. Best is trial 0 with value: 0.1494650646241107.
[D 2025-12-03 13:56:50,561] Sample trial#3 with GPSampler.
[I 2025-12-03 13:57:01,856] Trial 3 finished with value: 0.07500878139276372 and parameters: {'iterations': 773, 'learning_rate': 0.18243861013163257, 'depth': 7, 'l2_leaf_reg': 2.243654853761163, 'border_count': 205, 'bagging_temperature': 0.1389949326954042, 'random_strength': 0.7920435904175657, 'scale_pos_weight': 51.18371833469657}. Best is trial 0 with value: 0.1494650646241107.
[D 2025-12-03 13:57:01,927] Sample trial#4 with GPSampler.
[I 2025-12-03 13:57:04,979] Trial 4 finished with value: 0.07662644456235576 and parameters: {'iterations': 346, 'learning_rate': 0.2527792516284028, 'depth': 6, 'l2_leaf_reg': 1.5267182700397073, 'border_count': 220, 'bagging_temperature': 0.9941470511782512, 'random_strength': 0.376447704277902, 'scale_pos_weight': 33.08977805682003}. Best is trial 0 with value: 0.1494650646241107.
[D 2025-12-03 13:57:05,049] Sample trial#5 with GPSampler.
[I 2025-12-03 13:57:07,716] Trial 5 finished with value: 0.14117891060968055 and parameters: {'iterations': 537, 'learning_rate': 0.019222152932435517, 'depth': 4, 'l2_leaf_reg': 8.686443545490823, 'border_count': 51, 'bagging_temperature': 0.8362304058493615, 'random_strength': 0.8157588667937926, 'scale_pos_weight': 45.214168744226164}. Best is trial 0 with value: 0.1494650646241107.
[D 2025-12-03 13:57:07,786] Sample trial#6 with GPSampler.
[I 2025-12-03 13:57:13,570] Trial 6 finished with value: 0.07636849846159255 and parameters: {'iterations': 949, 'learning_rate': 0.25582161645367535, 'depth': 6, 'l2_leaf_reg': 6.591571946614159, 'border_count': 115, 'bagging_temperature': 0.9389873747456843, 'random_strength': 0.8819470677222492, 'scale_pos_weight': 39.2740536576798}. Best is trial 0 with value: 0.1494650646241107.
[D 2025-12-03 13:57:13,648] Sample trial#7 with GPSampler.
[I 2025-12-03 13:57:49,980] Trial 7 finished with value: 0.08506180069249256 and parameters: {'iterations': 419, 'learning_rate': 0.06394179044807947, 'depth': 9, 'l2_leaf_reg': 8.509196904276251, 'border_count': 176, 'bagging_temperature': 0.18552546990079166, 'random_strength': 0.24609057432758608, 'scale_pos_weight': 51.11045984274531}. Best is trial 0 with value: 0.1494650646241107.
[D 2025-12-03 13:57:50,050] Sample trial#8 with GPSampler.
[I 2025-12-03 13:57:59,764] Trial 8 finished with value: 0.08614008713005143 and parameters: {'iterations': 908, 'learning_rate': 0.08308133322378099, 'depth': 7, 'l2_leaf_reg': 4.0277618958053285, 'border_count': 150, 'bagging_temperature': 0.8114482277302757, 'random_strength': 0.8396808612919568, 'scale_pos_weight': 28.07790524579945}. Best is trial 0 with value: 0.1494650646241107.
[D 2025-12-03 13:57:59,834] Sample trial#9 with GPSampler.
[I 2025-12-03 13:58:02,609] Trial 9 finished with value: 0.11507625224486832 and parameters: {'iterations': 463, 'learning_rate': 0.04576315188472451, 'depth': 4, 'l2_leaf_reg': 6.473858409114064, 'border_count': 226, 'bagging_temperature': 0.24816177460565314, 'random_strength': 0.06954144740606738, 'scale_pos_weight': 46.39190194204727}. Best is trial 0 with value: 0.1494650646241107.
[D 2025-12-03 13:58:02,679] Sample trial#10 with GPSampler.
[I 2025-12-03 13:58:04,965] Trial 10 finished with value: 0.15124771675783202 and parameters: {'iterations': 397, 'learning_rate': 0.01, 'depth': 4, 'l2_leaf_reg': 10.0, 'border_count': 105, 'bagging_temperature': 0.22479816794516763, 'random_strength': 0.3913048953088843, 'scale_pos_weight': 5.314285714285715}. Best is trial 10 with value: 0.15124771675783202.
[D 2025-12-03 13:58:05,036] Sample trial#11 with GPSampler.
[I 2025-12-03 13:58:09,608] Trial 11 finished with value: 0.1541258533330358 and parameters: {'iterations': 878, 'learning_rate': 0.01, 'depth': 4, 'l2_leaf_reg': 10.0, 'border_count': 112, 'bagging_temperature': 0.0, 'random_strength': 0.08036601728574055, 'scale_pos_weight': 5.314285714285715}. Best is trial 11 with value: 0.1541258533330358.
[D 2025-12-03 13:58:09,678] Sample trial#12 with GPSampler.
[I 2025-12-03 13:58:14,959] Trial 12 finished with value: 0.14880309314489468 and parameters: {'iterations': 1000, 'learning_rate': 0.01, 'depth': 4, 'l2_leaf_reg': 10.0, 'border_count': 181, 'bagging_temperature': 0.0, 'random_strength': 0.704631235522578, 'scale_pos_weight': 5.314285714285715}. Best is trial 11 with value: 0.1541258533330358.
[D 2025-12-03 13:58:15,029] Sample trial#13 with GPSampler.
[I 2025-12-03 13:58:20,092] Trial 13 finished with value: 0.15269186491144987 and parameters: {'iterations': 998, 'learning_rate': 0.01, 'depth': 4, 'l2_leaf_reg': 10.0, 'border_count': 117, 'bagging_temperature': 0.8084859244279776, 'random_strength': 0.0, 'scale_pos_weight': 5.314285714285715}. Best is trial 11 with value: 0.1541258533330358.
[D 2025-12-03 13:58:20,162] Sample trial#14 with GPSampler.
[I 2025-12-03 13:58:24,657] Trial 14 finished with value: 0.14661613492729714 and parameters: {'iterations': 954, 'learning_rate': 0.01, 'depth': 4, 'l2_leaf_reg': 7.878813633449505, 'border_count': 32, 'bagging_temperature': 0.23935774217194233, 'random_strength': 0.0, 'scale_pos_weight': 5.314285714285715}. Best is trial 11 with value: 0.1541258533330358.
[D 2025-12-03 13:58:24,727] Sample trial#15 with GPSampler.
[I 2025-12-03 13:58:29,510] Trial 15 finished with value: 0.15570166142827235 and parameters: {'iterations': 780, 'learning_rate': 0.01, 'depth': 4, 'l2_leaf_reg': 10.0, 'border_count': 176, 'bagging_temperature': 0.253930039101492, 'random_strength': 0.0, 'scale_pos_weight': 5.314285714285715}. Best is trial 15 with value: 0.15570166142827235.
[D 2025-12-03 13:58:29,581] Sample trial#16 with GPSampler.
[I 2025-12-03 13:58:35,225] Trial 16 finished with value: 0.15559184475888896 and parameters: {'iterations': 1000, 'learning_rate': 0.01, 'depth': 4, 'l2_leaf_reg': 10.0, 'border_count': 255, 'bagging_temperature': 0.0, 'random_strength': 0.0, 'scale_pos_weight': 5.314285714285715}. Best is trial 15 with value: 0.15570166142827235.
[D 2025-12-03 13:58:35,295] Sample trial#17 with GPSampler.
[I 2025-12-03 13:58:36,359] Trial 17 finished with value: 0.14239731086555185 and parameters: {'iterations': 100, 'learning_rate': 0.01, 'depth': 4, 'l2_leaf_reg': 10.0, 'border_count': 255, 'bagging_temperature': 1.0, 'random_strength': 0.0, 'scale_pos_weight': 5.314285714285715}. Best is trial 15 with value: 0.15570166142827235.
[D 2025-12-03 13:58:36,429] Sample trial#18 with GPSampler.
[I 2025-12-03 13:58:41,835] Trial 18 finished with value: 0.15328332835124803 and parameters: {'iterations': 1000, 'learning_rate': 0.01, 'depth': 4, 'l2_leaf_reg': 10.0, 'border_count': 202, 'bagging_temperature': 0.20558409591221755, 'random_strength': 0.0, 'scale_pos_weight': 5.314285714285715}. Best is trial 15 with value: 0.15570166142827235.
[D 2025-12-03 13:58:41,905] Sample trial#19 with GPSampler.
[I 2025-12-03 13:58:45,936] Trial 19 finished with value: 0.155379582230514 and parameters: {'iterations': 674, 'learning_rate': 0.01, 'depth': 4, 'l2_leaf_reg': 10.0, 'border_count': 255, 'bagging_temperature': 0.0, 'random_strength': 0.0, 'scale_pos_weight': 5.314285714285715}. Best is trial 15 with value: 0.15570166142827235.
[D 2025-12-03 13:58:46,007] Sample trial#20 with GPSampler.
[I 2025-12-03 13:58:47,946] Trial 20 finished with value: 0.1474288978748738 and parameters: {'iterations': 343, 'learning_rate': 0.01, 'depth': 4, 'l2_leaf_reg': 10.0, 'border_count': 32, 'bagging_temperature': 0.0, 'random_strength': 0.0, 'scale_pos_weight': 5.314285714285715}. Best is trial 15 with value: 0.15570166142827235.
[D 2025-12-03 13:58:48,016] Sample trial#21 with GPSampler.
[I 2025-12-03 13:58:50,938] Trial 21 finished with value: 0.1473008649205414 and parameters: {'iterations': 588, 'learning_rate': 0.01, 'depth': 4, 'l2_leaf_reg': 10.0, 'border_count': 32, 'bagging_temperature': 1.0, 'random_strength': 1.0, 'scale_pos_weight': 5.314285714285715}. Best is trial 15 with value: 0.15570166142827235.
[D 2025-12-03 13:58:51,008] Sample trial#22 with GPSampler.
[I 2025-12-03 13:58:55,588] Trial 22 finished with value: 0.15500127604173827 and parameters: {'iterations': 789, 'learning_rate': 0.01, 'depth': 4, 'l2_leaf_reg': 10.0, 'border_count': 255, 'bagging_temperature': 0.0, 'random_strength': 0.0, 'scale_pos_weight': 5.314285714285715}. Best is trial 15 with value: 0.15570166142827235.
[D 2025-12-03 13:58:55,659] Sample trial#23 with GPSampler.
[I 2025-12-03 13:59:00,371] Trial 23 finished with value: 0.1391754651616035 and parameters: {'iterations': 1000, 'learning_rate': 0.01, 'depth': 4, 'l2_leaf_reg': 10.0, 'border_count': 32, 'bagging_temperature': 1.0, 'random_strength': 0.29816255352651905, 'scale_pos_weight': 27.252444434564673}. Best is trial 15 with value: 0.15570166142827235.
[D 2025-12-03 13:59:00,441] Sample trial#24 with GPSampler.
[I 2025-12-03 13:59:01,395] Trial 24 finished with value: 0.13350608365819902 and parameters: {'iterations': 100, 'learning_rate': 0.01, 'depth': 4, 'l2_leaf_reg': 10.0, 'border_count': 32, 'bagging_temperature': 0.0, 'random_strength': 1.0, 'scale_pos_weight': 31.943260692325744}. Best is trial 15 with value: 0.15570166142827235.
[D 2025-12-03 13:59:01,465] Sample trial#25 with GPSampler.
[I 2025-12-03 13:59:05,987] Trial 25 finished with value: 0.15727859245698567 and parameters: {'iterations': 769, 'learning_rate': 0.01, 'depth': 4, 'l2_leaf_reg': 10.0, 'border_count': 255, 'bagging_temperature': 0.6026529995258567, 'random_strength': 0.2553062085271204, 'scale_pos_weight': 5.314285714285715}. Best is trial 25 with value: 0.15727859245698567.
[D 2025-12-03 13:59:06,058] Sample trial#26 with GPSampler.
[I 2025-12-03 13:59:10,345] Trial 26 finished with value: 0.15810166222048688 and parameters: {'iterations': 736, 'learning_rate': 0.01, 'depth': 4, 'l2_leaf_reg': 10.0, 'border_count': 255, 'bagging_temperature': 1.0, 'random_strength': 0.39184362774831555, 'scale_pos_weight': 5.314285714285715}. Best is trial 26 with value: 0.15810166222048688.
[D 2025-12-03 13:59:10,415] Sample trial#27 with GPSampler.
[I 2025-12-03 13:59:14,693] Trial 27 finished with value: 0.1590354559943401 and parameters: {'iterations': 739, 'learning_rate': 0.01, 'depth': 4, 'l2_leaf_reg': 10.0, 'border_count': 255, 'bagging_temperature': 1.0, 'random_strength': 0.1815737410873298, 'scale_pos_weight': 5.314285714285715}. Best is trial 27 with value: 0.1590354559943401.
[D 2025-12-03 13:59:14,763] Sample trial#28 with GPSampler.
[I 2025-12-03 13:59:18,991] Trial 28 finished with value: 0.15489806175243664 and parameters: {'iterations': 728, 'learning_rate': 0.01, 'depth': 4, 'l2_leaf_reg': 10.0, 'border_count': 255, 'bagging_temperature': 1.0, 'random_strength': 0.0, 'scale_pos_weight': 5.314285714285715}. Best is trial 27 with value: 0.1590354559943401.
[D 2025-12-03 13:59:19,061] Sample trial#29 with GPSampler.
[I 2025-12-03 13:59:24,343] Trial 29 finished with value: 0.161156036930156 and parameters: {'iterations': 945, 'learning_rate': 0.01, 'depth': 4, 'l2_leaf_reg': 10.0, 'border_count': 255, 'bagging_temperature': 1.0, 'random_strength': 0.36159189470023945, 'scale_pos_weight': 5.314285714285715}. Best is trial 29 with value: 0.161156036930156.
[I 2025-12-03 13:59:45,873] A new study created in memory with name: xgboost_fold_1
[D 2025-12-03 13:59:45,873] Sample trial#0 with RandomSampler.
[I 2025-12-03 13:59:58,734] Trial 0 finished with value: 0.115659491900908 and parameters: {'n_estimators': 819, 'learning_rate': 0.14109183212000714, 'max_depth': 14, 'min_child_weight': 7, 'subsample': 0.8432473049479667, 'colsample_bytree': 0.6112591999676744, 'reg_alpha': 0.16106464016824584, 'reg_lambda': 7.733537379777586, 'gamma': 1.428654329873783, 'scale_pos_weight': 32.124261915211385}. Best is trial 0 with value: 0.115659491900908.
[D 2025-12-03 13:59:58,814] Sample trial#1 with GPSampler.
[I 2025-12-03 14:00:07,019] Trial 1 finished with value: 0.11275965283741396 and parameters: {'n_estimators': 210, 'learning_rate': 0.08361335227827882, 'max_depth': 4, 'min_child_weight': 8, 'subsample': 0.8151678336106324, 'colsample_bytree': 0.9732957102963251, 'reg_alpha': 0.520697770931459, 'reg_lambda': 2.579070901618791, 'gamma': 2.5956423355459686, 'scale_pos_weight': 48.23936951612713}. Best is trial 0 with value: 0.115659491900908.
[D 2025-12-03 14:00:07,100] Sample trial#2 with GPSampler.
[I 2025-12-03 14:00:13,770] Trial 2 finished with value: 0.15362285495063338 and parameters: {'n_estimators': 186, 'learning_rate': 0.10224363677640787, 'max_depth': 3, 'min_child_weight': 5, 'subsample': 0.901788073962136, 'colsample_bytree': 0.9575654177325554, 'reg_alpha': 0.9493818583956488, 'reg_lambda': 5.034486946256244, 'gamma': 3.7683721395641885, 'scale_pos_weight': 10.734266963928459}. Best is trial 2 with value: 0.15362285495063338.
[D 2025-12-03 14:00:13,851] Sample trial#3 with GPSampler.
[I 2025-12-03 14:00:20,735] Trial 3 finished with value: 0.13255673991985673 and parameters: {'n_estimators': 290, 'learning_rate': 0.01499984253675381, 'max_depth': 6, 'min_child_weight': 7, 'subsample': 0.9953762556358626, 'colsample_bytree': 0.7845868570101295, 'reg_alpha': 0.4317423320408442, 'reg_lambda': 3.3039406729434995, 'gamma': 2.5191833802742254, 'scale_pos_weight': 36.49229739712407}. Best is trial 2 with value: 0.15362285495063338.
[D 2025-12-03 14:00:20,816] Sample trial#4 with GPSampler.
