[I 2025-12-03 14:24:32,020] Trial 4 finished with value: 0.13770789319018575 and parameters: {'max_iter': 124, 'learning_rate': 0.2755140253607167, 'max_depth': 3, 'min_samples_leaf': 9, 'l2_regularization': 0.39659014453281205}. Best is trial 3 with value: 0.16585504266254913.
[D 2025-12-03 14:24:32,129] Sample trial#5 with GPSampler.
[I 2025-12-03 14:24:33,396] Trial 5 finished with value: 0.14113781298683395 and parameters: {'max_iter': 135, 'learning_rate': 0.13477724465714827, 'max_depth': 6, 'min_samples_leaf': 38, 'l2_regularization': 0.3401262260056248}. Best is trial 3 with value: 0.16585504266254913.
[D 2025-12-03 14:24:33,505] Sample trial#6 with GPSampler.
[I 2025-12-03 14:24:35,556] Trial 6 finished with value: 0.14265397942047162 and parameters: {'max_iter': 166, 'learning_rate': 0.1435239761210398, 'max_depth': 13, 'min_samples_leaf': 2, 'l2_regularization': 0.10381200089511611}. Best is trial 3 with value: 0.16585504266254913.
[D 2025-12-03 14:24:35,667] Sample trial#7 with GPSampler.
[I 2025-12-03 14:24:36,464] Trial 7 finished with value: 0.1636002284527514 and parameters: {'max_iter': 57, 'learning_rate': 0.059326734083761115, 'max_depth': 7, 'min_samples_leaf': 17, 'l2_regularization': 0.7506110278258512}. Best is trial 3 with value: 0.16585504266254913.
[D 2025-12-03 14:24:36,574] Sample trial#8 with GPSampler.
[I 2025-12-03 14:24:37,650] Trial 8 finished with value: 0.15737241167780236 and parameters: {'max_iter': 183, 'learning_rate': 0.09170160178701296, 'max_depth': 4, 'min_samples_leaf': 8, 'l2_regularization': 0.34369704563126424}. Best is trial 3 with value: 0.16585504266254913.
[D 2025-12-03 14:24:37,761] Sample trial#9 with GPSampler.
[I 2025-12-03 14:24:39,672] Trial 9 finished with value: 0.12821002924743793 and parameters: {'max_iter': 155, 'learning_rate': 0.26049782399047827, 'max_depth': 11, 'min_samples_leaf': 22, 'l2_regularization': 0.12234285589857397}. Best is trial 3 with value: 0.16585504266254913.
[D 2025-12-03 14:24:39,782] Sample trial#10 with GPSampler.
[I 2025-12-03 14:24:40,344] Trial 10 finished with value: 0.17768437565683587 and parameters: {'max_iter': 50, 'learning_rate': 0.13062468153591084, 'max_depth': 3, 'min_samples_leaf': 5, 'l2_regularization': 0.0762476746289153}. Best is trial 10 with value: 0.17768437565683587.
[D 2025-12-03 14:24:40,447] Sample trial#11 with GPSampler.
[I 2025-12-03 14:24:40,889] Trial 11 finished with value: 0.1712680136386196 and parameters: {'max_iter': 50, 'learning_rate': 0.08078043317908909, 'max_depth': 3, 'min_samples_leaf': 1, 'l2_regularization': 0.0}. Best is trial 10 with value: 0.17768437565683587.
[D 2025-12-03 14:24:40,996] Sample trial#12 with GPSampler.
[I 2025-12-03 14:24:41,483] Trial 12 finished with value: 0.1605867425516524 and parameters: {'max_iter': 50, 'learning_rate': 0.14232707135978181, 'max_depth': 3, 'min_samples_leaf': 1, 'l2_regularization': 0.0}. Best is trial 10 with value: 0.17768437565683587.
[D 2025-12-03 14:24:41,598] Sample trial#13 with GPSampler.
[I 2025-12-03 14:24:42,317] Trial 13 finished with value: 0.17088691511612258 and parameters: {'max_iter': 50, 'learning_rate': 0.06983577046027156, 'max_depth': 3, 'min_samples_leaf': 13, 'l2_regularization': 0.0}. Best is trial 10 with value: 0.17768437565683587.
[D 2025-12-03 14:24:42,424] Sample trial#14 with GPSampler.
[I 2025-12-03 14:24:42,921] Trial 14 finished with value: 0.16741224704785634 and parameters: {'max_iter': 50, 'learning_rate': 0.01, 'max_depth': 3, 'min_samples_leaf': 1, 'l2_regularization': 0.9999999999999999}. Best is trial 10 with value: 0.17768437565683587.
[D 2025-12-03 14:24:43,028] Sample trial#15 with GPSampler.
[I 2025-12-03 14:24:43,702] Trial 15 finished with value: 0.16884216118652415 and parameters: {'max_iter': 50, 'learning_rate': 0.01, 'max_depth': 15, 'min_samples_leaf': 5, 'l2_regularization': 0.0}. Best is trial 10 with value: 0.17768437565683587.
[D 2025-12-03 14:24:43,806] Sample trial#16 with GPSampler.
[I 2025-12-03 14:24:44,490] Trial 16 finished with value: 0.17504771521242074 and parameters: {'max_iter': 101, 'learning_rate': 0.01, 'max_depth': 3, 'min_samples_leaf': 1, 'l2_regularization': 0.0}. Best is trial 10 with value: 0.17768437565683587.
[D 2025-12-03 14:24:44,595] Sample trial#17 with GPSampler.
[I 2025-12-03 14:24:45,013] Trial 17 finished with value: 0.15945549269478806 and parameters: {'max_iter': 50, 'learning_rate': 0.01, 'max_depth': 3, 'min_samples_leaf': 27, 'l2_regularization': 0.0}. Best is trial 10 with value: 0.17768437565683587.
[D 2025-12-03 14:24:45,120] Sample trial#18 with GPSampler.
[I 2025-12-03 14:24:45,568] Trial 18 finished with value: 0.17122461461347313 and parameters: {'max_iter': 50, 'learning_rate': 0.01, 'max_depth': 3, 'min_samples_leaf': 1, 'l2_regularization': 0.0}. Best is trial 10 with value: 0.17768437565683587.
[D 2025-12-03 14:24:45,673] Sample trial#19 with GPSampler.
[I 2025-12-03 14:24:46,447] Trial 19 finished with value: 0.1690368880998565 and parameters: {'max_iter': 147, 'learning_rate': 0.01, 'max_depth': 3, 'min_samples_leaf': 1, 'l2_regularization': 1.0}. Best is trial 10 with value: 0.17768437565683587.
[D 2025-12-03 14:24:46,552] Sample trial#20 with GPSampler.
[I 2025-12-03 14:24:47,854] Trial 20 finished with value: 0.16723545575112597 and parameters: {'max_iter': 118, 'learning_rate': 0.01, 'max_depth': 15, 'min_samples_leaf': 1, 'l2_regularization': 1.0}. Best is trial 10 with value: 0.17768437565683587.
[D 2025-12-03 14:24:47,957] Sample trial#21 with GPSampler.
[I 2025-12-03 14:24:48,537] Trial 21 finished with value: 0.17532247725949057 and parameters: {'max_iter': 131, 'learning_rate': 0.01, 'max_depth': 3, 'min_samples_leaf': 1, 'l2_regularization': 0.0}. Best is trial 10 with value: 0.17768437565683587.
[D 2025-12-03 14:24:48,643] Sample trial#22 with GPSampler.
[I 2025-12-03 14:24:49,855] Trial 22 finished with value: 0.1791760550105302 and parameters: {'max_iter': 116, 'learning_rate': 0.01, 'max_depth': 9, 'min_samples_leaf': 1, 'l2_regularization': 0.0}. Best is trial 22 with value: 0.1791760550105302.
[D 2025-12-03 14:24:49,958] Sample trial#23 with GPSampler.
[I 2025-12-03 14:24:51,969] Trial 23 finished with value: 0.17470723753170667 and parameters: {'max_iter': 200, 'learning_rate': 0.01, 'max_depth': 15, 'min_samples_leaf': 1, 'l2_regularization': 0.0}. Best is trial 22 with value: 0.1791760550105302.
[D 2025-12-03 14:24:52,074] Sample trial#24 with GPSampler.
[I 2025-12-03 14:24:54,003] Trial 24 finished with value: 0.16301752046296575 and parameters: {'max_iter': 154, 'learning_rate': 0.01, 'max_depth': 12, 'min_samples_leaf': 12, 'l2_regularization': 0.0}. Best is trial 22 with value: 0.1791760550105302.
[D 2025-12-03 14:24:54,138] Sample trial#25 with GPSampler.
[I 2025-12-03 14:24:54,985] Trial 25 finished with value: 0.17245064113259956 and parameters: {'max_iter': 50, 'learning_rate': 0.11236486870028074, 'max_depth': 3, 'min_samples_leaf': 8, 'l2_regularization': 0.0}. Best is trial 22 with value: 0.1791760550105302.
[D 2025-12-03 14:24:55,098] Sample trial#26 with GPSampler.
[I 2025-12-03 14:24:56,301] Trial 26 finished with value: 0.15423111817311352 and parameters: {'max_iter': 50, 'learning_rate': 0.01, 'max_depth': 15, 'min_samples_leaf': 50, 'l2_regularization': 0.9999999999999999}. Best is trial 22 with value: 0.1791760550105302.
[D 2025-12-03 14:24:56,411] Sample trial#27 with GPSampler.
[I 2025-12-03 14:24:57,202] Trial 27 finished with value: 0.17551922620229196 and parameters: {'max_iter': 200, 'learning_rate': 0.01, 'max_depth': 3, 'min_samples_leaf': 1, 'l2_regularization': 0.0}. Best is trial 22 with value: 0.1791760550105302.
[D 2025-12-03 14:24:57,311] Sample trial#28 with GPSampler.
[I 2025-12-03 14:24:59,280] Trial 28 finished with value: 0.18094216358229592 and parameters: {'max_iter': 154, 'learning_rate': 0.01, 'max_depth': 9, 'min_samples_leaf': 1, 'l2_regularization': 0.0}. Best is trial 28 with value: 0.18094216358229592.
[D 2025-12-03 14:24:59,388] Sample trial#29 with GPSampler.
[I 2025-12-03 14:25:00,215] Trial 29 finished with value: 0.13297967279048567 and parameters: {'max_iter': 50, 'learning_rate': 0.3, 'max_depth': 15, 'min_samples_leaf': 50, 'l2_regularization': 1.0}. Best is trial 28 with value: 0.18094216358229592.
[I 2025-12-03 14:25:01,099] A new study created in memory with name: histogram_gradient_boosting_fold_5
[D 2025-12-03 14:25:01,100] Sample trial#0 with RandomSampler.
[I 2025-12-03 14:25:02,050] Trial 0 finished with value: 0.11858966951220054 and parameters: {'max_iter': 81, 'learning_rate': 0.17727333109621635, 'max_depth': 10, 'min_samples_leaf': 41, 'l2_regularization': 0.9968297525152663}. Best is trial 0 with value: 0.11858966951220054.
[D 2025-12-03 14:25:02,160] Sample trial#1 with GPSampler.
[I 2025-12-03 14:25:03,448] Trial 1 finished with value: 0.12736941198990595 and parameters: {'max_iter': 170, 'learning_rate': 0.10618576666576, 'max_depth': 5, 'min_samples_leaf': 26, 'l2_regularization': 0.12687085171213974}. Best is trial 1 with value: 0.12736941198990595.
[D 2025-12-03 14:25:03,559] Sample trial#2 with GPSampler.
[I 2025-12-03 14:25:04,895] Trial 2 finished with value: 0.10170084080860906 and parameters: {'max_iter': 134, 'learning_rate': 0.2821869991722971, 'max_depth': 6, 'min_samples_leaf': 38, 'l2_regularization': 0.3487621058381257}. Best is trial 1 with value: 0.12736941198990595.
[D 2025-12-03 14:25:05,008] Sample trial#3 with GPSampler.
[I 2025-12-03 14:25:06,028] Trial 3 finished with value: 0.1130478200371909 and parameters: {'max_iter': 181, 'learning_rate': 0.18533914202627094, 'max_depth': 4, 'min_samples_leaf': 40, 'l2_regularization': 0.2511925599627046}. Best is trial 1 with value: 0.12736941198990595.
[D 2025-12-03 14:25:06,145] Sample trial#4 with GPSampler.
[I 2025-12-03 14:25:07,477] Trial 4 finished with value: 0.10821791026588683 and parameters: {'max_iter': 134, 'learning_rate': 0.1798224455898663, 'max_depth': 8, 'min_samples_leaf': 39, 'l2_regularization': 0.5400115910590852}. Best is trial 1 with value: 0.12736941198990595.
[D 2025-12-03 14:25:07,583] Sample trial#5 with GPSampler.
[I 2025-12-03 14:25:09,304] Trial 5 finished with value: 0.10840359510998572 and parameters: {'max_iter': 180, 'learning_rate': 0.26563610258213904, 'max_depth': 13, 'min_samples_leaf': 36, 'l2_regularization': 0.8816120975594611}. Best is trial 1 with value: 0.12736941198990595.
[D 2025-12-03 14:25:09,411] Sample trial#6 with GPSampler.
[I 2025-12-03 14:25:10,266] Trial 6 finished with value: 0.14792741671137039 and parameters: {'max_iter': 81, 'learning_rate': 0.033116856232592196, 'max_depth': 11, 'min_samples_leaf': 38, 'l2_regularization': 0.8240639205164151}. Best is trial 6 with value: 0.14792741671137039.
[D 2025-12-03 14:25:10,373] Sample trial#7 with GPSampler.
[I 2025-12-03 14:25:11,424] Trial 7 finished with value: 0.11093953272022809 and parameters: {'max_iter': 115, 'learning_rate': 0.21016436246268488, 'max_depth': 8, 'min_samples_leaf': 28, 'l2_regularization': 0.3141190097366282}. Best is trial 6 with value: 0.14792741671137039.
[D 2025-12-03 14:25:11,530] Sample trial#8 with GPSampler.
[I 2025-12-03 14:25:13,052] Trial 8 finished with value: 0.1139735243585788 and parameters: {'max_iter': 161, 'learning_rate': 0.15339277712022914, 'max_depth': 15, 'min_samples_leaf': 19, 'l2_regularization': 0.0651705293529462}. Best is trial 6 with value: 0.14792741671137039.
[D 2025-12-03 14:25:13,158] Sample trial#9 with GPSampler.
[I 2025-12-03 14:25:14,730] Trial 9 finished with value: 0.1458320998576295 and parameters: {'max_iter': 172, 'learning_rate': 0.017443968011188884, 'max_depth': 14, 'min_samples_leaf': 32, 'l2_regularization': 0.6707297367566771}. Best is trial 6 with value: 0.14792741671137039.
[D 2025-12-03 14:25:14,837] Sample trial#10 with GPSampler.
[I 2025-12-03 14:25:15,816] Trial 10 finished with value: 0.14043707390716104 and parameters: {'max_iter': 84, 'learning_rate': 0.01, 'max_depth': 11, 'min_samples_leaf': 27, 'l2_regularization': 0.9942128372673201}. Best is trial 6 with value: 0.14792741671137039.
[D 2025-12-03 14:25:15,923] Sample trial#11 with GPSampler.
[I 2025-12-03 14:25:16,916] Trial 11 finished with value: 0.13644892708065942 and parameters: {'max_iter': 92, 'learning_rate': 0.01, 'max_depth': 11, 'min_samples_leaf': 48, 'l2_regularization': 0.6700061481142949}. Best is trial 6 with value: 0.14792741671137039.
[D 2025-12-03 14:25:17,022] Sample trial#12 with GPSampler.
[I 2025-12-03 14:25:18,452] Trial 12 finished with value: 0.14432081057760954 and parameters: {'max_iter': 135, 'learning_rate': 0.014139087015483005, 'max_depth': 15, 'min_samples_leaf': 38, 'l2_regularization': 0.9916814216910915}. Best is trial 6 with value: 0.14792741671137039.
[D 2025-12-03 14:25:18,559] Sample trial#13 with GPSampler.
[I 2025-12-03 14:25:19,570] Trial 13 finished with value: 0.14921785315802633 and parameters: {'max_iter': 140, 'learning_rate': 0.012082226467241977, 'max_depth': 5, 'min_samples_leaf': 35, 'l2_regularization': 0.7558643729420786}. Best is trial 13 with value: 0.14921785315802633.
[D 2025-12-03 14:25:19,676] Sample trial#14 with GPSampler.
[I 2025-12-03 14:25:20,459] Trial 14 finished with value: 0.13508697052165294 and parameters: {'max_iter': 50, 'learning_rate': 0.01, 'max_depth': 6, 'min_samples_leaf': 34, 'l2_regularization': 0.6251809157157252}. Best is trial 13 with value: 0.14921785315802633.
[D 2025-12-03 14:25:20,571] Sample trial#15 with GPSampler.
[I 2025-12-03 14:25:21,523] Trial 15 finished with value: 0.14910317353055935 and parameters: {'max_iter': 142, 'learning_rate': 0.041006675862783726, 'max_depth': 3, 'min_samples_leaf': 29, 'l2_regularization': 1.0}. Best is trial 13 with value: 0.14921785315802633.
[D 2025-12-03 14:25:21,636] Sample trial#16 with GPSampler.
[I 2025-12-03 14:25:22,635] Trial 16 finished with value: 0.15054083659374964 and parameters: {'max_iter': 189, 'learning_rate': 0.014988057968479043, 'max_depth': 3, 'min_samples_leaf': 16, 'l2_regularization': 1.0}. Best is trial 16 with value: 0.15054083659374964.
[D 2025-12-03 14:25:22,742] Sample trial#17 with GPSampler.
[I 2025-12-03 14:25:23,660] Trial 17 finished with value: 0.14973715143524421 and parameters: {'max_iter': 200, 'learning_rate': 0.024290267798178507, 'max_depth': 3, 'min_samples_leaf': 48, 'l2_regularization': 1.0}. Best is trial 16 with value: 0.15054083659374964.
[D 2025-12-03 14:25:23,773] Sample trial#18 with GPSampler.
[I 2025-12-03 14:25:24,581] Trial 18 finished with value: 0.15353531437689485 and parameters: {'max_iter': 200, 'learning_rate': 0.030236506104092724, 'max_depth': 3, 'min_samples_leaf': 1, 'l2_regularization': 1.0}. Best is trial 18 with value: 0.15353531437689485.
[D 2025-12-03 14:25:24,688] Sample trial#19 with GPSampler.
[I 2025-12-03 14:25:26,935] Trial 19 finished with value: 0.14085832842288187 and parameters: {'max_iter': 200, 'learning_rate': 0.04241495238174406, 'max_depth': 11, 'min_samples_leaf': 1, 'l2_regularization': 1.0}. Best is trial 18 with value: 0.15353531437689485.
[D 2025-12-03 14:25:27,045] Sample trial#20 with GPSampler.
[I 2025-12-03 14:25:27,791] Trial 20 finished with value: 0.14853749625741805 and parameters: {'max_iter': 200, 'learning_rate': 0.01, 'max_depth': 3, 'min_samples_leaf': 1, 'l2_regularization': 0.21010512417588284}. Best is trial 18 with value: 0.15353531437689485.
[D 2025-12-03 14:25:27,900] Sample trial#21 with GPSampler.
[I 2025-12-03 14:25:28,786] Trial 21 finished with value: 0.14681253878119377 and parameters: {'max_iter': 200, 'learning_rate': 0.01, 'max_depth': 3, 'min_samples_leaf': 1, 'l2_regularization': 1.0}. Best is trial 18 with value: 0.15353531437689485.
[D 2025-12-03 14:25:28,894] Sample trial#22 with GPSampler.
[I 2025-12-03 14:25:29,704] Trial 22 finished with value: 0.151317851100444 and parameters: {'max_iter': 200, 'learning_rate': 0.016501861277069676, 'max_depth': 3, 'min_samples_leaf': 50, 'l2_regularization': 0.0}. Best is trial 18 with value: 0.15353531437689485.
[D 2025-12-03 14:25:29,811] Sample trial#23 with GPSampler.
[I 2025-12-03 14:25:30,462] Trial 23 finished with value: 0.14668778530093063 and parameters: {'max_iter': 146, 'learning_rate': 0.033575410941286965, 'max_depth': 3, 'min_samples_leaf': 1, 'l2_regularization': 0.0}. Best is trial 18 with value: 0.15353531437689485.
[D 2025-12-03 14:25:30,572] Sample trial#24 with GPSampler.
[I 2025-12-03 14:25:31,037] Trial 24 finished with value: 0.14991342648302988 and parameters: {'max_iter': 50, 'learning_rate': 0.06740608770108339, 'max_depth': 3, 'min_samples_leaf': 1, 'l2_regularization': 1.0}. Best is trial 18 with value: 0.15353531437689485.
[D 2025-12-03 14:25:31,144] Sample trial#25 with GPSampler.
[I 2025-12-03 14:25:31,888] Trial 25 finished with value: 0.14080828442379184 and parameters: {'max_iter': 50, 'learning_rate': 0.0664811113518024, 'max_depth': 15, 'min_samples_leaf': 1, 'l2_regularization': 1.0}. Best is trial 18 with value: 0.15353531437689485.
[D 2025-12-03 14:25:32,000] Sample trial#26 with GPSampler.
[I 2025-12-03 14:25:32,502] Trial 26 finished with value: 0.14555350236721248 and parameters: {'max_iter': 50, 'learning_rate': 0.0673897599540693, 'max_depth': 3, 'min_samples_leaf': 50, 'l2_regularization': 0.9999999999999999}. Best is trial 18 with value: 0.15353531437689485.
[D 2025-12-03 14:25:32,614] Sample trial#27 with GPSampler.
[I 2025-12-03 14:25:33,279] Trial 27 finished with value: 0.15322294921854054 and parameters: {'max_iter': 116, 'learning_rate': 0.04174027502408356, 'max_depth': 3, 'min_samples_leaf': 1, 'l2_regularization': 0.9999999999999999}. Best is trial 18 with value: 0.15353531437689485.
[D 2025-12-03 14:25:33,384] Sample trial#28 with GPSampler.
[I 2025-12-03 14:25:34,007] Trial 28 finished with value: 0.15221318998425856 and parameters: {'max_iter': 117, 'learning_rate': 0.04136901140773624, 'max_depth': 3, 'min_samples_leaf': 1, 'l2_regularization': 0.9999999999999999}. Best is trial 18 with value: 0.15353531437689485.
[D 2025-12-03 14:25:34,117] Sample trial#29 with GPSampler.
