[I 2025-12-03 14:06:34,094] Trial 18 finished with value: 0.12425583455030283 and parameters: {'n_estimators': 100, 'learning_rate': 0.0756892251830867, 'max_depth': 12, 'min_child_weight': 3, 'subsample': 1.0, 'colsample_bytree': 0.7235721420252017, 'reg_alpha': 0.0, 'reg_lambda': 10.0, 'gamma': 1.6427304303940715, 'scale_pos_weight': 10.801669566901761}. Best is trial 18 with value: 0.12425583455030283.
[D 2025-12-03 14:06:34,177] Sample trial#19 with GPSampler.
[I 2025-12-03 14:06:38,028] Trial 19 finished with value: 0.13615673041819445 and parameters: {'n_estimators': 100, 'learning_rate': 0.10116672135368246, 'max_depth': 12, 'min_child_weight': 2, 'subsample': 1.0, 'colsample_bytree': 0.71934489324198, 'reg_alpha': 0.0, 'reg_lambda': 10.0, 'gamma': 3.154208855739662, 'scale_pos_weight': 5.314285714285715}. Best is trial 19 with value: 0.13615673041819445.
[D 2025-12-03 14:06:38,106] Sample trial#20 with GPSampler.
[I 2025-12-03 14:06:41,431] Trial 20 finished with value: 0.1386313115356218 and parameters: {'n_estimators': 100, 'learning_rate': 0.12302428034880318, 'max_depth': 12, 'min_child_weight': 1, 'subsample': 1.0, 'colsample_bytree': 0.7155895709987596, 'reg_alpha': 0.0, 'reg_lambda': 10.0, 'gamma': 4.278909455770284, 'scale_pos_weight': 5.314285714285715}. Best is trial 20 with value: 0.1386313115356218.
[D 2025-12-03 14:06:41,514] Sample trial#21 with GPSampler.
[I 2025-12-03 14:06:46,141] Trial 21 finished with value: 0.1381289242851505 and parameters: {'n_estimators': 100, 'learning_rate': 0.11504511210026916, 'max_depth': 12, 'min_child_weight': 4, 'subsample': 1.0, 'colsample_bytree': 0.7115038331802713, 'reg_alpha': 0.39180658647889827, 'reg_lambda': 10.0, 'gamma': 4.618938223044085, 'scale_pos_weight': 5.314285714285715}. Best is trial 20 with value: 0.1386313115356218.
[D 2025-12-03 14:06:46,226] Sample trial#22 with GPSampler.
[I 2025-12-03 14:06:50,628] Trial 22 finished with value: 0.1385022106959775 and parameters: {'n_estimators': 100, 'learning_rate': 0.08994818056791504, 'max_depth': 11, 'min_child_weight': 2, 'subsample': 1.0, 'colsample_bytree': 0.724138418906391, 'reg_alpha': 0.0, 'reg_lambda': 10.0, 'gamma': 4.87411273232674, 'scale_pos_weight': 5.314285714285715}. Best is trial 20 with value: 0.1386313115356218.
[D 2025-12-03 14:06:50,711] Sample trial#23 with GPSampler.
[I 2025-12-03 14:06:55,901] Trial 23 finished with value: 0.12594828283613876 and parameters: {'n_estimators': 100, 'learning_rate': 0.1326852386162058, 'max_depth': 11, 'min_child_weight': 4, 'subsample': 1.0, 'colsample_bytree': 0.6946217051311852, 'reg_alpha': 0.0, 'reg_lambda': 10.0, 'gamma': 4.3907673151326705, 'scale_pos_weight': 5.314285714285715}. Best is trial 20 with value: 0.1386313115356218.
[D 2025-12-03 14:06:55,980] Sample trial#24 with GPSampler.
[I 2025-12-03 14:07:00,029] Trial 24 finished with value: 0.13387690672955085 and parameters: {'n_estimators': 100, 'learning_rate': 0.08575492082539865, 'max_depth': 13, 'min_child_weight': 1, 'subsample': 1.0, 'colsample_bytree': 0.7510766970771416, 'reg_alpha': 0.3660936841891937, 'reg_lambda': 10.0, 'gamma': 5.0, 'scale_pos_weight': 5.314285714285715}. Best is trial 20 with value: 0.1386313115356218.
[D 2025-12-03 14:07:00,107] Sample trial#25 with GPSampler.
[I 2025-12-03 14:07:05,530] Trial 25 finished with value: 0.13791948993223788 and parameters: {'n_estimators': 100, 'learning_rate': 0.10409419892664336, 'max_depth': 12, 'min_child_weight': 1, 'subsample': 1.0, 'colsample_bytree': 0.7410563537417305, 'reg_alpha': 0.14561213332575978, 'reg_lambda': 10.0, 'gamma': 5.0, 'scale_pos_weight': 5.314285714285715}. Best is trial 20 with value: 0.1386313115356218.
[D 2025-12-03 14:07:05,612] Sample trial#26 with GPSampler.
[I 2025-12-03 14:07:09,511] Trial 26 finished with value: 0.1368720776873 and parameters: {'n_estimators': 100, 'learning_rate': 0.09652938483084407, 'max_depth': 12, 'min_child_weight': 3, 'subsample': 1.0, 'colsample_bytree': 0.6792133447698866, 'reg_alpha': 0.42965987173092185, 'reg_lambda': 10.0, 'gamma': 5.0, 'scale_pos_weight': 5.314285714285715}. Best is trial 20 with value: 0.1386313115356218.
[D 2025-12-03 14:07:09,589] Sample trial#27 with GPSampler.
[I 2025-12-03 14:07:17,628] Trial 27 finished with value: 0.1314938608122727 and parameters: {'n_estimators': 100, 'learning_rate': 0.011188137272950767, 'max_depth': 12, 'min_child_weight': 2, 'subsample': 1.0, 'colsample_bytree': 0.8158355589512702, 'reg_alpha': 0.051836894688502916, 'reg_lambda': 10.0, 'gamma': 5.0, 'scale_pos_weight': 5.314285714285715}. Best is trial 20 with value: 0.1386313115356218.
[D 2025-12-03 14:07:17,708] Sample trial#28 with GPSampler.
[I 2025-12-03 14:07:21,212] Trial 28 finished with value: 0.131986813573039 and parameters: {'n_estimators': 100, 'learning_rate': 0.10608745479551955, 'max_depth': 11, 'min_child_weight': 1, 'subsample': 1.0, 'colsample_bytree': 0.8161978218634475, 'reg_alpha': 0.11848695505011535, 'reg_lambda': 10.0, 'gamma': 4.387242102582567, 'scale_pos_weight': 5.314285714285715}. Best is trial 20 with value: 0.1386313115356218.
[D 2025-12-03 14:07:21,295] Sample trial#29 with GPSampler.
[I 2025-12-03 14:07:26,374] Trial 29 finished with value: 0.13503265960871733 and parameters: {'n_estimators': 100, 'learning_rate': 0.1170138318942094, 'max_depth': 12, 'min_child_weight': 3, 'subsample': 1.0, 'colsample_bytree': 0.735673303399105, 'reg_alpha': 0.43197629976124785, 'reg_lambda': 10.0, 'gamma': 5.0, 'scale_pos_weight': 5.314285714285715}. Best is trial 20 with value: 0.1386313115356218.
CLASSIFICAÇÃO DE GENES-ALVO USANDO DADOS ÔMICOS
================================================================================
Timestamp do experimento: 20251203_133618
 Usando dados da ANA:
   Features: data/UNION_features.tsv
   Labels: data/processed/UNION_labels.tsv
   Formato labels: genes, 2class (binary), 3class (multiclass)

Arquivos encontrados com sucesso!
Carregando e preparando dados...
============================================================
PREPARANDO DATASET PARA CLASSIFICAÇÃO (BINARY)
============================================================
Carregando UNION_features.tsv
Features carregadas: 19602 genes x 64 features
Tipos de dados das features: {dtype('float64'): 64}
Range das features: [0.0000, 1.0000]
----------------------------------------
Carregando UNION_labels.tsv (classificação: binary)
Labels carregados: 19680 genes
Valores únicos em 2class: label
0.0    16727
NaN     1997
1.0      956
Name: count, dtype: int64
Genes with NaN dropped: 1997
Distribuição das classes:
  Classe 0 (passenger): 16727 genes
  Classe 1 (cancer): 956 genes
  Razão cancer/passenger: 0.0572
----------------------------------------
Alinhando features e labels
Genes comuns entre features e labels: 17676
Dataset final: 17676 genes x 64 features
Distribuição final das classes: [16727   949]
----------------------------------------
DATASET PREPARADO COM SUCESSO!
Shape final: X=(17676, 64), y=(17676,)
Genes: 17676
Features: 64
============================================================

CONFIGURAÇÃO DO EXPERIMENTO (OTIMIZAÇÃO):
  Modelo: CatBoost
  Trials: 30
  Tipo: binary
  Parâmetros: Completo
  Balanceamento: none
================================================================================
EXECUTANDO MODELO: CatBoost
================================================================================

Starting Nested Cross-Validation for catboost...
Configuration: 5 outer folds, 30 trials per fold
Performing 80/20 holdout split...
Holdout split completed:
  - Training set: 14140 samples (80%)
  - Holdout test set: 3536 samples (20%)
Fold 1
Importâncias dos parâmetros para fold 1: {'learning_rate': np.float64(0.3971150106291865), 'random_strength': np.float64(0.20374493916935332), 'scale_pos_weight': np.float64(0.1856725509207473), 'border_count': np.float64(0.08783893644023891), 'iterations': np.float64(0.07310381723378045), 'depth': np.float64(0.022670021482274864), 'l2_leaf_reg': np.float64(0.020784237586852265), 'bagging_temperature': np.float64(0.00907048653756623)}
Saved Optuna plots to results/20251203_133618_ana_optimized_binary/catboost/optuna_plots
Fold 2
Importâncias dos parâmetros para fold 2: {'depth': np.float64(0.40623272513686276), 'learning_rate': np.float64(0.38375019453270304), 'iterations': np.float64(0.08034296313685348), 'random_strength': np.float64(0.05334606530534443), 'bagging_temperature': np.float64(0.03836310083593276), 'l2_leaf_reg': np.float64(0.017958304000348257), 'scale_pos_weight': np.float64(0.011467476910787637), 'border_count': np.float64(0.008539170141167627)}
Saved Optuna plots to results/20251203_133618_ana_optimized_binary/catboost/optuna_plots
Fold 3
Importâncias dos parâmetros para fold 3: {'iterations': np.float64(0.36237050108449287), 'scale_pos_weight': np.float64(0.27578756508321506), 'random_strength': np.float64(0.15101357014981695), 'border_count': np.float64(0.06822763436687054), 'l2_leaf_reg': np.float64(0.05116538799136409), 'bagging_temperature': np.float64(0.04496491716193348), 'learning_rate': np.float64(0.03265781727273719), 'depth': np.float64(0.01381260688956982)}
Saved Optuna plots to results/20251203_133618_ana_optimized_binary/catboost/optuna_plots
Fold 4
Importâncias dos parâmetros para fold 4: {'scale_pos_weight': np.float64(0.3884785233951626), 'learning_rate': np.float64(0.31004003520958023), 'depth': np.float64(0.1488236986499641), 'random_strength': np.float64(0.08293821856287795), 'iterations': np.float64(0.04635503599747823), 'bagging_temperature': np.float64(0.012377192794193253), 'l2_leaf_reg': np.float64(0.007982400772739264), 'border_count': np.float64(0.0030048946180045322)}
Saved Optuna plots to results/20251203_133618_ana_optimized_binary/catboost/optuna_plots
Fold 5
Importâncias dos parâmetros para fold 5: {'learning_rate': np.float64(0.6413877740530325), 'depth': np.float64(0.15689673888653496), 'l2_leaf_reg': np.float64(0.0879249582215987), 'border_count': np.float64(0.05075310999463637), 'random_strength': np.float64(0.039354142898131245), 'scale_pos_weight': np.float64(0.021363628366136953), 'bagging_temperature': np.float64(0.0017402924582270072), 'iterations': np.float64(0.0005793551217024344)}
Saved Optuna plots to results/20251203_133618_ana_optimized_binary/catboost/optuna_plots

Nested CV completed. The 20% holdout set (3536 samples) remains untouched.
This holdout set can be used for final unbiased evaluation.

Training and evaluating 5 best parameter sets on holdout data...
Testing with 4 balancing strategies: none, randomundersampler, smoteenn, tomeklinks

Evaluating fold 1 best params on holdout set...
  - Testing with balance strategy: none
  - Testing with balance strategy: randomundersampler
  - Testing with balance strategy: smoteenn
  - Testing with balance strategy: tomeklinks

Evaluating fold 2 best params on holdout set...
  - Testing with balance strategy: none
  - Testing with balance strategy: randomundersampler
  - Testing with balance strategy: smoteenn
  - Testing with balance strategy: tomeklinks

Evaluating fold 3 best params on holdout set...
  - Testing with balance strategy: none
  - Testing with balance strategy: randomundersampler
  - Testing with balance strategy: smoteenn
  - Testing with balance strategy: tomeklinks

Evaluating fold 4 best params on holdout set...
  - Testing with balance strategy: none
  - Testing with balance strategy: randomundersampler
  - Testing with balance strategy: smoteenn
  - Testing with balance strategy: tomeklinks

Evaluating fold 5 best params on holdout set...
  - Testing with balance strategy: none
  - Testing with balance strategy: randomundersampler
  - Testing with balance strategy: smoteenn
  - Testing with balance strategy: tomeklinks
Saving optimization and holdout results...
Detailed results by fold saved to: ./results/20251203_133618_ana_optimized_binary/catboost/detailed_results_by_fold.txt
Test predictions for all folds saved to: ./results/20251203_133618_ana_optimized_binary/catboost/metrics.json
Saving holdout results...
Holdout evaluation results saved to: ./results/20251203_133618_ana_optimized_binary/catboost/holdout_results.txt
Saved!
[OK] CatBoost executado com sucesso!

CONFIGURAÇÃO DO EXPERIMENTO (OTIMIZAÇÃO):
  Modelo: XGBoost
  Trials: 30
  Tipo: binary
  Parâmetros: Completo
  Balanceamento: none
================================================================================
EXECUTANDO MODELO: XGBoost
================================================================================

Starting Nested Cross-Validation for xgboost...
Configuration: 5 outer folds, 30 trials per fold
Performing 80/20 holdout split...
Holdout split completed:
  - Training set: 14140 samples (80%)
  - Holdout test set: 3536 samples (20%)
Fold 1
Importâncias dos parâmetros para fold 1: {'scale_pos_weight': np.float64(0.6093141532892612), 'n_estimators': np.float64(0.1673867380824988), 'learning_rate': np.float64(0.06569118365526712), 'max_depth': np.float64(0.058776748362539925), 'min_child_weight': np.float64(0.033530878285084935), 'subsample': np.float64(0.023384934066773225), 'gamma': np.float64(0.017791757477292152), 'reg_alpha': np.float64(0.01199135340702643), 'colsample_bytree': np.float64(0.01055170540488461), 'reg_lambda': np.float64(0.0015805479693717776)}
Saved Optuna plots to results/20251203_133618_ana_optimized_binary/xgboost/optuna_plots
Fold 2
[I 2025-12-03 14:07:27,470] A new study created in memory with name: xgboost_fold_3
[D 2025-12-03 14:07:27,471] Sample trial#0 with RandomSampler.
[I 2025-12-03 14:07:37,054] Trial 0 finished with value: 0.08802652773015626 and parameters: {'n_estimators': 659, 'learning_rate': 0.21671959226053386, 'max_depth': 8, 'min_child_weight': 6, 'subsample': 0.9146281021198222, 'colsample_bytree': 0.6265558027204506, 'reg_alpha': 0.220597076766899, 'reg_lambda': 7.017546591511509, 'gamma': 2.166788549090847, 'scale_pos_weight': 36.99340413098324}. Best is trial 0 with value: 0.08802652773015626.
[D 2025-12-03 14:07:37,139] Sample trial#1 with GPSampler.
[I 2025-12-03 14:07:45,433] Trial 1 finished with value: 0.13796307481877898 and parameters: {'n_estimators': 390, 'learning_rate': 0.011241313146033195, 'max_depth': 4, 'min_child_weight': 4, 'subsample': 0.9108829758283282, 'colsample_bytree': 0.9106483801682297, 'reg_alpha': 0.24663377969356615, 'reg_lambda': 6.622231125757767, 'gamma': 0.2719008686555713, 'scale_pos_weight': 33.92945584164805}. Best is trial 1 with value: 0.13796307481877898.
[D 2025-12-03 14:07:45,518] Sample trial#2 with GPSampler.
[I 2025-12-03 14:07:50,703] Trial 2 finished with value: 0.1021471263410257 and parameters: {'n_estimators': 284, 'learning_rate': 0.203923056491118, 'max_depth': 12, 'min_child_weight': 9, 'subsample': 0.9664503781259621, 'colsample_bytree': 0.7154018754161022, 'reg_alpha': 0.11147515465019497, 'reg_lambda': 4.441460218111501, 'gamma': 4.813477876858164, 'scale_pos_weight': 24.668281338185963}. Best is trial 1 with value: 0.13796307481877898.
[D 2025-12-03 14:07:50,788] Sample trial#3 with GPSampler.
[I 2025-12-03 14:07:59,973] Trial 3 finished with value: 0.09279195159347609 and parameters: {'n_estimators': 582, 'learning_rate': 0.18611184473377357, 'max_depth': 8, 'min_child_weight': 2, 'subsample': 0.9027063129357487, 'colsample_bytree': 0.747138773737847, 'reg_alpha': 0.0175126705483859, 'reg_lambda': 1.0447615545045845, 'gamma': 0.7339313396677438, 'scale_pos_weight': 34.606673498446106}. Best is trial 1 with value: 0.13796307481877898.
[D 2025-12-03 14:08:00,058] Sample trial#4 with GPSampler.
[I 2025-12-03 14:08:08,110] Trial 4 finished with value: 0.08282217404885237 and parameters: {'n_estimators': 737, 'learning_rate': 0.15349009208990486, 'max_depth': 14, 'min_child_weight': 2, 'subsample': 0.7973824130607767, 'colsample_bytree': 0.8770494691853813, 'reg_alpha': 0.3368836110167067, 'reg_lambda': 4.4981451772988255, 'gamma': 1.3383696113763595, 'scale_pos_weight': 33.56853962777564}. Best is trial 1 with value: 0.13796307481877898.
[D 2025-12-03 14:08:08,196] Sample trial#5 with GPSampler.
[I 2025-12-03 14:08:19,640] Trial 5 finished with value: 0.10705463749069963 and parameters: {'n_estimators': 377, 'learning_rate': 0.06939218196870779, 'max_depth': 10, 'min_child_weight': 7, 'subsample': 0.6134473327250126, 'colsample_bytree': 0.9802287692692452, 'reg_alpha': 0.9011008654763287, 'reg_lambda': 5.133808463176036, 'gamma': 3.5172022063184842, 'scale_pos_weight': 18.275532727077334}. Best is trial 1 with value: 0.13796307481877898.
[D 2025-12-03 14:08:19,725] Sample trial#6 with GPSampler.
[I 2025-12-03 14:08:23,343] Trial 6 finished with value: 0.09217455161908691 and parameters: {'n_estimators': 182, 'learning_rate': 0.24394713529394402, 'max_depth': 8, 'min_child_weight': 8, 'subsample': 0.9941996781207965, 'colsample_bytree': 0.7311552766013067, 'reg_alpha': 0.9811378780780707, 'reg_lambda': 3.878039376159281, 'gamma': 2.0442996738921977, 'scale_pos_weight': 50.378505483100824}. Best is trial 1 with value: 0.13796307481877898.
[D 2025-12-03 14:08:23,423] Sample trial#7 with GPSampler.
[I 2025-12-03 14:08:27,490] Trial 7 finished with value: 0.0834652651681278 and parameters: {'n_estimators': 123, 'learning_rate': 0.28083849161485036, 'max_depth': 7, 'min_child_weight': 2, 'subsample': 0.6091232614203739, 'colsample_bytree': 0.9013395365775319, 'reg_alpha': 0.9795868106951285, 'reg_lambda': 8.15787166817666, 'gamma': 2.783210728434982, 'scale_pos_weight': 27.057992596878023}. Best is trial 1 with value: 0.13796307481877898.
[D 2025-12-03 14:08:27,577] Sample trial#8 with GPSampler.
[I 2025-12-03 14:08:39,997] Trial 8 finished with value: 0.08824840522112473 and parameters: {'n_estimators': 892, 'learning_rate': 0.11121903896944209, 'max_depth': 14, 'min_child_weight': 4, 'subsample': 0.9969391283068697, 'colsample_bytree': 0.9897371247611507, 'reg_alpha': 0.7392218553285088, 'reg_lambda': 5.066770536820048, 'gamma': 0.0024866715242533033, 'scale_pos_weight': 48.86502970674041}. Best is trial 1 with value: 0.13796307481877898.
[D 2025-12-03 14:08:40,080] Sample trial#9 with GPSampler.
[I 2025-12-03 14:08:44,141] Trial 9 finished with value: 0.12840331818213674 and parameters: {'n_estimators': 438, 'learning_rate': 0.06553798094753092, 'max_depth': 3, 'min_child_weight': 4, 'subsample': 0.6239632329042928, 'colsample_bytree': 0.7279118174465342, 'reg_alpha': 0.9727334800866689, 'reg_lambda': 2.8715771527833205, 'gamma': 2.0058930362480156, 'scale_pos_weight': 6.131486206899123}. Best is trial 1 with value: 0.13796307481877898.
[D 2025-12-03 14:08:44,228] Sample trial#10 with GPSampler.
[I 2025-12-03 14:08:50,972] Trial 10 finished with value: 0.13974842138622406 and parameters: {'n_estimators': 241, 'learning_rate': 0.01, 'max_depth': 3, 'min_child_weight': 5, 'subsample': 0.8638926539053751, 'colsample_bytree': 0.8287424415716464, 'reg_alpha': 0.4003075287960396, 'reg_lambda': 4.502180437912992, 'gamma': 0.6765344119072915, 'scale_pos_weight': 18.027878404802564}. Best is trial 10 with value: 0.13974842138622406.
[D 2025-12-03 14:08:51,059] Sample trial#11 with GPSampler.
[I 2025-12-03 14:08:57,840] Trial 11 finished with value: 0.14153481330206408 and parameters: {'n_estimators': 178, 'learning_rate': 0.01, 'max_depth': 3, 'min_child_weight': 1, 'subsample': 0.8179932046281073, 'colsample_bytree': 0.9155971838114554, 'reg_alpha': 0.47967377281348117, 'reg_lambda': 6.407377462713993, 'gamma': 0.0, 'scale_pos_weight': 12.624040455625309}. Best is trial 11 with value: 0.14153481330206408.
[D 2025-12-03 14:08:57,927] Sample trial#12 with GPSampler.
[I 2025-12-03 14:09:02,923] Trial 12 finished with value: 0.13520227096080178 and parameters: {'n_estimators': 100, 'learning_rate': 0.01, 'max_depth': 3, 'min_child_weight': 1, 'subsample': 1.0, 'colsample_bytree': 0.8367449570455752, 'reg_alpha': 0.4377452319710797, 'reg_lambda': 9.784121701426521, 'gamma': 1.3170384004460067, 'scale_pos_weight': 9.209732452980962}. Best is trial 11 with value: 0.14153481330206408.
[D 2025-12-03 14:09:03,006] Sample trial#13 with GPSampler.
[I 2025-12-03 14:09:06,232] Trial 13 finished with value: 0.13155610641214519 and parameters: {'n_estimators': 100, 'learning_rate': 0.01, 'max_depth': 3, 'min_child_weight': 1, 'subsample': 0.6262964586283618, 'colsample_bytree': 0.8924722580006912, 'reg_alpha': 0.0, 'reg_lambda': 4.500331016089652, 'gamma': 0.0, 'scale_pos_weight': 26.007145096214508}. Best is trial 11 with value: 0.14153481330206408.
[D 2025-12-03 14:09:06,320] Sample trial#14 with GPSampler.
[I 2025-12-03 14:09:11,910] Trial 14 finished with value: 0.14591629388352795 and parameters: {'n_estimators': 419, 'learning_rate': 0.01, 'max_depth': 3, 'min_child_weight': 3, 'subsample': 0.9171006033213693, 'colsample_bytree': 1.0, 'reg_alpha': 0.89465209033347, 'reg_lambda': 4.63427397914809, 'gamma': 0.0, 'scale_pos_weight': 10.440902538236017}. Best is trial 14 with value: 0.14591629388352795.
[D 2025-12-03 14:09:11,994] Sample trial#15 with GPSampler.
[I 2025-12-03 14:09:21,158] Trial 15 finished with value: 0.1516271581956179 and parameters: {'n_estimators': 477, 'learning_rate': 0.01, 'max_depth': 3, 'min_child_weight': 7, 'subsample': 0.8406017774090805, 'colsample_bytree': 1.0, 'reg_alpha': 1.0, 'reg_lambda': 8.555465921827553, 'gamma': 0.0, 'scale_pos_weight': 5.314285714285715}. Best is trial 15 with value: 0.1516271581956179.
[D 2025-12-03 14:09:21,243] Sample trial#16 with GPSampler.
[I 2025-12-03 14:09:32,902] Trial 16 finished with value: 0.1501472063116122 and parameters: {'n_estimators': 971, 'learning_rate': 0.01, 'max_depth': 3, 'min_child_weight': 10, 'subsample': 0.8480703856315851, 'colsample_bytree': 1.0, 'reg_alpha': 1.0, 'reg_lambda': 10.0, 'gamma': 0.0, 'scale_pos_weight': 5.314285714285715}. Best is trial 15 with value: 0.1516271581956179.
[D 2025-12-03 14:09:32,990] Sample trial#17 with GPSampler.
