[I 2025-12-02 18:37:15,990] Trial 3 finished with value: 0.36667232030698327 and parameters: {'max_iter': 138, 'learning_rate': 0.09382180105422956, 'max_depth': 5, 'min_samples_leaf': 28, 'l2_regularization': 0.12651800410576197}. Best is trial 0 with value: 0.3827326503682282.
[I 2025-12-02 18:37:16,924] Trial 4 finished with value: 0.3777588914459352 and parameters: {'max_iter': 88, 'learning_rate': 0.08551132733969492, 'max_depth': 3, 'min_samples_leaf': 20, 'l2_regularization': 0.5581837801992036}. Best is trial 0 with value: 0.3827326503682282.
[I 2025-12-02 18:37:17,623] Trial 5 finished with value: 0.3823476732680621 and parameters: {'max_iter': 77, 'learning_rate': 0.039475293317422284, 'max_depth': 2, 'min_samples_leaf': 15, 'l2_regularization': 0.4618888399517226}. Best is trial 0 with value: 0.3827326503682282.
[I 2025-12-02 18:37:18,644] Trial 6 finished with value: 0.3826490480281596 and parameters: {'max_iter': 127, 'learning_rate': 0.015364620894458543, 'max_depth': 2, 'min_samples_leaf': 19, 'l2_regularization': 0.9573360017860022}. Best is trial 0 with value: 0.3827326503682282.
[I 2025-12-02 18:37:20,319] Trial 7 finished with value: 0.3838027559801488 and parameters: {'max_iter': 172, 'learning_rate': 0.023117476650714334, 'max_depth': 3, 'min_samples_leaf': 1, 'l2_regularization': 0.6264249091215326}. Best is trial 7 with value: 0.3838027559801488.
[I 2025-12-02 18:37:21,055] Trial 8 finished with value: 0.3813294974282351 and parameters: {'max_iter': 63, 'learning_rate': 0.0729791779451682, 'max_depth': 2, 'min_samples_leaf': 3, 'l2_regularization': 0.7819383974379446}. Best is trial 7 with value: 0.3838027559801488.
[I 2025-12-02 18:37:23,182] Trial 9 finished with value: 0.36896994407917844 and parameters: {'max_iter': 104, 'learning_rate': 0.08210839596513396, 'max_depth': 5, 'min_samples_leaf': 14, 'l2_regularization': 0.2294334493392216}. Best is trial 7 with value: 0.3838027559801488.
[I 2025-12-02 18:37:25,734] Trial 10 finished with value: 0.37980899446535 and parameters: {'max_iter': 199, 'learning_rate': 0.028820921268850275, 'max_depth': 4, 'min_samples_leaf': 7, 'l2_regularization': 0.7105224774694652}. Best is trial 7 with value: 0.3838027559801488.
[I 2025-12-02 18:37:27,280] Trial 11 finished with value: 0.38457416654895205 and parameters: {'max_iter': 166, 'learning_rate': 0.009468679297272908, 'max_depth': 3, 'min_samples_leaf': 29, 'l2_regularization': 0.46453242820910806}. Best is trial 11 with value: 0.38457416654895205.
[I 2025-12-02 18:37:29,125] Trial 12 finished with value: 0.38454892690927434 and parameters: {'max_iter': 173, 'learning_rate': 0.009024044677505536, 'max_depth': 3, 'min_samples_leaf': 29, 'l2_regularization': 0.6058572888360761}. Best is trial 11 with value: 0.38457416654895205.
[I 2025-12-02 18:37:31,587] Trial 13 finished with value: 0.3844437001658297 and parameters: {'max_iter': 168, 'learning_rate': 0.01181600045636583, 'max_depth': 4, 'min_samples_leaf': 30, 'l2_regularization': 0.3718802083146775}. Best is trial 11 with value: 0.38457416654895205.
[I 2025-12-02 18:37:33,621] Trial 14 finished with value: 0.3754749950884532 and parameters: {'max_iter': 200, 'learning_rate': 0.05999296897792329, 'max_depth': 3, 'min_samples_leaf': 25, 'l2_regularization': 0.8467564698136947}. Best is trial 11 with value: 0.38457416654895205.
[I 2025-12-02 18:37:35,311] Trial 15 finished with value: 0.38129928842787136 and parameters: {'max_iter': 156, 'learning_rate': 0.033976405223266566, 'max_depth': 3, 'min_samples_leaf': 25, 'l2_regularization': 0.6168373665012572}. Best is trial 11 with value: 0.38457416654895205.
[I 2025-12-02 18:37:37,137] Trial 16 finished with value: 0.3861801034640231 and parameters: {'max_iter': 111, 'learning_rate': 0.009367353599932878, 'max_depth': 4, 'min_samples_leaf': 23, 'l2_regularization': 0.3278986642368435}. Best is trial 16 with value: 0.3861801034640231.
[I 2025-12-02 18:37:38,917] Trial 17 finished with value: 0.37694748858629934 and parameters: {'max_iter': 112, 'learning_rate': 0.05664222508977643, 'max_depth': 4, 'min_samples_leaf': 21, 'l2_regularization': 0.31051399655621403}. Best is trial 16 with value: 0.3861801034640231.
[I 2025-12-02 18:37:41,054] Trial 18 finished with value: 0.3748743075860665 and parameters: {'max_iter': 111, 'learning_rate': 0.04486208594986313, 'max_depth': 5, 'min_samples_leaf': 24, 'l2_regularization': 0.4028620814352159}. Best is trial 16 with value: 0.3861801034640231.
[I 2025-12-02 18:37:42,512] Trial 19 finished with value: 0.38458990252880676 and parameters: {'max_iter': 94, 'learning_rate': 0.026347764189872593, 'max_depth': 4, 'min_samples_leaf': 23, 'l2_regularization': 0.015430113628499942}. Best is trial 16 with value: 0.3861801034640231.
[I 2025-12-02 18:37:43,506] Trial 20 finished with value: 0.3859094500494007 and parameters: {'max_iter': 55, 'learning_rate': 0.02457477811429025, 'max_depth': 4, 'min_samples_leaf': 18, 'l2_regularization': 0.0667575465119653}. Best is trial 16 with value: 0.3861801034640231.
[I 2025-12-02 18:37:44,564] Trial 21 finished with value: 0.3846736194604325 and parameters: {'max_iter': 53, 'learning_rate': 0.0276030843756744, 'max_depth': 4, 'min_samples_leaf': 18, 'l2_regularization': 0.01402630902942685}. Best is trial 16 with value: 0.3861801034640231.
[I 2025-12-02 18:37:45,565] Trial 22 finished with value: 0.38609371627835354 and parameters: {'max_iter': 50, 'learning_rate': 0.032752981403072465, 'max_depth': 4, 'min_samples_leaf': 18, 'l2_regularization': 0.021528693074040317}. Best is trial 16 with value: 0.3861801034640231.
[I 2025-12-02 18:37:47,324] Trial 23 finished with value: 0.3813991472677726 and parameters: {'max_iter': 71, 'learning_rate': 0.0354323551283133, 'max_depth': 5, 'min_samples_leaf': 12, 'l2_regularization': 0.13569035683881778}. Best is trial 16 with value: 0.3861801034640231.
[I 2025-12-02 18:37:48,421] Trial 24 finished with value: 0.3874148673785293 and parameters: {'max_iter': 55, 'learning_rate': 0.019360428697415707, 'max_depth': 4, 'min_samples_leaf': 22, 'l2_regularization': 0.0769995731152801}. Best is trial 24 with value: 0.3874148673785293.
[I 2025-12-02 18:37:49,842] Trial 25 finished with value: 0.3852899352214085 and parameters: {'max_iter': 81, 'learning_rate': 0.017919709505307732, 'max_depth': 4, 'min_samples_leaf': 22, 'l2_regularization': 0.18991355452946895}. Best is trial 24 with value: 0.3874148673785293.
[I 2025-12-02 18:37:51,001] Trial 26 finished with value: 0.38085363722842713 and parameters: {'max_iter': 50, 'learning_rate': 0.04895751521578656, 'max_depth': 5, 'min_samples_leaf': 26, 'l2_regularization': 0.3260688380900913}. Best is trial 24 with value: 0.3874148673785293.
[I 2025-12-02 18:37:52,041] Trial 27 finished with value: 0.3834782909175972 and parameters: {'max_iter': 66, 'learning_rate': 0.0666548633397985, 'max_depth': 4, 'min_samples_leaf': 17, 'l2_regularization': 0.08010454192632922}. Best is trial 24 with value: 0.3874148673785293.
[I 2025-12-02 18:37:53,603] Trial 28 finished with value: 0.3849746436300103 and parameters: {'max_iter': 92, 'learning_rate': 0.03252789579065803, 'max_depth': 4, 'min_samples_leaf': 9, 'l2_regularization': 0.18887538249938018}. Best is trial 24 with value: 0.3874148673785293.
[I 2025-12-02 18:37:56,102] Trial 29 finished with value: 0.3817663791958749 and parameters: {'max_iter': 122, 'learning_rate': 0.02033451797267813, 'max_depth': 5, 'min_samples_leaf': 27, 'l2_regularization': 0.2858504837167742}. Best is trial 24 with value: 0.3874148673785293.
[I 2025-12-02 18:37:56,723] A new study created in memory with name: histogram_gradient_boosting_fold_3
[I 2025-12-02 18:37:57,764] Trial 0 finished with value: 0.3802863537480596 and parameters: {'max_iter': 125, 'learning_rate': 0.03138762927127141, 'max_depth': 3, 'min_samples_leaf': 27, 'l2_regularization': 0.4401779413461444}. Best is trial 0 with value: 0.3802863537480596.
[I 2025-12-02 18:37:58,845] Trial 1 finished with value: 0.37408656223828773 and parameters: {'max_iter': 76, 'learning_rate': 0.0709471668112645, 'max_depth': 4, 'min_samples_leaf': 19, 'l2_regularization': 0.016939551598536218}. Best is trial 0 with value: 0.3802863537480596.
[I 2025-12-02 18:38:00,810] Trial 2 finished with value: 0.37426914331887595 and parameters: {'max_iter': 173, 'learning_rate': 0.06010785045997189, 'max_depth': 4, 'min_samples_leaf': 12, 'l2_regularization': 0.3327362612917305}. Best is trial 0 with value: 0.3802863537480596.
[I 2025-12-02 18:38:02,860] Trial 3 finished with value: 0.37261728414927753 and parameters: {'max_iter': 138, 'learning_rate': 0.05178671748758137, 'max_depth': 4, 'min_samples_leaf': 12, 'l2_regularization': 0.6115828107176002}. Best is trial 0 with value: 0.3802863537480596.
[I 2025-12-02 18:38:03,610] Trial 4 finished with value: 0.38166605755419153 and parameters: {'max_iter': 64, 'learning_rate': 0.05946949800851205, 'max_depth': 2, 'min_samples_leaf': 30, 'l2_regularization': 0.606485371835082}. Best is trial 4 with value: 0.38166605755419153.
[I 2025-12-02 18:38:04,869] Trial 5 finished with value: 0.38116639935775887 and parameters: {'max_iter': 103, 'learning_rate': 0.029179793370672134, 'max_depth': 3, 'min_samples_leaf': 9, 'l2_regularization': 0.47113620597079764}. Best is trial 4 with value: 0.38166605755419153.
[I 2025-12-02 18:38:05,546] Trial 6 finished with value: 0.3813640353541363 and parameters: {'max_iter': 65, 'learning_rate': 0.026969462285734228, 'max_depth': 2, 'min_samples_leaf': 1, 'l2_regularization': 0.1734408624695114}. Best is trial 4 with value: 0.38166605755419153.
[I 2025-12-02 18:38:07,338] Trial 7 finished with value: 0.3730034157689678 and parameters: {'max_iter': 115, 'learning_rate': 0.04541366479190257, 'max_depth': 5, 'min_samples_leaf': 27, 'l2_regularization': 0.11091270526387464}. Best is trial 4 with value: 0.38166605755419153.
[I 2025-12-02 18:38:10,349] Trial 8 finished with value: 0.3679162973898533 and parameters: {'max_iter': 174, 'learning_rate': 0.058069102188511613, 'max_depth': 5, 'min_samples_leaf': 7, 'l2_regularization': 0.9784612119405924}. Best is trial 4 with value: 0.38166605755419153.
[I 2025-12-02 18:38:11,207] Trial 9 finished with value: 0.38003932282443414 and parameters: {'max_iter': 84, 'learning_rate': 0.05061296676355204, 'max_depth': 3, 'min_samples_leaf': 21, 'l2_regularization': 0.6320793443936275}. Best is trial 4 with value: 0.38166605755419153.
[I 2025-12-02 18:38:11,826] Trial 10 finished with value: 0.3767201050911544 and parameters: {'max_iter': 57, 'learning_rate': 0.0954344674828626, 'max_depth': 2, 'min_samples_leaf': 30, 'l2_regularization': 0.8255709095291792}. Best is trial 4 with value: 0.38166605755419153.
[I 2025-12-02 18:38:12,424] Trial 11 finished with value: 0.3783153775357096 and parameters: {'max_iter': 52, 'learning_rate': 0.013151808467559927, 'max_depth': 2, 'min_samples_leaf': 1, 'l2_regularization': 0.24954042814095295}. Best is trial 4 with value: 0.38166605755419153.
[I 2025-12-02 18:38:13,114] Trial 12 finished with value: 0.37971653877659567 and parameters: {'max_iter': 78, 'learning_rate': 0.0803392040894798, 'max_depth': 2, 'min_samples_leaf': 1, 'l2_regularization': 0.6493084581876711}. Best is trial 4 with value: 0.38166605755419153.
[I 2025-12-02 18:38:14,112] Trial 13 finished with value: 0.3814180594937241 and parameters: {'max_iter': 153, 'learning_rate': 0.013042128656704177, 'max_depth': 2, 'min_samples_leaf': 20, 'l2_regularization': 0.2218742980627193}. Best is trial 4 with value: 0.38166605755419153.
[I 2025-12-02 18:38:15,297] Trial 14 finished with value: 0.3818462965433149 and parameters: {'max_iter': 198, 'learning_rate': 0.011812849526629718, 'max_depth': 2, 'min_samples_leaf': 22, 'l2_regularization': 0.3552022964330346}. Best is trial 14 with value: 0.3818462965433149.
[I 2025-12-02 18:38:16,856] Trial 15 finished with value: 0.3728410450769012 and parameters: {'max_iter': 198, 'learning_rate': 0.07411029832646349, 'max_depth': 3, 'min_samples_leaf': 25, 'l2_regularization': 0.7472487617136994}. Best is trial 14 with value: 0.3818462965433149.
[I 2025-12-02 18:38:17,646] Trial 16 finished with value: 0.3823450078604371 and parameters: {'max_iter': 102, 'learning_rate': 0.03681064982052099, 'max_depth': 2, 'min_samples_leaf': 23, 'l2_regularization': 0.38726083643329207}. Best is trial 16 with value: 0.3823450078604371.
[I 2025-12-02 18:38:18,810] Trial 17 finished with value: 0.3816560729211006 and parameters: {'max_iter': 101, 'learning_rate': 0.0414973066297114, 'max_depth': 3, 'min_samples_leaf': 16, 'l2_regularization': 0.36740668092463546}. Best is trial 16 with value: 0.3823450078604371.
[I 2025-12-02 18:38:20,276] Trial 18 finished with value: 0.38176919151221533 and parameters: {'max_iter': 200, 'learning_rate': 0.009080249283745498, 'max_depth': 2, 'min_samples_leaf': 23, 'l2_regularization': 0.3413022936021421}. Best is trial 16 with value: 0.3823450078604371.
[I 2025-12-02 18:38:21,926] Trial 19 finished with value: 0.3807561780978934 and parameters: {'max_iter': 149, 'learning_rate': 0.022862687694971413, 'max_depth': 3, 'min_samples_leaf': 17, 'l2_regularization': 0.5387032233792479}. Best is trial 16 with value: 0.3823450078604371.
[I 2025-12-02 18:38:22,841] Trial 20 finished with value: 0.3815649422816268 and parameters: {'max_iter': 96, 'learning_rate': 0.03852858900304327, 'max_depth': 2, 'min_samples_leaf': 22, 'l2_regularization': 0.41629320885081905}. Best is trial 16 with value: 0.3823450078604371.
[I 2025-12-02 18:38:24,234] Trial 21 finished with value: 0.3811849769822867 and parameters: {'max_iter': 197, 'learning_rate': 0.009190131067379264, 'max_depth': 2, 'min_samples_leaf': 24, 'l2_regularization': 0.3153520188889538}. Best is trial 16 with value: 0.3823450078604371.
[I 2025-12-02 18:38:25,670] Trial 22 finished with value: 0.38245391503581605 and parameters: {'max_iter': 181, 'learning_rate': 0.017271684394091654, 'max_depth': 2, 'min_samples_leaf': 23, 'l2_regularization': 0.2987114129806564}. Best is trial 22 with value: 0.38245391503581605.
[I 2025-12-02 18:38:27,032] Trial 23 finished with value: 0.3822219784695352 and parameters: {'max_iter': 180, 'learning_rate': 0.018393225920630907, 'max_depth': 2, 'min_samples_leaf': 18, 'l2_regularization': 0.12214237064258499}. Best is trial 22 with value: 0.38245391503581605.
[I 2025-12-02 18:38:28,746] Trial 24 finished with value: 0.38149626222833866 and parameters: {'max_iter': 170, 'learning_rate': 0.02026173840277207, 'max_depth': 3, 'min_samples_leaf': 18, 'l2_regularization': 0.07026688297733386}. Best is trial 22 with value: 0.38245391503581605.
[I 2025-12-02 18:38:30,192] Trial 25 finished with value: 0.3808256674083661 and parameters: {'max_iter': 183, 'learning_rate': 0.034675529058538955, 'max_depth': 2, 'min_samples_leaf': 13, 'l2_regularization': 0.15234474620809496}. Best is trial 22 with value: 0.38245391503581605.
[I 2025-12-02 18:38:31,466] Trial 26 finished with value: 0.38094109155376477 and parameters: {'max_iter': 151, 'learning_rate': 0.02158185314208963, 'max_depth': 3, 'min_samples_leaf': 26, 'l2_regularization': 0.2295272505033567}. Best is trial 22 with value: 0.38245391503581605.
[I 2025-12-02 18:38:32,406] Trial 27 finished with value: 0.38214228804984884 and parameters: {'max_iter': 137, 'learning_rate': 0.017902991409275495, 'max_depth': 2, 'min_samples_leaf': 14, 'l2_regularization': 0.03921699162874831}. Best is trial 22 with value: 0.38245391503581605.
[I 2025-12-02 18:38:34,439] Trial 28 finished with value: 0.37443680964543447 and parameters: {'max_iter': 184, 'learning_rate': 0.03717790128047398, 'max_depth': 4, 'min_samples_leaf': 19, 'l2_regularization': 0.2864974364477797}. Best is trial 22 with value: 0.38245391503581605.
[I 2025-12-02 18:38:35,525] Trial 29 finished with value: 0.38153582389216345 and parameters: {'max_iter': 120, 'learning_rate': 0.030837631423240388, 'max_depth': 3, 'min_samples_leaf': 28, 'l2_regularization': 0.42639847010074494}. Best is trial 22 with value: 0.38245391503581605.
[I 2025-12-02 18:38:36,148] A new study created in memory with name: histogram_gradient_boosting_fold_4
[I 2025-12-02 18:38:38,247] Trial 0 finished with value: 0.3617772106638205 and parameters: {'max_iter': 190, 'learning_rate': 0.08467494766221086, 'max_depth': 4, 'min_samples_leaf': 13, 'l2_regularization': 0.6760570898758443}. Best is trial 0 with value: 0.3617772106638205.
[I 2025-12-02 18:38:39,605] Trial 1 finished with value: 0.36912992766426267 and parameters: {'max_iter': 109, 'learning_rate': 0.0730151524449416, 'max_depth': 4, 'min_samples_leaf': 11, 'l2_regularization': 0.13273611221731385}. Best is trial 1 with value: 0.36912992766426267.
[I 2025-12-02 18:38:40,921] Trial 2 finished with value: 0.3703153148781403 and parameters: {'max_iter': 103, 'learning_rate': 0.08962171647087808, 'max_depth': 4, 'min_samples_leaf': 10, 'l2_regularization': 0.4974387764491318}. Best is trial 2 with value: 0.3703153148781403.
[I 2025-12-02 18:38:42,072] Trial 3 finished with value: 0.37308901018566937 and parameters: {'max_iter': 189, 'learning_rate': 0.09266223220680549, 'max_depth': 2, 'min_samples_leaf': 17, 'l2_regularization': 0.039296135494089945}. Best is trial 3 with value: 0.37308901018566937.
[I 2025-12-02 18:38:43,943] Trial 4 finished with value: 0.3732272765530679 and parameters: {'max_iter': 164, 'learning_rate': 0.03218722175181356, 'max_depth': 4, 'min_samples_leaf': 8, 'l2_regularization': 0.09485541785977836}. Best is trial 4 with value: 0.3732272765530679.
[I 2025-12-02 18:38:44,899] Trial 5 finished with value: 0.37814918968796213 and parameters: {'max_iter': 142, 'learning_rate': 0.07126498685521748, 'max_depth': 2, 'min_samples_leaf': 7, 'l2_regularization': 0.6018937200698594}. Best is trial 5 with value: 0.37814918968796213.
[I 2025-12-02 18:38:45,650] Trial 6 finished with value: 0.37907058356652634 and parameters: {'max_iter': 62, 'learning_rate': 0.021410452990770795, 'max_depth': 3, 'min_samples_leaf': 8, 'l2_regularization': 0.014278262090083094}. Best is trial 6 with value: 0.37907058356652634.
[I 2025-12-02 18:38:47,809] Trial 7 finished with value: 0.37113804314246523 and parameters: {'max_iter': 145, 'learning_rate': 0.04532561585934174, 'max_depth': 5, 'min_samples_leaf': 29, 'l2_regularization': 0.23404894483334482}. Best is trial 6 with value: 0.37907058356652634.
[I 2025-12-02 18:38:48,724] Trial 8 finished with value: 0.3770355859139206 and parameters: {'max_iter': 135, 'learning_rate': 0.07451964957535825, 'max_depth': 2, 'min_samples_leaf': 4, 'l2_regularization': 0.6883241364318715}. Best is trial 6 with value: 0.37907058356652634.
[I 2025-12-02 18:38:51,089] Trial 9 finished with value: 0.3760211249316429 and parameters: {'max_iter': 137, 'learning_rate': 0.011538751187809027, 'max_depth': 5, 'min_samples_leaf': 11, 'l2_regularization': 0.7049799418696473}. Best is trial 6 with value: 0.37907058356652634.
[I 2025-12-02 18:38:52,039] Trial 10 finished with value: 0.3785105101365839 and parameters: {'max_iter': 69, 'learning_rate': 0.009319908143202485, 'max_depth': 3, 'min_samples_leaf': 20, 'l2_regularization': 0.9929104973453962}. Best is trial 6 with value: 0.37907058356652634.
[I 2025-12-02 18:38:52,772] Trial 11 finished with value: 0.37696262369756506 and parameters: {'max_iter': 50, 'learning_rate': 0.009806202828502718, 'max_depth': 3, 'min_samples_leaf': 21, 'l2_regularization': 0.9944192745383202}. Best is trial 6 with value: 0.37907058356652634.
[I 2025-12-02 18:38:53,510] Trial 12 finished with value: 0.38087578745586687 and parameters: {'max_iter': 55, 'learning_rate': 0.02696234750216946, 'max_depth': 3, 'min_samples_leaf': 21, 'l2_regularization': 0.9976255564511098}. Best is trial 12 with value: 0.38087578745586687.
[I 2025-12-02 18:38:54,449] Trial 13 finished with value: 0.3792225490498148 and parameters: {'max_iter': 78, 'learning_rate': 0.029383926568675785, 'max_depth': 3, 'min_samples_leaf': 1, 'l2_regularization': 0.3520169774640034}. Best is trial 12 with value: 0.38087578745586687.
[I 2025-12-02 18:38:55,475] Trial 14 finished with value: 0.3782481330708457 and parameters: {'max_iter': 91, 'learning_rate': 0.04439976055164832, 'max_depth': 3, 'min_samples_leaf': 26, 'l2_regularization': 0.3531550828034147}. Best is trial 12 with value: 0.38087578745586687.
[I 2025-12-02 18:38:56,338] Trial 15 finished with value: 0.3794972491700327 and parameters: {'max_iter': 78, 'learning_rate': 0.03014400105712194, 'max_depth': 3, 'min_samples_leaf': 1, 'l2_regularization': 0.8302492716940217}. Best is trial 12 with value: 0.38087578745586687.
[I 2025-12-02 18:38:57,166] Trial 16 finished with value: 0.3792323755920543 and parameters: {'max_iter': 87, 'learning_rate': 0.05518764075499039, 'max_depth': 2, 'min_samples_leaf': 23, 'l2_regularization': 0.8520538708441758}. Best is trial 12 with value: 0.38087578745586687.
[I 2025-12-02 18:38:58,194] Trial 17 finished with value: 0.37907868142165935 and parameters: {'max_iter': 109, 'learning_rate': 0.036463028635009415, 'max_depth': 3, 'min_samples_leaf': 16, 'l2_regularization': 0.8426075591072015}. Best is trial 12 with value: 0.38087578745586687.
[I 2025-12-02 18:38:59,048] Trial 18 finished with value: 0.3761297127102974 and parameters: {'max_iter': 55, 'learning_rate': 0.05713308392932685, 'max_depth': 4, 'min_samples_leaf': 25, 'l2_regularization': 0.8594350095725809}. Best is trial 12 with value: 0.38087578745586687.
[I 2025-12-02 18:38:59,722] Trial 19 finished with value: 0.38019648691979513 and parameters: {'max_iter': 72, 'learning_rate': 0.023382773906482524, 'max_depth': 2, 'min_samples_leaf': 18, 'l2_regularization': 0.9085186697293}. Best is trial 12 with value: 0.38087578745586687.
