[I 2025-12-02 18:39:00,597] Trial 20 finished with value: 0.3790383325553172 and parameters: {'max_iter': 119, 'learning_rate': 0.024311598116981255, 'max_depth': 2, 'min_samples_leaf': 18, 'l2_regularization': 0.9261561791881281}. Best is trial 12 with value: 0.38087578745586687.
[I 2025-12-02 18:39:01,288] Trial 21 finished with value: 0.38025127021173366 and parameters: {'max_iter': 73, 'learning_rate': 0.019308833195665114, 'max_depth': 2, 'min_samples_leaf': 20, 'l2_regularization': 0.7927744264675798}. Best is trial 12 with value: 0.38087578745586687.
[I 2025-12-02 18:39:01,952] Trial 22 finished with value: 0.3798167286792338 and parameters: {'max_iter': 69, 'learning_rate': 0.019161111700429372, 'max_depth': 2, 'min_samples_leaf': 21, 'l2_regularization': 0.7711616442867233}. Best is trial 12 with value: 0.38087578745586687.
[I 2025-12-02 18:39:02,701] Trial 23 finished with value: 0.3779621761690395 and parameters: {'max_iter': 91, 'learning_rate': 0.038144517389964036, 'max_depth': 2, 'min_samples_leaf': 14, 'l2_regularization': 0.9318777213383195}. Best is trial 12 with value: 0.38087578745586687.
[I 2025-12-02 18:39:03,360] Trial 24 finished with value: 0.378178192303711 and parameters: {'max_iter': 51, 'learning_rate': 0.01885781872857468, 'max_depth': 2, 'min_samples_leaf': 19, 'l2_regularization': 0.5265777663578051}. Best is trial 12 with value: 0.38087578745586687.
[I 2025-12-02 18:39:04,046] Trial 25 finished with value: 0.37901694036045974 and parameters: {'max_iter': 74, 'learning_rate': 0.04135989957861498, 'max_depth': 2, 'min_samples_leaf': 23, 'l2_regularization': 0.9270114524547856}. Best is trial 12 with value: 0.38087578745586687.
[I 2025-12-02 18:39:04,868] Trial 26 finished with value: 0.3808981564223267 and parameters: {'max_iter': 63, 'learning_rate': 0.05011163977659316, 'max_depth': 3, 'min_samples_leaf': 28, 'l2_regularization': 0.76209322562954}. Best is trial 26 with value: 0.3808981564223267.
[I 2025-12-02 18:39:05,615] Trial 27 finished with value: 0.3787909674256406 and parameters: {'max_iter': 61, 'learning_rate': 0.06378540108507166, 'max_depth': 3, 'min_samples_leaf': 29, 'l2_regularization': 0.781992650323193}. Best is trial 26 with value: 0.3808981564223267.
[I 2025-12-02 18:39:06,552] Trial 28 finished with value: 0.37490963564496055 and parameters: {'max_iter': 96, 'learning_rate': 0.06267853790773097, 'max_depth': 3, 'min_samples_leaf': 27, 'l2_regularization': 0.6071617852496598}. Best is trial 26 with value: 0.3808981564223267.
[I 2025-12-02 18:39:07,473] Trial 29 finished with value: 0.37795014177686165 and parameters: {'max_iter': 61, 'learning_rate': 0.04789698381217007, 'max_depth': 4, 'min_samples_leaf': 24, 'l2_regularization': 0.7741923540181075}. Best is trial 26 with value: 0.3808981564223267.
[I 2025-12-02 18:39:08,026] A new study created in memory with name: histogram_gradient_boosting_fold_5
[I 2025-12-02 18:39:09,539] Trial 0 finished with value: 0.3690406386803087 and parameters: {'max_iter': 200, 'learning_rate': 0.0909898766405103, 'max_depth': 3, 'min_samples_leaf': 14, 'l2_regularization': 0.5178963983794157}. Best is trial 0 with value: 0.3690406386803087.
[I 2025-12-02 18:39:10,833] Trial 1 finished with value: 0.38307506070938435 and parameters: {'max_iter': 155, 'learning_rate': 0.012166077416760712, 'max_depth': 3, 'min_samples_leaf': 27, 'l2_regularization': 0.8276532967170095}. Best is trial 1 with value: 0.38307506070938435.
[I 2025-12-02 18:39:12,840] Trial 2 finished with value: 0.36682887633039 and parameters: {'max_iter': 184, 'learning_rate': 0.08958958705078905, 'max_depth': 4, 'min_samples_leaf': 29, 'l2_regularization': 0.15611361642876953}. Best is trial 1 with value: 0.38307506070938435.
[I 2025-12-02 18:39:14,372] Trial 3 finished with value: 0.3766613345152786 and parameters: {'max_iter': 87, 'learning_rate': 0.05983224820126176, 'max_depth': 5, 'min_samples_leaf': 29, 'l2_regularization': 0.34592640230611704}. Best is trial 1 with value: 0.38307506070938435.
[I 2025-12-02 18:39:15,040] Trial 4 finished with value: 0.38035286700601956 and parameters: {'max_iter': 64, 'learning_rate': 0.08397622153002228, 'max_depth': 2, 'min_samples_leaf': 17, 'l2_regularization': 0.47138980456139834}. Best is trial 1 with value: 0.38307506070938435.
[I 2025-12-02 18:39:15,809] Trial 5 finished with value: 0.38144639852954965 and parameters: {'max_iter': 84, 'learning_rate': 0.07644861616139502, 'max_depth': 2, 'min_samples_leaf': 6, 'l2_regularization': 0.37430520558294234}. Best is trial 1 with value: 0.38307506070938435.
[I 2025-12-02 18:39:17,243] Trial 6 finished with value: 0.3741157007776085 and parameters: {'max_iter': 81, 'learning_rate': 0.08681937621495583, 'max_depth': 4, 'min_samples_leaf': 7, 'l2_regularization': 0.43255493773518816}. Best is trial 1 with value: 0.38307506070938435.
[I 2025-12-02 18:39:18,191] Trial 7 finished with value: 0.38055702535075414 and parameters: {'max_iter': 105, 'learning_rate': 0.058136009681549444, 'max_depth': 2, 'min_samples_leaf': 21, 'l2_regularization': 0.7558189332374456}. Best is trial 1 with value: 0.38307506070938435.
[I 2025-12-02 18:39:20,398] Trial 8 finished with value: 0.3799467646715527 and parameters: {'max_iter': 157, 'learning_rate': 0.030003176865132743, 'max_depth': 4, 'min_samples_leaf': 23, 'l2_regularization': 0.20503729193756892}. Best is trial 1 with value: 0.38307506070938435.
[I 2025-12-02 18:39:22,692] Trial 9 finished with value: 0.3756922217209951 and parameters: {'max_iter': 118, 'learning_rate': 0.039107221554796005, 'max_depth': 5, 'min_samples_leaf': 10, 'l2_regularization': 0.7307579793205062}. Best is trial 1 with value: 0.38307506070938435.
[I 2025-12-02 18:39:23,981] Trial 10 finished with value: 0.3862474253945115 and parameters: {'max_iter': 150, 'learning_rate': 0.02017139800038836, 'max_depth': 3, 'min_samples_leaf': 1, 'l2_regularization': 0.9583992518358692}. Best is trial 10 with value: 0.3862474253945115.
[I 2025-12-02 18:39:25,350] Trial 11 finished with value: 0.3838281270526117 and parameters: {'max_iter': 148, 'learning_rate': 0.009217791575221184, 'max_depth': 3, 'min_samples_leaf': 2, 'l2_regularization': 0.9805820710162246}. Best is trial 10 with value: 0.3862474253945115.
[I 2025-12-02 18:39:26,650] Trial 12 finished with value: 0.38446070567300594 and parameters: {'max_iter': 147, 'learning_rate': 0.010018235787916201, 'max_depth': 3, 'min_samples_leaf': 1, 'l2_regularization': 0.9811649001349065}. Best is trial 10 with value: 0.3862474253945115.
[I 2025-12-02 18:39:27,884] Trial 13 finished with value: 0.38413581839496436 and parameters: {'max_iter': 142, 'learning_rate': 0.026086251935226804, 'max_depth': 3, 'min_samples_leaf': 1, 'l2_regularization': 0.9781980981016241}. Best is trial 10 with value: 0.3862474253945115.
[I 2025-12-02 18:39:29,363] Trial 14 finished with value: 0.3859605930786649 and parameters: {'max_iter': 169, 'learning_rate': 0.021059105734298315, 'max_depth': 3, 'min_samples_leaf': 6, 'l2_regularization': 0.6149233487723005}. Best is trial 10 with value: 0.3862474253945115.
[I 2025-12-02 18:39:31,491] Trial 15 finished with value: 0.3775412084172967 and parameters: {'max_iter': 174, 'learning_rate': 0.04023423039780001, 'max_depth': 4, 'min_samples_leaf': 8, 'l2_regularization': 0.6291167591639268}. Best is trial 10 with value: 0.3862474253945115.
[I 2025-12-02 18:39:32,364] Trial 16 finished with value: 0.3827146083532658 and parameters: {'max_iter': 124, 'learning_rate': 0.02387022568146533, 'max_depth': 2, 'min_samples_leaf': 12, 'l2_regularization': 0.6173458952347827}. Best is trial 10 with value: 0.3862474253945115.
[I 2025-12-02 18:39:33,807] Trial 17 finished with value: 0.37733280976743083 and parameters: {'max_iter': 178, 'learning_rate': 0.047096544987588, 'max_depth': 3, 'min_samples_leaf': 5, 'l2_regularization': 0.836127135842453}. Best is trial 10 with value: 0.3862474253945115.
[I 2025-12-02 18:39:35,684] Trial 18 finished with value: 0.38217028303929823 and parameters: {'max_iter': 167, 'learning_rate': 0.019785556071355348, 'max_depth': 4, 'min_samples_leaf': 4, 'l2_regularization': 0.5899693707536192}. Best is trial 10 with value: 0.3862474253945115.
[I 2025-12-02 18:39:36,703] Trial 19 finished with value: 0.38391311227223573 and parameters: {'max_iter': 189, 'learning_rate': 0.03449580202594577, 'max_depth': 2, 'min_samples_leaf': 10, 'l2_regularization': 0.002543961804131689}. Best is trial 10 with value: 0.3862474253945115.
[I 2025-12-02 18:39:37,795] Trial 20 finished with value: 0.3742567058779828 and parameters: {'max_iter': 134, 'learning_rate': 0.06573513058388694, 'max_depth': 3, 'min_samples_leaf': 18, 'l2_regularization': 0.8527977487878232}. Best is trial 10 with value: 0.3862474253945115.
[I 2025-12-02 18:39:38,954] Trial 21 finished with value: 0.3851014827965166 and parameters: {'max_iter': 136, 'learning_rate': 0.017036714549606993, 'max_depth': 3, 'min_samples_leaf': 2, 'l2_regularization': 0.9162022925725123}. Best is trial 10 with value: 0.3862474253945115.
[I 2025-12-02 18:39:40,350] Trial 22 finished with value: 0.38620089493145815 and parameters: {'max_iter': 162, 'learning_rate': 0.01898125937044336, 'max_depth': 3, 'min_samples_leaf': 4, 'l2_regularization': 0.9033977517789219}. Best is trial 10 with value: 0.3862474253945115.
[I 2025-12-02 18:39:41,861] Trial 23 finished with value: 0.377598830137381 and parameters: {'max_iter': 164, 'learning_rate': 0.0486144968077225, 'max_depth': 3, 'min_samples_leaf': 4, 'l2_regularization': 0.7074646391669461}. Best is trial 10 with value: 0.3862474253945115.
[I 2025-12-02 18:39:43,371] Trial 24 finished with value: 0.3829035843255286 and parameters: {'max_iter': 112, 'learning_rate': 0.030922777666021542, 'max_depth': 4, 'min_samples_leaf': 9, 'l2_regularization': 0.8764821585562893}. Best is trial 10 with value: 0.3862474253945115.
[I 2025-12-02 18:39:44,846] Trial 25 finished with value: 0.38587827135971303 and parameters: {'max_iter': 166, 'learning_rate': 0.021272151150200043, 'max_depth': 3, 'min_samples_leaf': 4, 'l2_regularization': 0.7350969619863172}. Best is trial 10 with value: 0.3862474253945115.
[I 2025-12-02 18:39:45,981] Trial 26 finished with value: 0.38350801906728316 and parameters: {'max_iter': 197, 'learning_rate': 0.016987773826722025, 'max_depth': 2, 'min_samples_leaf': 13, 'l2_regularization': 0.9263303106768701}. Best is trial 10 with value: 0.3862474253945115.
[I 2025-12-02 18:39:47,326] Trial 27 finished with value: 0.3835693281138509 and parameters: {'max_iter': 132, 'learning_rate': 0.03778313603046749, 'max_depth': 3, 'min_samples_leaf': 7, 'l2_regularization': 0.7673646258669157}. Best is trial 10 with value: 0.3862474253945115.
[I 2025-12-02 18:39:49,561] Trial 28 finished with value: 0.3749302478957824 and parameters: {'max_iter': 156, 'learning_rate': 0.044732169923248064, 'max_depth': 4, 'min_samples_leaf': 3, 'l2_regularization': 0.6808311621222713}. Best is trial 10 with value: 0.3862474253945115.
[I 2025-12-02 18:39:51,118] Trial 29 finished with value: 0.3691403023138664 and parameters: {'max_iter': 194, 'learning_rate': 0.0969482179206119, 'max_depth': 3, 'min_samples_leaf': 15, 'l2_regularization': 0.5565778445046592}. Best is trial 10 with value: 0.3862474253945115.
Saved Optuna plots to results/20251202_174216_ana_optimized_multiclass_less/xgboost/optuna_plots
Fold 3
Importâncias dos parâmetros para fold 3: {'min_child_weight': np.float64(0.3301237225913046), 'gamma': np.float64(0.29036730354765816), 'n_estimators': np.float64(0.14123470957427228), 'reg_alpha': np.float64(0.12137981482735123), 'learning_rate': np.float64(0.043495368711003055), 'reg_lambda': np.float64(0.02727716355510553), 'subsample': np.float64(0.019415917905083502), 'max_depth': np.float64(0.015583915233101653), 'colsample_bytree': np.float64(0.011122084055119948)}
Saved Optuna plots to results/20251202_174216_ana_optimized_multiclass_less/xgboost/optuna_plots
Fold 4
Importâncias dos parâmetros para fold 4: {'gamma': np.float64(0.5875269121155635), 'learning_rate': np.float64(0.20411777738597922), 'min_child_weight': np.float64(0.1424167752891215), 'n_estimators': np.float64(0.021663084930234503), 'reg_alpha': np.float64(0.014472785088594103), 'max_depth': np.float64(0.01363109893736789), 'colsample_bytree': np.float64(0.007194180663933509), 'reg_lambda': np.float64(0.00467629301898663), 'subsample': np.float64(0.004301092570219076)}
Saved Optuna plots to results/20251202_174216_ana_optimized_multiclass_less/xgboost/optuna_plots
Fold 5
Importâncias dos parâmetros para fold 5: {'reg_lambda': np.float64(0.24098525500047752), 'colsample_bytree': np.float64(0.232992445870064), 'gamma': np.float64(0.17706267473950307), 'learning_rate': np.float64(0.1330457813999465), 'min_child_weight': np.float64(0.08184414159961272), 'reg_alpha': np.float64(0.06176884704769432), 'subsample': np.float64(0.039558860556404916), 'max_depth': np.float64(0.018456196553802404), 'n_estimators': np.float64(0.014285797232494605)}
Saved Optuna plots to results/20251202_174216_ana_optimized_multiclass_less/xgboost/optuna_plots

Nested CV completed. The 20% holdout set (3536 samples) remains untouched.
This holdout set can be used for final unbiased evaluation.

Training and evaluating 5 best parameter sets on holdout data...
Testing with 4 balancing strategies: none, randomundersampler, smoteenn, tomeklinks

Evaluating fold 1 best params on holdout set...
  - Testing with balance strategy: none
  - Testing with balance strategy: randomundersampler
  - Testing with balance strategy: smoteenn
  - Testing with balance strategy: tomeklinks

Evaluating fold 2 best params on holdout set...
  - Testing with balance strategy: none
  - Testing with balance strategy: randomundersampler
  - Testing with balance strategy: smoteenn
  - Testing with balance strategy: tomeklinks

Evaluating fold 3 best params on holdout set...
  - Testing with balance strategy: none
  - Testing with balance strategy: randomundersampler
  - Testing with balance strategy: smoteenn
  - Testing with balance strategy: tomeklinks

Evaluating fold 4 best params on holdout set...
  - Testing with balance strategy: none
  - Testing with balance strategy: randomundersampler
  - Testing with balance strategy: smoteenn
  - Testing with balance strategy: tomeklinks

Evaluating fold 5 best params on holdout set...
  - Testing with balance strategy: none
  - Testing with balance strategy: randomundersampler
  - Testing with balance strategy: smoteenn
  - Testing with balance strategy: tomeklinks
Saving optimization and holdout results...
Detailed results by fold saved to: ./results/20251202_174216_ana_optimized_multiclass_less/xgboost/detailed_results_by_fold.txt
Test predictions for all folds saved to: ./results/20251202_174216_ana_optimized_multiclass_less/xgboost/metrics.json
Saving holdout results...
Holdout evaluation results saved to: ./results/20251202_174216_ana_optimized_multiclass_less/xgboost/holdout_results.txt
Saved!
[OK] XGBoost executado com sucesso!

CONFIGURAÇÃO DO EXPERIMENTO (OTIMIZAÇÃO):
  Modelo: Histogram Gradient Boosting
  Trials: 30
  Tipo: multiclass
  Parâmetros: Reduzido
  Balanceamento: none
================================================================================
EXECUTANDO MODELO: Histogram Gradient Boosting
================================================================================

Starting Nested Cross-Validation for histogram_gradient_boosting...
Configuration: 5 outer folds, 30 trials per fold
Performing 80/20 holdout split...
Holdout split completed:
  - Training set: 14140 samples (80%)
  - Holdout test set: 3536 samples (20%)
Fold 1
Importâncias dos parâmetros para fold 1: {'max_iter': np.float64(0.42691847183230003), 'learning_rate': np.float64(0.3506587705535749), 'l2_regularization': np.float64(0.1083391227126819), 'max_depth': np.float64(0.07863414340418856), 'min_samples_leaf': np.float64(0.035449491497254654)}
Saved Optuna plots to results/20251202_174216_ana_optimized_multiclass_less/histogram_gradient_boosting/optuna_plots
Fold 2
Importâncias dos parâmetros para fold 2: {'learning_rate': np.float64(0.8187633962642535), 'max_iter': np.float64(0.10013109048326548), 'l2_regularization': np.float64(0.03207552888945219), 'min_samples_leaf': np.float64(0.028349882389725814), 'max_depth': np.float64(0.020680101973303118)}
Saved Optuna plots to results/20251202_174216_ana_optimized_multiclass_less/histogram_gradient_boosting/optuna_plots
Fold 3
Importâncias dos parâmetros para fold 3: {'max_depth': np.float64(0.6545707266942699), 'learning_rate': np.float64(0.14865980391103947), 'l2_regularization': np.float64(0.13844738824884814), 'min_samples_leaf': np.float64(0.03444448573124391), 'max_iter': np.float64(0.023877595414598624)}
Saved Optuna plots to results/20251202_174216_ana_optimized_multiclass_less/histogram_gradient_boosting/optuna_plots
Fold 4
Importâncias dos parâmetros para fold 4: {'max_iter': np.float64(0.38591833594991953), 'learning_rate': np.float64(0.27011550901926984), 'l2_regularization': np.float64(0.16957711188069766), 'max_depth': np.float64(0.16153414179051342), 'min_samples_leaf': np.float64(0.01285490135959952)}
Saved Optuna plots to results/20251202_174216_ana_optimized_multiclass_less/histogram_gradient_boosting/optuna_plots
Fold 5
Importâncias dos parâmetros para fold 5: {'learning_rate': np.float64(0.8315955090820147), 'max_iter': np.float64(0.08220604979120852), 'max_depth': np.float64(0.06066640234960356), 'min_samples_leaf': np.float64(0.014259582823992138), 'l2_regularization': np.float64(0.011272455953180988)}
Saved Optuna plots to results/20251202_174216_ana_optimized_multiclass_less/histogram_gradient_boosting/optuna_plots

Nested CV completed. The 20% holdout set (3536 samples) remains untouched.
This holdout set can be used for final unbiased evaluation.

Training and evaluating 5 best parameter sets on holdout data...
Testing with 4 balancing strategies: none, randomundersampler, smoteenn, tomeklinks

Evaluating fold 1 best params on holdout set...
  - Testing with balance strategy: none
  - Testing with balance strategy: randomundersampler
  - Testing with balance strategy: smoteenn
  - Testing with balance strategy: tomeklinks

Evaluating fold 2 best params on holdout set...
  - Testing with balance strategy: none
  - Testing with balance strategy: randomundersampler
  - Testing with balance strategy: smoteenn
  - Testing with balance strategy: tomeklinks

Evaluating fold 3 best params on holdout set...
  - Testing with balance strategy: none
  - Testing with balance strategy: randomundersampler
  - Testing with balance strategy: smoteenn
  - Testing with balance strategy: tomeklinks

Evaluating fold 4 best params on holdout set...
  - Testing with balance strategy: none
  - Testing with balance strategy: randomundersampler
  - Testing with balance strategy: smoteenn
  - Testing with balance strategy: tomeklinks

Evaluating fold 5 best params on holdout set...
  - Testing with balance strategy: none
  - Testing with balance strategy: randomundersampler
  - Testing with balance strategy: smoteenn
  - Testing with balance strategy: tomeklinks
Saving optimization and holdout results...
Detailed results by fold saved to: ./results/20251202_174216_ana_optimized_multiclass_less/histogram_gradient_boosting/detailed_results_by_fold.txt
Test predictions for all folds saved to: ./results/20251202_174216_ana_optimized_multiclass_less/histogram_gradient_boosting/metrics.json
Saving holdout results...
Holdout evaluation results saved to: ./results/20251202_174216_ana_optimized_multiclass_less/histogram_gradient_boosting/holdout_results.txt
Saved!
[OK] Histogram Gradient Boosting executado com sucesso!

EXPERIMENTO CONCLUÍDO!
