[I 2025-12-02 18:00:31,703] Trial 1 finished with value: 0.3845737432665393 and parameters: {'n_estimators': 350, 'learning_rate': 0.0466584407386956, 'max_depth': 2, 'min_child_weight': 6, 'subsample': 0.9401095415467915, 'colsample_bytree': 0.5196847524230342, 'reg_alpha': 0.16925296751357255, 'reg_lambda': 1.6890849805393517, 'gamma': 0.0}. Best is trial 0 with value: 0.3867678698601534.
[I 2025-12-02 18:00:58,225] Trial 2 finished with value: 0.38714889170511546 and parameters: {'n_estimators': 800, 'learning_rate': 0.020799170186286034, 'max_depth': 12, 'min_child_weight': 1, 'subsample': 0.9461023145461374, 'colsample_bytree': 0.4212164922236668, 'reg_alpha': 0.8321899336717071, 'reg_lambda': 5.554316562829297, 'gamma': 1.0}. Best is trial 2 with value: 0.38714889170511546.
[I 2025-12-02 18:01:04,184] Trial 3 finished with value: 0.3851413412512562 and parameters: {'n_estimators': 150, 'learning_rate': 0.06469068503184118, 'max_depth': 2, 'min_child_weight': 10, 'subsample': 0.9550149039708591, 'colsample_bytree': 0.44592228847049337, 'reg_alpha': 0.3426075581861141, 'reg_lambda': 5.52311759228831, 'gamma': 2.0}. Best is trial 2 with value: 0.38714889170511546.
[I 2025-12-02 18:01:19,396] Trial 4 finished with value: 0.383300757285435 and parameters: {'n_estimators': 500, 'learning_rate': 0.0652565295642513, 'max_depth': 16, 'min_child_weight': 4, 'subsample': 0.9330424874654908, 'colsample_bytree': 0.40836620243285326, 'reg_alpha': 0.9807423650466944, 'reg_lambda': 2.967194724512436, 'gamma': 1.0}. Best is trial 2 with value: 0.38714889170511546.
[I 2025-12-02 18:01:41,085] Trial 5 finished with value: 0.3872050800227252 and parameters: {'n_estimators': 700, 'learning_rate': 0.024899836045323753, 'max_depth': 16, 'min_child_weight': 8, 'subsample': 0.962330067324686, 'colsample_bytree': 0.5517568210149932, 'reg_alpha': 0.052549722474145466, 'reg_lambda': 4.365807815507405, 'gamma': 2.0}. Best is trial 5 with value: 0.3872050800227252.
[I 2025-12-02 18:01:49,053] Trial 6 finished with value: 0.38704135860281286 and parameters: {'n_estimators': 250, 'learning_rate': 0.0992865917456589, 'max_depth': 18, 'min_child_weight': 6, 'subsample': 0.9621383028377357, 'colsample_bytree': 0.5386031607950519, 'reg_alpha': 0.9305864327113734, 'reg_lambda': 6.871424460417552, 'gamma': 3.0}. Best is trial 5 with value: 0.3872050800227252.
[I 2025-12-02 18:02:08,594] Trial 7 finished with value: 0.38664364307795984 and parameters: {'n_estimators': 850, 'learning_rate': 0.050499471737797626, 'max_depth': 8, 'min_child_weight': 3, 'subsample': 0.902546387953927, 'colsample_bytree': 0.4255781768043966, 'reg_alpha': 0.06164518859714596, 'reg_lambda': 5.348320026427215, 'gamma': 3.0}. Best is trial 5 with value: 0.3872050800227252.
[I 2025-12-02 18:02:17,940] Trial 8 finished with value: 0.38448026625587167 and parameters: {'n_estimators': 250, 'learning_rate': 0.03712800567229382, 'max_depth': 2, 'min_child_weight': 3, 'subsample': 0.9558254294011342, 'colsample_bytree': 0.41077509444101146, 'reg_alpha': 0.4378494602783062, 'reg_lambda': 8.73311266898411, 'gamma': 2.0}. Best is trial 5 with value: 0.3872050800227252.
[I 2025-12-02 18:02:39,549] Trial 9 finished with value: 0.3823965932347421 and parameters: {'n_estimators': 950, 'learning_rate': 0.06169675966952507, 'max_depth': 20, 'min_child_weight': 10, 'subsample': 0.9909308189616104, 'colsample_bytree': 0.4352397138225662, 'reg_alpha': 0.22863149162665686, 'reg_lambda': 1.012631171993474, 'gamma': 1.0}. Best is trial 5 with value: 0.3872050800227252.
[I 2025-12-02 18:03:01,738] Trial 10 finished with value: 0.38820718743091265 and parameters: {'n_estimators': 700, 'learning_rate': 0.010143989815446022, 'max_depth': 14, 'min_child_weight': 7, 'subsample': 0.975578340947839, 'colsample_bytree': 0.5826591321878547, 'reg_alpha': 0.6078055667570398, 'reg_lambda': 3.5083104813211596, 'gamma': 3.0}. Best is trial 10 with value: 0.38820718743091265.
[I 2025-12-02 18:03:15,759] Trial 11 finished with value: 0.3852198950103515 and parameters: {'n_estimators': 700, 'learning_rate': 0.009050712431740935, 'max_depth': 14, 'min_child_weight': 8, 'subsample': 0.9774427726961085, 'colsample_bytree': 0.5998689575046131, 'reg_alpha': 0.6740000385404789, 'reg_lambda': 2.940613477844477, 'gamma': 5.0}. Best is trial 10 with value: 0.38820718743091265.
[I 2025-12-02 18:03:23,066] Trial 12 finished with value: 0.3869387717668795 and parameters: {'n_estimators': 700, 'learning_rate': 0.025536404080047537, 'max_depth': 14, 'min_child_weight': 8, 'subsample': 0.9714694050850199, 'colsample_bytree': 0.5891914618275635, 'reg_alpha': 0.6357446061271949, 'reg_lambda': 3.539277816549473, 'gamma': 4.0}. Best is trial 10 with value: 0.38820718743091265.
[I 2025-12-02 18:03:38,696] Trial 13 finished with value: 0.3870218865769387 and parameters: {'n_estimators': 650, 'learning_rate': 0.009493746182639493, 'max_depth': 10, 'min_child_weight': 8, 'subsample': 0.9267722593171055, 'colsample_bytree': 0.5662603360145378, 'reg_alpha': 0.5354713912475267, 'reg_lambda': 4.1550158361306755, 'gamma': 3.0}. Best is trial 10 with value: 0.38820718743091265.
[I 2025-12-02 18:04:01,166] Trial 14 finished with value: 0.38682081468193125 and parameters: {'n_estimators': 1000, 'learning_rate': 0.030545816736883735, 'max_depth': 18, 'min_child_weight': 7, 'subsample': 0.9776518418102481, 'colsample_bytree': 0.48428437207881275, 'reg_alpha': 0.05872274213530501, 'reg_lambda': 7.2934146389650945, 'gamma': 4.0}. Best is trial 10 with value: 0.38820718743091265.
[I 2025-12-02 18:04:13,006] Trial 15 finished with value: 0.38762428771807167 and parameters: {'n_estimators': 500, 'learning_rate': 0.016145095318462026, 'max_depth': 14, 'min_child_weight': 9, 'subsample': 0.9661028752814815, 'colsample_bytree': 0.5680069895162644, 'reg_alpha': 0.7613834978747382, 'reg_lambda': 4.7518218402405665, 'gamma': 2.0}. Best is trial 10 with value: 0.38820718743091265.
[I 2025-12-02 18:04:20,808] Trial 16 finished with value: 0.38596374693769947 and parameters: {'n_estimators': 450, 'learning_rate': 0.03897001044587382, 'max_depth': 12, 'min_child_weight': 9, 'subsample': 0.9945858131630314, 'colsample_bytree': 0.5745508267745323, 'reg_alpha': 0.7561048875446137, 'reg_lambda': 2.040947642012946, 'gamma': 5.0}. Best is trial 10 with value: 0.38820718743091265.
[I 2025-12-02 18:04:55,272] Trial 17 finished with value: 0.3863664792536453 and parameters: {'n_estimators': 400, 'learning_rate': 0.014935632259278598, 'max_depth': 8, 'min_child_weight': 7, 'subsample': 0.9723226729520332, 'colsample_bytree': 0.4944750887542177, 'reg_alpha': 0.5438209971553543, 'reg_lambda': 6.467998342548429, 'gamma': 0.0}. Best is trial 10 with value: 0.38820718743091265.
[I 2025-12-02 18:05:06,198] Trial 18 finished with value: 0.3854289189979936 and parameters: {'n_estimators': 850, 'learning_rate': 0.09204114664892399, 'max_depth': 14, 'min_child_weight': 9, 'subsample': 0.9172658043726071, 'colsample_bytree': 0.4767529642625523, 'reg_alpha': 0.8200578885446288, 'reg_lambda': 4.545781948429684, 'gamma': 3.0}. Best is trial 10 with value: 0.38820718743091265.
[I 2025-12-02 18:05:15,458] Trial 19 finished with value: 0.39070114354232294 and parameters: {'n_estimators': 600, 'learning_rate': 0.037443328924272, 'max_depth': 10, 'min_child_weight': 5, 'subsample': 0.9791269373361741, 'colsample_bytree': 0.5228267791907554, 'reg_alpha': 0.6718121959906516, 'reg_lambda': 3.0865774692967007, 'gamma': 2.0}. Best is trial 19 with value: 0.39070114354232294.
[I 2025-12-02 18:05:22,795] Trial 20 finished with value: 0.386986419745519 and parameters: {'n_estimators': 600, 'learning_rate': 0.04451123456961807, 'max_depth': 6, 'min_child_weight': 5, 'subsample': 0.984568088271443, 'colsample_bytree': 0.5205894517813774, 'reg_alpha': 0.4330975956100753, 'reg_lambda': 2.504975571888595, 'gamma': 4.0}. Best is trial 19 with value: 0.39070114354232294.
[I 2025-12-02 18:05:35,858] Trial 21 finished with value: 0.38591444961876176 and parameters: {'n_estimators': 550, 'learning_rate': 0.019846707573027516, 'max_depth': 10, 'min_child_weight': 7, 'subsample': 0.9995526792041269, 'colsample_bytree': 0.5690135008940573, 'reg_alpha': 0.6829280209138633, 'reg_lambda': 3.6000135178800896, 'gamma': 2.0}. Best is trial 19 with value: 0.39070114354232294.
[I 2025-12-02 18:06:04,861] Trial 22 finished with value: 0.38569285379555496 and parameters: {'n_estimators': 800, 'learning_rate': 0.03139420835872511, 'max_depth': 12, 'min_child_weight': 4, 'subsample': 0.966140386104835, 'colsample_bytree': 0.5840038757930532, 'reg_alpha': 0.6030945731730426, 'reg_lambda': 4.571690820465008, 'gamma': 1.0}. Best is trial 19 with value: 0.39070114354232294.
[I 2025-12-02 18:06:22,808] Trial 23 finished with value: 0.38620820046238247 and parameters: {'n_estimators': 600, 'learning_rate': 0.015161607619922982, 'max_depth': 16, 'min_child_weight': 9, 'subsample': 0.9835953782014277, 'colsample_bytree': 0.5525951479945858, 'reg_alpha': 0.7667433117989321, 'reg_lambda': 3.540880207824215, 'gamma': 2.0}. Best is trial 19 with value: 0.39070114354232294.
[I 2025-12-02 18:06:34,619] Trial 24 finished with value: 0.38868666872538815 and parameters: {'n_estimators': 350, 'learning_rate': 0.033735058761562714, 'max_depth': 8, 'min_child_weight': 6, 'subsample': 0.9805619349762168, 'colsample_bytree': 0.5223404170773902, 'reg_alpha': 0.880648837682512, 'reg_lambda': 5.328026594631435, 'gamma': 3.0}. Best is trial 19 with value: 0.39070114354232294.
[I 2025-12-02 18:06:42,072] Trial 25 finished with value: 0.38753406714979804 and parameters: {'n_estimators': 350, 'learning_rate': 0.05549812834055094, 'max_depth': 6, 'min_child_weight': 6, 'subsample': 0.98237637126375, 'colsample_bytree': 0.5205256791480772, 'reg_alpha': 0.8613835702749241, 'reg_lambda': 6.303979840176616, 'gamma': 3.0}. Best is trial 19 with value: 0.39070114354232294.
[I 2025-12-02 18:06:52,155] Trial 26 finished with value: 0.3876884332820234 and parameters: {'n_estimators': 250, 'learning_rate': 0.03515787963988513, 'max_depth': 8, 'min_child_weight': 4, 'subsample': 0.9738660849615602, 'colsample_bytree': 0.4648609332988288, 'reg_alpha': 0.9064876193021193, 'reg_lambda': 7.768494814763621, 'gamma': 3.0}. Best is trial 19 with value: 0.39070114354232294.
[I 2025-12-02 18:06:59,694] Trial 27 finished with value: 0.38663242204290993 and parameters: {'n_estimators': 150, 'learning_rate': 0.04296035596165544, 'max_depth': 4, 'min_child_weight': 5, 'subsample': 0.9861078535864435, 'colsample_bytree': 0.5017563176460319, 'reg_alpha': 0.4726095917355967, 'reg_lambda': 1.3201254112709702, 'gamma': 4.0}. Best is trial 19 with value: 0.39070114354232294.
[I 2025-12-02 18:07:09,537] Trial 28 finished with value: 0.3864950552105765 and parameters: {'n_estimators': 450, 'learning_rate': 0.07564188692544777, 'max_depth': 10, 'min_child_weight': 2, 'subsample': 0.947932445447571, 'colsample_bytree': 0.5050651848798362, 'reg_alpha': 0.5883517249253504, 'reg_lambda': 2.3396060210412775, 'gamma': 3.0}. Best is trial 19 with value: 0.39070114354232294.
[I 2025-12-02 18:07:17,990] Trial 29 finished with value: 0.3850334583131026 and parameters: {'n_estimators': 600, 'learning_rate': 0.02822481592149725, 'max_depth': 8, 'min_child_weight': 6, 'subsample': 0.9920867901492841, 'colsample_bytree': 0.5368478137269523, 'reg_alpha': 0.3521131811119203, 'reg_lambda': 9.478264139525159, 'gamma': 5.0}. Best is trial 19 with value: 0.39070114354232294.
CLASSIFICAÇÃO DE GENES-ALVO USANDO DADOS ÔMICOS
================================================================================
Timestamp do experimento: 20251202_174216
 Usando dados da ANA:
   Features: data/UNION_features.tsv
   Labels: data/processed/UNION_labels.tsv
   Formato labels: genes, 2class (binary), 3class (multiclass)

Arquivos encontrados com sucesso!
Carregando e preparando dados...
============================================================
PREPARANDO DATASET PARA CLASSIFICAÇÃO (MULTICLASS)
============================================================
Carregando UNION_features.tsv
Features carregadas: 19602 genes x 64 features
Tipos de dados das features: {dtype('float64'): 64}
Range das features: [0.0000, 1.0000]
----------------------------------------
Carregando UNION_labels.tsv (classificação: multiclass)
Labels carregados: 19680 genes
Valores únicos em 3class: label
0.0    16727
NaN     1997
1.0      515
2.0      441
Name: count, dtype: int64
Genes with NaN dropped: 1997
Distribuição das classes:
  Classe 0 (passenger): 16727 genes
  Classe 1 (TSG): 515 genes
  Classe 2 (Oncogene): 441 genes
----------------------------------------
Alinhando features e labels
Genes comuns entre features e labels: 17676
Dataset final: 17676 genes x 64 features
Distribuição final das classes: [16727   514   435]
----------------------------------------
DATASET PREPARADO COM SUCESSO!
Shape final: X=(17676, 64), y=(17676,)
Genes: 17676
Features: 64
============================================================

CONFIGURAÇÃO DO EXPERIMENTO (OTIMIZAÇÃO):
  Modelo: CatBoost
  Trials: 30
  Tipo: multiclass
  Parâmetros: Reduzido
  Balanceamento: none
================================================================================
EXECUTANDO MODELO: CatBoost
================================================================================

Starting Nested Cross-Validation for catboost...
Configuration: 5 outer folds, 30 trials per fold
Performing 80/20 holdout split...
Holdout split completed:
  - Training set: 14140 samples (80%)
  - Holdout test set: 3536 samples (20%)
Fold 1
Importâncias dos parâmetros para fold 1: {'iterations': np.float64(0.6087111495891192), 'learning_rate': np.float64(0.1643646771811714), 'random_strength': np.float64(0.13934735475455343), 'border_count': np.float64(0.029759652792245978), 'bagging_temperature': np.float64(0.028750734388575012), 'l2_leaf_reg': np.float64(0.028320888592494216), 'depth': np.float64(0.0007455427018407913)}
Saved Optuna plots to results/20251202_174216_ana_optimized_multiclass_less/catboost/optuna_plots
Fold 2
Importâncias dos parâmetros para fold 2: {'learning_rate': np.float64(0.31555920325146447), 'iterations': np.float64(0.2639778256675464), 'depth': np.float64(0.16592857180074336), 'random_strength': np.float64(0.0764711557500529), 'bagging_temperature': np.float64(0.07345048357802834), 'l2_leaf_reg': np.float64(0.06911403230455106), 'border_count': np.float64(0.03549872764761341)}
Saved Optuna plots to results/20251202_174216_ana_optimized_multiclass_less/catboost/optuna_plots
Fold 3
Importâncias dos parâmetros para fold 3: {'random_strength': np.float64(0.4481540679148455), 'learning_rate': np.float64(0.21482355377951615), 'l2_leaf_reg': np.float64(0.12007527981013957), 'border_count': np.float64(0.07032679739352785), 'iterations': np.float64(0.0552558490960349), 'depth': np.float64(0.05160812604794962), 'bagging_temperature': np.float64(0.039756325957986303)}
Saved Optuna plots to results/20251202_174216_ana_optimized_multiclass_less/catboost/optuna_plots
Fold 4
Importâncias dos parâmetros para fold 4: {'bagging_temperature': np.float64(0.24993640764686315), 'random_strength': np.float64(0.2050040528606393), 'iterations': np.float64(0.20483851016035948), 'l2_leaf_reg': np.float64(0.15857470163595186), 'learning_rate': np.float64(0.1376110994642565), 'border_count': np.float64(0.038894908431091564), 'depth': np.float64(0.005140319800838163)}
Saved Optuna plots to results/20251202_174216_ana_optimized_multiclass_less/catboost/optuna_plots
Fold 5
Importâncias dos parâmetros para fold 5: {'learning_rate': np.float64(0.6145472509109059), 'l2_leaf_reg': np.float64(0.14550426223179458), 'random_strength': np.float64(0.09109008563188371), 'bagging_temperature': np.float64(0.08610132897572857), 'iterations': np.float64(0.025598129468363477), 'border_count': np.float64(0.02020517117195079), 'depth': np.float64(0.01695377160937305)}
Saved Optuna plots to results/20251202_174216_ana_optimized_multiclass_less/catboost/optuna_plots

Nested CV completed. The 20% holdout set (3536 samples) remains untouched.
This holdout set can be used for final unbiased evaluation.

Training and evaluating 5 best parameter sets on holdout data...
Testing with 4 balancing strategies: none, randomundersampler, smoteenn, tomeklinks

Evaluating fold 1 best params on holdout set...
  - Testing with balance strategy: none
  - Testing with balance strategy: randomundersampler
  - Testing with balance strategy: smoteenn
  - Testing with balance strategy: tomeklinks

Evaluating fold 2 best params on holdout set...
  - Testing with balance strategy: none
  - Testing with balance strategy: randomundersampler
  - Testing with balance strategy: smoteenn
  - Testing with balance strategy: tomeklinks

Evaluating fold 3 best params on holdout set...
  - Testing with balance strategy: none
  - Testing with balance strategy: randomundersampler
  - Testing with balance strategy: smoteenn
  - Testing with balance strategy: tomeklinks

Evaluating fold 4 best params on holdout set...
  - Testing with balance strategy: none
  - Testing with balance strategy: randomundersampler
  - Testing with balance strategy: smoteenn
  - Testing with balance strategy: tomeklinks

Evaluating fold 5 best params on holdout set...
  - Testing with balance strategy: none
  - Testing with balance strategy: randomundersampler
  - Testing with balance strategy: smoteenn
  - Testing with balance strategy: tomeklinks
Saving optimization and holdout results...
Detailed results by fold saved to: ./results/20251202_174216_ana_optimized_multiclass_less/catboost/detailed_results_by_fold.txt
Test predictions for all folds saved to: ./results/20251202_174216_ana_optimized_multiclass_less/catboost/metrics.json
Saving holdout results...
Holdout evaluation results saved to: ./results/20251202_174216_ana_optimized_multiclass_less/catboost/holdout_results.txt
Saved!
[OK] CatBoost executado com sucesso!

CONFIGURAÇÃO DO EXPERIMENTO (OTIMIZAÇÃO):
  Modelo: XGBoost
  Trials: 30
  Tipo: multiclass
  Parâmetros: Reduzido
  Balanceamento: none
================================================================================
EXECUTANDO MODELO: XGBoost
================================================================================

Starting Nested Cross-Validation for xgboost...
Configuration: 5 outer folds, 30 trials per fold
Performing 80/20 holdout split...
Holdout split completed:
  - Training set: 14140 samples (80%)
  - Holdout test set: 3536 samples (20%)
Fold 1
Importâncias dos parâmetros para fold 1: {'reg_alpha': np.float64(0.336684663359912), 'reg_lambda': np.float64(0.2456110984501335), 'gamma': np.float64(0.1548729943848535), 'subsample': np.float64(0.10872752645819792), 'max_depth': np.float64(0.04770373747795051), 'min_child_weight': np.float64(0.03594522104369513), 'colsample_bytree': np.float64(0.02885742823698678), 'learning_rate': np.float64(0.022913546131891473), 'n_estimators': np.float64(0.018683784456379218)}
Saved Optuna plots to results/20251202_174216_ana_optimized_multiclass_less/xgboost/optuna_plots
Fold 2
Importâncias dos parâmetros para fold 2: {'colsample_bytree': np.float64(0.21397872891439118), 'reg_alpha': np.float64(0.14542881953013864), 'reg_lambda': np.float64(0.14396167489529726), 'gamma': np.float64(0.13382747640331463), 'subsample': np.float64(0.09514462158088705), 'learning_rate': np.float64(0.09416127253654383), 'max_depth': np.float64(0.09254438760277893), 'min_child_weight': np.float64(0.04482861268708374), 'n_estimators': np.float64(0.03612440584956478)}
[I 2025-12-02 18:07:21,410] A new study created in memory with name: xgboost_fold_3
[I 2025-12-02 18:08:03,317] Trial 0 finished with value: 0.3685795602281451 and parameters: {'n_estimators': 800, 'learning_rate': 0.06307932115506104, 'max_depth': 6, 'min_child_weight': 1, 'subsample': 0.9690276287177874, 'colsample_bytree': 0.45810084691264535, 'reg_alpha': 0.12133177022053165, 'reg_lambda': 4.322381169911148, 'gamma': 0.0}. Best is trial 0 with value: 0.3685795602281451.
[I 2025-12-02 18:08:10,965] Trial 1 finished with value: 0.3835622005066505 and parameters: {'n_estimators': 200, 'learning_rate': 0.049951599416039126, 'max_depth': 4, 'min_child_weight': 10, 'subsample': 0.9499866419601085, 'colsample_bytree': 0.4162942201603061, 'reg_alpha': 0.42464319084237134, 'reg_lambda': 3.466702599583691, 'gamma': 4.0}. Best is trial 1 with value: 0.3835622005066505.
[I 2025-12-02 18:08:33,631] Trial 2 finished with value: 0.38370637150341796 and parameters: {'n_estimators': 950, 'learning_rate': 0.05088874381527224, 'max_depth': 20, 'min_child_weight': 7, 'subsample': 0.92248108638022, 'colsample_bytree': 0.49958802059437574, 'reg_alpha': 0.00022922352729626283, 'reg_lambda': 5.291352025995022, 'gamma': 2.0}. Best is trial 2 with value: 0.38370637150341796.
[I 2025-12-02 18:09:02,921] Trial 3 finished with value: 0.3836907907029751 and parameters: {'n_estimators': 500, 'learning_rate': 0.017229959862532805, 'max_depth': 20, 'min_child_weight': 6, 'subsample': 0.9547223692035758, 'colsample_bytree': 0.502756171101807, 'reg_alpha': 0.9189568358436138, 'reg_lambda': 4.166656100914672, 'gamma': 1.0}. Best is trial 2 with value: 0.38370637150341796.
[I 2025-12-02 18:09:13,144] Trial 4 finished with value: 0.38128353420775957 and parameters: {'n_estimators': 550, 'learning_rate': 0.06430239761944226, 'max_depth': 10, 'min_child_weight': 5, 'subsample': 0.9063457596935837, 'colsample_bytree': 0.488493987100898, 'reg_alpha': 0.7913300312536667, 'reg_lambda': 7.515490023209071, 'gamma': 1.0}. Best is trial 2 with value: 0.38370637150341796.
