[I 2025-12-02 17:42:16,315] A new study created in memory with name: catboost_fold_1
[I 2025-12-02 17:42:17,241] Trial 0 finished with value: 0.3766043542413029 and parameters: {'iterations': 100, 'learning_rate': 0.015275272607058112, 'depth': 2, 'l2_leaf_reg': 1.3787922483072659, 'border_count': 176, 'bagging_temperature': 0.32666387111775486, 'random_strength': 0.8247266930745858}. Best is trial 0 with value: 0.3766043542413029.
[I 2025-12-02 17:42:18,501] Trial 1 finished with value: 0.3833066830173025 and parameters: {'iterations': 200, 'learning_rate': 0.0027667043900633584, 'depth': 2, 'l2_leaf_reg': 8.356575861145032, 'border_count': 198, 'bagging_temperature': 0.7368124951447907, 'random_strength': 0.11261085505952229}. Best is trial 1 with value: 0.3833066830173025.
[I 2025-12-02 17:42:20,526] Trial 2 finished with value: 0.3862684523698011 and parameters: {'iterations': 400, 'learning_rate': 0.014247233980824604, 'depth': 2, 'l2_leaf_reg': 3.318232811737922, 'border_count': 253, 'bagging_temperature': 0.7198603124235357, 'random_strength': 0.3518840815469638}. Best is trial 2 with value: 0.3862684523698011.
[I 2025-12-02 17:42:21,807] Trial 3 finished with value: 0.3806608595807063 and parameters: {'iterations': 200, 'learning_rate': 0.005577002736041263, 'depth': 2, 'l2_leaf_reg': 5.237776975804756, 'border_count': 249, 'bagging_temperature': 0.6012768470971893, 'random_strength': 0.292031399351955}. Best is trial 2 with value: 0.3862684523698011.
[I 2025-12-02 17:42:22,779] Trial 4 finished with value: 0.38194471957412485 and parameters: {'iterations': 100, 'learning_rate': 0.01937516470857037, 'depth': 3, 'l2_leaf_reg': 7.127856655147818, 'border_count': 185, 'bagging_temperature': 0.42808124704389183, 'random_strength': 0.6787875992421503}. Best is trial 2 with value: 0.3862684523698011.
[I 2025-12-02 17:42:23,664] Trial 5 finished with value: 0.3835926757188602 and parameters: {'iterations': 100, 'learning_rate': 0.00442619631332747, 'depth': 2, 'l2_leaf_reg': 2.053444336435786, 'border_count': 163, 'bagging_temperature': 0.05659125686959876, 'random_strength': 0.06904820045649829}. Best is trial 2 with value: 0.3862684523698011.
[I 2025-12-02 17:42:28,499] Trial 6 finished with value: 0.3853586358520643 and parameters: {'iterations': 1000, 'learning_rate': 0.016156200957743116, 'depth': 3, 'l2_leaf_reg': 8.865339020577906, 'border_count': 184, 'bagging_temperature': 0.7945211540638278, 'random_strength': 0.623254062613615}. Best is trial 2 with value: 0.3862684523698011.
[I 2025-12-02 17:42:30,443] Trial 7 finished with value: 0.38578218542165194 and parameters: {'iterations': 400, 'learning_rate': 0.008323270111261102, 'depth': 2, 'l2_leaf_reg': 6.032750157706242, 'border_count': 154, 'bagging_temperature': 0.5348934486981253, 'random_strength': 0.6430398703799857}. Best is trial 2 with value: 0.3862684523698011.
[I 2025-12-02 17:42:32,076] Trial 8 finished with value: 0.38762225605525624 and parameters: {'iterations': 300, 'learning_rate': 0.014652588102961439, 'depth': 2, 'l2_leaf_reg': 2.916974718819296, 'border_count': 248, 'bagging_temperature': 0.3639115216444716, 'random_strength': 0.04178307871779763}. Best is trial 8 with value: 0.38762225605525624.
[I 2025-12-02 17:42:36,299] Trial 9 finished with value: 0.38846757785159725 and parameters: {'iterations': 700, 'learning_rate': 0.0030449056396440826, 'depth': 4, 'l2_leaf_reg': 4.347724567768977, 'border_count': 166, 'bagging_temperature': 0.041882385967685565, 'random_strength': 0.08652856673013054}. Best is trial 9 with value: 0.38846757785159725.
[I 2025-12-02 17:42:41,592] Trial 10 finished with value: 0.37966003180995056 and parameters: {'iterations': 800, 'learning_rate': 0.0010997498994648278, 'depth': 4, 'l2_leaf_reg': 4.506032661299988, 'border_count': 223, 'bagging_temperature': 0.026976352302055567, 'random_strength': 0.33543736853341294}. Best is trial 9 with value: 0.38846757785159725.
[I 2025-12-02 17:42:46,152] Trial 11 finished with value: 0.38699606681791515 and parameters: {'iterations': 700, 'learning_rate': 0.011355934142778388, 'depth': 4, 'l2_leaf_reg': 3.406581866623382, 'border_count': 224, 'bagging_temperature': 0.2174295573284336, 'random_strength': 0.06766550815905564}. Best is trial 9 with value: 0.38846757785159725.
[I 2025-12-02 17:42:49,597] Trial 12 finished with value: 0.38664958138556965 and parameters: {'iterations': 500, 'learning_rate': 0.0099612335773539, 'depth': 4, 'l2_leaf_reg': 3.380394120664308, 'border_count': 220, 'bagging_temperature': 0.21750009391272765, 'random_strength': 0.21577219264306027}. Best is trial 9 with value: 0.38846757785159725.
[I 2025-12-02 17:42:53,231] Trial 13 finished with value: 0.3863631557592816 and parameters: {'iterations': 700, 'learning_rate': 0.012051148981773703, 'depth': 3, 'l2_leaf_reg': 2.442488141607025, 'border_count': 205, 'bagging_temperature': 0.9923361854381809, 'random_strength': 0.4354714012546507}. Best is trial 9 with value: 0.38846757785159725.
[I 2025-12-02 17:42:59,082] Trial 14 finished with value: 0.3863232502349013 and parameters: {'iterations': 900, 'learning_rate': 0.0068202211706964895, 'depth': 4, 'l2_leaf_reg': 4.509472482220197, 'border_count': 238, 'bagging_temperature': 0.1886805221204136, 'random_strength': 0.005127636292315163}. Best is trial 9 with value: 0.38846757785159725.
[I 2025-12-02 17:43:02,227] Trial 15 finished with value: 0.38624540395124435 and parameters: {'iterations': 600, 'learning_rate': 0.01839259376135052, 'depth': 3, 'l2_leaf_reg': 6.269925736211827, 'border_count': 204, 'bagging_temperature': 0.371786985059935, 'random_strength': 0.19730971233569994}. Best is trial 9 with value: 0.38846757785159725.
[I 2025-12-02 17:43:04,988] Trial 16 finished with value: 0.3860837784925345 and parameters: {'iterations': 400, 'learning_rate': 0.008787568369679744, 'depth': 3, 'l2_leaf_reg': 4.8949772622027705, 'border_count': 168, 'bagging_temperature': 0.12136796869989175, 'random_strength': 0.47498986260806786}. Best is trial 9 with value: 0.38846757785159725.
[I 2025-12-02 17:43:07,327] Trial 17 finished with value: 0.38731467276537074 and parameters: {'iterations': 300, 'learning_rate': 0.012881946505520242, 'depth': 4, 'l2_leaf_reg': 9.829479303058609, 'border_count': 236, 'bagging_temperature': 0.3110941291918529, 'random_strength': 0.1939829808342213}. Best is trial 9 with value: 0.38846757785159725.
[I 2025-12-02 17:43:10,506] Trial 18 finished with value: 0.38457856181433253 and parameters: {'iterations': 600, 'learning_rate': 0.017136443958870772, 'depth': 3, 'l2_leaf_reg': 2.4899944946259134, 'border_count': 195, 'bagging_temperature': 0.004657978947073871, 'random_strength': 0.8541748103222617}. Best is trial 9 with value: 0.38846757785159725.
[I 2025-12-02 17:43:15,197] Trial 19 finished with value: 0.3883412016615674 and parameters: {'iterations': 800, 'learning_rate': 0.014036185557423763, 'depth': 4, 'l2_leaf_reg': 1.0979872614681359, 'border_count': 151, 'bagging_temperature': 0.48426944423058493, 'random_strength': 0.006385330177296533}. Best is trial 9 with value: 0.38846757785159725.
[I 2025-12-02 17:43:20,185] Trial 20 finished with value: 0.3858266474474329 and parameters: {'iterations': 800, 'learning_rate': 0.0036622227160775477, 'depth': 4, 'l2_leaf_reg': 1.0118626359616298, 'border_count': 165, 'bagging_temperature': 0.9749851676615147, 'random_strength': 0.9564509160230615}. Best is trial 9 with value: 0.38846757785159725.
[I 2025-12-02 17:43:24,819] Trial 21 finished with value: 0.3878979539243325 and parameters: {'iterations': 800, 'learning_rate': 0.013963543767347559, 'depth': 4, 'l2_leaf_reg': 3.897680707587285, 'border_count': 152, 'bagging_temperature': 0.4790750801244145, 'random_strength': 0.0026614466253463837}. Best is trial 9 with value: 0.38846757785159725.
[I 2025-12-02 17:43:29,958] Trial 22 finished with value: 0.3862715163451975 and parameters: {'iterations': 900, 'learning_rate': 0.01309271444095822, 'depth': 4, 'l2_leaf_reg': 4.287759667476396, 'border_count': 150, 'bagging_temperature': 0.5666599899468827, 'random_strength': 0.15133660214133315}. Best is trial 9 with value: 0.38846757785159725.
[I 2025-12-02 17:43:34,718] Trial 23 finished with value: 0.3886546823030415 and parameters: {'iterations': 800, 'learning_rate': 0.01027568740998286, 'depth': 4, 'l2_leaf_reg': 7.0000544370655735, 'border_count': 158, 'bagging_temperature': 0.4578214760068962, 'random_strength': 0.007828408828553584}. Best is trial 23 with value: 0.3886546823030415.
[I 2025-12-02 17:43:38,950] Trial 24 finished with value: 0.3859229135218647 and parameters: {'iterations': 700, 'learning_rate': 0.009646897973632093, 'depth': 4, 'l2_leaf_reg': 7.200727386255743, 'border_count': 161, 'bagging_temperature': 0.609571635343957, 'random_strength': 0.27983045164452053}. Best is trial 23 with value: 0.3886546823030415.
[I 2025-12-02 17:43:44,892] Trial 25 finished with value: 0.38661307762131086 and parameters: {'iterations': 1000, 'learning_rate': 0.006780140273202581, 'depth': 4, 'l2_leaf_reg': 7.1175459563844905, 'border_count': 174, 'bagging_temperature': 0.8676139915638484, 'random_strength': 0.12263910511635279}. Best is trial 23 with value: 0.3886546823030415.
[I 2025-12-02 17:43:50,248] Trial 26 finished with value: 0.38423048600006526 and parameters: {'iterations': 900, 'learning_rate': 0.0011950795074064796, 'depth': 4, 'l2_leaf_reg': 6.02011778415527, 'border_count': 158, 'bagging_temperature': 0.45916194785790837, 'random_strength': 0.11143939514005402}. Best is trial 23 with value: 0.3886546823030415.
[I 2025-12-02 17:43:54,064] Trial 27 finished with value: 0.38517402342732043 and parameters: {'iterations': 600, 'learning_rate': 0.011458403843430102, 'depth': 4, 'l2_leaf_reg': 8.060964558915645, 'border_count': 172, 'bagging_temperature': 0.6654714117458311, 'random_strength': 0.5476861728749355}. Best is trial 23 with value: 0.3886546823030415.
[I 2025-12-02 17:43:58,049] Trial 28 finished with value: 0.3853399267907152 and parameters: {'iterations': 800, 'learning_rate': 0.01678189222788317, 'depth': 3, 'l2_leaf_reg': 6.698051417003446, 'border_count': 181, 'bagging_temperature': 0.2737601131882005, 'random_strength': 0.23869818497790363}. Best is trial 23 with value: 0.3886546823030415.
[I 2025-12-02 17:44:02,593] Trial 29 finished with value: 0.38643264017806567 and parameters: {'iterations': 700, 'learning_rate': 0.007529718285908645, 'depth': 4, 'l2_leaf_reg': 1.6275755719523914, 'border_count': 191, 'bagging_temperature': 0.40494610549963883, 'random_strength': 0.41180929973417557}. Best is trial 23 with value: 0.3886546823030415.
[I 2025-12-02 17:44:04,553] A new study created in memory with name: catboost_fold_2
[I 2025-12-02 17:44:05,776] Trial 0 finished with value: 0.3825582320715514 and parameters: {'iterations': 200, 'learning_rate': 0.01522781240198363, 'depth': 2, 'l2_leaf_reg': 1.5679621176978218, 'border_count': 255, 'bagging_temperature': 0.9471722676776332, 'random_strength': 0.11404199377177637}. Best is trial 0 with value: 0.3825582320715514.
[I 2025-12-02 17:44:06,918] Trial 1 finished with value: 0.380009383011539 and parameters: {'iterations': 100, 'learning_rate': 0.01503130979195812, 'depth': 4, 'l2_leaf_reg': 6.916854919460917, 'border_count': 221, 'bagging_temperature': 0.9908594093029575, 'random_strength': 0.2122953946188828}. Best is trial 0 with value: 0.3825582320715514.
[I 2025-12-02 17:44:11,879] Trial 2 finished with value: 0.39262899060493683 and parameters: {'iterations': 800, 'learning_rate': 0.018443603601465564, 'depth': 4, 'l2_leaf_reg': 3.4749231067193036, 'border_count': 196, 'bagging_temperature': 0.4920433280879458, 'random_strength': 0.3905524384090192}. Best is trial 2 with value: 0.39262899060493683.
[I 2025-12-02 17:44:15,104] Trial 3 finished with value: 0.38870293663890326 and parameters: {'iterations': 600, 'learning_rate': 0.011184668475860013, 'depth': 3, 'l2_leaf_reg': 7.949103845497024, 'border_count': 217, 'bagging_temperature': 0.3793484785790733, 'random_strength': 0.3093959510878792}. Best is trial 2 with value: 0.39262899060493683.
[I 2025-12-02 17:44:18,553] Trial 4 finished with value: 0.37771227116808237 and parameters: {'iterations': 800, 'learning_rate': 0.0013025886873775055, 'depth': 2, 'l2_leaf_reg': 4.298887286223033, 'border_count': 159, 'bagging_temperature': 0.16203833635157816, 'random_strength': 0.20376097327217157}. Best is trial 2 with value: 0.39262899060493683.
[I 2025-12-02 17:44:24,318] Trial 5 finished with value: 0.3882149271196814 and parameters: {'iterations': 900, 'learning_rate': 0.012821887700576146, 'depth': 4, 'l2_leaf_reg': 8.455609856253668, 'border_count': 208, 'bagging_temperature': 0.6126996546195886, 'random_strength': 0.8210288606946727}. Best is trial 2 with value: 0.39262899060493683.
[I 2025-12-02 17:44:25,823] Trial 6 finished with value: 0.3810791394339651 and parameters: {'iterations': 200, 'learning_rate': 0.013638799749246033, 'depth': 3, 'l2_leaf_reg': 1.1463580202648558, 'border_count': 230, 'bagging_temperature': 0.1145810858471773, 'random_strength': 0.8390988063405548}. Best is trial 2 with value: 0.39262899060493683.
[I 2025-12-02 17:44:28,767] Trial 7 finished with value: 0.3886245006592079 and parameters: {'iterations': 400, 'learning_rate': 0.017045786627861312, 'depth': 4, 'l2_leaf_reg': 6.865981458415918, 'border_count': 224, 'bagging_temperature': 0.7045204165455663, 'random_strength': 0.1736292138120057}. Best is trial 2 with value: 0.39262899060493683.
[I 2025-12-02 17:44:30,431] Trial 8 finished with value: 0.3833190101310346 and parameters: {'iterations': 300, 'learning_rate': 0.013774240210579367, 'depth': 2, 'l2_leaf_reg': 1.6271849459706802, 'border_count': 211, 'bagging_temperature': 0.21258059074331614, 'random_strength': 0.6548426802060131}. Best is trial 2 with value: 0.39262899060493683.
[I 2025-12-02 17:44:36,418] Trial 9 finished with value: 0.38731461892817276 and parameters: {'iterations': 900, 'learning_rate': 0.009913688383180672, 'depth': 4, 'l2_leaf_reg': 5.37033644376907, 'border_count': 240, 'bagging_temperature': 0.9545935686153738, 'random_strength': 0.9258260096998753}. Best is trial 2 with value: 0.39262899060493683.
[I 2025-12-02 17:44:39,575] Trial 10 finished with value: 0.38919454466369585 and parameters: {'iterations': 600, 'learning_rate': 0.01927026951359394, 'depth': 3, 'l2_leaf_reg': 3.477229601049467, 'border_count': 176, 'bagging_temperature': 0.43986853514472507, 'random_strength': 0.4617082350320104}. Best is trial 2 with value: 0.39262899060493683.
[I 2025-12-02 17:44:42,734] Trial 11 finished with value: 0.3888113144554803 and parameters: {'iterations': 600, 'learning_rate': 0.0191082443312209, 'depth': 3, 'l2_leaf_reg': 3.465656981824672, 'border_count': 182, 'bagging_temperature': 0.39327928171908266, 'random_strength': 0.48747214738601424}. Best is trial 2 with value: 0.39262899060493683.
[I 2025-12-02 17:44:46,412] Trial 12 finished with value: 0.3911823245589057 and parameters: {'iterations': 700, 'learning_rate': 0.01978286107371129, 'depth': 3, 'l2_leaf_reg': 3.2973094733932933, 'border_count': 191, 'bagging_temperature': 0.48910763139185465, 'random_strength': 0.5069383804535005}. Best is trial 2 with value: 0.39262899060493683.
[I 2025-12-02 17:44:50,566] Trial 13 finished with value: 0.38565909030172646 and parameters: {'iterations': 800, 'learning_rate': 0.007466453627920229, 'depth': 3, 'l2_leaf_reg': 9.92173603713923, 'border_count': 190, 'bagging_temperature': 0.647774179164242, 'random_strength': 0.6418910046529112}. Best is trial 2 with value: 0.39262899060493683.
[I 2025-12-02 17:44:56,781] Trial 14 finished with value: 0.39522780613018316 and parameters: {'iterations': 1000, 'learning_rate': 0.017403815568759626, 'depth': 4, 'l2_leaf_reg': 3.096873014063635, 'border_count': 195, 'bagging_temperature': 0.7860678448665978, 'random_strength': 0.35929467661789866}. Best is trial 14 with value: 0.39522780613018316.
[I 2025-12-02 17:45:02,767] Trial 15 finished with value: 0.39571380331030215 and parameters: {'iterations': 1000, 'learning_rate': 0.01703442464129196, 'depth': 4, 'l2_leaf_reg': 2.6128454721756604, 'border_count': 161, 'bagging_temperature': 0.7521272636593377, 'random_strength': 0.36031101619020456}. Best is trial 15 with value: 0.39571380331030215.
[I 2025-12-02 17:45:08,898] Trial 16 finished with value: 0.3921073024173724 and parameters: {'iterations': 1000, 'learning_rate': 0.005319170681025144, 'depth': 4, 'l2_leaf_reg': 2.425084836203628, 'border_count': 150, 'bagging_temperature': 0.8007127613677459, 'random_strength': 0.024507022435057646}. Best is trial 15 with value: 0.39571380331030215.
[I 2025-12-02 17:45:14,725] Trial 17 finished with value: 0.3931853871025731 and parameters: {'iterations': 1000, 'learning_rate': 0.016336039815545364, 'depth': 4, 'l2_leaf_reg': 4.800980309766027, 'border_count': 168, 'bagging_temperature': 0.826891163353329, 'random_strength': 0.3399097701502739}. Best is trial 15 with value: 0.39571380331030215.
[I 2025-12-02 17:45:20,790] Trial 18 finished with value: 0.3920946097747603 and parameters: {'iterations': 1000, 'learning_rate': 0.010177267091394342, 'depth': 4, 'l2_leaf_reg': 2.194223296529712, 'border_count': 171, 'bagging_temperature': 0.8106668558711967, 'random_strength': 0.595609302701125}. Best is trial 15 with value: 0.39571380331030215.
[I 2025-12-02 17:45:23,437] Trial 19 finished with value: 0.392924138545901 and parameters: {'iterations': 400, 'learning_rate': 0.016748949815913877, 'depth': 4, 'l2_leaf_reg': 2.5647029952834357, 'border_count': 150, 'bagging_temperature': 0.5795003597359727, 'random_strength': 0.29796836668861626}. Best is trial 15 with value: 0.39571380331030215.
[I 2025-12-02 17:45:29,090] Trial 20 finished with value: 0.39331642218903845 and parameters: {'iterations': 900, 'learning_rate': 0.0072093348930575354, 'depth': 4, 'l2_leaf_reg': 4.556286462795648, 'border_count': 200, 'bagging_temperature': 0.7239074909530117, 'random_strength': 0.020782002410084988}. Best is trial 15 with value: 0.39571380331030215.
[I 2025-12-02 17:45:34,628] Trial 21 finished with value: 0.39139529706659476 and parameters: {'iterations': 900, 'learning_rate': 0.0066630577564310445, 'depth': 4, 'l2_leaf_reg': 4.554117451457739, 'border_count': 198, 'bagging_temperature': 0.7463997123384443, 'random_strength': 0.0008602012593410639}. Best is trial 15 with value: 0.39571380331030215.
[I 2025-12-02 17:45:40,795] Trial 22 finished with value: 0.38663993096606186 and parameters: {'iterations': 1000, 'learning_rate': 0.004622211925617647, 'depth': 4, 'l2_leaf_reg': 5.990067051913826, 'border_count': 183, 'bagging_temperature': 0.8921129433692476, 'random_strength': 0.4032594185152195}. Best is trial 15 with value: 0.39571380331030215.
[I 2025-12-02 17:45:46,413] Trial 23 finished with value: 0.3920932553648349 and parameters: {'iterations': 900, 'learning_rate': 0.008594460394679595, 'depth': 4, 'l2_leaf_reg': 3.9823676161449466, 'border_count': 203, 'bagging_temperature': 0.6996991483264661, 'random_strength': 0.09431401630303918}. Best is trial 15 with value: 0.39571380331030215.
[I 2025-12-02 17:45:50,620] Trial 24 finished with value: 0.39124877334685576 and parameters: {'iterations': 700, 'learning_rate': 0.012010698507698628, 'depth': 4, 'l2_leaf_reg': 5.394182718069756, 'border_count': 161, 'bagging_temperature': 0.012566427659200241, 'random_strength': 0.25444711517947227}. Best is trial 15 with value: 0.39571380331030215.
[I 2025-12-02 17:45:55,576] Trial 25 finished with value: 0.38540837176167503 and parameters: {'iterations': 1000, 'learning_rate': 0.0035888567283101753, 'depth': 3, 'l2_leaf_reg': 2.6126168313653126, 'border_count': 183, 'bagging_temperature': 0.866745367682819, 'random_strength': 0.5884458933062401}. Best is trial 15 with value: 0.39571380331030215.
[I 2025-12-02 17:46:00,893] Trial 26 finished with value: 0.3907498840525394 and parameters: {'iterations': 800, 'learning_rate': 0.008504803160852172, 'depth': 4, 'l2_leaf_reg': 3.1316848791442595, 'border_count': 231, 'bagging_temperature': 0.5806017968256754, 'random_strength': 0.12200871387843984}. Best is trial 15 with value: 0.39571380331030215.
[I 2025-12-02 17:46:05,513] Trial 27 finished with value: 0.3894077958690132 and parameters: {'iterations': 700, 'learning_rate': 0.014560891317496197, 'depth': 4, 'l2_leaf_reg': 4.122506044709113, 'border_count': 208, 'bagging_temperature': 0.7506413663563843, 'random_strength': 0.7452862175980606}. Best is trial 15 with value: 0.39571380331030215.
[I 2025-12-02 17:46:10,025] Trial 28 finished with value: 0.38045460386902075 and parameters: {'iterations': 900, 'learning_rate': 0.0021402143645199104, 'depth': 3, 'l2_leaf_reg': 4.9427795466591835, 'border_count': 163, 'bagging_temperature': 0.6812011656017103, 'random_strength': 0.397943083058495}. Best is trial 15 with value: 0.39571380331030215.
[I 2025-12-02 17:46:14,420] Trial 29 finished with value: 0.3898779829938256 and parameters: {'iterations': 1000, 'learning_rate': 0.017844042515159805, 'depth': 2, 'l2_leaf_reg': 1.8798434663108141, 'border_count': 248, 'bagging_temperature': 0.8984939394107081, 'random_strength': 0.5315818064681221}. Best is trial 15 with value: 0.39571380331030215.
[I 2025-12-02 17:46:16,298] A new study created in memory with name: catboost_fold_3
[I 2025-12-02 17:46:21,196] Trial 0 finished with value: 0.3862476430748325 and parameters: {'iterations': 1000, 'learning_rate': 0.007240786826890075, 'depth': 3, 'l2_leaf_reg': 2.912700199729212, 'border_count': 186, 'bagging_temperature': 0.007422997503604312, 'random_strength': 0.3567415661846932}. Best is trial 0 with value: 0.3862476430748325.
