[I 2025-12-02 17:50:11,065] Trial 3 finished with value: 0.3885764097054404 and parameters: {'iterations': 100, 'learning_rate': 0.01838749913883833, 'depth': 3, 'l2_leaf_reg': 2.7980363489889344, 'border_count': 199, 'bagging_temperature': 0.9203343271525787, 'random_strength': 0.02394086673288154}. Best is trial 3 with value: 0.3885764097054404.
[I 2025-12-02 17:50:13,538] Trial 4 finished with value: 0.38288371271256844 and parameters: {'iterations': 400, 'learning_rate': 0.013012889117477135, 'depth': 3, 'l2_leaf_reg': 6.766823829434223, 'border_count': 252, 'bagging_temperature': 0.18591476937456863, 'random_strength': 0.7606065693308384}. Best is trial 3 with value: 0.3885764097054404.
[I 2025-12-02 17:50:17,406] Trial 5 finished with value: 0.38992246308571316 and parameters: {'iterations': 600, 'learning_rate': 0.018822553215194514, 'depth': 4, 'l2_leaf_reg': 5.51995786526471, 'border_count': 175, 'bagging_temperature': 0.5296508845980592, 'random_strength': 0.19579614231119413}. Best is trial 5 with value: 0.38992246308571316.
[I 2025-12-02 17:50:18,471] Trial 6 finished with value: 0.3833083529267712 and parameters: {'iterations': 100, 'learning_rate': 0.008501512697466802, 'depth': 3, 'l2_leaf_reg': 4.232122741662223, 'border_count': 202, 'bagging_temperature': 0.9920367063141485, 'random_strength': 0.14182961444572662}. Best is trial 5 with value: 0.38992246308571316.
[I 2025-12-02 17:50:19,988] Trial 7 finished with value: 0.3810456259582512 and parameters: {'iterations': 200, 'learning_rate': 0.010522983982556227, 'depth': 3, 'l2_leaf_reg': 9.983914449269559, 'border_count': 212, 'bagging_temperature': 0.21392350690265616, 'random_strength': 0.773335968544976}. Best is trial 5 with value: 0.38992246308571316.
[I 2025-12-02 17:50:24,015] Trial 8 finished with value: 0.3828747550588976 and parameters: {'iterations': 800, 'learning_rate': 0.007117565228311551, 'depth': 3, 'l2_leaf_reg': 9.586987989402877, 'border_count': 161, 'bagging_temperature': 0.5432367088280967, 'random_strength': 0.8383832508510896}. Best is trial 5 with value: 0.38992246308571316.
[I 2025-12-02 17:50:27,513] Trial 9 finished with value: 0.38471635219928396 and parameters: {'iterations': 800, 'learning_rate': 0.011804258036234912, 'depth': 2, 'l2_leaf_reg': 1.6122239044162023, 'border_count': 173, 'bagging_temperature': 0.13740164772127206, 'random_strength': 0.18929161867526434}. Best is trial 5 with value: 0.38992246308571316.
[I 2025-12-02 17:50:33,579] Trial 10 finished with value: 0.37979535679089604 and parameters: {'iterations': 1000, 'learning_rate': 0.0013023240361901053, 'depth': 4, 'l2_leaf_reg': 5.635163951987473, 'border_count': 151, 'bagging_temperature': 0.349364619864997, 'random_strength': 0.31577076750522415}. Best is trial 5 with value: 0.38992246308571316.
[I 2025-12-02 17:50:35,620] Trial 11 finished with value: 0.38793660779264194 and parameters: {'iterations': 400, 'learning_rate': 0.019806742038149187, 'depth': 2, 'l2_leaf_reg': 3.3563128802175073, 'border_count': 186, 'bagging_temperature': 0.941154043912107, 'random_strength': 0.0062089292446716945}. Best is trial 5 with value: 0.38992246308571316.
[I 2025-12-02 17:50:38,555] Trial 12 finished with value: 0.3889239306094067 and parameters: {'iterations': 400, 'learning_rate': 0.019677808451854753, 'depth': 4, 'l2_leaf_reg': 5.582356799475118, 'border_count': 219, 'bagging_temperature': 0.7333715416322911, 'random_strength': 0.012988578728839174}. Best is trial 5 with value: 0.38992246308571316.
[I 2025-12-02 17:50:41,441] Trial 13 finished with value: 0.387065971643832 and parameters: {'iterations': 400, 'learning_rate': 0.016839466733177627, 'depth': 4, 'l2_leaf_reg': 5.963933350547034, 'border_count': 225, 'bagging_temperature': 0.6733237857130085, 'random_strength': 0.26772231965527377}. Best is trial 5 with value: 0.38992246308571316.
[I 2025-12-02 17:50:44,770] Trial 14 finished with value: 0.3859395575307852 and parameters: {'iterations': 500, 'learning_rate': 0.015399186310731333, 'depth': 4, 'l2_leaf_reg': 7.015101257096145, 'border_count': 185, 'bagging_temperature': 0.3879337993518, 'random_strength': 0.34019067729076147}. Best is trial 5 with value: 0.38992246308571316.
[I 2025-12-02 17:50:47,171] Trial 15 finished with value: 0.38766385954875465 and parameters: {'iterations': 300, 'learning_rate': 0.01641549098836327, 'depth': 4, 'l2_leaf_reg': 4.7315273287411355, 'border_count': 220, 'bagging_temperature': 0.0036041436030938567, 'random_strength': 0.1342904427498094}. Best is trial 5 with value: 0.38992246308571316.
[I 2025-12-02 17:50:51,068] Trial 16 finished with value: 0.3900531575696156 and parameters: {'iterations': 600, 'learning_rate': 0.01977292526425508, 'depth': 4, 'l2_leaf_reg': 7.950167112833354, 'border_count': 185, 'bagging_temperature': 0.4045798895746854, 'random_strength': 0.07098620376263443}. Best is trial 16 with value: 0.3900531575696156.
[I 2025-12-02 17:50:55,077] Trial 17 finished with value: 0.38004619919276983 and parameters: {'iterations': 600, 'learning_rate': 0.004466997476138147, 'depth': 4, 'l2_leaf_reg': 8.177782197502104, 'border_count': 172, 'bagging_temperature': 0.41603144987288015, 'random_strength': 0.9917908392157617}. Best is trial 16 with value: 0.3900531575696156.
[I 2025-12-02 17:50:59,324] Trial 18 finished with value: 0.38390196001923166 and parameters: {'iterations': 1000, 'learning_rate': 0.01534428750052819, 'depth': 2, 'l2_leaf_reg': 8.07724380568966, 'border_count': 187, 'bagging_temperature': 0.48831344090903295, 'random_strength': 0.40693141344716116}. Best is trial 16 with value: 0.3900531575696156.
[I 2025-12-02 17:51:03,734] Trial 19 finished with value: 0.3895308064095918 and parameters: {'iterations': 700, 'learning_rate': 0.01772769227361309, 'depth': 4, 'l2_leaf_reg': 6.761423526586998, 'border_count': 169, 'bagging_temperature': 0.2827797859318506, 'random_strength': 0.2220803485091257}. Best is trial 16 with value: 0.3900531575696156.
[I 2025-12-02 17:51:06,483] Trial 20 finished with value: 0.386609526038716 and parameters: {'iterations': 500, 'learning_rate': 0.014311394746910162, 'depth': 3, 'l2_leaf_reg': 8.760793763556201, 'border_count': 151, 'bagging_temperature': 0.6358719365284151, 'random_strength': 0.10277188210410049}. Best is trial 16 with value: 0.3900531575696156.
[I 2025-12-02 17:51:10,908] Trial 21 finished with value: 0.3879904805778359 and parameters: {'iterations': 700, 'learning_rate': 0.01805709538892951, 'depth': 4, 'l2_leaf_reg': 6.953831405970107, 'border_count': 170, 'bagging_temperature': 0.3009709322971159, 'random_strength': 0.21448078727457878}. Best is trial 16 with value: 0.3900531575696156.
[I 2025-12-02 17:51:15,435] Trial 22 finished with value: 0.38870458579532396 and parameters: {'iterations': 700, 'learning_rate': 0.017940420772494182, 'depth': 4, 'l2_leaf_reg': 6.700646983832229, 'border_count': 179, 'bagging_temperature': 0.47040814305364165, 'random_strength': 0.2579091262787753}. Best is trial 16 with value: 0.3900531575696156.
[I 2025-12-02 17:51:20,954] Trial 23 finished with value: 0.3897267940280425 and parameters: {'iterations': 900, 'learning_rate': 0.01889551954464863, 'depth': 4, 'l2_leaf_reg': 4.798020049366438, 'border_count': 163, 'bagging_temperature': 0.2932566349171544, 'random_strength': 0.09733071960355084}. Best is trial 16 with value: 0.3900531575696156.
[I 2025-12-02 17:51:26,338] Trial 24 finished with value: 0.39130033709189205 and parameters: {'iterations': 900, 'learning_rate': 0.019663689063957494, 'depth': 4, 'l2_leaf_reg': 4.685921144629484, 'border_count': 164, 'bagging_temperature': 0.4368967633503834, 'random_strength': 0.12329875762605207}. Best is trial 24 with value: 0.39130033709189205.
[I 2025-12-02 17:51:31,801] Trial 25 finished with value: 0.38941949762671785 and parameters: {'iterations': 900, 'learning_rate': 0.019812211187700844, 'depth': 4, 'l2_leaf_reg': 4.284516840984411, 'border_count': 160, 'bagging_temperature': 0.43827669576245076, 'random_strength': 0.5694092529336978}. Best is trial 24 with value: 0.39130033709189205.
[I 2025-12-02 17:51:36,043] Trial 26 finished with value: 0.38732065488861306 and parameters: {'iterations': 600, 'learning_rate': 0.016127283421713386, 'depth': 4, 'l2_leaf_reg': 7.512629188090848, 'border_count': 192, 'bagging_temperature': 0.5571211640828634, 'random_strength': 0.3836769730306048}. Best is trial 24 with value: 0.39130033709189205.
[I 2025-12-02 17:51:40,471] Trial 27 finished with value: 0.39075142196796075 and parameters: {'iterations': 900, 'learning_rate': 0.017011228654579037, 'depth': 3, 'l2_leaf_reg': 2.559800085219711, 'border_count': 179, 'bagging_temperature': 0.6278311679364356, 'random_strength': 0.05700011142947618}. Best is trial 24 with value: 0.39130033709189205.
[I 2025-12-02 17:51:45,134] Trial 28 finished with value: 0.3940151964999464 and parameters: {'iterations': 900, 'learning_rate': 0.017076593952171475, 'depth': 3, 'l2_leaf_reg': 1.0765491950224182, 'border_count': 208, 'bagging_temperature': 0.6516951202541572, 'random_strength': 0.08509448507201979}. Best is trial 28 with value: 0.3940151964999464.
[I 2025-12-02 17:51:49,879] Trial 29 finished with value: 0.3898478581750756 and parameters: {'iterations': 900, 'learning_rate': 0.014290072807958338, 'depth': 3, 'l2_leaf_reg': 2.287112303944863, 'border_count': 209, 'bagging_temperature': 0.6196362603646465, 'random_strength': 0.6262440543796948}. Best is trial 28 with value: 0.3940151964999464.
[I 2025-12-02 17:52:22,771] A new study created in memory with name: xgboost_fold_1
[I 2025-12-02 17:52:31,107] Trial 0 finished with value: 0.38474530667166307 and parameters: {'n_estimators': 800, 'learning_rate': 0.0673089022049291, 'max_depth': 20, 'min_child_weight': 3, 'subsample': 0.9420964518115751, 'colsample_bytree': 0.47357639168014326, 'reg_alpha': 0.75224038125535, 'reg_lambda': 6.30311190124544, 'gamma': 4.0}. Best is trial 0 with value: 0.38474530667166307.
[I 2025-12-02 17:52:35,284] Trial 1 finished with value: 0.39042444514702757 and parameters: {'n_estimators': 650, 'learning_rate': 0.041086604522900784, 'max_depth': 12, 'min_child_weight': 3, 'subsample': 0.9467650325797761, 'colsample_bytree': 0.49728937651835425, 'reg_alpha': 0.010555872258097287, 'reg_lambda': 3.6602057969427255, 'gamma': 3.0}. Best is trial 1 with value: 0.39042444514702757.
[I 2025-12-02 17:52:46,109] Trial 2 finished with value: 0.385277386738524 and parameters: {'n_estimators': 500, 'learning_rate': 0.04087474629193134, 'max_depth': 8, 'min_child_weight': 5, 'subsample': 0.9990752580078688, 'colsample_bytree': 0.42642328074385866, 'reg_alpha': 0.10631891084204548, 'reg_lambda': 3.373935064624657, 'gamma': 1.0}. Best is trial 1 with value: 0.39042444514702757.
[I 2025-12-02 17:52:59,991] Trial 3 finished with value: 0.3824517676129068 and parameters: {'n_estimators': 450, 'learning_rate': 0.08065915746154736, 'max_depth': 12, 'min_child_weight': 1, 'subsample': 0.9037204691964766, 'colsample_bytree': 0.5058377084818736, 'reg_alpha': 0.9827253782436677, 'reg_lambda': 7.521702456003231, 'gamma': 1.0}. Best is trial 1 with value: 0.39042444514702757.
[I 2025-12-02 17:53:09,256] Trial 4 finished with value: 0.38351332754209044 and parameters: {'n_estimators': 350, 'learning_rate': 0.051946137368454263, 'max_depth': 8, 'min_child_weight': 5, 'subsample': 0.9852222532327797, 'colsample_bytree': 0.4022996786685912, 'reg_alpha': 0.5421289208544697, 'reg_lambda': 8.492954961909277, 'gamma': 5.0}. Best is trial 1 with value: 0.39042444514702757.
[I 2025-12-02 17:53:21,253] Trial 5 finished with value: 0.3831078903053537 and parameters: {'n_estimators': 650, 'learning_rate': 0.09354529739321697, 'max_depth': 6, 'min_child_weight': 2, 'subsample': 0.9711356943455898, 'colsample_bytree': 0.5422465581609262, 'reg_alpha': 0.9866155567122388, 'reg_lambda': 2.2635475104587033, 'gamma': 1.0}. Best is trial 1 with value: 0.39042444514702757.
[I 2025-12-02 17:53:31,934] Trial 6 finished with value: 0.389149134763357 and parameters: {'n_estimators': 500, 'learning_rate': 0.09888568838465106, 'max_depth': 4, 'min_child_weight': 8, 'subsample': 0.9440381781636501, 'colsample_bytree': 0.5521193944907863, 'reg_alpha': 0.5829807851084292, 'reg_lambda': 2.9477973106783213, 'gamma': 2.0}. Best is trial 1 with value: 0.39042444514702757.
[I 2025-12-02 17:53:39,414] Trial 7 finished with value: 0.3830236527989036 and parameters: {'n_estimators': 150, 'learning_rate': 0.05726978330491277, 'max_depth': 2, 'min_child_weight': 3, 'subsample': 0.9911815100653024, 'colsample_bytree': 0.4532537797549793, 'reg_alpha': 0.7820732306574976, 'reg_lambda': 6.444736697108837, 'gamma': 5.0}. Best is trial 1 with value: 0.39042444514702757.
[I 2025-12-02 17:53:50,819] Trial 8 finished with value: 0.38766650253732876 and parameters: {'n_estimators': 350, 'learning_rate': 0.01233127806349922, 'max_depth': 14, 'min_child_weight': 10, 'subsample': 0.9187964473433228, 'colsample_bytree': 0.40683030201379233, 'reg_alpha': 0.11133439979660131, 'reg_lambda': 2.5367058543095236, 'gamma': 3.0}. Best is trial 1 with value: 0.39042444514702757.
[I 2025-12-02 17:53:58,962] Trial 9 finished with value: 0.3826415180527919 and parameters: {'n_estimators': 200, 'learning_rate': 0.08953929921341029, 'max_depth': 6, 'min_child_weight': 6, 'subsample': 0.9706816501508319, 'colsample_bytree': 0.5878113785754939, 'reg_alpha': 0.4574430898150528, 'reg_lambda': 6.904851033824798, 'gamma': 1.0}. Best is trial 1 with value: 0.39042444514702757.
[I 2025-12-02 17:54:19,929] Trial 10 finished with value: 0.38887558299458214 and parameters: {'n_estimators': 1000, 'learning_rate': 0.028450081658216855, 'max_depth': 16, 'min_child_weight': 7, 'subsample': 0.9290944135980246, 'colsample_bytree': 0.5070745979177652, 'reg_alpha': 0.3125196131617084, 'reg_lambda': 4.609484583900387, 'gamma': 3.0}. Best is trial 1 with value: 0.39042444514702757.
[I 2025-12-02 17:54:33,840] Trial 11 finished with value: 0.38767620101707745 and parameters: {'n_estimators': 700, 'learning_rate': 0.03145602528349744, 'max_depth': 2, 'min_child_weight': 9, 'subsample': 0.9536057246855972, 'colsample_bytree': 0.5363955415193308, 'reg_alpha': 0.3234867894390349, 'reg_lambda': 1.1772022207528483, 'gamma': 2.0}. Best is trial 1 with value: 0.39042444514702757.
[I 2025-12-02 17:54:46,042] Trial 12 finished with value: 0.3862385872198473 and parameters: {'n_estimators': 850, 'learning_rate': 0.071423995611904, 'max_depth': 10, 'min_child_weight': 8, 'subsample': 0.9500606272920009, 'colsample_bytree': 0.5938776625686581, 'reg_alpha': 0.001202572722942552, 'reg_lambda': 4.433169803288015, 'gamma': 2.0}. Best is trial 1 with value: 0.39042444514702757.
[I 2025-12-02 17:55:39,585] Trial 13 finished with value: 0.3763278298179257 and parameters: {'n_estimators': 600, 'learning_rate': 0.04459304555437397, 'max_depth': 18, 'min_child_weight': 4, 'subsample': 0.9380181216877423, 'colsample_bytree': 0.5522276004286105, 'reg_alpha': 0.6755242172724463, 'reg_lambda': 4.47573767804149, 'gamma': 0.0}. Best is trial 1 with value: 0.39042444514702757.
[I 2025-12-02 17:55:52,284] Trial 14 finished with value: 0.38876032119452514 and parameters: {'n_estimators': 750, 'learning_rate': 0.015990434390143075, 'max_depth': 12, 'min_child_weight': 7, 'subsample': 0.968867101227615, 'colsample_bytree': 0.47740671943257795, 'reg_alpha': 0.5003753093502205, 'reg_lambda': 1.1273529548265833, 'gamma': 4.0}. Best is trial 1 with value: 0.39042444514702757.
[I 2025-12-02 17:56:02,216] Trial 15 finished with value: 0.3886478187392479 and parameters: {'n_estimators': 400, 'learning_rate': 0.09862787983037866, 'max_depth': 4, 'min_child_weight': 10, 'subsample': 0.9591938920163152, 'colsample_bytree': 0.5645696814182235, 'reg_alpha': 0.32531336146842166, 'reg_lambda': 3.2560358934245284, 'gamma': 3.0}. Best is trial 1 with value: 0.39042444514702757.
[I 2025-12-02 17:56:12,393] Trial 16 finished with value: 0.38483362700830503 and parameters: {'n_estimators': 550, 'learning_rate': 0.06442608608946565, 'max_depth': 14, 'min_child_weight': 1, 'subsample': 0.9225242354883564, 'colsample_bytree': 0.5199874115115481, 'reg_alpha': 0.6358996235720317, 'reg_lambda': 9.90315660671475, 'gamma': 4.0}. Best is trial 1 with value: 0.39042444514702757.
[I 2025-12-02 17:56:26,276] Trial 17 finished with value: 0.38700471547664544 and parameters: {'n_estimators': 900, 'learning_rate': 0.07924023443353741, 'max_depth': 10, 'min_child_weight': 8, 'subsample': 0.9379255584207085, 'colsample_bytree': 0.4860227166322202, 'reg_alpha': 0.1912482603642389, 'reg_lambda': 3.3345007541366547, 'gamma': 2.0}. Best is trial 1 with value: 0.39042444514702757.
[I 2025-12-02 17:56:37,151] Trial 18 finished with value: 0.38659455192119824 and parameters: {'n_estimators': 300, 'learning_rate': 0.028012215386433465, 'max_depth': 6, 'min_child_weight': 4, 'subsample': 0.9095098916932132, 'colsample_bytree': 0.5756408021460797, 'reg_alpha': 0.8697887978876295, 'reg_lambda': 5.431266163739266, 'gamma': 0.0}. Best is trial 1 with value: 0.39042444514702757.
[I 2025-12-02 17:56:46,612] Trial 19 finished with value: 0.38764452527051374 and parameters: {'n_estimators': 600, 'learning_rate': 0.04115132629619131, 'max_depth': 14, 'min_child_weight': 6, 'subsample': 0.9626042353580027, 'colsample_bytree': 0.4526346384110618, 'reg_alpha': 0.40241342640302663, 'reg_lambda': 5.355371117912439, 'gamma': 3.0}. Best is trial 1 with value: 0.39042444514702757.
[I 2025-12-02 17:56:55,577] Trial 20 finished with value: 0.3887232254315987 and parameters: {'n_estimators': 250, 'learning_rate': 0.055651821403567676, 'max_depth': 4, 'min_child_weight': 8, 'subsample': 0.9447846772711712, 'colsample_bytree': 0.5226662091733902, 'reg_alpha': 0.5835236683222543, 'reg_lambda': 2.1974273103882256, 'gamma': 2.0}. Best is trial 1 with value: 0.39042444514702757.
[I 2025-12-02 17:57:16,101] Trial 21 finished with value: 0.3884275625308115 and parameters: {'n_estimators': 1000, 'learning_rate': 0.026215442278845938, 'max_depth': 16, 'min_child_weight': 7, 'subsample': 0.9287867023468768, 'colsample_bytree': 0.5035428134324793, 'reg_alpha': 0.22659252201913166, 'reg_lambda': 4.191471910419622, 'gamma': 3.0}. Best is trial 1 with value: 0.39042444514702757.
[I 2025-12-02 17:57:28,446] Trial 22 finished with value: 0.3865476547483842 and parameters: {'n_estimators': 1000, 'learning_rate': 0.034049215830396516, 'max_depth': 18, 'min_child_weight': 7, 'subsample': 0.9313854874281817, 'colsample_bytree': 0.5239650763305429, 'reg_alpha': 0.3595213201204797, 'reg_lambda': 4.126905734542147, 'gamma': 4.0}. Best is trial 1 with value: 0.39042444514702757.
[I 2025-12-02 17:57:45,777] Trial 23 finished with value: 0.3885370641756717 and parameters: {'n_estimators': 900, 'learning_rate': 0.01926413876503658, 'max_depth': 16, 'min_child_weight': 9, 'subsample': 0.9176716755899007, 'colsample_bytree': 0.49439921341015153, 'reg_alpha': 0.2423527511855702, 'reg_lambda': 4.819209416858555, 'gamma': 3.0}. Best is trial 1 with value: 0.39042444514702757.
[I 2025-12-02 17:58:05,375] Trial 24 finished with value: 0.3900961171786123 and parameters: {'n_estimators': 500, 'learning_rate': 0.022448139217713384, 'max_depth': 16, 'min_child_weight': 6, 'subsample': 0.9286096531856245, 'colsample_bytree': 0.4600700798006245, 'reg_alpha': 0.02984932860256767, 'reg_lambda': 3.060668284858076, 'gamma': 2.0}. Best is trial 1 with value: 0.39042444514702757.
[I 2025-12-02 17:58:21,334] Trial 25 finished with value: 0.3890602573702882 and parameters: {'n_estimators': 500, 'learning_rate': 0.04718328608481569, 'max_depth': 12, 'min_child_weight': 4, 'subsample': 0.9525388235323539, 'colsample_bytree': 0.4570138671868326, 'reg_alpha': 0.02871430097102987, 'reg_lambda': 2.911350714623835, 'gamma': 2.0}. Best is trial 1 with value: 0.39042444514702757.
[I 2025-12-02 17:58:53,467] Trial 26 finished with value: 0.38929565546608325 and parameters: {'n_estimators': 700, 'learning_rate': 0.009006813784988977, 'max_depth': 20, 'min_child_weight': 6, 'subsample': 0.9461118366853182, 'colsample_bytree': 0.4387037577734073, 'reg_alpha': 0.10451307573056651, 'reg_lambda': 1.7690052585177052, 'gamma': 2.0}. Best is trial 1 with value: 0.39042444514702757.
[I 2025-12-02 17:59:44,247] Trial 27 finished with value: 0.38725848513436834 and parameters: {'n_estimators': 700, 'learning_rate': 0.01055535119704077, 'max_depth': 20, 'min_child_weight': 5, 'subsample': 0.9352484599071804, 'colsample_bytree': 0.43300914004777596, 'reg_alpha': 0.07383747563979012, 'reg_lambda': 1.822912882285521, 'gamma': 1.0}. Best is trial 1 with value: 0.39042444514702757.
[I 2025-12-02 17:59:54,428] Trial 28 finished with value: 0.391039989150667 and parameters: {'n_estimators': 650, 'learning_rate': 0.02077629932490299, 'max_depth': 18, 'min_child_weight': 6, 'subsample': 0.960284192819281, 'colsample_bytree': 0.4369047252355092, 'reg_alpha': 0.1567389582767962, 'reg_lambda': 1.8395248892946108, 'gamma': 2.0}. Best is trial 28 with value: 0.391039989150667.
[I 2025-12-02 18:00:12,350] Trial 29 finished with value: 0.38980058344838014 and parameters: {'n_estimators': 600, 'learning_rate': 0.021501607643336293, 'max_depth': 18, 'min_child_weight': 3, 'subsample': 0.9610640574256969, 'colsample_bytree': 0.4679586677817905, 'reg_alpha': 0.1682616466759741, 'reg_lambda': 3.830093295255442, 'gamma': 3.0}. Best is trial 28 with value: 0.391039989150667.
[I 2025-12-02 18:00:17,202] A new study created in memory with name: xgboost_fold_2
[I 2025-12-02 18:00:24,388] Trial 0 finished with value: 0.3867678698601534 and parameters: {'n_estimators': 550, 'learning_rate': 0.07382215363900578, 'max_depth': 6, 'min_child_weight': 5, 'subsample': 0.9911865935108358, 'colsample_bytree': 0.5393019067441367, 'reg_alpha': 0.2803518387975703, 'reg_lambda': 9.49587950135081, 'gamma': 4.0}. Best is trial 0 with value: 0.3867678698601534.
