[I 2025-12-02 17:46:25,742] Trial 1 finished with value: 0.38198520557138316 and parameters: {'iterations': 900, 'learning_rate': 0.005760830365234906, 'depth': 3, 'l2_leaf_reg': 5.544125198518832, 'border_count': 191, 'bagging_temperature': 0.1014686132387258, 'random_strength': 0.7553365847167677}. Best is trial 0 with value: 0.3862476430748325.
[I 2025-12-02 17:46:29,678] Trial 2 finished with value: 0.3754140519618579 and parameters: {'iterations': 900, 'learning_rate': 0.001668142447856684, 'depth': 2, 'l2_leaf_reg': 8.724679748854872, 'border_count': 230, 'bagging_temperature': 0.0786202322923285, 'random_strength': 0.9026885582133698}. Best is trial 0 with value: 0.3862476430748325.
[I 2025-12-02 17:46:33,206] Trial 3 finished with value: 0.38212430345597215 and parameters: {'iterations': 800, 'learning_rate': 0.01078999634889979, 'depth': 2, 'l2_leaf_reg': 9.11663762195937, 'border_count': 203, 'bagging_temperature': 0.6215805543846199, 'random_strength': 0.8850781651360318}. Best is trial 0 with value: 0.3862476430748325.
[I 2025-12-02 17:46:35,177] Trial 4 finished with value: 0.38220074820023986 and parameters: {'iterations': 400, 'learning_rate': 0.008703653516263767, 'depth': 2, 'l2_leaf_reg': 8.01208373722855, 'border_count': 216, 'bagging_temperature': 0.7438356089280769, 'random_strength': 0.015128865711048545}. Best is trial 0 with value: 0.3862476430748325.
[I 2025-12-02 17:46:37,848] Trial 5 finished with value: 0.38416996197708236 and parameters: {'iterations': 400, 'learning_rate': 0.017642122834026462, 'depth': 4, 'l2_leaf_reg': 3.146384221125477, 'border_count': 156, 'bagging_temperature': 0.21303490039443584, 'random_strength': 0.464255055584741}. Best is trial 0 with value: 0.3862476430748325.
[I 2025-12-02 17:46:40,672] Trial 6 finished with value: 0.3864323389451788 and parameters: {'iterations': 500, 'learning_rate': 0.01929506776631283, 'depth': 3, 'l2_leaf_reg': 1.7195486338768822, 'border_count': 227, 'bagging_temperature': 0.594995389406428, 'random_strength': 0.5387870823422798}. Best is trial 6 with value: 0.3864323389451788.
[I 2025-12-02 17:46:41,964] Trial 7 finished with value: 0.37909593050732604 and parameters: {'iterations': 200, 'learning_rate': 0.011396909602061047, 'depth': 2, 'l2_leaf_reg': 2.2115793382580233, 'border_count': 199, 'bagging_temperature': 0.31653878683570436, 'random_strength': 0.7104840782827802}. Best is trial 6 with value: 0.3864323389451788.
[I 2025-12-02 17:46:44,386] Trial 8 finished with value: 0.37430031390400653 and parameters: {'iterations': 400, 'learning_rate': 0.0019029690379685185, 'depth': 3, 'l2_leaf_reg': 6.657015260541867, 'border_count': 243, 'bagging_temperature': 0.9274168184357087, 'random_strength': 0.9127153667657036}. Best is trial 6 with value: 0.3864323389451788.
[I 2025-12-02 17:46:49,555] Trial 9 finished with value: 0.3864279310709624 and parameters: {'iterations': 1000, 'learning_rate': 0.016310641072809565, 'depth': 3, 'l2_leaf_reg': 6.23205091530146, 'border_count': 245, 'bagging_temperature': 0.6873179248947174, 'random_strength': 0.6649329679084643}. Best is trial 6 with value: 0.3864323389451788.
[I 2025-12-02 17:46:53,865] Trial 10 finished with value: 0.39049044526571847 and parameters: {'iterations': 600, 'learning_rate': 0.019210013839066176, 'depth': 4, 'l2_leaf_reg': 1.2734104576146943, 'border_count': 255, 'bagging_temperature': 0.42448126727350727, 'random_strength': 0.2289522478310394}. Best is trial 10 with value: 0.39049044526571847.
[I 2025-12-02 17:46:58,358] Trial 11 finished with value: 0.39052300418504216 and parameters: {'iterations': 600, 'learning_rate': 0.018957514282955695, 'depth': 4, 'l2_leaf_reg': 1.5070101540326015, 'border_count': 255, 'bagging_temperature': 0.4207483892341344, 'random_strength': 0.20118958640530288}. Best is trial 11 with value: 0.39052300418504216.
[I 2025-12-02 17:47:03,462] Trial 12 finished with value: 0.3897757662816633 and parameters: {'iterations': 700, 'learning_rate': 0.014724179145281992, 'depth': 4, 'l2_leaf_reg': 1.0696817937168204, 'border_count': 255, 'bagging_temperature': 0.4205296868729306, 'random_strength': 0.16473563044390693}. Best is trial 11 with value: 0.39052300418504216.
[I 2025-12-02 17:47:07,749] Trial 13 finished with value: 0.38683634196042804 and parameters: {'iterations': 600, 'learning_rate': 0.01403501486350445, 'depth': 4, 'l2_leaf_reg': 4.108300006024486, 'border_count': 254, 'bagging_temperature': 0.4317897988807267, 'random_strength': 0.2477808363973473}. Best is trial 11 with value: 0.39052300418504216.
[I 2025-12-02 17:47:08,915] Trial 14 finished with value: 0.381979987751419 and parameters: {'iterations': 100, 'learning_rate': 0.019767288563861597, 'depth': 4, 'l2_leaf_reg': 4.689839393153868, 'border_count': 234, 'bagging_temperature': 0.3160673264136021, 'random_strength': 0.054539541915551715}. Best is trial 11 with value: 0.39052300418504216.
[I 2025-12-02 17:47:12,708] Trial 15 finished with value: 0.3885731106851734 and parameters: {'iterations': 600, 'learning_rate': 0.013599751499077686, 'depth': 4, 'l2_leaf_reg': 1.0413727038874914, 'border_count': 172, 'bagging_temperature': 0.48161440630389296, 'random_strength': 0.2335651354099313}. Best is trial 11 with value: 0.39052300418504216.
[I 2025-12-02 17:47:17,325] Trial 16 finished with value: 0.3875018528610752 and parameters: {'iterations': 700, 'learning_rate': 0.01658137039382868, 'depth': 4, 'l2_leaf_reg': 3.6037929831094977, 'border_count': 218, 'bagging_temperature': 0.8317470614674725, 'random_strength': 0.3731196153322481}. Best is trial 11 with value: 0.39052300418504216.
[I 2025-12-02 17:47:19,692] Trial 17 finished with value: 0.3858505117398315 and parameters: {'iterations': 300, 'learning_rate': 0.017814247958529532, 'depth': 4, 'l2_leaf_reg': 2.5220704098850293, 'border_count': 242, 'bagging_temperature': 0.26289931616395384, 'random_strength': 0.13125970388399388}. Best is trial 11 with value: 0.39052300418504216.
[I 2025-12-02 17:47:24,319] Trial 18 finished with value: 0.3858426618604379 and parameters: {'iterations': 700, 'learning_rate': 0.012572906645077632, 'depth': 4, 'l2_leaf_reg': 4.598804059811705, 'border_count': 216, 'bagging_temperature': 0.5136747815572216, 'random_strength': 0.3082710815056972}. Best is trial 11 with value: 0.39052300418504216.
[I 2025-12-02 17:47:28,004] Trial 19 finished with value: 0.3876066733933837 and parameters: {'iterations': 500, 'learning_rate': 0.019478472418605296, 'depth': 4, 'l2_leaf_reg': 1.9237052973818722, 'border_count': 252, 'bagging_temperature': 0.37059249164850677, 'random_strength': 0.48751060228240195}. Best is trial 11 with value: 0.39052300418504216.
[I 2025-12-02 17:47:32,194] Trial 20 finished with value: 0.38612319939675827 and parameters: {'iterations': 800, 'learning_rate': 0.01578096789692976, 'depth': 3, 'l2_leaf_reg': 7.336037851301844, 'border_count': 239, 'bagging_temperature': 0.18909051760987283, 'random_strength': 0.11866404929791896}. Best is trial 11 with value: 0.39052300418504216.
[I 2025-12-02 17:47:37,086] Trial 21 finished with value: 0.38982620235431703 and parameters: {'iterations': 700, 'learning_rate': 0.014877504133769866, 'depth': 4, 'l2_leaf_reg': 1.2159316361563675, 'border_count': 253, 'bagging_temperature': 0.42832564249189503, 'random_strength': 0.18280874000047898}. Best is trial 11 with value: 0.39052300418504216.
[I 2025-12-02 17:47:41,416] Trial 22 finished with value: 0.3907685610735617 and parameters: {'iterations': 600, 'learning_rate': 0.01779688987407499, 'depth': 4, 'l2_leaf_reg': 1.6794655987650398, 'border_count': 248, 'bagging_temperature': 0.5465263525649737, 'random_strength': 0.22173918525228775}. Best is trial 22 with value: 0.3907685610735617.
[I 2025-12-02 17:47:45,859] Trial 23 finished with value: 0.38658943918754274 and parameters: {'iterations': 600, 'learning_rate': 0.018030002141655614, 'depth': 4, 'l2_leaf_reg': 1.9246957732199075, 'border_count': 225, 'bagging_temperature': 0.5256366969987556, 'random_strength': 0.29490054914367025}. Best is trial 22 with value: 0.3907685610735617.
[I 2025-12-02 17:47:49,473] Trial 24 finished with value: 0.38837358396537336 and parameters: {'iterations': 500, 'learning_rate': 0.018083600302314345, 'depth': 4, 'l2_leaf_reg': 3.2891485251406523, 'border_count': 247, 'bagging_temperature': 0.5805032304000828, 'random_strength': 0.40155326351074017}. Best is trial 22 with value: 0.3907685610735617.
[I 2025-12-02 17:47:54,884] Trial 25 finished with value: 0.3881112713385377 and parameters: {'iterations': 800, 'learning_rate': 0.016352232165411897, 'depth': 4, 'l2_leaf_reg': 2.477612420236587, 'border_count': 235, 'bagging_temperature': 0.7321249460010557, 'random_strength': 0.5744099875150717}. Best is trial 22 with value: 0.3907685610735617.
[I 2025-12-02 17:47:58,154] Trial 26 finished with value: 0.38406184944005506 and parameters: {'iterations': 600, 'learning_rate': 0.019695591679505704, 'depth': 3, 'l2_leaf_reg': 9.962514526743718, 'border_count': 245, 'bagging_temperature': 0.33556419021990064, 'random_strength': 0.07408624228297137}. Best is trial 22 with value: 0.3907685610735617.
[I 2025-12-02 17:48:00,425] Trial 27 finished with value: 0.38344788148273967 and parameters: {'iterations': 300, 'learning_rate': 0.012388218431919224, 'depth': 4, 'l2_leaf_reg': 3.986828975173073, 'border_count': 207, 'bagging_temperature': 0.664944580393757, 'random_strength': 0.2485821482298016}. Best is trial 22 with value: 0.3907685610735617.
[I 2025-12-02 17:48:03,333] Trial 28 finished with value: 0.38673663199811753 and parameters: {'iterations': 500, 'learning_rate': 0.018441351503028426, 'depth': 3, 'l2_leaf_reg': 1.607096276254602, 'border_count': 236, 'bagging_temperature': 0.5326371416268495, 'random_strength': 0.18829010362023313}. Best is trial 22 with value: 0.3907685610735617.
[I 2025-12-02 17:48:09,189] Trial 29 finished with value: 0.3843017834647979 and parameters: {'iterations': 900, 'learning_rate': 0.006091635829202524, 'depth': 4, 'l2_leaf_reg': 2.9036348094858457, 'border_count': 224, 'bagging_temperature': 0.4600908950272758, 'random_strength': 0.4275095141335421}. Best is trial 22 with value: 0.3907685610735617.
[I 2025-12-02 17:48:10,834] A new study created in memory with name: catboost_fold_4
[I 2025-12-02 17:48:13,185] Trial 0 finished with value: 0.383768609664808 and parameters: {'iterations': 300, 'learning_rate': 0.016367716995392943, 'depth': 4, 'l2_leaf_reg': 9.00773898960111, 'border_count': 247, 'bagging_temperature': 0.4424235577207418, 'random_strength': 0.6263492269131931}. Best is trial 0 with value: 0.383768609664808.
[I 2025-12-02 17:48:15,991] Trial 1 finished with value: 0.3813294189942902 and parameters: {'iterations': 600, 'learning_rate': 0.006250497552874508, 'depth': 2, 'l2_leaf_reg': 6.872708451142106, 'border_count': 244, 'bagging_temperature': 0.07085923190670051, 'random_strength': 0.5682827798261892}. Best is trial 0 with value: 0.383768609664808.
[I 2025-12-02 17:48:22,080] Trial 2 finished with value: 0.3824418975175953 and parameters: {'iterations': 1000, 'learning_rate': 0.002175201631450608, 'depth': 4, 'l2_leaf_reg': 4.930418745210423, 'border_count': 181, 'bagging_temperature': 0.9206291620617959, 'random_strength': 0.2677387653536907}. Best is trial 0 with value: 0.383768609664808.
[I 2025-12-02 17:48:27,813] Trial 3 finished with value: 0.38389185272088 and parameters: {'iterations': 900, 'learning_rate': 0.016888492956074544, 'depth': 4, 'l2_leaf_reg': 4.348937419700723, 'border_count': 215, 'bagging_temperature': 0.34894229112466335, 'random_strength': 0.9744964235201491}. Best is trial 3 with value: 0.38389185272088.
[I 2025-12-02 17:48:32,105] Trial 4 finished with value: 0.383254396813392 and parameters: {'iterations': 1000, 'learning_rate': 0.00824063269548167, 'depth': 2, 'l2_leaf_reg': 8.86615776360259, 'border_count': 244, 'bagging_temperature': 0.7258560807335691, 'random_strength': 0.3282864508616381}. Best is trial 3 with value: 0.38389185272088.
[I 2025-12-02 17:48:35,435] Trial 5 finished with value: 0.3777129692524103 and parameters: {'iterations': 500, 'learning_rate': 0.0013679781114337263, 'depth': 4, 'l2_leaf_reg': 7.256695459285096, 'border_count': 178, 'bagging_temperature': 0.47333374658840066, 'random_strength': 0.23258587921075902}. Best is trial 3 with value: 0.38389185272088.
[I 2025-12-02 17:48:37,099] Trial 6 finished with value: 0.3838190518468018 and parameters: {'iterations': 300, 'learning_rate': 0.019938565951172608, 'depth': 2, 'l2_leaf_reg': 1.999809378717257, 'border_count': 230, 'bagging_temperature': 0.5134271442974958, 'random_strength': 0.5545255995106956}. Best is trial 3 with value: 0.38389185272088.
[I 2025-12-02 17:48:40,489] Trial 7 finished with value: 0.3853932907916288 and parameters: {'iterations': 500, 'learning_rate': 0.016968908651902346, 'depth': 4, 'l2_leaf_reg': 3.365492565737032, 'border_count': 209, 'bagging_temperature': 0.8637495006658911, 'random_strength': 0.5725106717755158}. Best is trial 7 with value: 0.3853932907916288.
[I 2025-12-02 17:48:43,932] Trial 8 finished with value: 0.3857505739632444 and parameters: {'iterations': 800, 'learning_rate': 0.013920139020583724, 'depth': 2, 'l2_leaf_reg': 1.5537326073850015, 'border_count': 209, 'bagging_temperature': 0.7707605766282022, 'random_strength': 0.059515054773475295}. Best is trial 8 with value: 0.3857505739632444.
[I 2025-12-02 17:48:44,843] Trial 9 finished with value: 0.3732569919703123 and parameters: {'iterations': 100, 'learning_rate': 0.013448277660140527, 'depth': 2, 'l2_leaf_reg': 4.379083313839055, 'border_count': 171, 'bagging_temperature': 0.07161517340901746, 'random_strength': 0.8711735021974156}. Best is trial 8 with value: 0.3857505739632444.
[I 2025-12-02 17:48:48,826] Trial 10 finished with value: 0.3871904211445386 and parameters: {'iterations': 800, 'learning_rate': 0.011432736074767958, 'depth': 3, 'l2_leaf_reg': 1.1106891873457783, 'border_count': 157, 'bagging_temperature': 0.6786923875560653, 'random_strength': 0.0553034870463172}. Best is trial 10 with value: 0.3871904211445386.
[I 2025-12-02 17:48:52,779] Trial 11 finished with value: 0.3865523430353417 and parameters: {'iterations': 800, 'learning_rate': 0.011642606334356037, 'depth': 3, 'l2_leaf_reg': 1.0638774167128968, 'border_count': 159, 'bagging_temperature': 0.6965189215231817, 'random_strength': 0.01803473109534689}. Best is trial 10 with value: 0.3871904211445386.
[I 2025-12-02 17:48:56,279] Trial 12 finished with value: 0.38747861718572535 and parameters: {'iterations': 700, 'learning_rate': 0.010369661385477812, 'depth': 3, 'l2_leaf_reg': 1.2055813949462104, 'border_count': 150, 'bagging_temperature': 0.636640416063314, 'random_strength': 0.04478273920004275}. Best is trial 12 with value: 0.38747861718572535.
[I 2025-12-02 17:48:59,875] Trial 13 finished with value: 0.38506221522162876 and parameters: {'iterations': 700, 'learning_rate': 0.0077287501461421135, 'depth': 3, 'l2_leaf_reg': 2.6096446398001207, 'border_count': 152, 'bagging_temperature': 0.5926391353342529, 'random_strength': 0.1361653029597713}. Best is trial 12 with value: 0.38747861718572535.
[I 2025-12-02 17:49:03,519] Trial 14 finished with value: 0.38444625259750437 and parameters: {'iterations': 700, 'learning_rate': 0.010147257918316655, 'depth': 3, 'l2_leaf_reg': 3.505295235199283, 'border_count': 190, 'bagging_temperature': 0.27841120565425537, 'random_strength': 0.4216330653219782}. Best is trial 12 with value: 0.38747861718572535.
[I 2025-12-02 17:49:06,598] Trial 15 finished with value: 0.38381116480419586 and parameters: {'iterations': 600, 'learning_rate': 0.0051197235164746275, 'depth': 3, 'l2_leaf_reg': 6.191077579603592, 'border_count': 162, 'bagging_temperature': 0.6021852097752052, 'random_strength': 0.14163081559822321}. Best is trial 12 with value: 0.38747861718572535.
[I 2025-12-02 17:49:10,515] Trial 16 finished with value: 0.3863077946186986 and parameters: {'iterations': 800, 'learning_rate': 0.011551964385426746, 'depth': 3, 'l2_leaf_reg': 2.7330830986951753, 'border_count': 150, 'bagging_temperature': 0.7946224074710209, 'random_strength': 0.0010415661694882505}. Best is trial 12 with value: 0.38747861718572535.
[I 2025-12-02 17:49:12,842] Trial 17 finished with value: 0.3840842529984535 and parameters: {'iterations': 400, 'learning_rate': 0.009677283304583041, 'depth': 3, 'l2_leaf_reg': 1.0457731092243088, 'border_count': 193, 'bagging_temperature': 0.627649148553992, 'random_strength': 0.724072840384859}. Best is trial 12 with value: 0.38747861718572535.
[I 2025-12-02 17:49:17,341] Trial 18 finished with value: 0.3846905237499363 and parameters: {'iterations': 900, 'learning_rate': 0.013549843919119339, 'depth': 3, 'l2_leaf_reg': 9.97497658772719, 'border_count': 166, 'bagging_temperature': 0.9597442742268474, 'random_strength': 0.41646947001275364}. Best is trial 12 with value: 0.38747861718572535.
[I 2025-12-02 17:49:20,996] Trial 19 finished with value: 0.38486590104038076 and parameters: {'iterations': 700, 'learning_rate': 0.004305840345753313, 'depth': 3, 'l2_leaf_reg': 2.2253025493919543, 'border_count': 173, 'bagging_temperature': 0.30110465580527024, 'random_strength': 0.2185430653704225}. Best is trial 12 with value: 0.38747861718572535.
[I 2025-12-02 17:49:25,580] Trial 20 finished with value: 0.385453435253207 and parameters: {'iterations': 900, 'learning_rate': 0.008255200548042387, 'depth': 3, 'l2_leaf_reg': 3.3860617125495476, 'border_count': 191, 'bagging_temperature': 0.8375590526275619, 'random_strength': 0.13205139000224497}. Best is trial 12 with value: 0.38747861718572535.
[I 2025-12-02 17:49:29,665] Trial 21 finished with value: 0.3871193697079255 and parameters: {'iterations': 800, 'learning_rate': 0.01205898320731143, 'depth': 3, 'l2_leaf_reg': 1.0524491684519146, 'border_count': 158, 'bagging_temperature': 0.6892882770825748, 'random_strength': 0.01533148583840057}. Best is trial 12 with value: 0.38747861718572535.
[I 2025-12-02 17:49:33,306] Trial 22 finished with value: 0.38725894055084736 and parameters: {'iterations': 700, 'learning_rate': 0.012001732711823823, 'depth': 3, 'l2_leaf_reg': 1.5628206671635667, 'border_count': 161, 'bagging_temperature': 0.6717480091665711, 'random_strength': 0.09700180025846389}. Best is trial 12 with value: 0.38747861718572535.
[I 2025-12-02 17:49:36,492] Trial 23 finished with value: 0.38662095642522126 and parameters: {'iterations': 600, 'learning_rate': 0.015081754970023382, 'depth': 3, 'l2_leaf_reg': 1.9140815096530441, 'border_count': 152, 'bagging_temperature': 0.534016992620196, 'random_strength': 0.10813142457247187}. Best is trial 12 with value: 0.38747861718572535.
[I 2025-12-02 17:49:40,160] Trial 24 finished with value: 0.38454093951321433 and parameters: {'iterations': 700, 'learning_rate': 0.009734315764962358, 'depth': 3, 'l2_leaf_reg': 2.561995668847537, 'border_count': 167, 'bagging_temperature': 0.3913814811174836, 'random_strength': 0.3165488257408126}. Best is trial 12 with value: 0.38747861718572535.
[I 2025-12-02 17:49:42,883] Trial 25 finished with value: 0.38618783047279914 and parameters: {'iterations': 500, 'learning_rate': 0.012354247042847039, 'depth': 3, 'l2_leaf_reg': 1.7720135801139474, 'border_count': 182, 'bagging_temperature': 0.6379496155785997, 'random_strength': 0.18992731287105313}. Best is trial 12 with value: 0.38747861718572535.
[I 2025-12-02 17:49:47,128] Trial 26 finished with value: 0.38443272115057003 and parameters: {'iterations': 700, 'learning_rate': 0.015152279760079008, 'depth': 4, 'l2_leaf_reg': 3.8584669217490717, 'border_count': 158, 'bagging_temperature': 0.5562190759810725, 'random_strength': 0.42969642724827317}. Best is trial 12 with value: 0.38747861718572535.
[I 2025-12-02 17:49:50,997] Trial 27 finished with value: 0.3835316063275343 and parameters: {'iterations': 900, 'learning_rate': 0.007148204204596543, 'depth': 2, 'l2_leaf_reg': 2.849991545646073, 'border_count': 173, 'bagging_temperature': 0.7421799697599404, 'random_strength': 0.08799857561671728}. Best is trial 12 with value: 0.38747861718572535.
[I 2025-12-02 17:49:54,167] Trial 28 finished with value: 0.38480627538245776 and parameters: {'iterations': 600, 'learning_rate': 0.01065062012515975, 'depth': 3, 'l2_leaf_reg': 1.5385873289427048, 'border_count': 150, 'bagging_temperature': 0.6574390022564806, 'random_strength': 0.3246553415748044}. Best is trial 12 with value: 0.38747861718572535.
[I 2025-12-02 17:49:55,333] Trial 29 finished with value: 0.38253952496500687 and parameters: {'iterations': 100, 'learning_rate': 0.01530632926069133, 'depth': 4, 'l2_leaf_reg': 4.924536616147279, 'border_count': 223, 'bagging_temperature': 0.4175418776478679, 'random_strength': 0.16802911929322945}. Best is trial 12 with value: 0.38747861718572535.
[I 2025-12-02 17:49:56,742] A new study created in memory with name: catboost_fold_5
[I 2025-12-02 17:50:00,831] Trial 0 finished with value: 0.3853331290531079 and parameters: {'iterations': 600, 'learning_rate': 0.013555834383256981, 'depth': 4, 'l2_leaf_reg': 8.285962203540926, 'border_count': 236, 'bagging_temperature': 0.5796516352676196, 'random_strength': 0.6311908903196856}. Best is trial 0 with value: 0.3853331290531079.
[I 2025-12-02 17:50:06,388] Trial 1 finished with value: 0.3880137057867606 and parameters: {'iterations': 800, 'learning_rate': 0.010108613035739403, 'depth': 4, 'l2_leaf_reg': 3.376190614616297, 'border_count': 251, 'bagging_temperature': 0.8003291757567265, 'random_strength': 0.4519656397756123}. Best is trial 1 with value: 0.3880137057867606.
[I 2025-12-02 17:50:10,087] Trial 2 finished with value: 0.38856885978066635 and parameters: {'iterations': 700, 'learning_rate': 0.01228670537629505, 'depth': 3, 'l2_leaf_reg': 1.668662398963161, 'border_count': 198, 'bagging_temperature': 0.7383266028400163, 'random_strength': 0.5227144337146825}. Best is trial 2 with value: 0.38856885978066635.
